<?xml version="1.0" encoding="UTF-8"?>
<testsuites name="Sanity Test" time="1248.945" tests="36" failures="12" errors="3">
   <testsuite name="Sanity Test" tests="36" failures="12" errors="3" time="1248.945" timestamp="2021-03-26 09:12:35" hostname="pritig - PTW10SPSD143.ad.paramatrix.co.in" id="Test Suites/Sanity Test">
      <properties>
         <property name="deviceName" value=""/>
         <property name="devicePlatform" value=""/>
         <property name="logFolder" value="C:\\Users\\pritig\\Downloads\\WeComplete\\Reports\\20210326_091231\\Sanity Test\\20210326_091231"/>
         <property name="logFiles" value="C:\\Users\\pritig\\Downloads\\WeComplete\\Reports\\20210326_091231\\Sanity Test\\20210326_091231\\execution0.log"/>
         <property name="attachments" value="C:\\Users\\pritig\\Downloads\\WeComplete\\Reports\\20210326_091231\\Sanity Test\\20210326_091231/videos\\test_1.avi, C:\\Users\\pritig\\Downloads\\WeComplete\\Reports\\20210326_091231\\Sanity Test\\20210326_091231/videos\\test_2.avi, C:\\Users\\pritig\\Downloads\\WeComplete\\Reports\\20210326_091231\\Sanity Test\\20210326_091231/videos\\test_3.avi, C:\\Users\\pritig\\Downloads\\WeComplete\\Reports\\20210326_091231\\Sanity Test\\20210326_091231/videos\\test_4.avi, C:\\Users\\pritig\\Downloads\\WeComplete\\Reports\\20210326_091231\\Sanity Test\\20210326_091231/videos\\test_5.avi, C:\\Users\\pritig\\Downloads\\WeComplete\\Reports\\20210326_091231\\Sanity Test\\20210326_091231/videos\\test_6.avi, C:\\Users\\pritig\\Downloads\\WeComplete\\Reports\\20210326_091231\\Sanity Test\\20210326_091231/videos\\test_7.avi, C:\\Users\\pritig\\Downloads\\WeComplete\\Reports\\20210326_091231\\Sanity Test\\20210326_091231/videos\\test_8.avi, C:\\Users\\pritig\\Downloads\\WeComplete\\Reports\\20210326_091231\\Sanity Test\\20210326_091231/videos\\test_9.avi, C:\\Users\\pritig\\Downloads\\WeComplete\\Reports\\20210326_091231\\Sanity Test\\20210326_091231/videos\\test_10.avi, C:\\Users\\pritig\\Downloads\\WeComplete\\Reports\\20210326_091231\\Sanity Test\\20210326_091231/videos\\test_11.avi, C:\\Users\\pritig\\Downloads\\WeComplete\\Reports\\20210326_091231\\Sanity Test\\20210326_091231/videos\\test_12.avi, C:\\Users\\pritig\\Downloads\\WeComplete\\Reports\\20210326_091231\\Sanity Test\\20210326_091231/videos\\test_13.avi, C:\\Users\\pritig\\Downloads\\WeComplete\\Reports\\20210326_091231\\Sanity Test\\20210326_091231/videos\\test_14.avi, C:\\Users\\pritig\\Downloads\\WeComplete\\Reports\\20210326_091231\\Sanity Test\\20210326_091231/videos\\test_15.avi, C:\\Users\\pritig\\Downloads\\WeComplete\\Reports\\20210326_091231\\Sanity Test\\20210326_091231/videos\\test_16.avi, C:\\Users\\pritig\\Downloads\\WeComplete\\Reports\\20210326_091231\\Sanity Test\\20210326_091231/videos\\test_17.avi, C:\\Users\\pritig\\Downloads\\WeComplete\\Reports\\20210326_091231\\Sanity Test\\20210326_091231/videos\\test_18.avi, C:\\Users\\pritig\\Downloads\\WeComplete\\Reports\\20210326_091231\\Sanity Test\\20210326_091231/videos\\test_19.avi, C:\\Users\\pritig\\Downloads\\WeComplete\\Reports\\20210326_091231\\Sanity Test\\20210326_091231/videos\\test_20.avi, C:\\Users\\pritig\\Downloads\\WeComplete\\Reports\\20210326_091231\\Sanity Test\\20210326_091231/videos\\test_21.avi, C:\\Users\\pritig\\Downloads\\WeComplete\\Reports\\20210326_091231\\Sanity Test\\20210326_091231\\1616730652623.png, C:\\Users\\pritig\\Downloads\\WeComplete\\Reports\\20210326_091231\\Sanity Test\\20210326_091231/videos\\test_22.avi, C:\\Users\\pritig\\Downloads\\WeComplete\\Reports\\20210326_091231\\Sanity Test\\20210326_091231/videos\\test_23.avi, C:\\Users\\pritig\\Downloads\\WeComplete\\Reports\\20210326_091231\\Sanity Test\\20210326_091231/videos\\test_24.avi, C:\\Users\\pritig\\Downloads\\WeComplete\\Reports\\20210326_091231\\Sanity Test\\20210326_091231\\1616730832933.png, C:\\Users\\pritig\\Downloads\\WeComplete\\Reports\\20210326_091231\\Sanity Test\\20210326_091231\\1616730833186.png, C:\\Users\\pritig\\Downloads\\WeComplete\\Reports\\20210326_091231\\Sanity Test\\20210326_091231/videos\\test_25.avi, C:\\Users\\pritig\\Downloads\\WeComplete\\Reports\\20210326_091231\\Sanity Test\\20210326_091231\\1616730842786.png, C:\\Users\\pritig\\Downloads\\WeComplete\\Reports\\20210326_091231\\Sanity Test\\20210326_091231/videos\\test_26.avi, C:\\Users\\pritig\\Downloads\\WeComplete\\Reports\\20210326_091231\\Sanity Test\\20210326_091231\\1616730852338.png, C:\\Users\\pritig\\Downloads\\WeComplete\\Reports\\20210326_091231\\Sanity Test\\20210326_091231/videos\\test_27.avi, C:\\Users\\pritig\\Downloads\\WeComplete\\Reports\\20210326_091231\\Sanity Test\\20210326_091231\\1616730897536.png, C:\\Users\\pritig\\Downloads\\WeComplete\\Reports\\20210326_091231\\Sanity Test\\20210326_091231/videos\\test_28.avi, C:\\Users\\pritig\\Downloads\\WeComplete\\Reports\\20210326_091231\\Sanity Test\\20210326_091231/videos\\test_29.avi, C:\\Users\\pritig\\Downloads\\WeComplete\\Reports\\20210326_091231\\Sanity Test\\20210326_091231\\1616731046486.png, C:\\Users\\pritig\\Downloads\\WeComplete\\Reports\\20210326_091231\\Sanity Test\\20210326_091231/videos\\test_30.avi, C:\\Users\\pritig\\Downloads\\WeComplete\\Reports\\20210326_091231\\Sanity Test\\20210326_091231\\1616731091705.png, C:\\Users\\pritig\\Downloads\\WeComplete\\Reports\\20210326_091231\\Sanity Test\\20210326_091231/videos\\test_31.avi, C:\\Users\\pritig\\Downloads\\WeComplete\\Reports\\20210326_091231\\Sanity Test\\20210326_091231/videos\\test_32.avi, C:\\Users\\pritig\\Downloads\\WeComplete\\Reports\\20210326_091231\\Sanity Test\\20210326_091231/videos\\test_33.avi, C:\\Users\\pritig\\Downloads\\WeComplete\\Reports\\20210326_091231\\Sanity Test\\20210326_091231\\1616731213840.png, C:\\Users\\pritig\\Downloads\\WeComplete\\Reports\\20210326_091231\\Sanity Test\\20210326_091231/videos\\test_34.avi, C:\\Users\\pritig\\Downloads\\WeComplete\\Reports\\20210326_091231\\Sanity Test\\20210326_091231\\1616731263848.png, C:\\Users\\pritig\\Downloads\\WeComplete\\Reports\\20210326_091231\\Sanity Test\\20210326_091231/videos\\test_35.avi, C:\\Users\\pritig\\Downloads\\WeComplete\\Reports\\20210326_091231\\Sanity Test\\20210326_091231\\1616731358820.png, C:\\Users\\pritig\\Downloads\\WeComplete\\Reports\\20210326_091231\\Sanity Test\\20210326_091231/videos\\test_36.avi"/>
         <property name="hostName" value="pritig - PTW10SPSD143.ad.paramatrix.co.in"/>
         <property name="os" value="Windows 10 64bit"/>
         <property name="katalonVersion" value="7.1.0.1"/>
         <property name="browser" value="Firefox 85.0"/>
         <property name="hostAddress" value="10.1.2.143"/>
         <property name="sessionId" value="c5ed6ea5-1d80-4f42-b43e-fb4daa57ac6d"/>
         <property name="seleniumVersion" value="3.141.59"/>
         <property name="proxyInformation" value="ProxyInformation{proxyOption=MANUAL_CONFIG, proxyServerType=HTTPS, password=dec@2020, proxyServerAddress=10.1.1.254, proxyServerPort=3128}"/>
         <property name="platform" value="Windows 10"/>
      </properties>
      <testcase name="Test Cases/Sanity_Test/TC_001_To verify that user able to fill Selling Property Details form" time="52.366" classname="Test Cases/Sanity_Test/TC_001_To verify that user able to fill Selling Property Details form" status="PASSED">
         <system-out><![CDATA[2021-03-26 09:12:39 - [TEST_CASE][PASSED] - Test Cases/Sanity_Test/TC_001_To verify that user able to fill Selling Property Details form: Test Cases/Sanity_Test/TC_001_To verify that user able to fill Selling Property Details form

2021-03-26 09:12:39 - [TEST_STEP][PASSED] - Start listener action : sampleBeforeTestCase: null

2021-03-26 09:12:39 - [TEST_STEP][PASSED] - println(testCaseContext.getTestCaseId()): null

2021-03-26 09:12:39 - [TEST_STEP][PASSED] - println(testCaseContext.getTestCaseVariables()): null

2021-03-26 09:12:39 - [TEST_STEP][PASSED] - navigateToUrl(baseEAUrl + "/legal", STOP_ON_FAILURE): Navigate to 'https://imovehome.icompleteonline.co.uk/legal' successfully

2021-03-26 09:12:48 - [MESSAGE][PASSED] - Navigate to 'https://imovehome.icompleteonline.co.uk/legal' successfully

2021-03-26 09:12:48 - [TEST_STEP][PASSED] - com.wecomplete.keywords.TestBase.isElementPresent(findTestObject("Quote/header_Quote"), shortTime): Element has been present

2021-03-26 09:12:51 - [MESSAGE][PASSED] - Element has been present

2021-03-26 09:12:51 - [TEST_STEP][PASSED] - if (com.wecomplete.keywords.TestBase.isElementPresent(findTestObject("Object Repository/Quote/tab_Selling_and_Buying"), shortTime) == true): null

2021-03-26 09:12:52 - [MESSAGE][PASSED] - Element has been present

2021-03-26 09:12:52 - [TEST_STEP][PASSED] - com.wecomplete.keywords.TestBase.getText(findTestObject("Quote/Selling_Property_Details_Page/header_Selling_Property_Details"), sellPropertyHeader): Verifed actule & expected data

2021-03-26 09:12:52 - [MESSAGE][INFO] - Get actule text

2021-03-26 09:12:52 - [MESSAGE][PASSED] - Verifed actule & expected data

2021-03-26 09:12:52 - [TEST_STEP][PASSED] - com.wecomplete.keywords.TestBase.sendkeyElement(findTestObject("Quote/Selling_Property_Details_Page/input_Price_Of_Property"), sellPropertyPrice): Sendkey value has been send

2021-03-26 09:12:56 - [MESSAGE][PASSED] - Element has been cleared

2021-03-26 09:12:59 - [MESSAGE][PASSED] - Sendkey value has been send

2021-03-26 09:12:59 - [TEST_STEP][PASSED] - com.wecomplete.keywords.TestBase.sendkeyElement(findTestObject("Quote/Selling_Property_Details_Page/input_Property_PostCode"), postCode): Sendkey value has been send

2021-03-26 09:13:03 - [MESSAGE][PASSED] - Element has been cleared

2021-03-26 09:13:06 - [MESSAGE][PASSED] - Sendkey value has been send

2021-03-26 09:13:06 - [TEST_STEP][PASSED] - com.wecomplete.keywords.TestBase.clickUsingJS(findTestObject("Quote/Selling_Property_Details_Page/click_Enter_Address_Manually"), shortTime): Element has been clicked

2021-03-26 09:13:06 - [MESSAGE][INFO] - Clicking element

2021-03-26 09:13:06 - [MESSAGE][PASSED] - Element has been clicked

2021-03-26 09:13:06 - [TEST_STEP][PASSED] - com.wecomplete.keywords.TestBase.sendkeyElement(findTestObject("Quote/Selling_Property_Details_Page/input_House_No"), houseNo): Sendkey value has been send

2021-03-26 09:13:10 - [MESSAGE][PASSED] - Element has been cleared

2021-03-26 09:13:13 - [MESSAGE][PASSED] - Sendkey value has been send

2021-03-26 09:13:13 - [TEST_STEP][PASSED] - com.wecomplete.keywords.TestBase.sendkeyElement(findTestObject("Quote/Selling_Property_Details_Page/input_Street"), streetName): Sendkey value has been send

2021-03-26 09:13:17 - [MESSAGE][PASSED] - Element has been cleared

2021-03-26 09:13:20 - [MESSAGE][PASSED] - Sendkey value has been send

2021-03-26 09:13:20 - [TEST_STEP][PASSED] - com.wecomplete.keywords.TestBase.clickUsingJS(findTestObject("Quote/Selling_Property_Details_Page/Click_No_Of_Seller_Buyer"), shortTime): Element has been clicked

2021-03-26 09:13:21 - [MESSAGE][INFO] - Clicking element

2021-03-26 09:13:21 - [MESSAGE][PASSED] - Element has been clicked

2021-03-26 09:13:21 - [TEST_STEP][PASSED] - com.wecomplete.keywords.TestBase.clickUsingJS(findTestObject("Quote/Selling_Property_Details_Page/toggle_Commercial"), shortTime): Element has been clicked

2021-03-26 09:13:21 - [MESSAGE][INFO] - Clicking element

2021-03-26 09:13:21 - [MESSAGE][PASSED] - Element has been clicked

2021-03-26 09:13:21 - [TEST_STEP][PASSED] - com.wecomplete.keywords.TestBase.clickUsingJS(findTestObject("Quote/Selling_Property_Details_Page/toggle_Leasehold"), shortTime): Element has been clicked

2021-03-26 09:13:22 - [MESSAGE][INFO] - Clicking element

2021-03-26 09:13:22 - [MESSAGE][PASSED] - Element has been clicked

2021-03-26 09:13:22 - [TEST_STEP][PASSED] - com.wecomplete.keywords.TestBase.sendkeyElement(findTestObject("Quote/Selling_Property_Details_Page/input_Comment"), sellPropertyComments): Sendkey value has been send

2021-03-26 09:13:25 - [MESSAGE][PASSED] - Element has been cleared

2021-03-26 09:13:28 - [MESSAGE][PASSED] - Sendkey value has been send

2021-03-26 09:13:28 - [TEST_STEP][PASSED] - com.wecomplete.keywords.TestBase.clickUsingJS(findTestObject("Quote/Selling_Property_Details_Page/btn_Save and Next"), shortTime): Element has been clicked

2021-03-26 09:13:29 - [MESSAGE][INFO] - Clicking element

2021-03-26 09:13:29 - [MESSAGE][PASSED] - Element has been clicked

2021-03-26 09:13:29 - [TEST_STEP][PASSED] - Start listener action : sampleAfterTestCase: null

2021-03-26 09:13:29 - [TEST_STEP][PASSED] - println(testCaseContext.getTestCaseId()): null

2021-03-26 09:13:29 - [TEST_STEP][PASSED] - println(testCaseContext.getTestCaseStatus()): null

2021-03-26 09:13:31 - [TEST_STEP][PASSED] - Video: Video recording for test case 'Test Cases/Sanity_Test/TC_001_To verify that user able to fill Selling Property Details form' .

2021-03-26 09:13:31 - [MESSAGE][INFO] - Video recording for test case 'Test Cases/Sanity_Test/TC_001_To verify that user able to fill Selling Property Details form' .
[[ATTACHMENT|C:\\Users\\pritig\\Downloads\\WeComplete\\Reports\\20210326_091231\\Sanity Test\\20210326_091231/videos\\test_1.avi]]]]></system-out>
         <system-err><![CDATA[]]></system-err>
      </testcase>
      <testcase name="Test Cases/Sanity_Test/TC_002_To verify that user able to fill Buying Property Details form" time="39.638" classname="Test Cases/Sanity_Test/TC_002_To verify that user able to fill Buying Property Details form" status="PASSED">
         <system-out><![CDATA[2021-03-26 09:13:31 - [TEST_CASE][PASSED] - Test Cases/Sanity_Test/TC_002_To verify that user able to fill Buying Property Details form: Test Cases/Sanity_Test/TC_002_To verify that user able to fill Buying Property Details form

2021-03-26 09:13:31 - [TEST_STEP][PASSED] - Start listener action : sampleBeforeTestCase: null

2021-03-26 09:13:31 - [TEST_STEP][PASSED] - println(testCaseContext.getTestCaseId()): null

2021-03-26 09:13:31 - [TEST_STEP][PASSED] - println(testCaseContext.getTestCaseVariables()): null

2021-03-26 09:13:31 - [TEST_STEP][PASSED] - if (com.wecomplete.keywords.TestBase.isElementPresent(findTestObject("Quote/Selling_Property_Details_Page/header_Buying Property Details"), shortTime) == true): null

2021-03-26 09:13:32 - [MESSAGE][PASSED] - Element has been present

2021-03-26 09:13:32 - [TEST_STEP][PASSED] - com.wecomplete.keywords.TestBase.getText(findTestObject("Quote/Selling_Property_Details_Page/header_Buying Property Details"), buylPropertyHeader): Verifed actule & expected data

2021-03-26 09:13:32 - [MESSAGE][INFO] - Get actule text

2021-03-26 09:13:32 - [MESSAGE][PASSED] - Verifed actule & expected data

2021-03-26 09:13:32 - [TEST_STEP][PASSED] - com.wecomplete.keywords.TestBase.sendkeyElement(findTestObject("Quote/Selling_Property_Details_Page/input_Price_Of_Property"), buyPropertyPrice): Sendkey value has been send

2021-03-26 09:13:36 - [MESSAGE][PASSED] - Element has been cleared

2021-03-26 09:13:39 - [MESSAGE][PASSED] - Sendkey value has been send

2021-03-26 09:13:39 - [TEST_STEP][PASSED] - com.wecomplete.keywords.TestBase.sendkeyElement(findTestObject("Quote/Selling_Property_Details_Page/input_Property_PostCode"), postCode): Sendkey value has been send

2021-03-26 09:13:43 - [MESSAGE][PASSED] - Element has been cleared

2021-03-26 09:13:46 - [MESSAGE][PASSED] - Sendkey value has been send

2021-03-26 09:13:46 - [TEST_STEP][PASSED] - com.wecomplete.keywords.TestBase.clickUsingJS(findTestObject("Quote/Selling_Property_Details_Page/click_Enter_Address_Manually"), shortTime): Element has been clicked

2021-03-26 09:13:46 - [MESSAGE][INFO] - Clicking element

2021-03-26 09:13:46 - [MESSAGE][PASSED] - Element has been clicked

2021-03-26 09:13:46 - [TEST_STEP][PASSED] - com.wecomplete.keywords.TestBase.sendkeyElement(findTestObject("Quote/Selling_Property_Details_Page/input_House_No"), houseNo): Sendkey value has been send

2021-03-26 09:13:50 - [MESSAGE][PASSED] - Element has been cleared

2021-03-26 09:13:53 - [MESSAGE][PASSED] - Sendkey value has been send

2021-03-26 09:13:53 - [TEST_STEP][PASSED] - com.wecomplete.keywords.TestBase.sendkeyElement(findTestObject("Quote/Selling_Property_Details_Page/input_Street"), streetName): Sendkey value has been send

2021-03-26 09:13:57 - [MESSAGE][PASSED] - Element has been cleared

2021-03-26 09:14:00 - [MESSAGE][PASSED] - Sendkey value has been send

2021-03-26 09:14:00 - [TEST_STEP][PASSED] - com.wecomplete.keywords.TestBase.clickUsingJS(findTestObject("Quote/Selling_Property_Details_Page/Click_No_Of_Seller_Buyer"), shortTime): Element has been clicked

2021-03-26 09:14:01 - [MESSAGE][INFO] - Clicking element

2021-03-26 09:14:01 - [MESSAGE][PASSED] - Element has been clicked

2021-03-26 09:14:01 - [TEST_STEP][PASSED] - com.wecomplete.keywords.TestBase.clickUsingJS(findTestObject("Quote/Selling_Property_Details_Page/toggle_Commercial"), shortTime): Element has been clicked

2021-03-26 09:14:01 - [MESSAGE][INFO] - Clicking element

2021-03-26 09:14:01 - [MESSAGE][PASSED] - Element has been clicked

2021-03-26 09:14:01 - [TEST_STEP][PASSED] - com.wecomplete.keywords.TestBase.clickUsingJS(findTestObject("Quote/Selling_Property_Details_Page/toggle_Leasehold"), shortTime): Element has been clicked

2021-03-26 09:14:01 - [MESSAGE][INFO] - Clicking element

2021-03-26 09:14:01 - [MESSAGE][PASSED] - Element has been clicked

2021-03-26 09:14:01 - [TEST_STEP][PASSED] - com.wecomplete.keywords.TestBase.sendkeyElement(findTestObject("Quote/Selling_Property_Details_Page/input_Comment"), buyPropertyComments): Sendkey value has been send

2021-03-26 09:14:05 - [MESSAGE][PASSED] - Element has been cleared

2021-03-26 09:14:08 - [MESSAGE][PASSED] - Sendkey value has been send

2021-03-26 09:14:08 - [TEST_STEP][PASSED] - com.wecomplete.keywords.TestBase.clickUsingJS(findTestObject("Quote/Selling_Property_Details_Page/btn_Save and Next"), shortTime): Element has been clicked

2021-03-26 09:14:09 - [MESSAGE][INFO] - Clicking element

2021-03-26 09:14:09 - [MESSAGE][PASSED] - Element has been clicked

2021-03-26 09:14:09 - [TEST_STEP][PASSED] - Start listener action : sampleAfterTestCase: null

2021-03-26 09:14:09 - [TEST_STEP][PASSED] - println(testCaseContext.getTestCaseId()): null

2021-03-26 09:14:09 - [TEST_STEP][PASSED] - println(testCaseContext.getTestCaseStatus()): null

2021-03-26 09:14:11 - [TEST_STEP][PASSED] - Video: Video recording for test case 'Test Cases/Sanity_Test/TC_002_To verify that user able to fill Buying Property Details form' .

2021-03-26 09:14:11 - [MESSAGE][INFO] - Video recording for test case 'Test Cases/Sanity_Test/TC_002_To verify that user able to fill Buying Property Details form' .
[[ATTACHMENT|C:\\Users\\pritig\\Downloads\\WeComplete\\Reports\\20210326_091231\\Sanity Test\\20210326_091231/videos\\test_2.avi]]]]></system-out>
         <system-err><![CDATA[]]></system-err>
      </testcase>
      <testcase name="Test Cases/Sanity_Test/TC_003_To verify that user able to enter Personal Details" time="58.835" classname="Test Cases/Sanity_Test/TC_003_To verify that user able to enter Personal Details" status="PASSED">
         <system-out><![CDATA[2021-03-26 09:14:11 - [TEST_CASE][PASSED] - Test Cases/Sanity_Test/TC_003_To verify that user able to enter Personal Details: Test Cases/Sanity_Test/TC_003_To verify that user able to enter Personal Details

2021-03-26 09:14:11 - [TEST_STEP][PASSED] - Start listener action : sampleBeforeTestCase: null

2021-03-26 09:14:11 - [TEST_STEP][PASSED] - println(testCaseContext.getTestCaseId()): null

2021-03-26 09:14:11 - [TEST_STEP][PASSED] - println(testCaseContext.getTestCaseVariables()): null

2021-03-26 09:14:11 - [TEST_STEP][PASSED] - com.wecomplete.keywords.TestBase.isElementPresent(findTestObject("Quote/Personal_Details_Page/step_Personal_Details_Page"), shortTime): Element has been present

2021-03-26 09:14:11 - [MESSAGE][PASSED] - Element has been present

2021-03-26 09:14:11 - [TEST_STEP][PASSED] - if (com.wecomplete.keywords.TestBase.isElementPresent(findTestObject("Object Repository/Quote/Personal_Details_Page/header_Primary Contact Details"), shortTime) == true): null

2021-03-26 09:14:12 - [MESSAGE][PASSED] - Element has been present

2021-03-26 09:14:12 - [TEST_STEP][PASSED] - com.wecomplete.keywords.TestBase.isElementPresent(findTestObject("Object Repository/Quote/Personal_Details_Page/header_Primary Contact Details"), shortTime): Element has been present

2021-03-26 09:14:13 - [MESSAGE][PASSED] - Element has been present

2021-03-26 09:14:13 - [TEST_STEP][PASSED] - com.wecomplete.keywords.TestBase.sendkeyElement(findTestObject("Object Repository/Quote/Personal_Details_Page/input_Primary_FirstName"), primaryFN): Sendkey value has been send

2021-03-26 09:14:16 - [MESSAGE][PASSED] - Element has been cleared

2021-03-26 09:14:19 - [MESSAGE][PASSED] - Sendkey value has been send

2021-03-26 09:14:19 - [TEST_STEP][PASSED] - com.wecomplete.keywords.TestBase.sendkeyElement(findTestObject("Object Repository/Quote/Personal_Details_Page/input_Primary_LastName"), primaryLN): Sendkey value has been send

2021-03-26 09:14:23 - [MESSAGE][PASSED] - Element has been cleared

2021-03-26 09:14:26 - [MESSAGE][PASSED] - Sendkey value has been send

2021-03-26 09:14:26 - [TEST_STEP][PASSED] - com.wecomplete.keywords.TestBase.sendkeyElement(findTestObject("Object Repository/Quote/Personal_Details_Page/input_Primary_EmailId"), primaryEID): Sendkey value has been send

2021-03-26 09:14:29 - [MESSAGE][PASSED] - Element has been cleared

2021-03-26 09:14:32 - [MESSAGE][PASSED] - Sendkey value has been send

2021-03-26 09:14:32 - [TEST_STEP][PASSED] - com.wecomplete.keywords.TestBase.sendkeyElement(findTestObject("Object Repository/Quote/Personal_Details_Page/input_Primary_PhoneNo"), primaryMNO): Sendkey value has been send

2021-03-26 09:14:36 - [MESSAGE][PASSED] - Element has been cleared

2021-03-26 09:14:39 - [MESSAGE][PASSED] - Sendkey value has been send

2021-03-26 09:14:39 - [TEST_STEP][PASSED] - com.wecomplete.keywords.TestBase.clickUsingJS(findTestObject("Quote/Personal_Details_Page/checkBox_make same as Joint Seller 2"), shortTime): Element has been clicked

2021-03-26 09:14:40 - [MESSAGE][INFO] - Clicking element

2021-03-26 09:14:40 - [MESSAGE][PASSED] - Element has been clicked

2021-03-26 09:14:40 - [TEST_STEP][PASSED] - com.wecomplete.keywords.TestBase.isElementPresent(findTestObject("Object Repository/Quote/Personal_Details_Page/header_Joint Seller 2 Contact Details"), shortTime): Element has been present

2021-03-26 09:14:40 - [MESSAGE][PASSED] - Element has been present

2021-03-26 09:14:40 - [TEST_STEP][PASSED] - com.wecomplete.keywords.TestBase.sendkeyElement(findTestObject("Object Repository/Quote/Personal_Details_Page/input_Joint_Holder_First Name"), jointHolderFN): Sendkey value has been send

2021-03-26 09:14:44 - [MESSAGE][PASSED] - Element has been cleared

2021-03-26 09:14:47 - [MESSAGE][PASSED] - Sendkey value has been send

2021-03-26 09:14:47 - [TEST_STEP][PASSED] - com.wecomplete.keywords.TestBase.sendkeyElement(findTestObject("Object Repository/Quote/Personal_Details_Page/input_Joint_Holder_LastName"), jointHolderLN): Sendkey value has been send

2021-03-26 09:14:51 - [MESSAGE][PASSED] - Element has been cleared

2021-03-26 09:14:54 - [MESSAGE][PASSED] - Sendkey value has been send

2021-03-26 09:14:54 - [TEST_STEP][PASSED] - com.wecomplete.keywords.TestBase.sendkeyElement(findTestObject("Object Repository/Quote/Personal_Details_Page/input_Joint_Holder_PhoneNo"), jointHolderMNO): Sendkey value has been send

2021-03-26 09:14:57 - [MESSAGE][PASSED] - Element has been cleared

2021-03-26 09:15:00 - [MESSAGE][PASSED] - Sendkey value has been send

2021-03-26 09:15:00 - [TEST_STEP][PASSED] - com.wecomplete.keywords.TestBase.sendkeyElement(findTestObject("Object Repository/Quote/Personal_Details_Page/input_Joint_Holder_EmailId"), jointHolderEID): Sendkey value has been send

2021-03-26 09:15:04 - [MESSAGE][PASSED] - Element has been cleared

2021-03-26 09:15:07 - [MESSAGE][PASSED] - Sendkey value has been send

2021-03-26 09:15:07 - [TEST_STEP][PASSED] - com.wecomplete.keywords.TestBase.clickUsingJS(findTestObject("Quote/Selling_Property_Details_Page/btn_Save and Next"), shortTime): Element has been clicked

2021-03-26 09:15:07 - [MESSAGE][INFO] - Clicking element

2021-03-26 09:15:07 - [MESSAGE][PASSED] - Element has been clicked

2021-03-26 09:15:07 - [TEST_STEP][PASSED] - Start listener action : sampleAfterTestCase: null

2021-03-26 09:15:07 - [TEST_STEP][PASSED] - println(testCaseContext.getTestCaseId()): null

2021-03-26 09:15:07 - [TEST_STEP][PASSED] - println(testCaseContext.getTestCaseStatus()): null

2021-03-26 09:15:10 - [TEST_STEP][PASSED] - Video: Video recording for test case 'Test Cases/Sanity_Test/TC_003_To verify that user able to enter Personal Details' .

2021-03-26 09:15:10 - [MESSAGE][INFO] - Video recording for test case 'Test Cases/Sanity_Test/TC_003_To verify that user able to enter Personal Details' .
[[ATTACHMENT|C:\\Users\\pritig\\Downloads\\WeComplete\\Reports\\20210326_091231\\Sanity Test\\20210326_091231/videos\\test_3.avi]]]]></system-out>
         <system-err><![CDATA[]]></system-err>
      </testcase>
      <testcase name="Test Cases/Sanity_Test/TC_004_To verify that user able to enter Address Details" time="24.096" classname="Test Cases/Sanity_Test/TC_004_To verify that user able to enter Address Details" status="PASSED">
         <system-out><![CDATA[2021-03-26 09:15:10 - [TEST_CASE][PASSED] - Test Cases/Sanity_Test/TC_004_To verify that user able to enter Address Details: Test Cases/Sanity_Test/TC_004_To verify that user able to enter Address Details

2021-03-26 09:15:10 - [TEST_STEP][PASSED] - Start listener action : sampleBeforeTestCase: null

2021-03-26 09:15:10 - [TEST_STEP][PASSED] - println(testCaseContext.getTestCaseId()): null

2021-03-26 09:15:10 - [TEST_STEP][PASSED] - println(testCaseContext.getTestCaseVariables()): null

2021-03-26 09:15:10 - [TEST_STEP][PASSED] - com.wecomplete.keywords.TestBase.isElementPresent(findTestObject("Object Repository/Quote/Correspondence_Address_Page/progressStep_Correspondence Address"), shortTime): Element has been present

2021-03-26 09:15:10 - [MESSAGE][PASSED] - Element has been present

2021-03-26 09:15:10 - [TEST_STEP][PASSED] - if (com.wecomplete.keywords.TestBase.isElementPresent(findTestObject("Object Repository/Quote/Correspondence_Address_Page/header_Correspondence Address"), shortTime) == true): null

2021-03-26 09:15:11 - [MESSAGE][PASSED] - Element has been present

2021-03-26 09:15:11 - [TEST_STEP][PASSED] - com.wecomplete.keywords.TestBase.getText(findTestObject("Object Repository/Quote/Correspondence_Address_Page/header_Correspondence Address"), headerAddress): Verifed actule & expected data

2021-03-26 09:15:11 - [MESSAGE][INFO] - Get actule text

2021-03-26 09:15:11 - [MESSAGE][PASSED] - Verifed actule & expected data

2021-03-26 09:15:11 - [TEST_STEP][PASSED] - com.wecomplete.keywords.TestBase.clickUsingJS(findTestObject("Quote/Correspondence_Address_Page/CheckBox_Correspondence Address Same as Buying Address"), shortTime): Element has been clicked

2021-03-26 09:15:12 - [MESSAGE][INFO] - Clicking element

2021-03-26 09:15:12 - [MESSAGE][PASSED] - Element has been clicked

2021-03-26 09:15:12 - [TEST_STEP][PASSED] - com.wecomplete.keywords.TestBase.clickUsingJS(findTestObject("Quote/Correspondence_Address_Page/CheckBox_Correspondence Address Same as Buying Address"), shortTime): Element has been clicked

2021-03-26 09:15:12 - [MESSAGE][INFO] - Clicking element

2021-03-26 09:15:12 - [MESSAGE][PASSED] - Element has been clicked

2021-03-26 09:15:12 - [TEST_STEP][PASSED] - com.wecomplete.keywords.TestBase.sendkeyElement(findTestObject("Object Repository/Quote/Correspondence_Address_Page/input_PostCode"), postCode): Sendkey value has been send

2021-03-26 09:15:16 - [MESSAGE][PASSED] - Element has been cleared

2021-03-26 09:15:19 - [MESSAGE][PASSED] - Sendkey value has been send

2021-03-26 09:15:19 - [TEST_STEP][PASSED] - delay(5): Delayed 5 second(s)

2021-03-26 09:15:24 - [MESSAGE][PASSED] - Delayed 5 second(s)

2021-03-26 09:15:24 - [TEST_STEP][PASSED] - com.wecomplete.keywords.TestBase.clickUsingJS(findTestObject("Quote/Correspondence_Address_Page/DD_Select_Address"), shortTime): Element has been clicked

2021-03-26 09:15:24 - [MESSAGE][INFO] - Clicking element

2021-03-26 09:15:24 - [MESSAGE][PASSED] - Element has been clicked

2021-03-26 09:15:24 - [TEST_STEP][PASSED] - com.wecomplete.keywords.TestBase.clickUsingJS(findTestObject("Quote/Correspondence_Address_Page/DD_Select_Address"), shortTime): Element has been clicked

2021-03-26 09:15:25 - [MESSAGE][INFO] - Clicking element

2021-03-26 09:15:25 - [MESSAGE][PASSED] - Element has been clicked

2021-03-26 09:15:25 - [TEST_STEP][PASSED] - delay(5): Delayed 5 second(s)

2021-03-26 09:15:30 - [MESSAGE][PASSED] - Delayed 5 second(s)

2021-03-26 09:15:30 - [TEST_STEP][PASSED] - com.wecomplete.keywords.TestBase.clickUsingJS(findTestObject("Quote/Correspondence_Address_Page/DDVlaue_Select Address"), shortTime): Element has been clicked

2021-03-26 09:15:30 - [MESSAGE][INFO] - Clicking element

2021-03-26 09:15:30 - [MESSAGE][PASSED] - Element has been clicked

2021-03-26 09:15:30 - [TEST_STEP][PASSED] - com.wecomplete.keywords.TestBase.clickUsingJS(findTestObject("Quote/Selling_Property_Details_Page/btn_Save and Next"), shortTime): Element has been clicked

2021-03-26 09:15:32 - [MESSAGE][INFO] - Clicking element

2021-03-26 09:15:32 - [MESSAGE][PASSED] - Element has been clicked

2021-03-26 09:15:32 - [TEST_STEP][PASSED] - Start listener action : sampleAfterTestCase: null

2021-03-26 09:15:32 - [TEST_STEP][PASSED] - println(testCaseContext.getTestCaseId()): null

2021-03-26 09:15:32 - [TEST_STEP][PASSED] - println(testCaseContext.getTestCaseStatus()): null

2021-03-26 09:15:34 - [TEST_STEP][PASSED] - Video: Video recording for test case 'Test Cases/Sanity_Test/TC_004_To verify that user able to enter Address Details' .

2021-03-26 09:15:34 - [MESSAGE][INFO] - Video recording for test case 'Test Cases/Sanity_Test/TC_004_To verify that user able to enter Address Details' .
[[ATTACHMENT|C:\\Users\\pritig\\Downloads\\WeComplete\\Reports\\20210326_091231\\Sanity Test\\20210326_091231/videos\\test_4.avi]]]]></system-out>
         <system-err><![CDATA[]]></system-err>
      </testcase>
      <testcase name="Test Cases/Sanity_Test/TC_005_To verify entered Sell property details on Quote Details page" time="6.411" classname="Test Cases/Sanity_Test/TC_005_To verify entered Sell property details on Quote Details page" status="PASSED">
         <system-out><![CDATA[2021-03-26 09:15:34 - [TEST_CASE][PASSED] - Test Cases/Sanity_Test/TC_005_To verify entered Sell property details on Quote Details page: Test Cases/Sanity_Test/TC_005_To verify entered Sell property details on Quote Details page

2021-03-26 09:15:34 - [TEST_STEP][PASSED] - Start listener action : sampleBeforeTestCase: null

2021-03-26 09:15:34 - [TEST_STEP][PASSED] - println(testCaseContext.getTestCaseId()): null

2021-03-26 09:15:34 - [TEST_STEP][PASSED] - println(testCaseContext.getTestCaseVariables()): null

2021-03-26 09:15:34 - [TEST_STEP][PASSED] - com.wecomplete.keywords.TestBase.isElementPresent(findTestObject("Object Repository/Quote/Quote_Details_Page/Progress_Step_Quote_Details"), shortTime): Element has been present

2021-03-26 09:15:34 - [MESSAGE][PASSED] - Element has been present

2021-03-26 09:15:34 - [TEST_STEP][PASSED] - if (com.wecomplete.keywords.TestBase.isElementPresent(findTestObject("Quote/Quote_Details_Page/header_Quote_Details"), shortTime) == true): null

2021-03-26 09:15:35 - [MESSAGE][PASSED] - Element has been present

2021-03-26 09:15:35 - [TEST_STEP][PASSED] - com.wecomplete.keywords.TestBase.getText(findTestObject("Quote/Quote_Details_Page/header_Quote_Details"), headerQuotePreview): Verifed actule & expected data

2021-03-26 09:15:36 - [MESSAGE][INFO] - Get actule text

2021-03-26 09:15:36 - [MESSAGE][PASSED] - Verifed actule & expected data

2021-03-26 09:15:36 - [TEST_STEP][PASSED] - com.wecomplete.keywords.TestBase.getText(findTestObject("Quote/Quote_Details_Page/Seller_Property_Section/get_Sell_Currency"), sellCurrency): Verifed actule & expected data

2021-03-26 09:15:36 - [MESSAGE][INFO] - Get actule text

2021-03-26 09:15:36 - [MESSAGE][PASSED] - Verifed actule & expected data

2021-03-26 09:15:36 - [TEST_STEP][PASSED] - com.wecomplete.keywords.TestBase.getText(findTestObject("Quote/Quote_Details_Page/Seller_Property_Section/get_Sell_Price"), sellPropertyPrice): Verifed actule & expected data

2021-03-26 09:15:37 - [MESSAGE][INFO] - Get actule text

2021-03-26 09:15:37 - [MESSAGE][PASSED] - Verifed actule & expected data

2021-03-26 09:15:37 - [TEST_STEP][PASSED] - com.wecomplete.keywords.TestBase.getText(findTestObject("Quote/Quote_Details_Page/Seller_Property_Section/get_Sell_Post_Code"), postCode): Verifed actule & expected data

2021-03-26 09:15:37 - [MESSAGE][INFO] - Get actule text

2021-03-26 09:15:37 - [MESSAGE][PASSED] - Verifed actule & expected data

2021-03-26 09:15:37 - [TEST_STEP][PASSED] - com.wecomplete.keywords.TestBase.getText(findTestObject("Quote/Quote_Details_Page/Seller_Property_Section/get_Sell_Comments"), sellPropertyComments): Verifed actule & expected data

2021-03-26 09:15:38 - [MESSAGE][INFO] - Get actule text

2021-03-26 09:15:38 - [MESSAGE][PASSED] - Verifed actule & expected data

2021-03-26 09:15:38 - [TEST_STEP][PASSED] - Start listener action : sampleAfterTestCase: null

2021-03-26 09:15:38 - [TEST_STEP][PASSED] - println(testCaseContext.getTestCaseId()): null

2021-03-26 09:15:38 - [TEST_STEP][PASSED] - println(testCaseContext.getTestCaseStatus()): null

2021-03-26 09:15:40 - [TEST_STEP][PASSED] - Video: Video recording for test case 'Test Cases/Sanity_Test/TC_005_To verify entered Sell property details on Quote Details page' .

2021-03-26 09:15:40 - [MESSAGE][INFO] - Video recording for test case 'Test Cases/Sanity_Test/TC_005_To verify entered Sell property details on Quote Details page' .
[[ATTACHMENT|C:\\Users\\pritig\\Downloads\\WeComplete\\Reports\\20210326_091231\\Sanity Test\\20210326_091231/videos\\test_5.avi]]]]></system-out>
         <system-err><![CDATA[]]></system-err>
      </testcase>
      <testcase name="Test Cases/Sanity_Test/TC_006_To verify entered Buy Property details on Quote Details page" time="4.629" classname="Test Cases/Sanity_Test/TC_006_To verify entered Buy Property details on Quote Details page" status="PASSED">
         <system-out><![CDATA[2021-03-26 09:15:40 - [TEST_CASE][PASSED] - Test Cases/Sanity_Test/TC_006_To verify entered Buy Property details on Quote Details page: Test Cases/Sanity_Test/TC_006_To verify entered Buy Property details on Quote Details page

2021-03-26 09:15:40 - [TEST_STEP][PASSED] - Start listener action : sampleBeforeTestCase: null

2021-03-26 09:15:40 - [TEST_STEP][PASSED] - println(testCaseContext.getTestCaseId()): null

2021-03-26 09:15:40 - [TEST_STEP][PASSED] - println(testCaseContext.getTestCaseVariables()): null

2021-03-26 09:15:40 - [TEST_STEP][PASSED] - com.wecomplete.keywords.TestBase.getText(findTestObject("Quote/Quote_Details_Page/Buy_Property_Section/get_Buy_Currency"), buyCurrency): Verifed actule & expected data

2021-03-26 09:15:41 - [MESSAGE][INFO] - Get actule text

2021-03-26 09:15:41 - [MESSAGE][PASSED] - Verifed actule & expected data

2021-03-26 09:15:41 - [TEST_STEP][PASSED] - com.wecomplete.keywords.TestBase.getText(findTestObject("Quote/Quote_Details_Page/Buy_Property_Section/get_Buy_Price"), buyPropertyPrice): Verifed actule & expected data

2021-03-26 09:15:41 - [MESSAGE][INFO] - Get actule text

2021-03-26 09:15:41 - [MESSAGE][PASSED] - Verifed actule & expected data

2021-03-26 09:15:41 - [TEST_STEP][PASSED] - com.wecomplete.keywords.TestBase.getText(findTestObject("Quote/Quote_Details_Page/Buy_Property_Section/get_Buy_Post_Code"), postCode): Verifed actule & expected data

2021-03-26 09:15:42 - [MESSAGE][INFO] - Get actule text

2021-03-26 09:15:42 - [MESSAGE][PASSED] - Verifed actule & expected data

2021-03-26 09:15:42 - [TEST_STEP][PASSED] - com.wecomplete.keywords.TestBase.getText(findTestObject("Quote/Quote_Details_Page/Buy_Property_Section/get_Buy_Comments"), buyPropertyComments): Verifed actule & expected data

2021-03-26 09:15:43 - [MESSAGE][INFO] - Get actule text

2021-03-26 09:15:43 - [MESSAGE][PASSED] - Verifed actule & expected data

2021-03-26 09:15:43 - [TEST_STEP][PASSED] - Start listener action : sampleAfterTestCase: null

2021-03-26 09:15:43 - [TEST_STEP][PASSED] - println(testCaseContext.getTestCaseId()): null

2021-03-26 09:15:43 - [TEST_STEP][PASSED] - println(testCaseContext.getTestCaseStatus()): null

2021-03-26 09:15:45 - [TEST_STEP][PASSED] - Video: Video recording for test case 'Test Cases/Sanity_Test/TC_006_To verify entered Buy Property details on Quote Details page' .

2021-03-26 09:15:45 - [MESSAGE][INFO] - Video recording for test case 'Test Cases/Sanity_Test/TC_006_To verify entered Buy Property details on Quote Details page' .
[[ATTACHMENT|C:\\Users\\pritig\\Downloads\\WeComplete\\Reports\\20210326_091231\\Sanity Test\\20210326_091231/videos\\test_6.avi]]]]></system-out>
         <system-err><![CDATA[]]></system-err>
      </testcase>
      <testcase name="Test Cases/Sanity_Test/TC_007_To verify entered Personal details on Quote Details page" time="4.592" classname="Test Cases/Sanity_Test/TC_007_To verify entered Personal details on Quote Details page" status="PASSED">
         <system-out><![CDATA[2021-03-26 09:15:45 - [TEST_CASE][PASSED] - Test Cases/Sanity_Test/TC_007_To verify entered Personal details on Quote Details page: Test Cases/Sanity_Test/TC_007_To verify entered Personal details on Quote Details page

2021-03-26 09:15:45 - [TEST_STEP][PASSED] - Start listener action : sampleBeforeTestCase: null

2021-03-26 09:15:45 - [TEST_STEP][PASSED] - println(testCaseContext.getTestCaseId()): null

2021-03-26 09:15:45 - [TEST_STEP][PASSED] - println(testCaseContext.getTestCaseVariables()): null

2021-03-26 09:15:45 - [TEST_STEP][PASSED] - com.wecomplete.keywords.TestBase.getText(findTestObject("Quote/Quote_Details_Page/Personal_Details_Section/header_Personal_Details"), headerPropertyDetails): Verifed actule & expected data

2021-03-26 09:15:45 - [MESSAGE][INFO] - Get actule text

2021-03-26 09:15:45 - [MESSAGE][PASSED] - Verifed actule & expected data

2021-03-26 09:15:45 - [TEST_STEP][PASSED] - com.wecomplete.keywords.TestBase.getText(findTestObject("Quote/Quote_Details_Page/Personal_Details_Section/get_PrimaryFN"), primaryHFN): Verifed actule & expected data

2021-03-26 09:15:46 - [MESSAGE][INFO] - Get actule text

2021-03-26 09:15:46 - [MESSAGE][PASSED] - Verifed actule & expected data

2021-03-26 09:15:46 - [TEST_STEP][PASSED] - com.wecomplete.keywords.TestBase.getText(findTestObject("Quote/Quote_Details_Page/Personal_Details_Section/get_PrimaryMNO"), primaryMNO): Verifed actule & expected data

2021-03-26 09:15:47 - [MESSAGE][INFO] - Get actule text

2021-03-26 09:15:47 - [MESSAGE][PASSED] - Verifed actule & expected data

2021-03-26 09:15:47 - [TEST_STEP][PASSED] - com.wecomplete.keywords.TestBase.getText(findTestObject("Quote/Quote_Details_Page/Personal_Details_Section/get_PrimaryEID"), primaryEID): Verifed actule & expected data

2021-03-26 09:15:47 - [MESSAGE][INFO] - Get actule text

2021-03-26 09:15:47 - [MESSAGE][PASSED] - Verifed actule & expected data

2021-03-26 09:15:47 - [TEST_STEP][PASSED] - Start listener action : sampleAfterTestCase: null

2021-03-26 09:15:47 - [TEST_STEP][PASSED] - println(testCaseContext.getTestCaseId()): null

2021-03-26 09:15:47 - [TEST_STEP][PASSED] - println(testCaseContext.getTestCaseStatus()): null

2021-03-26 09:15:49 - [TEST_STEP][PASSED] - Video: Video recording for test case 'Test Cases/Sanity_Test/TC_007_To verify entered Personal details on Quote Details page' .

2021-03-26 09:15:49 - [MESSAGE][INFO] - Video recording for test case 'Test Cases/Sanity_Test/TC_007_To verify entered Personal details on Quote Details page' .
[[ATTACHMENT|C:\\Users\\pritig\\Downloads\\WeComplete\\Reports\\20210326_091231\\Sanity Test\\20210326_091231/videos\\test_7.avi]]]]></system-out>
         <system-err><![CDATA[]]></system-err>
      </testcase>
      <testcase name="Test Cases/Sanity_Test/TC_008_To verify Selected Corresponding Address on Quote Details page" time="4.388" classname="Test Cases/Sanity_Test/TC_008_To verify Selected Corresponding Address on Quote Details page" status="PASSED">
         <system-out><![CDATA[2021-03-26 09:15:49 - [TEST_CASE][PASSED] - Test Cases/Sanity_Test/TC_008_To verify Selected Corresponding Address on Quote Details page: Test Cases/Sanity_Test/TC_008_To verify Selected Corresponding Address on Quote Details page

2021-03-26 09:15:49 - [TEST_STEP][PASSED] - Start listener action : sampleBeforeTestCase: null

2021-03-26 09:15:49 - [TEST_STEP][PASSED] - println(testCaseContext.getTestCaseId()): null

2021-03-26 09:15:49 - [TEST_STEP][PASSED] - println(testCaseContext.getTestCaseVariables()): null

2021-03-26 09:15:49 - [TEST_STEP][PASSED] - com.wecomplete.keywords.TestBase.getText(findTestObject("Quote/Quote_Details_Page/Corresponding_Address_Section/get_header_Correspondence Address"), headerAddress): Verifed actule & expected data

2021-03-26 09:15:50 - [MESSAGE][INFO] - Get actule text

2021-03-26 09:15:50 - [MESSAGE][PASSED] - Verifed actule & expected data

2021-03-26 09:15:50 - [TEST_STEP][PASSED] - com.wecomplete.keywords.TestBase.getText(findTestObject("Quote/Quote_Details_Page/Corresponding_Address_Section/get_Post_Code"), postCode): Verifed actule & expected data

2021-03-26 09:15:51 - [MESSAGE][INFO] - Get actule text

2021-03-26 09:15:51 - [MESSAGE][PASSED] - Verifed actule & expected data

2021-03-26 09:15:51 - [TEST_STEP][PASSED] - com.wecomplete.keywords.TestBase.getText(findTestObject("Quote/Quote_Details_Page/Corresponding_Address_Section/get_Address"), address): Verifed actule & expected data

2021-03-26 09:15:51 - [MESSAGE][INFO] - Get actule text

2021-03-26 09:15:51 - [MESSAGE][PASSED] - Verifed actule & expected data

2021-03-26 09:15:51 - [TEST_STEP][PASSED] - com.wecomplete.keywords.TestBase.clickUsingJS(findTestObject("Quote/Quote_Details_Page/btn_Get_Quote"), shortTime): Element has been clicked

2021-03-26 09:15:52 - [MESSAGE][INFO] - Clicking element

2021-03-26 09:15:52 - [MESSAGE][PASSED] - Element has been clicked

2021-03-26 09:15:52 - [TEST_STEP][PASSED] - Start listener action : sampleAfterTestCase: null

2021-03-26 09:15:52 - [TEST_STEP][PASSED] - println(testCaseContext.getTestCaseId()): null

2021-03-26 09:15:52 - [TEST_STEP][PASSED] - println(testCaseContext.getTestCaseStatus()): null

2021-03-26 09:15:54 - [TEST_STEP][PASSED] - Video: Video recording for test case 'Test Cases/Sanity_Test/TC_008_To verify Selected Corresponding Address on Quote Details page' .

2021-03-26 09:15:54 - [MESSAGE][INFO] - Video recording for test case 'Test Cases/Sanity_Test/TC_008_To verify Selected Corresponding Address on Quote Details page' .
[[ATTACHMENT|C:\\Users\\pritig\\Downloads\\WeComplete\\Reports\\20210326_091231\\Sanity Test\\20210326_091231/videos\\test_8.avi]]]]></system-out>
         <system-err><![CDATA[]]></system-err>
      </testcase>
      <testcase name="Test Cases/Sanity_Test/TC_009_To verify that user can view Property section on left side" time="9.027" classname="Test Cases/Sanity_Test/TC_009_To verify that user can view Property section on left side" status="PASSED">
         <system-out><![CDATA[2021-03-26 09:15:54 - [TEST_CASE][PASSED] - Test Cases/Sanity_Test/TC_009_To verify that user can view Property section on left side: Test Cases/Sanity_Test/TC_009_To verify that user can view Property section on left side

2021-03-26 09:15:54 - [TEST_STEP][PASSED] - Start listener action : sampleBeforeTestCase: null

2021-03-26 09:15:54 - [TEST_STEP][PASSED] - println(testCaseContext.getTestCaseId()): null

2021-03-26 09:15:54 - [TEST_STEP][PASSED] - println(testCaseContext.getTestCaseVariables()): null

2021-03-26 09:15:54 - [TEST_STEP][PASSED] - com.wecomplete.keywords.TestBase.isElementPresent(findTestObject("Object Repository/Quote/PriceCompare_Page/header_Pricecompare_Page"), shortTime): Element has been present

2021-03-26 09:15:54 - [MESSAGE][PASSED] - Element has been present

2021-03-26 09:15:54 - [TEST_STEP][PASSED] - if (com.wecomplete.keywords.TestBase.isElementPresent(findTestObject("Object Repository/Quote/PriceCompare_Page/Property_Section/header_Property Details"), shortTime) == true): null

2021-03-26 09:15:55 - [MESSAGE][PASSED] - Element has been present

2021-03-26 09:15:55 - [TEST_STEP][PASSED] - com.wecomplete.keywords.TestBase.getText(findTestObject("Object Repository/Quote/PriceCompare_Page/Property_Section/header_Property Details"), heradrPropertyDetails): Verifed actule & expected data

2021-03-26 09:15:56 - [MESSAGE][INFO] - Get actule text

2021-03-26 09:15:56 - [MESSAGE][PASSED] - Verifed actule & expected data

2021-03-26 09:15:56 - [TEST_STEP][PASSED] - com.wecomplete.keywords.TestBase.getText(findTestObject("Quote/PriceCompare_Page/Property_Section/gettext_Sell_Price_Of_Property"), sellPricetext): Verifed actule & expected data

2021-03-26 09:15:56 - [MESSAGE][INFO] - Get actule text

2021-03-26 09:15:56 - [MESSAGE][PASSED] - Verifed actule & expected data

2021-03-26 09:15:56 - [TEST_STEP][PASSED] - com.wecomplete.keywords.TestBase.getText(findTestObject("Quote/PriceCompare_Page/Property_Section/get_SellBuy_Price"), sellPrice): Verifed actule & expected data

2021-03-26 09:15:57 - [MESSAGE][INFO] - Get actule text

2021-03-26 09:15:57 - [MESSAGE][PASSED] - Verifed actule & expected data

2021-03-26 09:15:57 - [TEST_STEP][PASSED] - com.wecomplete.keywords.TestBase.clickUsingJS(findTestObject("Quote/PriceCompare_Page/Property_Section/btn_Show more"), shortTime): Element has been clicked

2021-03-26 09:15:57 - [MESSAGE][INFO] - Clicking element

2021-03-26 09:15:57 - [MESSAGE][PASSED] - Element has been clicked

2021-03-26 09:15:57 - [TEST_STEP][PASSED] - com.wecomplete.keywords.TestBase.getText(findTestObject("Object Repository/Quote/PriceCompare_Page/Property_Section/get_Sell_Comments"), sellComments): Verifed actule & expected data

2021-03-26 09:15:58 - [MESSAGE][INFO] - Get actule text

2021-03-26 09:15:58 - [MESSAGE][PASSED] - Verifed actule & expected data

2021-03-26 09:15:58 - [TEST_STEP][PASSED] - com.wecomplete.keywords.TestBase.clickUsingJS(findTestObject("Quote/PriceCompare_Page/Property_Section/toggle_Buy"), shortTime): Element has been clicked

2021-03-26 09:15:58 - [MESSAGE][INFO] - Clicking element

2021-03-26 09:15:58 - [MESSAGE][PASSED] - Element has been clicked

2021-03-26 09:15:58 - [TEST_STEP][PASSED] - com.wecomplete.keywords.TestBase.getText(findTestObject("Object Repository/Quote/PriceCompare_Page/Property_Section/getText_Buy_Price_Of_Property"), buyPricetext): Verifed actule & expected data

2021-03-26 09:15:59 - [MESSAGE][INFO] - Get actule text

2021-03-26 09:15:59 - [MESSAGE][PASSED] - Verifed actule & expected data

2021-03-26 09:15:59 - [TEST_STEP][PASSED] - com.wecomplete.keywords.TestBase.getText(findTestObject("Quote/PriceCompare_Page/Property_Section/get_SellBuy_Price"), buyPrice): Verifed actule & expected data

2021-03-26 09:16:00 - [MESSAGE][INFO] - Get actule text

2021-03-26 09:16:00 - [MESSAGE][PASSED] - Verifed actule & expected data

2021-03-26 09:16:00 - [TEST_STEP][PASSED] - com.wecomplete.keywords.TestBase.clickUsingJS(findTestObject("Quote/PriceCompare_Page/Property_Section/btn_Show more"), shortTime): Element has been clicked

2021-03-26 09:16:00 - [MESSAGE][INFO] - Clicking element

2021-03-26 09:16:00 - [MESSAGE][PASSED] - Element has been clicked

2021-03-26 09:16:00 - [TEST_STEP][PASSED] - com.wecomplete.keywords.TestBase.getText(findTestObject("Object Repository/Quote/PriceCompare_Page/Property_Section/get_Buy_Comments"), buyComments): Verifed actule & expected data

2021-03-26 09:16:01 - [MESSAGE][INFO] - Get actule text

2021-03-26 09:16:01 - [MESSAGE][PASSED] - Verifed actule & expected data

2021-03-26 09:16:01 - [TEST_STEP][PASSED] - Start listener action : sampleAfterTestCase: null

2021-03-26 09:16:01 - [TEST_STEP][PASSED] - println(testCaseContext.getTestCaseId()): null

2021-03-26 09:16:01 - [TEST_STEP][PASSED] - println(testCaseContext.getTestCaseStatus()): null

2021-03-26 09:16:03 - [TEST_STEP][PASSED] - Video: Video recording for test case 'Test Cases/Sanity_Test/TC_009_To verify that user can view Property section on left side' .

2021-03-26 09:16:03 - [MESSAGE][INFO] - Video recording for test case 'Test Cases/Sanity_Test/TC_009_To verify that user can view Property section on left side' .
[[ATTACHMENT|C:\\Users\\pritig\\Downloads\\WeComplete\\Reports\\20210326_091231\\Sanity Test\\20210326_091231/videos\\test_9.avi]]]]></system-out>
         <system-err><![CDATA[]]></system-err>
      </testcase>
      <testcase name="Test Cases/Sanity_Test/TC_010_Verify that user can edit sell property details" time="15.192" classname="Test Cases/Sanity_Test/TC_010_Verify that user can edit sell property details" status="PASSED">
         <system-out><![CDATA[2021-03-26 09:16:03 - [TEST_CASE][PASSED] - Test Cases/Sanity_Test/TC_010_Verify that user can edit sell property details: Test Cases/Sanity_Test/TC_010_Verify that user can edit sell property details

2021-03-26 09:16:03 - [TEST_STEP][PASSED] - Start listener action : sampleBeforeTestCase: null

2021-03-26 09:16:03 - [TEST_STEP][PASSED] - println(testCaseContext.getTestCaseId()): null

2021-03-26 09:16:03 - [TEST_STEP][PASSED] - println(testCaseContext.getTestCaseVariables()): null

2021-03-26 09:16:03 - [TEST_STEP][PASSED] - com.wecomplete.keywords.TestBase.clickUsingJS(findTestObject("Quote/PriceCompare_Page/Property_Section/toggle_Sell"), shortTime): Element has been clicked

2021-03-26 09:16:03 - [MESSAGE][INFO] - Clicking element

2021-03-26 09:16:03 - [MESSAGE][PASSED] - Element has been clicked

2021-03-26 09:16:03 - [TEST_STEP][PASSED] - com.wecomplete.keywords.TestBase.clickUsingJS(findTestObject("Quote/PriceCompare_Page/Property_Section/btn_Edit the info"), shortTime): Element has been clicked

2021-03-26 09:16:04 - [MESSAGE][INFO] - Clicking element

2021-03-26 09:16:04 - [MESSAGE][PASSED] - Element has been clicked

2021-03-26 09:16:04 - [TEST_STEP][PASSED] - if (com.wecomplete.keywords.TestBase.isElementPresent(findTestObject("Object Repository/Quote/PriceCompare_Page/Property_Section/header_Sell and Buy pop up"), shortTime) == true): null

2021-03-26 09:16:05 - [MESSAGE][PASSED] - Element has been present

2021-03-26 09:16:05 - [TEST_STEP][PASSED] - com.wecomplete.keywords.TestBase.isElementPresent(findTestObject("Object Repository/Quote/PriceCompare_Page/Property_Section/header_ Selling Property Details"), shortTime): Element has been present

2021-03-26 09:16:06 - [MESSAGE][PASSED] - Element has been present

2021-03-26 09:16:06 - [TEST_STEP][PASSED] - com.wecomplete.keywords.TestBase.sendkeyElement(findTestObject("Object Repository/Quote/Selling_Property_Details_Page/input_Price_Of_Property"), editSellPrice): Sendkey value has been send

2021-03-26 09:16:10 - [MESSAGE][PASSED] - Element has been cleared

2021-03-26 09:16:13 - [MESSAGE][PASSED] - Sendkey value has been send

2021-03-26 09:16:13 - [TEST_STEP][PASSED] - com.wecomplete.keywords.TestBase.clickUsingJS(findTestObject("Object Repository/Quote/PriceCompare_Page/Property_Section/btn_Update Quote"), shortTime): Element has been clicked

2021-03-26 09:16:13 - [MESSAGE][INFO] - Clicking element

2021-03-26 09:16:13 - [MESSAGE][PASSED] - Element has been clicked

2021-03-26 09:16:13 - [TEST_STEP][PASSED] - com.wecomplete.keywords.TestBase.getText(findTestObject("Object Repository/Quote/PriceCompare_Page/Property_Section/get_SellBuy_Price"), editSellPrice): Verifed actule & expected data

2021-03-26 09:16:16 - [MESSAGE][INFO] - Get actule text

2021-03-26 09:16:16 - [MESSAGE][PASSED] - Verifed actule & expected data

2021-03-26 09:16:16 - [TEST_STEP][PASSED] - Start listener action : sampleAfterTestCase: null

2021-03-26 09:16:16 - [TEST_STEP][PASSED] - println(testCaseContext.getTestCaseId()): null

2021-03-26 09:16:16 - [TEST_STEP][PASSED] - println(testCaseContext.getTestCaseStatus()): null

2021-03-26 09:16:18 - [TEST_STEP][PASSED] - Video: Video recording for test case 'Test Cases/Sanity_Test/TC_010_Verify that user can edit sell property details' .

2021-03-26 09:16:18 - [MESSAGE][INFO] - Video recording for test case 'Test Cases/Sanity_Test/TC_010_Verify that user can edit sell property details' .
[[ATTACHMENT|C:\\Users\\pritig\\Downloads\\WeComplete\\Reports\\20210326_091231\\Sanity Test\\20210326_091231/videos\\test_10.avi]]]]></system-out>
         <system-err><![CDATA[]]></system-err>
      </testcase>
      <testcase name="Test Cases/Sanity_Test/TC_011_Verify that user can edit Buy property details" time="15.552" classname="Test Cases/Sanity_Test/TC_011_Verify that user can edit Buy property details" status="PASSED">
         <system-out><![CDATA[2021-03-26 09:16:18 - [TEST_CASE][PASSED] - Test Cases/Sanity_Test/TC_011_Verify that user can edit Buy property details: Test Cases/Sanity_Test/TC_011_Verify that user can edit Buy property details

2021-03-26 09:16:18 - [TEST_STEP][PASSED] - Start listener action : sampleBeforeTestCase: null

2021-03-26 09:16:18 - [TEST_STEP][PASSED] - println(testCaseContext.getTestCaseId()): null

2021-03-26 09:16:18 - [TEST_STEP][PASSED] - println(testCaseContext.getTestCaseVariables()): null

2021-03-26 09:16:18 - [TEST_STEP][PASSED] - com.wecomplete.keywords.TestBase.clickUsingJS(findTestObject("Object Repository/Quote/PriceCompare_Page/Property_Section/toggle_Buy"), shortTime): Element has been clicked

2021-03-26 09:16:18 - [MESSAGE][INFO] - Clicking element

2021-03-26 09:16:18 - [MESSAGE][PASSED] - Element has been clicked

2021-03-26 09:16:18 - [TEST_STEP][PASSED] - com.wecomplete.keywords.TestBase.clickUsingJS(findTestObject("Quote/PriceCompare_Page/Property_Section/btn_Edit the info"), shortTime): Element has been clicked

2021-03-26 09:16:19 - [MESSAGE][INFO] - Clicking element

2021-03-26 09:16:19 - [MESSAGE][PASSED] - Element has been clicked

2021-03-26 09:16:19 - [TEST_STEP][PASSED] - if (com.wecomplete.keywords.TestBase.isElementPresent(findTestObject("Object Repository/Quote/PriceCompare_Page/Property_Section/header_Sell and Buy pop up"), shortTime) == true): null

2021-03-26 09:16:20 - [MESSAGE][PASSED] - Element has been present

2021-03-26 09:16:20 - [TEST_STEP][PASSED] - com.wecomplete.keywords.TestBase.isElementPresent(findTestObject("Object Repository/Quote/PriceCompare_Page/Property_Section/header_ Buying Property Details"), shortTime): Element has been present

2021-03-26 09:16:21 - [MESSAGE][PASSED] - Element has been present

2021-03-26 09:16:21 - [TEST_STEP][PASSED] - com.wecomplete.keywords.TestBase.sendkeyElement(findTestObject("Object Repository/Quote/Selling_Property_Details_Page/input_Price_Of_Property"), editBuyPrice): Sendkey value has been send

2021-03-26 09:16:24 - [MESSAGE][PASSED] - Element has been cleared

2021-03-26 09:16:27 - [MESSAGE][PASSED] - Sendkey value has been send

2021-03-26 09:16:27 - [TEST_STEP][PASSED] - com.wecomplete.keywords.TestBase.clickUsingJS(findTestObject("Object Repository/Quote/PriceCompare_Page/Property_Section/btn_Update Quote"), shortTime): Element has been clicked

2021-03-26 09:16:28 - [MESSAGE][INFO] - Clicking element

2021-03-26 09:16:28 - [MESSAGE][PASSED] - Element has been clicked

2021-03-26 09:16:28 - [TEST_STEP][PASSED] - com.wecomplete.keywords.TestBase.clickUsingJS(findTestObject("Object Repository/Quote/PriceCompare_Page/Property_Section/toggle_Buy"), shortTime): Element has been clicked

2021-03-26 09:16:30 - [MESSAGE][INFO] - Clicking element

2021-03-26 09:16:30 - [MESSAGE][PASSED] - Element has been clicked

2021-03-26 09:16:30 - [TEST_STEP][PASSED] - com.wecomplete.keywords.TestBase.getText(findTestObject("Object Repository/Quote/PriceCompare_Page/Property_Section/get_SellBuy_Price"), editBuyPrice): Verifed actule & expected data

2021-03-26 09:16:32 - [MESSAGE][INFO] - Get actule text

2021-03-26 09:16:32 - [MESSAGE][PASSED] - Verifed actule & expected data

2021-03-26 09:16:32 - [TEST_STEP][PASSED] - Start listener action : sampleAfterTestCase: null

2021-03-26 09:16:32 - [TEST_STEP][PASSED] - println(testCaseContext.getTestCaseId()): null

2021-03-26 09:16:32 - [TEST_STEP][PASSED] - println(testCaseContext.getTestCaseStatus()): null

2021-03-26 09:16:34 - [TEST_STEP][PASSED] - Video: Video recording for test case 'Test Cases/Sanity_Test/TC_011_Verify that user can edit Buy property details' .

2021-03-26 09:16:34 - [MESSAGE][INFO] - Video recording for test case 'Test Cases/Sanity_Test/TC_011_Verify that user can edit Buy property details' .
[[ATTACHMENT|C:\\Users\\pritig\\Downloads\\WeComplete\\Reports\\20210326_091231\\Sanity Test\\20210326_091231/videos\\test_11.avi]]]]></system-out>
         <system-err><![CDATA[]]></system-err>
      </testcase>
      <testcase name="Test Cases/Sanity_Test/TC_012_Verify that user can view Sell Fee structure" time="9.918" classname="Test Cases/Sanity_Test/TC_012_Verify that user can view Sell Fee structure" status="PASSED">
         <system-out><![CDATA[2021-03-26 09:16:34 - [TEST_CASE][PASSED] - Test Cases/Sanity_Test/TC_012_Verify that user can view Sell Fee structure: Test Cases/Sanity_Test/TC_012_Verify that user can view Sell Fee structure

2021-03-26 09:16:34 - [TEST_STEP][PASSED] - Start listener action : sampleBeforeTestCase: null

2021-03-26 09:16:34 - [TEST_STEP][PASSED] - println(testCaseContext.getTestCaseId()): null

2021-03-26 09:16:34 - [TEST_STEP][PASSED] - println(testCaseContext.getTestCaseVariables()): null

2021-03-26 09:16:34 - [TEST_STEP][PASSED] - if (com.wecomplete.keywords.TestBase.isElementPresent(findTestObject("Object Repository/Quote/PriceCompare_Page/text_Total Fees"), shortTime) == true): null

2021-03-26 09:16:34 - [MESSAGE][PASSED] - Element has been present

2021-03-26 09:16:34 - [TEST_STEP][PASSED] - com.wecomplete.keywords.TestBase.clickUsingJS(findTestObject("Object Repository/Quote/PriceCompare_Page/View_Details"), shortTime): Element has been clicked

2021-03-26 09:16:35 - [MESSAGE][INFO] - Clicking element

2021-03-26 09:16:35 - [MESSAGE][PASSED] - Element has been clicked

2021-03-26 09:16:35 - [TEST_STEP][PASSED] - com.wecomplete.keywords.TestBase.isElementPresent(findTestObject("Object Repository/Quote/PriceCompare_Page/Sell_Buy_Fees_On_Table"), shortTime): Element has been present

2021-03-26 09:16:35 - [MESSAGE][PASSED] - Element has been present

2021-03-26 09:16:35 - [TEST_STEP][PASSED] - com.wecomplete.keywords.TestBase.clickUsingJS(findTestObject("Quote/PriceCompare_Page/Fees_Table/Buy_Fee_toggle_on_Table"), shortTime): Element has been clicked

2021-03-26 09:16:36 - [MESSAGE][INFO] - Clicking element

2021-03-26 09:16:36 - [MESSAGE][PASSED] - Element has been clicked

2021-03-26 09:16:36 - [TEST_STEP][PASSED] - com.wecomplete.keywords.TestBase.isElementPresent(findTestObject("Object Repository/Quote/PriceCompare_Page/Sell_Buy_Fees_On_Table"), shortTime): Element has been present

2021-03-26 09:16:36 - [MESSAGE][PASSED] - Element has been present

2021-03-26 09:16:36 - [TEST_STEP][PASSED] - com.wecomplete.keywords.TestBase.clickUsingJS(findTestObject("Quote/PriceCompare_Page/Fees_Table/Sell_Fee_toggle_on_Table"), shortTime): Element has been clicked

2021-03-26 09:16:37 - [MESSAGE][INFO] - Clicking element

2021-03-26 09:16:37 - [MESSAGE][PASSED] - Element has been clicked

2021-03-26 09:16:37 - [TEST_STEP][PASSED] - com.wecomplete.keywords.TestBase.getText(findTestObject("Quote/PriceCompare_Page/Fees_Table/Column_Professional Fees"), professionalFees): Verifed actule & expected data

2021-03-26 09:16:38 - [MESSAGE][INFO] - Get actule text

2021-03-26 09:16:38 - [MESSAGE][PASSED] - Verifed actule & expected data

2021-03-26 09:16:38 - [TEST_STEP][PASSED] - com.wecomplete.keywords.TestBase.getText(findTestObject("Quote/PriceCompare_Page/Fees_Table/column_NET"), net): Verifed actule & expected data

2021-03-26 09:16:38 - [MESSAGE][INFO] - Get actule text

2021-03-26 09:16:38 - [MESSAGE][PASSED] - Verifed actule & expected data

2021-03-26 09:16:38 - [TEST_STEP][PASSED] - com.wecomplete.keywords.TestBase.getText(findTestObject("Quote/PriceCompare_Page/Fees_Table/column_VAT"), vat): Verifed actule & expected data

2021-03-26 09:16:39 - [MESSAGE][INFO] - Get actule text

2021-03-26 09:16:39 - [MESSAGE][PASSED] - Verifed actule & expected data

2021-03-26 09:16:39 - [TEST_STEP][PASSED] - com.wecomplete.keywords.TestBase.getText(findTestObject("Quote/PriceCompare_Page/Fees_Table/column_GROSS"), gross): Verifed actule & expected data

2021-03-26 09:16:40 - [MESSAGE][INFO] - Get actule text

2021-03-26 09:16:40 - [MESSAGE][PASSED] - Verifed actule & expected data

2021-03-26 09:16:40 - [TEST_STEP][PASSED] - com.wecomplete.keywords.TestBase.getText(findTestObject("Quote/PriceCompare_Page/Fees_Table/column_Third Party Disbursements"), thirdPartyDisbursements): Verifed actule & expected data

2021-03-26 09:16:40 - [MESSAGE][INFO] - Get actule text

2021-03-26 09:16:40 - [MESSAGE][PASSED] - Verifed actule & expected data

2021-03-26 09:16:40 - [TEST_STEP][PASSED] - com.wecomplete.keywords.TestBase.getText(findTestObject("Quote/PriceCompare_Page/Fees_Table/column_Selling Total"), sellingTotal): Verifed actule & expected data

2021-03-26 09:16:41 - [MESSAGE][INFO] - Get actule text

2021-03-26 09:16:41 - [MESSAGE][PASSED] - Verifed actule & expected data

2021-03-26 09:16:41 - [TEST_STEP][PASSED] - com.wecomplete.keywords.TestBase.getText(findTestObject("Quote/PriceCompare_Page/Fees_Table/column_Selling Buying Total"), sellbuyTotal): Verifed actule & expected data

2021-03-26 09:16:41 - [MESSAGE][INFO] - Get actule text

2021-03-26 09:16:41 - [MESSAGE][PASSED] - Verifed actule & expected data

2021-03-26 09:16:41 - [TEST_STEP][PASSED] - Start listener action : sampleAfterTestCase: null

2021-03-26 09:16:41 - [TEST_STEP][PASSED] - println(testCaseContext.getTestCaseId()): null

2021-03-26 09:16:41 - [TEST_STEP][PASSED] - println(testCaseContext.getTestCaseStatus()): null

2021-03-26 09:16:44 - [TEST_STEP][PASSED] - Video: Video recording for test case 'Test Cases/Sanity_Test/TC_012_Verify that user can view Sell Fee structure' .

2021-03-26 09:16:44 - [MESSAGE][INFO] - Video recording for test case 'Test Cases/Sanity_Test/TC_012_Verify that user can view Sell Fee structure' .
[[ATTACHMENT|C:\\Users\\pritig\\Downloads\\WeComplete\\Reports\\20210326_091231\\Sanity Test\\20210326_091231/videos\\test_12.avi]]]]></system-out>
         <system-err><![CDATA[]]></system-err>
      </testcase>
      <testcase name="Test Cases/Sanity_Test/TC_013_Verify that user can view BuyFee structure" time="7.469" classname="Test Cases/Sanity_Test/TC_013_Verify that user can view BuyFee structure" status="PASSED">
         <system-out><![CDATA[2021-03-26 09:16:44 - [TEST_CASE][PASSED] - Test Cases/Sanity_Test/TC_013_Verify that user can view BuyFee structure: Test Cases/Sanity_Test/TC_013_Verify that user can view BuyFee structure

2021-03-26 09:16:44 - [TEST_STEP][PASSED] - Start listener action : sampleBeforeTestCase: null

2021-03-26 09:16:44 - [TEST_STEP][PASSED] - println(testCaseContext.getTestCaseId()): null

2021-03-26 09:16:44 - [TEST_STEP][PASSED] - println(testCaseContext.getTestCaseVariables()): null

2021-03-26 09:16:44 - [TEST_STEP][PASSED] - com.wecomplete.keywords.TestBase.clickUsingJS(findTestObject("Quote/PriceCompare_Page/Fees_Table/Buy_Fee_toggle_on_Table"), shortTime): Element has been clicked

2021-03-26 09:16:44 - [MESSAGE][INFO] - Clicking element

2021-03-26 09:16:44 - [MESSAGE][PASSED] - Element has been clicked

2021-03-26 09:16:44 - [TEST_STEP][PASSED] - com.wecomplete.keywords.TestBase.isElementPresent(findTestObject("Object Repository/Quote/PriceCompare_Page/Sell_Buy_Fees_On_Table"), shortTime): Element has been present

2021-03-26 09:16:45 - [MESSAGE][PASSED] - Element has been present

2021-03-26 09:16:45 - [TEST_STEP][PASSED] - com.wecomplete.keywords.TestBase.getText(findTestObject("Quote/PriceCompare_Page/Fees_Table/Column_Professional Fees"), professionalFees): Verifed actule & expected data

2021-03-26 09:16:45 - [MESSAGE][INFO] - Get actule text

2021-03-26 09:16:45 - [MESSAGE][PASSED] - Verifed actule & expected data

2021-03-26 09:16:45 - [TEST_STEP][PASSED] - com.wecomplete.keywords.TestBase.getText(findTestObject("Quote/PriceCompare_Page/Fees_Table/column_NET"), net): Verifed actule & expected data

2021-03-26 09:16:46 - [MESSAGE][INFO] - Get actule text

2021-03-26 09:16:46 - [MESSAGE][PASSED] - Verifed actule & expected data

2021-03-26 09:16:46 - [TEST_STEP][PASSED] - com.wecomplete.keywords.TestBase.getText(findTestObject("Quote/PriceCompare_Page/Fees_Table/column_VAT"), vat): Verifed actule & expected data

2021-03-26 09:16:47 - [MESSAGE][INFO] - Get actule text

2021-03-26 09:16:47 - [MESSAGE][PASSED] - Verifed actule & expected data

2021-03-26 09:16:47 - [TEST_STEP][PASSED] - com.wecomplete.keywords.TestBase.getText(findTestObject("Quote/PriceCompare_Page/Fees_Table/column_GROSS"), gross): Verifed actule & expected data

2021-03-26 09:16:47 - [MESSAGE][INFO] - Get actule text

2021-03-26 09:16:47 - [MESSAGE][PASSED] - Verifed actule & expected data

2021-03-26 09:16:47 - [TEST_STEP][PASSED] - com.wecomplete.keywords.TestBase.getText(findTestObject("Quote/PriceCompare_Page/Fees_Table/column_Third Party Disbursements"), thirdPartyDisbursements): Verifed actule & expected data

2021-03-26 09:16:48 - [MESSAGE][INFO] - Get actule text

2021-03-26 09:16:48 - [MESSAGE][PASSED] - Verifed actule & expected data

2021-03-26 09:16:48 - [TEST_STEP][PASSED] - com.wecomplete.keywords.TestBase.getText(findTestObject("Quote/PriceCompare_Page/Fees_Table/column_Stamp duty"), stampDuty): Verifed actule & expected data

2021-03-26 09:16:49 - [MESSAGE][INFO] - Get actule text

2021-03-26 09:16:49 - [MESSAGE][PASSED] - Verifed actule & expected data

2021-03-26 09:16:49 - [TEST_STEP][PASSED] - com.wecomplete.keywords.TestBase.clickUsingJS(findTestObject("Quote/PriceCompare_Page/Fees_Table/btn_Close Icon"), shortTime): Element has been clicked

2021-03-26 09:16:49 - [MESSAGE][INFO] - Clicking element

2021-03-26 09:16:49 - [MESSAGE][PASSED] - Element has been clicked

2021-03-26 09:16:49 - [TEST_STEP][PASSED] - Start listener action : sampleAfterTestCase: null

2021-03-26 09:16:49 - [TEST_STEP][PASSED] - println(testCaseContext.getTestCaseId()): null

2021-03-26 09:16:49 - [TEST_STEP][PASSED] - println(testCaseContext.getTestCaseStatus()): null

2021-03-26 09:16:51 - [TEST_STEP][PASSED] - Video: Video recording for test case 'Test Cases/Sanity_Test/TC_013_Verify that user can view BuyFee structure' .

2021-03-26 09:16:51 - [MESSAGE][INFO] - Video recording for test case 'Test Cases/Sanity_Test/TC_013_Verify that user can view BuyFee structure' .
[[ATTACHMENT|C:\\Users\\pritig\\Downloads\\WeComplete\\Reports\\20210326_091231\\Sanity Test\\20210326_091231/videos\\test_13.avi]]]]></system-out>
         <system-err><![CDATA[]]></system-err>
      </testcase>
      <testcase name="Test Cases/Sanity_Test/TC_014_Verify that email quote functionality" time="58.87" classname="Test Cases/Sanity_Test/TC_014_Verify that email quote functionality" status="ERROR">
         <error type="ERROR" message="Test Cases/Sanity_Test/TC_014_Verify that email quote functionality FAILED.
Reason:
org.codehaus.groovy.runtime.InvokerInvocationException: java.lang.AssertionError: Web element with id: 'Object Repository/Quote/Email_Quote_Page/get_Email_sent_successfully' located by 'By.xpath: //*[@class='instruct-status-container']//span[contains(text(),'Email sent successfully')]' not found
	at com.wecomplete.keywords.TestBase.invokeMethod(TestBase.groovy)
	at com.kms.katalon.core.main.CustomKeywordDelegatingMetaClass.invokeStaticMethod(CustomKeywordDelegatingMetaClass.java:50)
	at TC_014_Verify that email quote functionality.run(TC_014_Verify that email quote functionality:31)
	at com.kms.katalon.core.main.ScriptEngine.run(ScriptEngine.java:194)
	at com.kms.katalon.core.main.ScriptEngine.runScriptAsRawText(ScriptEngine.java:119)
	at com.kms.katalon.core.main.TestCaseExecutor.runScript(TestCaseExecutor.java:337)
	at com.kms.katalon.core.main.TestCaseExecutor.doExecute(TestCaseExecutor.java:328)
	at com.kms.katalon.core.main.TestCaseExecutor.processExecutionPhase(TestCaseExecutor.java:307)
	at com.kms.katalon.core.main.TestCaseExecutor.accessMainPhase(TestCaseExecutor.java:299)
	at com.kms.katalon.core.main.TestCaseExecutor.execute(TestCaseExecutor.java:233)
	at com.kms.katalon.core.main.TestSuiteExecutor.accessTestCaseMainPhase(TestSuiteExecutor.java:169)
	at com.kms.katalon.core.main.TestSuiteExecutor.accessTestSuiteMainPhase(TestSuiteExecutor.java:142)
	at com.kms.katalon.core.main.TestSuiteExecutor.execute(TestSuiteExecutor.java:91)
	at com.kms.katalon.core.main.TestCaseMain.startTestSuite(TestCaseMain.java:157)
	at com.kms.katalon.core.main.TestCaseMain$startTestSuite$0.call(Unknown Source)
	at TempTestSuite1616730151766.run(TempTestSuite1616730151766.groovy:36)
Caused by: java.lang.AssertionError: Web element with id: 'Object Repository/Quote/Email_Quote_Page/get_Email_sent_successfully' located by 'By.xpath: //*[@class='instruct-status-container']//span[contains(text(),'Email sent successfully')]' not found
	at org.testng.Assert.fail(Assert.java:93)
	at org.testng.Assert$fail$0.call(Unknown Source)
	at com.wecomplete.keywords.TestBase.getText(TestBase.groovy:168)
	... 16 more
"/>
         <system-out><![CDATA[2021-03-26 09:16:51 - [TEST_CASE][ERROR] - Test Cases/Sanity_Test/TC_014_Verify that email quote functionality: Test Cases/Sanity_Test/TC_014_Verify that email quote functionality FAILED.
Reason:
org.codehaus.groovy.runtime.InvokerInvocationException: java.lang.AssertionError: Web element with id: 'Object Repository/Quote/Email_Quote_Page/get_Email_sent_successfully' located by 'By.xpath: //*[@class='instruct-status-container']//span[contains(text(),'Email sent successfully')]' not found
	at com.wecomplete.keywords.TestBase.invokeMethod(TestBase.groovy)
	at com.kms.katalon.core.main.CustomKeywordDelegatingMetaClass.invokeStaticMethod(CustomKeywordDelegatingMetaClass.java:50)
	at TC_014_Verify that email quote functionality.run(TC_014_Verify that email quote functionality:31)
	at com.kms.katalon.core.main.ScriptEngine.run(ScriptEngine.java:194)
	at com.kms.katalon.core.main.ScriptEngine.runScriptAsRawText(ScriptEngine.java:119)
	at com.kms.katalon.core.main.TestCaseExecutor.runScript(TestCaseExecutor.java:337)
	at com.kms.katalon.core.main.TestCaseExecutor.doExecute(TestCaseExecutor.java:328)
	at com.kms.katalon.core.main.TestCaseExecutor.processExecutionPhase(TestCaseExecutor.java:307)
	at com.kms.katalon.core.main.TestCaseExecutor.accessMainPhase(TestCaseExecutor.java:299)
	at com.kms.katalon.core.main.TestCaseExecutor.execute(TestCaseExecutor.java:233)
	at com.kms.katalon.core.main.TestSuiteExecutor.accessTestCaseMainPhase(TestSuiteExecutor.java:169)
	at com.kms.katalon.core.main.TestSuiteExecutor.accessTestSuiteMainPhase(TestSuiteExecutor.java:142)
	at com.kms.katalon.core.main.TestSuiteExecutor.execute(TestSuiteExecutor.java:91)
	at com.kms.katalon.core.main.TestCaseMain.startTestSuite(TestCaseMain.java:157)
	at com.kms.katalon.core.main.TestCaseMain$startTestSuite$0.call(Unknown Source)
	at TempTestSuite1616730151766.run(TempTestSuite1616730151766.groovy:36)
Caused by: java.lang.AssertionError: Web element with id: 'Object Repository/Quote/Email_Quote_Page/get_Email_sent_successfully' located by 'By.xpath: //*[@class='instruct-status-container']//span[contains(text(),'Email sent successfully')]' not found
	at org.testng.Assert.fail(Assert.java:93)
	at org.testng.Assert$fail$0.call(Unknown Source)
	at com.wecomplete.keywords.TestBase.getText(TestBase.groovy:168)
	... 16 more


2021-03-26 09:16:51 - [TEST_STEP][PASSED] - Start listener action : sampleBeforeTestCase: null

2021-03-26 09:16:51 - [TEST_STEP][PASSED] - println(testCaseContext.getTestCaseId()): null

2021-03-26 09:16:51 - [TEST_STEP][PASSED] - println(testCaseContext.getTestCaseVariables()): null

2021-03-26 09:16:51 - [TEST_STEP][PASSED] - if (com.wecomplete.keywords.TestBase.isElementPresent(findTestObject("Object Repository/Quote/PriceCompare_Page/btn_Email Quote"), shortTime) == true): null

2021-03-26 09:16:52 - [MESSAGE][PASSED] - Element has been present

2021-03-26 09:16:52 - [TEST_STEP][PASSED] - com.wecomplete.keywords.TestBase.clickUsingJS(findTestObject("Quote/PriceCompare_Page/btn_Email Quote"), shortTime): Element has been clicked

2021-03-26 09:16:52 - [MESSAGE][INFO] - Clicking element

2021-03-26 09:16:52 - [MESSAGE][PASSED] - Element has been clicked

2021-03-26 09:16:52 - [TEST_STEP][PASSED] - com.wecomplete.keywords.TestBase.isElementPresent(findTestObject("Quote/Email_Quote_Page/Header_Email_Quote"), shortTime): Element has been present

2021-03-26 09:17:05 - [MESSAGE][PASSED] - Element has been present

2021-03-26 09:17:05 - [TEST_STEP][FAILED] - com.wecomplete.keywords.TestBase.getText(findTestObject("Quote/Email_Quote_Page/get_Email_sent_successfully"), emailsentMSG): java.lang.AssertionError: Web element with id: 'Object Repository/Quote/Email_Quote_Page/get_Email_sent_successfully' located by 'By.xpath: //*[@class='instruct-status-container']//span[contains(text(),'Email sent successfully')]' not found

2021-03-26 09:17:48 - [MESSAGE][INFO] - Unable to find the element located by 'By.xpath: //*[@class='instruct-status-container']//span[contains(text(),'Email sent successfully')]'. Please recheck the objects properties to make sure the desired element is located. 

2021-03-26 09:17:48 - [MESSAGE][FAILED] - java.lang.AssertionError: Web element with id: 'Object Repository/Quote/Email_Quote_Page/get_Email_sent_successfully' located by 'By.xpath: //*[@class='instruct-status-container']//span[contains(text(),'Email sent successfully')]' not found

2021-03-26 09:17:48 - [TEST_STEP][PASSED] - Start listener action : sampleAfterTestCase: null

2021-03-26 09:17:48 - [TEST_STEP][PASSED] - println(testCaseContext.getTestCaseId()): null

2021-03-26 09:17:48 - [TEST_STEP][PASSED] - println(testCaseContext.getTestCaseStatus()): null

2021-03-26 09:17:50 - [TEST_STEP][PASSED] - Video: Video recording for test case 'Test Cases/Sanity_Test/TC_014_Verify that email quote functionality' .

2021-03-26 09:17:50 - [MESSAGE][INFO] - Video recording for test case 'Test Cases/Sanity_Test/TC_014_Verify that email quote functionality' .
[[ATTACHMENT|C:\\Users\\pritig\\Downloads\\WeComplete\\Reports\\20210326_091231\\Sanity Test\\20210326_091231/videos\\test_14.avi]]]]></system-out>
         <system-err><![CDATA[2021-03-26 09:16:51 - [TEST_CASE][ERROR] - Test Cases/Sanity_Test/TC_014_Verify that email quote functionality: Test Cases/Sanity_Test/TC_014_Verify that email quote functionality FAILED.
Reason:
org.codehaus.groovy.runtime.InvokerInvocationException: java.lang.AssertionError: Web element with id: 'Object Repository/Quote/Email_Quote_Page/get_Email_sent_successfully' located by 'By.xpath: //*[@class='instruct-status-container']//span[contains(text(),'Email sent successfully')]' not found
	at com.wecomplete.keywords.TestBase.invokeMethod(TestBase.groovy)
	at com.kms.katalon.core.main.CustomKeywordDelegatingMetaClass.invokeStaticMethod(CustomKeywordDelegatingMetaClass.java:50)
	at TC_014_Verify that email quote functionality.run(TC_014_Verify that email quote functionality:31)
	at com.kms.katalon.core.main.ScriptEngine.run(ScriptEngine.java:194)
	at com.kms.katalon.core.main.ScriptEngine.runScriptAsRawText(ScriptEngine.java:119)
	at com.kms.katalon.core.main.TestCaseExecutor.runScript(TestCaseExecutor.java:337)
	at com.kms.katalon.core.main.TestCaseExecutor.doExecute(TestCaseExecutor.java:328)
	at com.kms.katalon.core.main.TestCaseExecutor.processExecutionPhase(TestCaseExecutor.java:307)
	at com.kms.katalon.core.main.TestCaseExecutor.accessMainPhase(TestCaseExecutor.java:299)
	at com.kms.katalon.core.main.TestCaseExecutor.execute(TestCaseExecutor.java:233)
	at com.kms.katalon.core.main.TestSuiteExecutor.accessTestCaseMainPhase(TestSuiteExecutor.java:169)
	at com.kms.katalon.core.main.TestSuiteExecutor.accessTestSuiteMainPhase(TestSuiteExecutor.java:142)
	at com.kms.katalon.core.main.TestSuiteExecutor.execute(TestSuiteExecutor.java:91)
	at com.kms.katalon.core.main.TestCaseMain.startTestSuite(TestCaseMain.java:157)
	at com.kms.katalon.core.main.TestCaseMain$startTestSuite$0.call(Unknown Source)
	at TempTestSuite1616730151766.run(TempTestSuite1616730151766.groovy:36)
Caused by: java.lang.AssertionError: Web element with id: 'Object Repository/Quote/Email_Quote_Page/get_Email_sent_successfully' located by 'By.xpath: //*[@class='instruct-status-container']//span[contains(text(),'Email sent successfully')]' not found
	at org.testng.Assert.fail(Assert.java:93)
	at org.testng.Assert$fail$0.call(Unknown Source)
	at com.wecomplete.keywords.TestBase.getText(TestBase.groovy:168)
	... 16 more]]></system-err>
      </testcase>
      <testcase name="Test Cases/Sanity_Test/TC_015_Verify that user can instruct the created quote" time="16.475" classname="Test Cases/Sanity_Test/TC_015_Verify that user can instruct the created quote" status="FAILED">
         <failure type="FAILED" message="Test Cases/Sanity_Test/TC_015_Verify that user can instruct the created quote FAILED.
Reason:
com.kms.katalon.core.exception.StepFailedException: Element is not present
	at com.kms.katalon.core.util.KeywordUtil.markFailed(KeywordUtil.java:19)
	at com.kms.katalon.core.util.KeywordUtil$markFailed$1.call(Unknown Source)
	at com.wecomplete.keywords.TestBase.isElementPresent(TestBase.groovy:96)
	at com.wecomplete.keywords.TestBase.invokeMethod(TestBase.groovy)
	at com.kms.katalon.core.main.CustomKeywordDelegatingMetaClass.invokeStaticMethod(CustomKeywordDelegatingMetaClass.java:50)
	at TC_015_Verify that user can instruct the created quote.run(TC_015_Verify that user can instruct the created quote:19)
	at com.kms.katalon.core.main.ScriptEngine.run(ScriptEngine.java:194)
	at com.kms.katalon.core.main.ScriptEngine.runScriptAsRawText(ScriptEngine.java:119)
	at com.kms.katalon.core.main.TestCaseExecutor.runScript(TestCaseExecutor.java:337)
	at com.kms.katalon.core.main.TestCaseExecutor.doExecute(TestCaseExecutor.java:328)
	at com.kms.katalon.core.main.TestCaseExecutor.processExecutionPhase(TestCaseExecutor.java:307)
	at com.kms.katalon.core.main.TestCaseExecutor.accessMainPhase(TestCaseExecutor.java:299)
	at com.kms.katalon.core.main.TestCaseExecutor.execute(TestCaseExecutor.java:233)
	at com.kms.katalon.core.main.TestSuiteExecutor.accessTestCaseMainPhase(TestSuiteExecutor.java:169)
	at com.kms.katalon.core.main.TestSuiteExecutor.accessTestSuiteMainPhase(TestSuiteExecutor.java:142)
	at com.kms.katalon.core.main.TestSuiteExecutor.execute(TestSuiteExecutor.java:91)
	at com.kms.katalon.core.main.TestCaseMain.startTestSuite(TestCaseMain.java:157)
	at com.kms.katalon.core.main.TestCaseMain$startTestSuite$0.call(Unknown Source)
	at TempTestSuite1616730151766.run(TempTestSuite1616730151766.groovy:36)
"/>
         <system-out><![CDATA[2021-03-26 09:17:50 - [TEST_CASE][FAILED] - Test Cases/Sanity_Test/TC_015_Verify that user can instruct the created quote: Test Cases/Sanity_Test/TC_015_Verify that user can instruct the created quote FAILED.
Reason:
com.kms.katalon.core.exception.StepFailedException: Element is not present
	at com.kms.katalon.core.util.KeywordUtil.markFailed(KeywordUtil.java:19)
	at com.kms.katalon.core.util.KeywordUtil$markFailed$1.call(Unknown Source)
	at com.wecomplete.keywords.TestBase.isElementPresent(TestBase.groovy:96)
	at com.wecomplete.keywords.TestBase.invokeMethod(TestBase.groovy)
	at com.kms.katalon.core.main.CustomKeywordDelegatingMetaClass.invokeStaticMethod(CustomKeywordDelegatingMetaClass.java:50)
	at TC_015_Verify that user can instruct the created quote.run(TC_015_Verify that user can instruct the created quote:19)
	at com.kms.katalon.core.main.ScriptEngine.run(ScriptEngine.java:194)
	at com.kms.katalon.core.main.ScriptEngine.runScriptAsRawText(ScriptEngine.java:119)
	at com.kms.katalon.core.main.TestCaseExecutor.runScript(TestCaseExecutor.java:337)
	at com.kms.katalon.core.main.TestCaseExecutor.doExecute(TestCaseExecutor.java:328)
	at com.kms.katalon.core.main.TestCaseExecutor.processExecutionPhase(TestCaseExecutor.java:307)
	at com.kms.katalon.core.main.TestCaseExecutor.accessMainPhase(TestCaseExecutor.java:299)
	at com.kms.katalon.core.main.TestCaseExecutor.execute(TestCaseExecutor.java:233)
	at com.kms.katalon.core.main.TestSuiteExecutor.accessTestCaseMainPhase(TestSuiteExecutor.java:169)
	at com.kms.katalon.core.main.TestSuiteExecutor.accessTestSuiteMainPhase(TestSuiteExecutor.java:142)
	at com.kms.katalon.core.main.TestSuiteExecutor.execute(TestSuiteExecutor.java:91)
	at com.kms.katalon.core.main.TestCaseMain.startTestSuite(TestCaseMain.java:157)
	at com.kms.katalon.core.main.TestCaseMain$startTestSuite$0.call(Unknown Source)
	at TempTestSuite1616730151766.run(TempTestSuite1616730151766.groovy:36)


2021-03-26 09:17:50 - [TEST_STEP][PASSED] - Start listener action : sampleBeforeTestCase: null

2021-03-26 09:17:50 - [TEST_STEP][PASSED] - println(testCaseContext.getTestCaseId()): null

2021-03-26 09:17:50 - [TEST_STEP][PASSED] - println(testCaseContext.getTestCaseVariables()): null

2021-03-26 09:17:50 - [TEST_STEP][FAILED] - com.wecomplete.keywords.TestBase.isElementPresent(findTestObject("Object Repository/Quote/PriceCompare_Page/header_Pricecompare_Page"), shortTime): com.kms.katalon.core.exception.StepFailedException: Element is not present

2021-03-26 09:17:57 - [MESSAGE][INFO] - Unable to find the element located by 'By.xpath: //*[contains(text(),'Conveyancing Quote for Selling & Buying')]'. Please recheck the objects properties to make sure the desired element is located. 

2021-03-26 09:17:57 - [MESSAGE][FAILED] - Element is not present

2021-03-26 09:17:57 - [MESSAGE][FAILED] - com.kms.katalon.core.exception.StepFailedException: Element is not present

2021-03-26 09:17:57 - [TEST_STEP][FAILED] - if (com.wecomplete.keywords.TestBase.isElementPresent(findTestObject("Object Repository/Quote/PriceCompare_Page/btn_Instruct Us"), shortTime) == true): com.kms.katalon.core.exception.StepFailedException: Element is not present

2021-03-26 09:18:04 - [MESSAGE][INFO] - Unable to find the element located by 'By.xpath: //*[@id='cont-desc-4']/following-sibling::div//input[@value='Instruct us']'. Please recheck the objects properties to make sure the desired element is located. 

2021-03-26 09:18:04 - [MESSAGE][FAILED] - Element is not present

2021-03-26 09:18:04 - [MESSAGE][FAILED] - com.kms.katalon.core.exception.StepFailedException: Element is not present

2021-03-26 09:18:04 - [TEST_STEP][PASSED] - else: null

2021-03-26 09:18:04 - [TEST_STEP][PASSED] - println("Instruct us button is not present"): null

2021-03-26 09:18:04 - [TEST_STEP][PASSED] - Start listener action : sampleAfterTestCase: null

2021-03-26 09:18:04 - [TEST_STEP][PASSED] - println(testCaseContext.getTestCaseId()): null

2021-03-26 09:18:04 - [TEST_STEP][PASSED] - println(testCaseContext.getTestCaseStatus()): null

2021-03-26 09:18:06 - [TEST_STEP][PASSED] - Video: Video recording for test case 'Test Cases/Sanity_Test/TC_015_Verify that user can instruct the created quote' .

2021-03-26 09:18:06 - [MESSAGE][INFO] - Video recording for test case 'Test Cases/Sanity_Test/TC_015_Verify that user can instruct the created quote' .
[[ATTACHMENT|C:\\Users\\pritig\\Downloads\\WeComplete\\Reports\\20210326_091231\\Sanity Test\\20210326_091231/videos\\test_15.avi]]]]></system-out>
         <system-err><![CDATA[2021-03-26 09:17:50 - [TEST_CASE][FAILED] - Test Cases/Sanity_Test/TC_015_Verify that user can instruct the created quote: Test Cases/Sanity_Test/TC_015_Verify that user can instruct the created quote FAILED.
Reason:
com.kms.katalon.core.exception.StepFailedException: Element is not present
	at com.kms.katalon.core.util.KeywordUtil.markFailed(KeywordUtil.java:19)
	at com.kms.katalon.core.util.KeywordUtil$markFailed$1.call(Unknown Source)
	at com.wecomplete.keywords.TestBase.isElementPresent(TestBase.groovy:96)
	at com.wecomplete.keywords.TestBase.invokeMethod(TestBase.groovy)
	at com.kms.katalon.core.main.CustomKeywordDelegatingMetaClass.invokeStaticMethod(CustomKeywordDelegatingMetaClass.java:50)
	at TC_015_Verify that user can instruct the created quote.run(TC_015_Verify that user can instruct the created quote:19)
	at com.kms.katalon.core.main.ScriptEngine.run(ScriptEngine.java:194)
	at com.kms.katalon.core.main.ScriptEngine.runScriptAsRawText(ScriptEngine.java:119)
	at com.kms.katalon.core.main.TestCaseExecutor.runScript(TestCaseExecutor.java:337)
	at com.kms.katalon.core.main.TestCaseExecutor.doExecute(TestCaseExecutor.java:328)
	at com.kms.katalon.core.main.TestCaseExecutor.processExecutionPhase(TestCaseExecutor.java:307)
	at com.kms.katalon.core.main.TestCaseExecutor.accessMainPhase(TestCaseExecutor.java:299)
	at com.kms.katalon.core.main.TestCaseExecutor.execute(TestCaseExecutor.java:233)
	at com.kms.katalon.core.main.TestSuiteExecutor.accessTestCaseMainPhase(TestSuiteExecutor.java:169)
	at com.kms.katalon.core.main.TestSuiteExecutor.accessTestSuiteMainPhase(TestSuiteExecutor.java:142)
	at com.kms.katalon.core.main.TestSuiteExecutor.execute(TestSuiteExecutor.java:91)
	at com.kms.katalon.core.main.TestCaseMain.startTestSuite(TestCaseMain.java:157)
	at com.kms.katalon.core.main.TestCaseMain$startTestSuite$0.call(Unknown Source)
	at TempTestSuite1616730151766.run(TempTestSuite1616730151766.groovy:36)]]></system-err>
      </testcase>
      <testcase name="Test Cases/Sanity_Test/TC_016_Verify that User can view created quote on dashboard" time="43.656" classname="Test Cases/Sanity_Test/TC_016_Verify that User can view created quote on dashboard" status="PASSED">
         <system-out><![CDATA[2021-03-26 09:18:06 - [TEST_CASE][PASSED] - Test Cases/Sanity_Test/TC_016_Verify that User can view created quote on dashboard: Test Cases/Sanity_Test/TC_016_Verify that User can view created quote on dashboard

2021-03-26 09:18:06 - [TEST_STEP][PASSED] - Start listener action : sampleBeforeTestCase: null

2021-03-26 09:18:06 - [TEST_STEP][PASSED] - println(testCaseContext.getTestCaseId()): null

2021-03-26 09:18:06 - [TEST_STEP][PASSED] - println(testCaseContext.getTestCaseVariables()): null

2021-03-26 09:18:07 - [TEST_STEP][PASSED] - callTestCase(findTestCase("common_test _cases/login_Page"), ["headerDashboard":headerDashboard, "loginId":User1, "Password":Password, "baseEAUrl":baseEAUrl], CONTINUE_ON_FAILURE): Call Test Case 'Test Cases/common_test _cases/login_Page' successfully

2021-03-26 09:18:07 - [TEST_CASE][PASSED] - Test Cases/common_test _cases/login_Page: Test Cases/common_test _cases/login_Page

2021-03-26 09:18:07 - [TEST_STEP][PASSED] - navigateToUrl(baseEAUrl + "/ph", STOP_ON_FAILURE): Navigate to 'https://imovehome.icompleteonline.co.uk/ph' successfully

2021-03-26 09:18:12 - [MESSAGE][PASSED] - Navigate to 'https://imovehome.icompleteonline.co.uk/ph' successfully

2021-03-26 09:18:12 - [TEST_STEP][PASSED] - com.wecomplete.keywords.TestBase.isElementPresent(findTestObject("Object Repository/login_Page/tab_login"), shortTime): Element has been present

2021-03-26 09:18:14 - [MESSAGE][PASSED] - Element has been present

2021-03-26 09:18:14 - [TEST_STEP][PASSED] - com.wecomplete.keywords.TestBase.isElementPresent(findTestObject("Object Repository/login_Page/header_login"), shortTime): Element has been present

2021-03-26 09:18:15 - [MESSAGE][PASSED] - Element has been present

2021-03-26 09:18:15 - [TEST_STEP][PASSED] - com.wecomplete.keywords.TestBase.sendkeyElement(findTestObject("Object Repository/login_Page/input_login_id"), loginId): Sendkey value has been send

2021-03-26 09:18:19 - [MESSAGE][PASSED] - Element has been cleared

2021-03-26 09:18:22 - [MESSAGE][PASSED] - Sendkey value has been send

2021-03-26 09:18:22 - [TEST_STEP][PASSED] - com.wecomplete.keywords.TestBase.sendkeyElement(findTestObject("Object Repository/login_Page/input_Password"), Password): Sendkey value has been send

2021-03-26 09:18:25 - [MESSAGE][PASSED] - Element has been cleared

2021-03-26 09:18:28 - [MESSAGE][PASSED] - Sendkey value has been send

2021-03-26 09:18:28 - [TEST_STEP][PASSED] - click(findTestObject("login_Page/btn_login")): Object: 'Object Repository/login_Page/btn_login' is clicked on

2021-03-26 09:18:32 - [MESSAGE][PASSED] - Object: 'Object Repository/login_Page/btn_login' is clicked on

2021-03-26 09:18:32 - [TEST_STEP][PASSED] - delay(7): Delayed 7 second(s)

2021-03-26 09:18:39 - [MESSAGE][PASSED] - Delayed 7 second(s)

2021-03-26 09:18:39 - [TEST_STEP][PASSED] - com.wecomplete.keywords.TestBase.getText(findTestObject("Dashborad/header_Dashboard"), headerDashboard): Verifed actule & expected data

2021-03-26 09:18:41 - [MESSAGE][INFO] - Get actule text

2021-03-26 09:18:41 - [MESSAGE][PASSED] - Verifed actule & expected data

2021-03-26 09:18:41 - [MESSAGE][PASSED] - Call Test Case 'Test Cases/common_test _cases/login_Page' successfully

2021-03-26 09:18:41 - [TEST_STEP][PASSED] - waitForPageLoad(longTime): Wait for page load successfully

2021-03-26 09:18:41 - [MESSAGE][PASSED] - Wait for page load successfully

2021-03-26 09:18:41 - [TEST_STEP][PASSED] - if (verifyElementPresent(findTestObject("Object Repository/Dashborad/hedaer_Your Recent Propertie"), shortTime) == true): null

2021-03-26 09:18:42 - [MESSAGE][PASSED] - Object 'Object Repository/Dashborad/hedaer_Your Recent Propertie' is present

2021-03-26 09:18:42 - [TEST_STEP][PASSED] - com.wecomplete.keywords.TestBase.isElementPresent(findTestObject("Object Repository/Dashborad/hedaer_Your Recent Propertie"), shortTime): Element has been present

2021-03-26 09:18:42 - [MESSAGE][PASSED] - Element has been present

2021-03-26 09:18:42 - [TEST_STEP][PASSED] - if (verifyElementPresent(findTestObject("Object Repository/Dashborad/tab_Quotes Accepted"), shortTime) == true): null

2021-03-26 09:18:43 - [MESSAGE][PASSED] - Object 'Object Repository/Dashborad/tab_Quotes Accepted' is present

2021-03-26 09:18:43 - [TEST_STEP][PASSED] - delay(5): Delayed 5 second(s)

2021-03-26 09:18:48 - [MESSAGE][PASSED] - Delayed 5 second(s)

2021-03-26 09:18:48 - [TEST_STEP][PASSED] - com.wecomplete.keywords.TestBase.clickUsingJS(findTestObject("Object Repository/Dashborad/tab_Quotes Accepted"), shortTime): Element has been clicked

2021-03-26 09:18:48 - [MESSAGE][INFO] - Clicking element

2021-03-26 09:18:48 - [MESSAGE][PASSED] - Element has been clicked

2021-03-26 09:18:48 - [TEST_STEP][PASSED] - Start listener action : sampleAfterTestCase: null

2021-03-26 09:18:48 - [TEST_STEP][PASSED] - println(testCaseContext.getTestCaseId()): null

2021-03-26 09:18:48 - [TEST_STEP][PASSED] - println(testCaseContext.getTestCaseStatus()): null

2021-03-26 09:18:50 - [TEST_STEP][PASSED] - Video: Video recording for test case 'Test Cases/Sanity_Test/TC_016_Verify that User can view created quote on dashboard' .

2021-03-26 09:18:50 - [MESSAGE][INFO] - Video recording for test case 'Test Cases/Sanity_Test/TC_016_Verify that User can view created quote on dashboard' .
[[ATTACHMENT|C:\\Users\\pritig\\Downloads\\WeComplete\\Reports\\20210326_091231\\Sanity Test\\20210326_091231/videos\\test_16.avi]]]]></system-out>
         <system-err><![CDATA[]]></system-err>
      </testcase>
      <testcase name="Test Cases/Sanity_Test/TC_017_Verify that user can update Property details" time="74.527" classname="Test Cases/Sanity_Test/TC_017_Verify that user can update Property details" status="PASSED">
         <system-out><![CDATA[2021-03-26 09:18:50 - [TEST_CASE][PASSED] - Test Cases/Sanity_Test/TC_017_Verify that user can update Property details: Test Cases/Sanity_Test/TC_017_Verify that user can update Property details

2021-03-26 09:18:50 - [TEST_STEP][PASSED] - Start listener action : sampleBeforeTestCase: null

2021-03-26 09:18:50 - [TEST_STEP][PASSED] - println(testCaseContext.getTestCaseId()): null

2021-03-26 09:18:50 - [TEST_STEP][PASSED] - println(testCaseContext.getTestCaseVariables()): null

2021-03-26 09:18:50 - [TEST_STEP][PASSED] - if (verifyElementPresent(findTestObject("Dashborad/get_first_Quote_on_tab"), shortTime) == true): null

2021-03-26 09:18:53 - [MESSAGE][PASSED] - Object 'Object Repository/Dashborad/get_first_Quote_on_tab' is present

2021-03-26 09:18:53 - [TEST_STEP][PASSED] - com.wecomplete.keywords.TestBase.clickUsingJS(findTestObject("Dashborad/get_first_Quote_on_tab"), shortTime): Element has been clicked

2021-03-26 09:18:53 - [MESSAGE][INFO] - Clicking element

2021-03-26 09:18:53 - [MESSAGE][PASSED] - Element has been clicked

2021-03-26 09:18:53 - [TEST_STEP][PASSED] - if (verifyElementPresent(findTestObject("Object Repository/Deal Status/Deal Status_Page"), shortTime) == true): null

2021-03-26 09:19:08 - [MESSAGE][PASSED] - Object 'Object Repository/Deal Status/Deal Status_Page' is present

2021-03-26 09:19:08 - [TEST_STEP][PASSED] - com.wecomplete.keywords.TestBase.clickUsingJS(findTestObject("Object Repository/Deal Status/Property Details Section/btn_edit"), shortTime): Element has been clicked

2021-03-26 09:19:08 - [MESSAGE][INFO] - Clicking element

2021-03-26 09:19:08 - [MESSAGE][PASSED] - Element has been clicked

2021-03-26 09:19:08 - [TEST_STEP][PASSED] - com.wecomplete.keywords.TestBase.isElementPresent(findTestObject("Object Repository/Deal Status/Property Details Section/header_Propert Details"), shortTime): Element has been present

2021-03-26 09:19:09 - [MESSAGE][PASSED] - Element has been present

2021-03-26 09:19:09 - [TEST_STEP][PASSED] - com.wecomplete.keywords.TestBase.sendkeyElement(findTestObject("Object Repository/Deal Status/Property Details Section/input_Price"), buyPrice): Sendkey value has been send

2021-03-26 09:19:13 - [MESSAGE][PASSED] - Element has been cleared

2021-03-26 09:19:16 - [MESSAGE][PASSED] - Sendkey value has been send

2021-03-26 09:19:16 - [TEST_STEP][PASSED] - com.wecomplete.keywords.TestBase.sendkeyElement(findTestObject("Object Repository/Deal Status/Property Details Section/input_UPRN"), uprn): Sendkey value has been send

2021-03-26 09:19:20 - [MESSAGE][PASSED] - Element has been cleared

2021-03-26 09:19:23 - [MESSAGE][PASSED] - Sendkey value has been send

2021-03-26 09:19:23 - [TEST_STEP][PASSED] - com.wecomplete.keywords.TestBase.sendkeyElement(findTestObject("Object Repository/Deal Status/Property Details Section/input_title number"), titleNumber): Sendkey value has been send

2021-03-26 09:19:26 - [MESSAGE][PASSED] - Element has been cleared

2021-03-26 09:19:29 - [MESSAGE][PASSED] - Sendkey value has been send

2021-03-26 09:19:29 - [TEST_STEP][PASSED] - com.wecomplete.keywords.TestBase.sendkeyElement(findTestObject("Object Repository/Deal Status/Property Details Section/input_Local Authority"), localAuthority): Sendkey value has been send

2021-03-26 09:19:33 - [MESSAGE][PASSED] - Element has been cleared

2021-03-26 09:19:36 - [MESSAGE][PASSED] - Sendkey value has been send

2021-03-26 09:19:36 - [TEST_STEP][PASSED] - com.wecomplete.keywords.TestBase.sendkeyElement(findTestObject("Object Repository/Deal Status/Property Details Section/input_Flood Risk"), floodRisk): Sendkey value has been send

2021-03-26 09:19:40 - [MESSAGE][PASSED] - Element has been cleared

2021-03-26 09:19:43 - [MESSAGE][PASSED] - Sendkey value has been send

2021-03-26 09:19:43 - [TEST_STEP][PASSED] - com.wecomplete.keywords.TestBase.sendkeyElement(findTestObject("Object Repository/Deal Status/Property Details Section/input_Plot Size"), plotSize): Sendkey value has been send

2021-03-26 09:19:47 - [MESSAGE][PASSED] - Element has been cleared

2021-03-26 09:19:50 - [MESSAGE][PASSED] - Sendkey value has been send

2021-03-26 09:19:50 - [TEST_STEP][PASSED] - com.wecomplete.keywords.TestBase.sendkeyElement(findTestObject("Object Repository/Deal Status/Property Details Section/input_Summary"), summary): Sendkey value has been send

2021-03-26 09:19:53 - [MESSAGE][PASSED] - Element has been cleared

2021-03-26 09:19:56 - [MESSAGE][PASSED] - Sendkey value has been send

2021-03-26 09:19:56 - [TEST_STEP][PASSED] - com.wecomplete.keywords.TestBase.clickUsingJS(findTestObject("Object Repository/Deal Status/Property Details Section/btn_Update"), shortTime): Element has been clicked

2021-03-26 09:19:57 - [MESSAGE][INFO] - Clicking element

2021-03-26 09:19:57 - [MESSAGE][PASSED] - Element has been clicked

2021-03-26 09:19:57 - [TEST_STEP][PASSED] - com.wecomplete.keywords.TestBase.isElementPresent(findTestObject("Object Repository/Deal Status/Property Details Section/alert_message"), shortTime): Element has been present

2021-03-26 09:20:01 - [MESSAGE][PASSED] - Element has been present

2021-03-26 09:20:01 - [TEST_STEP][PASSED] - com.wecomplete.keywords.TestBase.clickUsingJS(findTestObject("Deal Status/Property Details Section/btn_Ok"), shortTime): Element has been clicked

2021-03-26 09:20:02 - [MESSAGE][INFO] - Clicking element

2021-03-26 09:20:02 - [MESSAGE][PASSED] - Element has been clicked

2021-03-26 09:20:02 - [TEST_STEP][PASSED] - com.wecomplete.keywords.TestBase.isElementPresent(findTestObject("Object Repository/Deal Status/Deal Status_Page"), shortTime): Element has been present

2021-03-26 09:20:03 - [MESSAGE][PASSED] - Element has been present

2021-03-26 09:20:03 - [TEST_STEP][PASSED] - Start listener action : sampleAfterTestCase: null

2021-03-26 09:20:03 - [TEST_STEP][PASSED] - println(testCaseContext.getTestCaseId()): null

2021-03-26 09:20:03 - [TEST_STEP][PASSED] - println(testCaseContext.getTestCaseStatus()): null

2021-03-26 09:20:05 - [TEST_STEP][PASSED] - Video: Video recording for test case 'Test Cases/Sanity_Test/TC_017_Verify that user can update Property details' .

2021-03-26 09:20:05 - [MESSAGE][INFO] - Video recording for test case 'Test Cases/Sanity_Test/TC_017_Verify that user can update Property details' .
[[ATTACHMENT|C:\\Users\\pritig\\Downloads\\WeComplete\\Reports\\20210326_091231\\Sanity Test\\20210326_091231/videos\\test_17.avi]]]]></system-out>
         <system-err><![CDATA[]]></system-err>
      </testcase>
      <testcase name="Test Cases/Sanity_Test/TC_018_To check updated property details" time="6.595" classname="Test Cases/Sanity_Test/TC_018_To check updated property details" status="PASSED">
         <system-out><![CDATA[2021-03-26 09:20:05 - [TEST_CASE][PASSED] - Test Cases/Sanity_Test/TC_018_To check updated property details: Test Cases/Sanity_Test/TC_018_To check updated property details

2021-03-26 09:20:05 - [TEST_STEP][PASSED] - Start listener action : sampleBeforeTestCase: null

2021-03-26 09:20:05 - [TEST_STEP][PASSED] - println(testCaseContext.getTestCaseId()): null

2021-03-26 09:20:05 - [TEST_STEP][PASSED] - println(testCaseContext.getTestCaseVariables()): null

2021-03-26 09:20:05 - [TEST_STEP][PASSED] - com.wecomplete.keywords.TestBase.getText(findTestObject("Object Repository/Deal Status/Property Details Section/get_Agreed_Price"), buyPrice): Verifed actule & expected data

2021-03-26 09:20:05 - [MESSAGE][INFO] - Get actule text

2021-03-26 09:20:05 - [MESSAGE][PASSED] - Verifed actule & expected data

2021-03-26 09:20:05 - [TEST_STEP][PASSED] - com.wecomplete.keywords.TestBase.getText(findTestObject("Object Repository/Deal Status/Property Details Section/get_Title Number"), titleNumber): Verifed actule & expected data

2021-03-26 09:20:06 - [MESSAGE][INFO] - Get actule text

2021-03-26 09:20:06 - [MESSAGE][PASSED] - Verifed actule & expected data

2021-03-26 09:20:06 - [TEST_STEP][PASSED] - com.wecomplete.keywords.TestBase.getText(findTestObject("Object Repository/Deal Status/Property Details Section/get_UPRN"), uprn): Verifed actule & expected data

2021-03-26 09:20:07 - [MESSAGE][INFO] - Get actule text

2021-03-26 09:20:07 - [MESSAGE][PASSED] - Verifed actule & expected data

2021-03-26 09:20:07 - [TEST_STEP][PASSED] - com.wecomplete.keywords.TestBase.getText(findTestObject("Object Repository/Deal Status/Property Details Section/get_Local Authority"), localAuthority): Verifed actule & expected data

2021-03-26 09:20:07 - [MESSAGE][INFO] - Get actule text

2021-03-26 09:20:07 - [MESSAGE][PASSED] - Verifed actule & expected data

2021-03-26 09:20:07 - [TEST_STEP][PASSED] - com.wecomplete.keywords.TestBase.getText(findTestObject("Object Repository/Deal Status/Property Details Section/get_Flood Risk"), floodRisk): Verifed actule & expected data

2021-03-26 09:20:08 - [MESSAGE][INFO] - Get actule text

2021-03-26 09:20:08 - [MESSAGE][PASSED] - Verifed actule & expected data

2021-03-26 09:20:08 - [TEST_STEP][PASSED] - com.wecomplete.keywords.TestBase.getText(findTestObject("Object Repository/Deal Status/Property Details Section/get_Plot Size"), plotSize): Verifed actule & expected data

2021-03-26 09:20:09 - [MESSAGE][INFO] - Get actule text

2021-03-26 09:20:09 - [MESSAGE][PASSED] - Verifed actule & expected data

2021-03-26 09:20:09 - [TEST_STEP][PASSED] - com.wecomplete.keywords.TestBase.getText(findTestObject("Object Repository/Deal Status/Property Details Section/get_Summary"), summary): Verifed actule & expected data

2021-03-26 09:20:09 - [MESSAGE][INFO] - Get actule text

2021-03-26 09:20:09 - [MESSAGE][PASSED] - Verifed actule & expected data

2021-03-26 09:20:09 - [TEST_STEP][PASSED] - Start listener action : sampleAfterTestCase: null

2021-03-26 09:20:09 - [TEST_STEP][PASSED] - println(testCaseContext.getTestCaseId()): null

2021-03-26 09:20:09 - [TEST_STEP][PASSED] - println(testCaseContext.getTestCaseStatus()): null

2021-03-26 09:20:11 - [TEST_STEP][PASSED] - Video: Video recording for test case 'Test Cases/Sanity_Test/TC_018_To check updated property details' .

2021-03-26 09:20:11 - [MESSAGE][INFO] - Video recording for test case 'Test Cases/Sanity_Test/TC_018_To check updated property details' .
[[ATTACHMENT|C:\\Users\\pritig\\Downloads\\WeComplete\\Reports\\20210326_091231\\Sanity Test\\20210326_091231/videos\\test_18.avi]]]]></system-out>
         <system-err><![CDATA[]]></system-err>
      </testcase>
      <testcase name="Test Cases/Sanity_Test/TC_020_Verify that create Channels functionality" time="17.089" classname="Test Cases/Sanity_Test/TC_020_Verify that create Channels functionality" status="ERROR">
         <error type="ERROR" message="Test Cases/Sanity_Test/TC_020_Verify that create Channels functionality FAILED.
Reason:
org.codehaus.groovy.runtime.InvokerInvocationException: java.lang.AssertionError: Web element with id: 'Object Repository/Deal Status/Message_Section/Channels/select_member' located by 'By.xpath: //*[@id=&quot;scroll_files&quot;]/div[3]/div/div[1]/label/span[1]' not found
	at com.wecomplete.keywords.TestBase.invokeMethod(TestBase.groovy)
	at com.kms.katalon.core.main.CustomKeywordDelegatingMetaClass.invokeStaticMethod(CustomKeywordDelegatingMetaClass.java:50)
	at TC_020_Verify that create Channels functionality.run(TC_020_Verify that create Channels functionality:30)
	at com.kms.katalon.core.main.ScriptEngine.run(ScriptEngine.java:194)
	at com.kms.katalon.core.main.ScriptEngine.runScriptAsRawText(ScriptEngine.java:119)
	at com.kms.katalon.core.main.TestCaseExecutor.runScript(TestCaseExecutor.java:337)
	at com.kms.katalon.core.main.TestCaseExecutor.doExecute(TestCaseExecutor.java:328)
	at com.kms.katalon.core.main.TestCaseExecutor.processExecutionPhase(TestCaseExecutor.java:307)
	at com.kms.katalon.core.main.TestCaseExecutor.accessMainPhase(TestCaseExecutor.java:299)
	at com.kms.katalon.core.main.TestCaseExecutor.execute(TestCaseExecutor.java:233)
	at com.kms.katalon.core.main.TestSuiteExecutor.accessTestCaseMainPhase(TestSuiteExecutor.java:169)
	at com.kms.katalon.core.main.TestSuiteExecutor.accessTestSuiteMainPhase(TestSuiteExecutor.java:142)
	at com.kms.katalon.core.main.TestSuiteExecutor.execute(TestSuiteExecutor.java:91)
	at com.kms.katalon.core.main.TestCaseMain.startTestSuite(TestCaseMain.java:157)
	at com.kms.katalon.core.main.TestCaseMain$startTestSuite$0.call(Unknown Source)
	at TempTestSuite1616730151766.run(TempTestSuite1616730151766.groovy:36)
Caused by: java.lang.AssertionError: Web element with id: 'Object Repository/Deal Status/Message_Section/Channels/select_member' located by 'By.xpath: //*[@id=&quot;scroll_files&quot;]/div[3]/div/div[1]/label/span[1]' not found
	at org.testng.Assert.fail(Assert.java:93)
	at org.testng.Assert$fail$0.call(Unknown Source)
	at com.wecomplete.keywords.TestBase.clickUsingJS(TestBase.groovy:69)
	... 16 more
"/>
         <system-out><![CDATA[2021-03-26 09:20:11 - [TEST_CASE][ERROR] - Test Cases/Sanity_Test/TC_020_Verify that create Channels functionality: Test Cases/Sanity_Test/TC_020_Verify that create Channels functionality FAILED.
Reason:
org.codehaus.groovy.runtime.InvokerInvocationException: java.lang.AssertionError: Web element with id: 'Object Repository/Deal Status/Message_Section/Channels/select_member' located by 'By.xpath: //*[@id="scroll_files"]/div[3]/div/div[1]/label/span[1]' not found
	at com.wecomplete.keywords.TestBase.invokeMethod(TestBase.groovy)
	at com.kms.katalon.core.main.CustomKeywordDelegatingMetaClass.invokeStaticMethod(CustomKeywordDelegatingMetaClass.java:50)
	at TC_020_Verify that create Channels functionality.run(TC_020_Verify that create Channels functionality:30)
	at com.kms.katalon.core.main.ScriptEngine.run(ScriptEngine.java:194)
	at com.kms.katalon.core.main.ScriptEngine.runScriptAsRawText(ScriptEngine.java:119)
	at com.kms.katalon.core.main.TestCaseExecutor.runScript(TestCaseExecutor.java:337)
	at com.kms.katalon.core.main.TestCaseExecutor.doExecute(TestCaseExecutor.java:328)
	at com.kms.katalon.core.main.TestCaseExecutor.processExecutionPhase(TestCaseExecutor.java:307)
	at com.kms.katalon.core.main.TestCaseExecutor.accessMainPhase(TestCaseExecutor.java:299)
	at com.kms.katalon.core.main.TestCaseExecutor.execute(TestCaseExecutor.java:233)
	at com.kms.katalon.core.main.TestSuiteExecutor.accessTestCaseMainPhase(TestSuiteExecutor.java:169)
	at com.kms.katalon.core.main.TestSuiteExecutor.accessTestSuiteMainPhase(TestSuiteExecutor.java:142)
	at com.kms.katalon.core.main.TestSuiteExecutor.execute(TestSuiteExecutor.java:91)
	at com.kms.katalon.core.main.TestCaseMain.startTestSuite(TestCaseMain.java:157)
	at com.kms.katalon.core.main.TestCaseMain$startTestSuite$0.call(Unknown Source)
	at TempTestSuite1616730151766.run(TempTestSuite1616730151766.groovy:36)
Caused by: java.lang.AssertionError: Web element with id: 'Object Repository/Deal Status/Message_Section/Channels/select_member' located by 'By.xpath: //*[@id="scroll_files"]/div[3]/div/div[1]/label/span[1]' not found
	at org.testng.Assert.fail(Assert.java:93)
	at org.testng.Assert$fail$0.call(Unknown Source)
	at com.wecomplete.keywords.TestBase.clickUsingJS(TestBase.groovy:69)
	... 16 more


2021-03-26 09:20:11 - [TEST_STEP][PASSED] - Start listener action : sampleBeforeTestCase: null

2021-03-26 09:20:11 - [TEST_STEP][PASSED] - println(testCaseContext.getTestCaseId()): null

2021-03-26 09:20:11 - [TEST_STEP][PASSED] - println(testCaseContext.getTestCaseVariables()): null

2021-03-26 09:20:11 - [TEST_STEP][PASSED] - com.wecomplete.keywords.TestBase.clickUsingJS(findTestObject("Deal Status/Message_Section/Channels/btn_Create_channel"), shortTime): Element has been clicked

2021-03-26 09:20:12 - [MESSAGE][INFO] - Clicking element

2021-03-26 09:20:12 - [MESSAGE][PASSED] - Element has been clicked

2021-03-26 09:20:12 - [TEST_STEP][PASSED] - if (com.wecomplete.keywords.TestBase.isElementPresent(findTestObject("Object Repository/Deal Status/Message_Section/Channels/title_Create_channel"), shortTime) == true): null

2021-03-26 09:20:12 - [MESSAGE][PASSED] - Element has been present

2021-03-26 09:20:12 - [TEST_STEP][PASSED] - com.wecomplete.keywords.TestBase.sendkeyElement(findTestObject("Object Repository/Deal Status/Message_Section/Channels/input_channelName"), channelName): Sendkey value has been send

2021-03-26 09:20:16 - [MESSAGE][PASSED] - Element has been cleared

2021-03-26 09:20:19 - [MESSAGE][PASSED] - Sendkey value has been send

2021-03-26 09:20:19 - [TEST_STEP][FAILED] - com.wecomplete.keywords.TestBase.clickUsingJS(findTestObject("Object Repository/Deal Status/Message_Section/Channels/select_member"), shortTime): java.lang.AssertionError: Web element with id: 'Object Repository/Deal Status/Message_Section/Channels/select_member' located by 'By.xpath: //*[@id="scroll_files"]/div[3]/div/div[1]/label/span[1]' not found

2021-03-26 09:20:26 - [MESSAGE][INFO] - Unable to find the element located by 'By.xpath: //*[@id="scroll_files"]/div[3]/div/div[1]/label/span[1]'. Please recheck the objects properties to make sure the desired element is located. 

2021-03-26 09:20:26 - [MESSAGE][FAILED] - java.lang.AssertionError: Web element with id: 'Object Repository/Deal Status/Message_Section/Channels/select_member' located by 'By.xpath: //*[@id="scroll_files"]/div[3]/div/div[1]/label/span[1]' not found

2021-03-26 09:20:26 - [TEST_STEP][PASSED] - Start listener action : sampleAfterTestCase: null

2021-03-26 09:20:26 - [TEST_STEP][PASSED] - println(testCaseContext.getTestCaseId()): null

2021-03-26 09:20:26 - [TEST_STEP][PASSED] - println(testCaseContext.getTestCaseStatus()): null

2021-03-26 09:20:28 - [TEST_STEP][PASSED] - Video: Video recording for test case 'Test Cases/Sanity_Test/TC_020_Verify that create Channels functionality' .

2021-03-26 09:20:28 - [MESSAGE][INFO] - Video recording for test case 'Test Cases/Sanity_Test/TC_020_Verify that create Channels functionality' .
[[ATTACHMENT|C:\\Users\\pritig\\Downloads\\WeComplete\\Reports\\20210326_091231\\Sanity Test\\20210326_091231/videos\\test_19.avi]]]]></system-out>
         <system-err><![CDATA[2021-03-26 09:20:11 - [TEST_CASE][ERROR] - Test Cases/Sanity_Test/TC_020_Verify that create Channels functionality: Test Cases/Sanity_Test/TC_020_Verify that create Channels functionality FAILED.
Reason:
org.codehaus.groovy.runtime.InvokerInvocationException: java.lang.AssertionError: Web element with id: 'Object Repository/Deal Status/Message_Section/Channels/select_member' located by 'By.xpath: //*[@id="scroll_files"]/div[3]/div/div[1]/label/span[1]' not found
	at com.wecomplete.keywords.TestBase.invokeMethod(TestBase.groovy)
	at com.kms.katalon.core.main.CustomKeywordDelegatingMetaClass.invokeStaticMethod(CustomKeywordDelegatingMetaClass.java:50)
	at TC_020_Verify that create Channels functionality.run(TC_020_Verify that create Channels functionality:30)
	at com.kms.katalon.core.main.ScriptEngine.run(ScriptEngine.java:194)
	at com.kms.katalon.core.main.ScriptEngine.runScriptAsRawText(ScriptEngine.java:119)
	at com.kms.katalon.core.main.TestCaseExecutor.runScript(TestCaseExecutor.java:337)
	at com.kms.katalon.core.main.TestCaseExecutor.doExecute(TestCaseExecutor.java:328)
	at com.kms.katalon.core.main.TestCaseExecutor.processExecutionPhase(TestCaseExecutor.java:307)
	at com.kms.katalon.core.main.TestCaseExecutor.accessMainPhase(TestCaseExecutor.java:299)
	at com.kms.katalon.core.main.TestCaseExecutor.execute(TestCaseExecutor.java:233)
	at com.kms.katalon.core.main.TestSuiteExecutor.accessTestCaseMainPhase(TestSuiteExecutor.java:169)
	at com.kms.katalon.core.main.TestSuiteExecutor.accessTestSuiteMainPhase(TestSuiteExecutor.java:142)
	at com.kms.katalon.core.main.TestSuiteExecutor.execute(TestSuiteExecutor.java:91)
	at com.kms.katalon.core.main.TestCaseMain.startTestSuite(TestCaseMain.java:157)
	at com.kms.katalon.core.main.TestCaseMain$startTestSuite$0.call(Unknown Source)
	at TempTestSuite1616730151766.run(TempTestSuite1616730151766.groovy:36)
Caused by: java.lang.AssertionError: Web element with id: 'Object Repository/Deal Status/Message_Section/Channels/select_member' located by 'By.xpath: //*[@id="scroll_files"]/div[3]/div/div[1]/label/span[1]' not found
	at org.testng.Assert.fail(Assert.java:93)
	at org.testng.Assert$fail$0.call(Unknown Source)
	at com.wecomplete.keywords.TestBase.clickUsingJS(TestBase.groovy:69)
	... 16 more]]></system-err>
      </testcase>
      <testcase name="Test Cases/Sanity_Test/TC_019_Verify that user can view Message Section" time="6.38" classname="Test Cases/Sanity_Test/TC_019_Verify that user can view Message Section" status="PASSED">
         <system-out><![CDATA[2021-03-26 09:20:28 - [TEST_CASE][PASSED] - Test Cases/Sanity_Test/TC_019_Verify that user can view Message Section: Test Cases/Sanity_Test/TC_019_Verify that user can view Message Section

2021-03-26 09:20:28 - [TEST_STEP][PASSED] - Start listener action : sampleBeforeTestCase: null

2021-03-26 09:20:28 - [TEST_STEP][PASSED] - println(testCaseContext.getTestCaseId()): null

2021-03-26 09:20:28 - [TEST_STEP][PASSED] - println(testCaseContext.getTestCaseVariables()): null

2021-03-26 09:20:28 - [TEST_STEP][PASSED] - if (verifyElementPresent(findTestObject("Deal Status/Message_Section/tab_Messages"), shortTime) == true): null

2021-03-26 09:20:29 - [MESSAGE][PASSED] - Object 'Object Repository/Deal Status/Message_Section/tab_Messages' is present

2021-03-26 09:20:29 - [TEST_STEP][PASSED] - com.wecomplete.keywords.TestBase.isElementPresent(findTestObject("Object Repository/Deal Status/Message_Section/tab_Channels"), shortTime): Element has been present

2021-03-26 09:20:29 - [MESSAGE][PASSED] - Element has been present

2021-03-26 09:20:29 - [TEST_STEP][PASSED] - scrollToElement(findTestObject("Object Repository/Deal Status/Message_Section/tab_Channels"), shortTime): Scroll to object 'Object Repository/Deal Status/Message_Section/tab_Channels' successfully

2021-03-26 09:20:30 - [MESSAGE][PASSED] - Scroll to object 'Object Repository/Deal Status/Message_Section/tab_Channels' successfully

2021-03-26 09:20:30 - [TEST_STEP][PASSED] - com.wecomplete.keywords.TestBase.isElementPresent(findTestObject("Deal Status/Message_Section/Direct Messages section/tab_Direct Messages"), shortTime): Element has been present

2021-03-26 09:20:30 - [MESSAGE][PASSED] - Element has been present

2021-03-26 09:20:30 - [TEST_STEP][PASSED] - com.wecomplete.keywords.TestBase.isElementPresent(findTestObject("Deal Status/Message_Section/External_Contact _Section/tab_External Contacts"), shortTime): Element has been present

2021-03-26 09:20:31 - [MESSAGE][PASSED] - Element has been present

2021-03-26 09:20:31 - [TEST_STEP][PASSED] - com.wecomplete.keywords.TestBase.isElementPresent(findTestObject("Object Repository/Deal Status/Message_Section/tab_Pending Invitations"), shortTime): Element has been present

2021-03-26 09:20:31 - [MESSAGE][PASSED] - Element has been present

2021-03-26 09:20:31 - [TEST_STEP][PASSED] - com.wecomplete.keywords.TestBase.isElementPresent(findTestObject("Object Repository/Deal Status/Message_Section/tab_Archives"), shortTime): Element has been present

2021-03-26 09:20:32 - [MESSAGE][PASSED] - Element has been present

2021-03-26 09:20:32 - [TEST_STEP][PASSED] - com.wecomplete.keywords.TestBase.isElementPresent(findTestObject("Deal Status/Message_Section/Invite_Section/tab_Invite People"), shortTime): Element has been present

2021-03-26 09:20:33 - [MESSAGE][PASSED] - Element has been present

2021-03-26 09:20:33 - [TEST_STEP][PASSED] - Start listener action : sampleAfterTestCase: null

2021-03-26 09:20:33 - [TEST_STEP][PASSED] - println(testCaseContext.getTestCaseId()): null

2021-03-26 09:20:33 - [TEST_STEP][PASSED] - println(testCaseContext.getTestCaseStatus()): null

2021-03-26 09:20:35 - [TEST_STEP][PASSED] - Video: Video recording for test case 'Test Cases/Sanity_Test/TC_019_Verify that user can view Message Section' .

2021-03-26 09:20:35 - [MESSAGE][INFO] - Video recording for test case 'Test Cases/Sanity_Test/TC_019_Verify that user can view Message Section' .
[[ATTACHMENT|C:\\Users\\pritig\\Downloads\\WeComplete\\Reports\\20210326_091231\\Sanity Test\\20210326_091231/videos\\test_20.avi]]]]></system-out>
         <system-err><![CDATA[]]></system-err>
      </testcase>
      <testcase name="Test Cases/Sanity_Test/TC_021_Message send functionlity on channel" time="9.345" classname="Test Cases/Sanity_Test/TC_021_Message send functionlity on channel" status="FAILED">
         <failure type="FAILED" message="Test Cases/Sanity_Test/TC_021_Message send functionlity on channel FAILED.
Reason:
com.kms.katalon.core.exception.StepFailedException: Element is not present
	at com.kms.katalon.core.util.KeywordUtil.markFailed(KeywordUtil.java:19)
	at com.kms.katalon.core.util.KeywordUtil$markFailed$1.call(Unknown Source)
	at com.wecomplete.keywords.TestBase.isElementPresent(TestBase.groovy:96)
	at com.wecomplete.keywords.TestBase.invokeMethod(TestBase.groovy)
	at com.kms.katalon.core.main.CustomKeywordDelegatingMetaClass.invokeStaticMethod(CustomKeywordDelegatingMetaClass.java:50)
	at TC_021_Message send functionlity on channel.run(TC_021_Message send functionlity on channel:19)
	at com.kms.katalon.core.main.ScriptEngine.run(ScriptEngine.java:194)
	at com.kms.katalon.core.main.ScriptEngine.runScriptAsRawText(ScriptEngine.java:119)
	at com.kms.katalon.core.main.TestCaseExecutor.runScript(TestCaseExecutor.java:337)
	at com.kms.katalon.core.main.TestCaseExecutor.doExecute(TestCaseExecutor.java:328)
	at com.kms.katalon.core.main.TestCaseExecutor.processExecutionPhase(TestCaseExecutor.java:307)
	at com.kms.katalon.core.main.TestCaseExecutor.accessMainPhase(TestCaseExecutor.java:299)
	at com.kms.katalon.core.main.TestCaseExecutor.execute(TestCaseExecutor.java:233)
	at com.kms.katalon.core.main.TestSuiteExecutor.accessTestCaseMainPhase(TestSuiteExecutor.java:169)
	at com.kms.katalon.core.main.TestSuiteExecutor.accessTestSuiteMainPhase(TestSuiteExecutor.java:142)
	at com.kms.katalon.core.main.TestSuiteExecutor.execute(TestSuiteExecutor.java:91)
	at com.kms.katalon.core.main.TestCaseMain.startTestSuite(TestCaseMain.java:157)
	at com.kms.katalon.core.main.TestCaseMain$startTestSuite$0.call(Unknown Source)
	at TempTestSuite1616730151766.run(TempTestSuite1616730151766.groovy:36)
"/>
         <system-out><![CDATA[2021-03-26 09:20:35 - [TEST_CASE][FAILED] - Test Cases/Sanity_Test/TC_021_Message send functionlity on channel: Test Cases/Sanity_Test/TC_021_Message send functionlity on channel FAILED.
Reason:
com.kms.katalon.core.exception.StepFailedException: Element is not present
	at com.kms.katalon.core.util.KeywordUtil.markFailed(KeywordUtil.java:19)
	at com.kms.katalon.core.util.KeywordUtil$markFailed$1.call(Unknown Source)
	at com.wecomplete.keywords.TestBase.isElementPresent(TestBase.groovy:96)
	at com.wecomplete.keywords.TestBase.invokeMethod(TestBase.groovy)
	at com.kms.katalon.core.main.CustomKeywordDelegatingMetaClass.invokeStaticMethod(CustomKeywordDelegatingMetaClass.java:50)
	at TC_021_Message send functionlity on channel.run(TC_021_Message send functionlity on channel:19)
	at com.kms.katalon.core.main.ScriptEngine.run(ScriptEngine.java:194)
	at com.kms.katalon.core.main.ScriptEngine.runScriptAsRawText(ScriptEngine.java:119)
	at com.kms.katalon.core.main.TestCaseExecutor.runScript(TestCaseExecutor.java:337)
	at com.kms.katalon.core.main.TestCaseExecutor.doExecute(TestCaseExecutor.java:328)
	at com.kms.katalon.core.main.TestCaseExecutor.processExecutionPhase(TestCaseExecutor.java:307)
	at com.kms.katalon.core.main.TestCaseExecutor.accessMainPhase(TestCaseExecutor.java:299)
	at com.kms.katalon.core.main.TestCaseExecutor.execute(TestCaseExecutor.java:233)
	at com.kms.katalon.core.main.TestSuiteExecutor.accessTestCaseMainPhase(TestSuiteExecutor.java:169)
	at com.kms.katalon.core.main.TestSuiteExecutor.accessTestSuiteMainPhase(TestSuiteExecutor.java:142)
	at com.kms.katalon.core.main.TestSuiteExecutor.execute(TestSuiteExecutor.java:91)
	at com.kms.katalon.core.main.TestCaseMain.startTestSuite(TestCaseMain.java:157)
	at com.kms.katalon.core.main.TestCaseMain$startTestSuite$0.call(Unknown Source)
	at TempTestSuite1616730151766.run(TempTestSuite1616730151766.groovy:36)


2021-03-26 09:20:35 - [TEST_STEP][PASSED] - Start listener action : sampleBeforeTestCase: null

2021-03-26 09:20:35 - [TEST_STEP][PASSED] - println(testCaseContext.getTestCaseId()): null

2021-03-26 09:20:35 - [TEST_STEP][PASSED] - println(testCaseContext.getTestCaseVariables()): null

2021-03-26 09:20:35 - [TEST_STEP][FAILED] - if (com.wecomplete.keywords.TestBase.isElementPresent(findTestObject("Deal Status/Message_Section/Channels/get_Channel"), shortTime) == true): com.kms.katalon.core.exception.StepFailedException: Element is not present

2021-03-26 09:20:42 - [MESSAGE][INFO] - Unable to find the element located by 'By.xpath: //*[@id="collapseOne"]/div[1]'. Please recheck the objects properties to make sure the desired element is located. 

2021-03-26 09:20:42 - [MESSAGE][FAILED] - Element is not present

2021-03-26 09:20:42 - [MESSAGE][FAILED] - com.kms.katalon.core.exception.StepFailedException: Element is not present

2021-03-26 09:20:42 - [TEST_STEP][PASSED] - else: null

2021-03-26 09:20:42 - [TEST_STEP][PASSED] - println("channel is not present"): null

2021-03-26 09:20:42 - [TEST_STEP][PASSED] - Start listener action : sampleAfterTestCase: null

2021-03-26 09:20:42 - [TEST_STEP][PASSED] - println(testCaseContext.getTestCaseId()): null

2021-03-26 09:20:42 - [TEST_STEP][PASSED] - println(testCaseContext.getTestCaseStatus()): null

2021-03-26 09:20:44 - [TEST_STEP][PASSED] - Video: Video recording for test case 'Test Cases/Sanity_Test/TC_021_Message send functionlity on channel' .

2021-03-26 09:20:44 - [MESSAGE][INFO] - Video recording for test case 'Test Cases/Sanity_Test/TC_021_Message send functionlity on channel' .
[[ATTACHMENT|C:\\Users\\pritig\\Downloads\\WeComplete\\Reports\\20210326_091231\\Sanity Test\\20210326_091231/videos\\test_21.avi]]]]></system-out>
         <system-err><![CDATA[2021-03-26 09:20:35 - [TEST_CASE][FAILED] - Test Cases/Sanity_Test/TC_021_Message send functionlity on channel: Test Cases/Sanity_Test/TC_021_Message send functionlity on channel FAILED.
Reason:
com.kms.katalon.core.exception.StepFailedException: Element is not present
	at com.kms.katalon.core.util.KeywordUtil.markFailed(KeywordUtil.java:19)
	at com.kms.katalon.core.util.KeywordUtil$markFailed$1.call(Unknown Source)
	at com.wecomplete.keywords.TestBase.isElementPresent(TestBase.groovy:96)
	at com.wecomplete.keywords.TestBase.invokeMethod(TestBase.groovy)
	at com.kms.katalon.core.main.CustomKeywordDelegatingMetaClass.invokeStaticMethod(CustomKeywordDelegatingMetaClass.java:50)
	at TC_021_Message send functionlity on channel.run(TC_021_Message send functionlity on channel:19)
	at com.kms.katalon.core.main.ScriptEngine.run(ScriptEngine.java:194)
	at com.kms.katalon.core.main.ScriptEngine.runScriptAsRawText(ScriptEngine.java:119)
	at com.kms.katalon.core.main.TestCaseExecutor.runScript(TestCaseExecutor.java:337)
	at com.kms.katalon.core.main.TestCaseExecutor.doExecute(TestCaseExecutor.java:328)
	at com.kms.katalon.core.main.TestCaseExecutor.processExecutionPhase(TestCaseExecutor.java:307)
	at com.kms.katalon.core.main.TestCaseExecutor.accessMainPhase(TestCaseExecutor.java:299)
	at com.kms.katalon.core.main.TestCaseExecutor.execute(TestCaseExecutor.java:233)
	at com.kms.katalon.core.main.TestSuiteExecutor.accessTestCaseMainPhase(TestSuiteExecutor.java:169)
	at com.kms.katalon.core.main.TestSuiteExecutor.accessTestSuiteMainPhase(TestSuiteExecutor.java:142)
	at com.kms.katalon.core.main.TestSuiteExecutor.execute(TestSuiteExecutor.java:91)
	at com.kms.katalon.core.main.TestCaseMain.startTestSuite(TestCaseMain.java:157)
	at com.kms.katalon.core.main.TestCaseMain$startTestSuite$0.call(Unknown Source)
	at TempTestSuite1616730151766.run(TempTestSuite1616730151766.groovy:36)]]></system-err>
      </testcase>
      <testcase name="Test Cases/Sanity_Test/TC_022_Message send functionlity on direct message member" time="10.152" classname="Test Cases/Sanity_Test/TC_022_Message send functionlity on direct message member" status="FAILED">
         <failure type="FAILED" message="Test Cases/Sanity_Test/TC_022_Message send functionlity on direct message member FAILED.
Reason:
com.kms.katalon.core.exception.StepFailedException: com.kms.katalon.core.webui.exception.WebElementNotFoundException: Web element with id: 'Object Repository/Deal Status/Message_Section/Direct Messages section/dircte_message_member_1' located by 'By.xpath: //*[@class='direct-msg collapse show']/div[1]' not found (Root cause: com.kms.katalon.core.exception.StepFailedException: com.kms.katalon.core.webui.exception.WebElementNotFoundException: Web element with id: 'Object Repository/Deal Status/Message_Section/Direct Messages section/dircte_message_member_1' located by 'By.xpath: //*[@class='direct-msg collapse show']/div[1]' not found
	at com.kms.katalon.core.webui.keyword.internal.WebUIKeywordMain.stepFailed(WebUIKeywordMain.groovy:64)
	at com.kms.katalon.core.webui.keyword.builtin.VerifyElementPresentKeyword$_verifyElementPresent_closure1.doCall(VerifyElementPresentKeyword.groovy:85)
	at com.kms.katalon.core.webui.keyword.builtin.VerifyElementPresentKeyword$_verifyElementPresent_closure1.call(VerifyElementPresentKeyword.groovy)
	at com.kms.katalon.core.webui.keyword.internal.WebUIKeywordMain.runKeyword(WebUIKeywordMain.groovy:20)
	at com.kms.katalon.core.webui.keyword.builtin.VerifyElementPresentKeyword.verifyElementPresent(VerifyElementPresentKeyword.groovy:92)
	at com.kms.katalon.core.webui.keyword.builtin.VerifyElementPresentKeyword.execute(VerifyElementPresentKeyword.groovy:68)
	at com.kms.katalon.core.keyword.internal.KeywordExecutor.executeKeywordForPlatform(KeywordExecutor.groovy:60)
	at com.kms.katalon.core.webui.keyword.WebUiBuiltInKeywords.verifyElementPresent(WebUiBuiltInKeywords.groovy:1434)
	at com.kms.katalon.core.webui.keyword.WebUiBuiltInKeywords$verifyElementPresent$6.call(Unknown Source)
	at TC_022_Message send functionlity on direct message member.run(TC_022_Message send functionlity on direct message member:27)
	at com.kms.katalon.core.main.ScriptEngine.run(ScriptEngine.java:194)
	at com.kms.katalon.core.main.ScriptEngine.runScriptAsRawText(ScriptEngine.java:119)
	at com.kms.katalon.core.main.TestCaseExecutor.runScript(TestCaseExecutor.java:337)
	at com.kms.katalon.core.main.TestCaseExecutor.doExecute(TestCaseExecutor.java:328)
	at com.kms.katalon.core.main.TestCaseExecutor.processExecutionPhase(TestCaseExecutor.java:307)
	at com.kms.katalon.core.main.TestCaseExecutor.accessMainPhase(TestCaseExecutor.java:299)
	at com.kms.katalon.core.main.TestCaseExecutor.execute(TestCaseExecutor.java:233)
	at com.kms.katalon.core.main.TestSuiteExecutor.accessTestCaseMainPhase(TestSuiteExecutor.java:169)
	at com.kms.katalon.core.main.TestSuiteExecutor.accessTestSuiteMainPhase(TestSuiteExecutor.java:142)
	at com.kms.katalon.core.main.TestSuiteExecutor.execute(TestSuiteExecutor.java:91)
	at com.kms.katalon.core.main.TestCaseMain.startTestSuite(TestCaseMain.java:157)
	at com.kms.katalon.core.main.TestCaseMain$startTestSuite$0.call(Unknown Source)
	at TempTestSuite1616730151766.run(TempTestSuite1616730151766.groovy:36)
)
	at com.kms.katalon.core.keyword.internal.KeywordMain.stepFailed(KeywordMain.groovy:39)
	at com.kms.katalon.core.webui.keyword.internal.WebUIKeywordMain.stepFailed(WebUIKeywordMain.groovy:64)
	at com.kms.katalon.core.webui.keyword.builtin.VerifyElementPresentKeyword$_verifyElementPresent_closure1.doCall(VerifyElementPresentKeyword.groovy:85)
	at com.kms.katalon.core.webui.keyword.builtin.VerifyElementPresentKeyword$_verifyElementPresent_closure1.call(VerifyElementPresentKeyword.groovy)
	at com.kms.katalon.core.webui.keyword.internal.WebUIKeywordMain.runKeyword(WebUIKeywordMain.groovy:20)
	at com.kms.katalon.core.webui.keyword.builtin.VerifyElementPresentKeyword.verifyElementPresent(VerifyElementPresentKeyword.groovy:92)
	at com.kms.katalon.core.webui.keyword.builtin.VerifyElementPresentKeyword.execute(VerifyElementPresentKeyword.groovy:68)
	at com.kms.katalon.core.keyword.internal.KeywordExecutor.executeKeywordForPlatform(KeywordExecutor.groovy:60)
	at com.kms.katalon.core.webui.keyword.WebUiBuiltInKeywords.verifyElementPresent(WebUiBuiltInKeywords.groovy:1434)
	at com.kms.katalon.core.webui.keyword.WebUiBuiltInKeywords$verifyElementPresent$6.call(Unknown Source)
	at TC_022_Message send functionlity on direct message member.run(TC_022_Message send functionlity on direct message member:27)
	at com.kms.katalon.core.main.ScriptEngine.run(ScriptEngine.java:194)
	at com.kms.katalon.core.main.ScriptEngine.runScriptAsRawText(ScriptEngine.java:119)
	at com.kms.katalon.core.main.TestCaseExecutor.runScript(TestCaseExecutor.java:337)
	at com.kms.katalon.core.main.TestCaseExecutor.doExecute(TestCaseExecutor.java:328)
	at com.kms.katalon.core.main.TestCaseExecutor.processExecutionPhase(TestCaseExecutor.java:307)
	at com.kms.katalon.core.main.TestCaseExecutor.accessMainPhase(TestCaseExecutor.java:299)
	at com.kms.katalon.core.main.TestCaseExecutor.execute(TestCaseExecutor.java:233)
	at com.kms.katalon.core.main.TestSuiteExecutor.accessTestCaseMainPhase(TestSuiteExecutor.java:169)
	at com.kms.katalon.core.main.TestSuiteExecutor.accessTestSuiteMainPhase(TestSuiteExecutor.java:142)
	at com.kms.katalon.core.main.TestSuiteExecutor.execute(TestSuiteExecutor.java:91)
	at com.kms.katalon.core.main.TestCaseMain.startTestSuite(TestCaseMain.java:157)
	at com.kms.katalon.core.main.TestCaseMain$startTestSuite$0.call(Unknown Source)
	at TempTestSuite1616730151766.run(TempTestSuite1616730151766.groovy:36)
Caused by: com.kms.katalon.core.exception.StepFailedException: com.kms.katalon.core.webui.exception.WebElementNotFoundException: Web element with id: 'Object Repository/Deal Status/Message_Section/Direct Messages section/dircte_message_member_1' located by 'By.xpath: //*[@class='direct-msg collapse show']/div[1]' not found
	... 23 more
"/>
         <system-out><![CDATA[2021-03-26 09:20:44 - [TEST_CASE][FAILED] - Test Cases/Sanity_Test/TC_022_Message send functionlity on direct message member: Test Cases/Sanity_Test/TC_022_Message send functionlity on direct message member FAILED.
Reason:
com.kms.katalon.core.exception.StepFailedException: com.kms.katalon.core.webui.exception.WebElementNotFoundException: Web element with id: 'Object Repository/Deal Status/Message_Section/Direct Messages section/dircte_message_member_1' located by 'By.xpath: //*[@class='direct-msg collapse show']/div[1]' not found (Root cause: com.kms.katalon.core.exception.StepFailedException: com.kms.katalon.core.webui.exception.WebElementNotFoundException: Web element with id: 'Object Repository/Deal Status/Message_Section/Direct Messages section/dircte_message_member_1' located by 'By.xpath: //*[@class='direct-msg collapse show']/div[1]' not found
	at com.kms.katalon.core.webui.keyword.internal.WebUIKeywordMain.stepFailed(WebUIKeywordMain.groovy:64)
	at com.kms.katalon.core.webui.keyword.builtin.VerifyElementPresentKeyword$_verifyElementPresent_closure1.doCall(VerifyElementPresentKeyword.groovy:85)
	at com.kms.katalon.core.webui.keyword.builtin.VerifyElementPresentKeyword$_verifyElementPresent_closure1.call(VerifyElementPresentKeyword.groovy)
	at com.kms.katalon.core.webui.keyword.internal.WebUIKeywordMain.runKeyword(WebUIKeywordMain.groovy:20)
	at com.kms.katalon.core.webui.keyword.builtin.VerifyElementPresentKeyword.verifyElementPresent(VerifyElementPresentKeyword.groovy:92)
	at com.kms.katalon.core.webui.keyword.builtin.VerifyElementPresentKeyword.execute(VerifyElementPresentKeyword.groovy:68)
	at com.kms.katalon.core.keyword.internal.KeywordExecutor.executeKeywordForPlatform(KeywordExecutor.groovy:60)
	at com.kms.katalon.core.webui.keyword.WebUiBuiltInKeywords.verifyElementPresent(WebUiBuiltInKeywords.groovy:1434)
	at com.kms.katalon.core.webui.keyword.WebUiBuiltInKeywords$verifyElementPresent$6.call(Unknown Source)
	at TC_022_Message send functionlity on direct message member.run(TC_022_Message send functionlity on direct message member:27)
	at com.kms.katalon.core.main.ScriptEngine.run(ScriptEngine.java:194)
	at com.kms.katalon.core.main.ScriptEngine.runScriptAsRawText(ScriptEngine.java:119)
	at com.kms.katalon.core.main.TestCaseExecutor.runScript(TestCaseExecutor.java:337)
	at com.kms.katalon.core.main.TestCaseExecutor.doExecute(TestCaseExecutor.java:328)
	at com.kms.katalon.core.main.TestCaseExecutor.processExecutionPhase(TestCaseExecutor.java:307)
	at com.kms.katalon.core.main.TestCaseExecutor.accessMainPhase(TestCaseExecutor.java:299)
	at com.kms.katalon.core.main.TestCaseExecutor.execute(TestCaseExecutor.java:233)
	at com.kms.katalon.core.main.TestSuiteExecutor.accessTestCaseMainPhase(TestSuiteExecutor.java:169)
	at com.kms.katalon.core.main.TestSuiteExecutor.accessTestSuiteMainPhase(TestSuiteExecutor.java:142)
	at com.kms.katalon.core.main.TestSuiteExecutor.execute(TestSuiteExecutor.java:91)
	at com.kms.katalon.core.main.TestCaseMain.startTestSuite(TestCaseMain.java:157)
	at com.kms.katalon.core.main.TestCaseMain$startTestSuite$0.call(Unknown Source)
	at TempTestSuite1616730151766.run(TempTestSuite1616730151766.groovy:36)
)
	at com.kms.katalon.core.keyword.internal.KeywordMain.stepFailed(KeywordMain.groovy:39)
	at com.kms.katalon.core.webui.keyword.internal.WebUIKeywordMain.stepFailed(WebUIKeywordMain.groovy:64)
	at com.kms.katalon.core.webui.keyword.builtin.VerifyElementPresentKeyword$_verifyElementPresent_closure1.doCall(VerifyElementPresentKeyword.groovy:85)
	at com.kms.katalon.core.webui.keyword.builtin.VerifyElementPresentKeyword$_verifyElementPresent_closure1.call(VerifyElementPresentKeyword.groovy)
	at com.kms.katalon.core.webui.keyword.internal.WebUIKeywordMain.runKeyword(WebUIKeywordMain.groovy:20)
	at com.kms.katalon.core.webui.keyword.builtin.VerifyElementPresentKeyword.verifyElementPresent(VerifyElementPresentKeyword.groovy:92)
	at com.kms.katalon.core.webui.keyword.builtin.VerifyElementPresentKeyword.execute(VerifyElementPresentKeyword.groovy:68)
	at com.kms.katalon.core.keyword.internal.KeywordExecutor.executeKeywordForPlatform(KeywordExecutor.groovy:60)
	at com.kms.katalon.core.webui.keyword.WebUiBuiltInKeywords.verifyElementPresent(WebUiBuiltInKeywords.groovy:1434)
	at com.kms.katalon.core.webui.keyword.WebUiBuiltInKeywords$verifyElementPresent$6.call(Unknown Source)
	at TC_022_Message send functionlity on direct message member.run(TC_022_Message send functionlity on direct message member:27)
	at com.kms.katalon.core.main.ScriptEngine.run(ScriptEngine.java:194)
	at com.kms.katalon.core.main.ScriptEngine.runScriptAsRawText(ScriptEngine.java:119)
	at com.kms.katalon.core.main.TestCaseExecutor.runScript(TestCaseExecutor.java:337)
	at com.kms.katalon.core.main.TestCaseExecutor.doExecute(TestCaseExecutor.java:328)
	at com.kms.katalon.core.main.TestCaseExecutor.processExecutionPhase(TestCaseExecutor.java:307)
	at com.kms.katalon.core.main.TestCaseExecutor.accessMainPhase(TestCaseExecutor.java:299)
	at com.kms.katalon.core.main.TestCaseExecutor.execute(TestCaseExecutor.java:233)
	at com.kms.katalon.core.main.TestSuiteExecutor.accessTestCaseMainPhase(TestSuiteExecutor.java:169)
	at com.kms.katalon.core.main.TestSuiteExecutor.accessTestSuiteMainPhase(TestSuiteExecutor.java:142)
	at com.kms.katalon.core.main.TestSuiteExecutor.execute(TestSuiteExecutor.java:91)
	at com.kms.katalon.core.main.TestCaseMain.startTestSuite(TestCaseMain.java:157)
	at com.kms.katalon.core.main.TestCaseMain$startTestSuite$0.call(Unknown Source)
	at TempTestSuite1616730151766.run(TempTestSuite1616730151766.groovy:36)
Caused by: com.kms.katalon.core.exception.StepFailedException: com.kms.katalon.core.webui.exception.WebElementNotFoundException: Web element with id: 'Object Repository/Deal Status/Message_Section/Direct Messages section/dircte_message_member_1' located by 'By.xpath: //*[@class='direct-msg collapse show']/div[1]' not found
	... 23 more


2021-03-26 09:20:44 - [TEST_STEP][PASSED] - Start listener action : sampleBeforeTestCase: null

2021-03-26 09:20:44 - [TEST_STEP][PASSED] - println(testCaseContext.getTestCaseId()): null

2021-03-26 09:20:44 - [TEST_STEP][PASSED] - println(testCaseContext.getTestCaseVariables()): null

2021-03-26 09:20:44 - [TEST_STEP][PASSED] - if (verifyElementPresent(findTestObject("Deal Status/Message_Section/Direct Messages section/tab_Direct Messages"), shortTime) == true): null

2021-03-26 09:20:44 - [MESSAGE][PASSED] - Object 'Object Repository/Deal Status/Message_Section/Direct Messages section/tab_Direct Messages' is present

2021-03-26 09:20:44 - [TEST_STEP][PASSED] - com.wecomplete.keywords.TestBase.clickUsingJS(findTestObject("Deal Status/Message_Section/Direct Messages section/tab_Direct Messages"), shortTime): Element has been clicked

2021-03-26 09:20:45 - [MESSAGE][INFO] - Clicking element

2021-03-26 09:20:45 - [MESSAGE][PASSED] - Element has been clicked

2021-03-26 09:20:45 - [TEST_STEP][FAILED] - if (verifyElementPresent(findTestObject("Object Repository/Deal Status/Message_Section/Direct Messages section/dircte_message_member_1"), shortTime) == true): com.kms.katalon.core.webui.exception.WebElementNotFoundException: Web element with id: 'Object Repository/Deal Status/Message_Section/Direct Messages section/dircte_message_member_1' located by 'By.xpath: //*[@class='direct-msg collapse show']/div[1]' not found (Root cause: com.kms.katalon.core.exception.StepFailedException: com.kms.katalon.core.webui.exception.WebElementNotFoundException: Web element with id: 'Object Repository/Deal Status/Message_Section/Direct Messages section/dircte_message_member_1' located by 'By.xpath: //*[@class='direct-msg collapse show']/div[1]' not found
	at com.kms.katalon.core.webui.keyword.internal.WebUIKeywordMain.stepFailed(WebUIKeywordMain.groovy:64)
	at com.kms.katalon.core.webui.keyword.builtin.VerifyElementPresentKeyword$_verifyElementPresent_closure1.doCall(VerifyElementPresentKeyword.groovy:85)
	at com.kms.katalon.core.webui.keyword.builtin.VerifyElementPresentKeyword$_verifyElementPresent_closure1.call(VerifyElementPresentKeyword.groovy)
	at com.kms.katalon.core.webui.keyword.internal.WebUIKeywordMain.runKeyword(WebUIKeywordMain.groovy:20)
	at com.kms.katalon.core.webui.keyword.builtin.VerifyElementPresentKeyword.verifyElementPresent(VerifyElementPresentKeyword.groovy:92)
	at com.kms.katalon.core.webui.keyword.builtin.VerifyElementPresentKeyword.execute(VerifyElementPresentKeyword.groovy:68)
	at com.kms.katalon.core.keyword.internal.KeywordExecutor.executeKeywordForPlatform(KeywordExecutor.groovy:60)
	at com.kms.katalon.core.webui.keyword.WebUiBuiltInKeywords.verifyElementPresent(WebUiBuiltInKeywords.groovy:1434)
	at com.kms.katalon.core.webui.keyword.WebUiBuiltInKeywords$verifyElementPresent$6.call(Unknown Source)
	at TC_022_Message send functionlity on direct message member.run(TC_022_Message send functionlity on direct message member:27)
	at com.kms.katalon.core.main.ScriptEngine.run(ScriptEngine.java:194)
	at com.kms.katalon.core.main.ScriptEngine.runScriptAsRawText(ScriptEngine.java:119)
	at com.kms.katalon.core.main.TestCaseExecutor.runScript(TestCaseExecutor.java:337)
	at com.kms.katalon.core.main.TestCaseExecutor.doExecute(TestCaseExecutor.java:328)
	at com.kms.katalon.core.main.TestCaseExecutor.processExecutionPhase(TestCaseExecutor.java:307)
	at com.kms.katalon.core.main.TestCaseExecutor.accessMainPhase(TestCaseExecutor.java:299)
	at com.kms.katalon.core.main.TestCaseExecutor.execute(TestCaseExecutor.java:233)
	at com.kms.katalon.core.main.TestSuiteExecutor.accessTestCaseMainPhase(TestSuiteExecutor.java:169)
	at com.kms.katalon.core.main.TestSuiteExecutor.accessTestSuiteMainPhase(TestSuiteExecutor.java:142)
	at com.kms.katalon.core.main.TestSuiteExecutor.execute(TestSuiteExecutor.java:91)
	at com.kms.katalon.core.main.TestCaseMain.startTestSuite(TestCaseMain.java:157)
	at com.kms.katalon.core.main.TestCaseMain$startTestSuite$0.call(Unknown Source)
	at TempTestSuite1616730151766.run(TempTestSuite1616730151766.groovy:36)
)

2021-03-26 09:20:52 - [MESSAGE][INFO] - Unable to find the element located by 'By.xpath: //*[@class='direct-msg collapse show']/div[1]'. Please recheck the objects properties to make sure the desired element is located. 

2021-03-26 09:20:52 - [MESSAGE][FAILED] - com.kms.katalon.core.webui.exception.WebElementNotFoundException: Web element with id: 'Object Repository/Deal Status/Message_Section/Direct Messages section/dircte_message_member_1' located by 'By.xpath: //*[@class='direct-msg collapse show']/div[1]' not found (Root cause: com.kms.katalon.core.exception.StepFailedException: com.kms.katalon.core.webui.exception.WebElementNotFoundException: Web element with id: 'Object Repository/Deal Status/Message_Section/Direct Messages section/dircte_message_member_1' located by 'By.xpath: //*[@class='direct-msg collapse show']/div[1]' not found
	at com.kms.katalon.core.webui.keyword.internal.WebUIKeywordMain.stepFailed(WebUIKeywordMain.groovy:64)
	at com.kms.katalon.core.webui.keyword.builtin.VerifyElementPresentKeyword$_verifyElementPresent_closure1.doCall(VerifyElementPresentKeyword.groovy:85)
	at com.kms.katalon.core.webui.keyword.builtin.VerifyElementPresentKeyword$_verifyElementPresent_closure1.call(VerifyElementPresentKeyword.groovy)
	at com.kms.katalon.core.webui.keyword.internal.WebUIKeywordMain.runKeyword(WebUIKeywordMain.groovy:20)
	at com.kms.katalon.core.webui.keyword.builtin.VerifyElementPresentKeyword.verifyElementPresent(VerifyElementPresentKeyword.groovy:92)
	at com.kms.katalon.core.webui.keyword.builtin.VerifyElementPresentKeyword.execute(VerifyElementPresentKeyword.groovy:68)
	at com.kms.katalon.core.keyword.internal.KeywordExecutor.executeKeywordForPlatform(KeywordExecutor.groovy:60)
	at com.kms.katalon.core.webui.keyword.WebUiBuiltInKeywords.verifyElementPresent(WebUiBuiltInKeywords.groovy:1434)
	at com.kms.katalon.core.webui.keyword.WebUiBuiltInKeywords$verifyElementPresent$6.call(Unknown Source)
	at TC_022_Message send functionlity on direct message member.run(TC_022_Message send functionlity on direct message member:27)
	at com.kms.katalon.core.main.ScriptEngine.run(ScriptEngine.java:194)
	at com.kms.katalon.core.main.ScriptEngine.runScriptAsRawText(ScriptEngine.java:119)
	at com.kms.katalon.core.main.TestCaseExecutor.runScript(TestCaseExecutor.java:337)
	at com.kms.katalon.core.main.TestCaseExecutor.doExecute(TestCaseExecutor.java:328)
	at com.kms.katalon.core.main.TestCaseExecutor.processExecutionPhase(TestCaseExecutor.java:307)
	at com.kms.katalon.core.main.TestCaseExecutor.accessMainPhase(TestCaseExecutor.java:299)
	at com.kms.katalon.core.main.TestCaseExecutor.execute(TestCaseExecutor.java:233)
	at com.kms.katalon.core.main.TestSuiteExecutor.accessTestCaseMainPhase(TestSuiteExecutor.java:169)
	at com.kms.katalon.core.main.TestSuiteExecutor.accessTestSuiteMainPhase(TestSuiteExecutor.java:142)
	at com.kms.katalon.core.main.TestSuiteExecutor.execute(TestSuiteExecutor.java:91)
	at com.kms.katalon.core.main.TestCaseMain.startTestSuite(TestCaseMain.java:157)
	at com.kms.katalon.core.main.TestCaseMain$startTestSuite$0.call(Unknown Source)
	at TempTestSuite1616730151766.run(TempTestSuite1616730151766.groovy:36)
)
[[ATTACHMENT|C:\\Users\\pritig\\Downloads\\WeComplete\\Reports\\20210326_091231\\Sanity Test\\20210326_091231\\1616730652623.png]]

2021-03-26 09:20:52 - [TEST_STEP][PASSED] - else: null

2021-03-26 09:20:52 - [TEST_STEP][PASSED] - out.print("Member not present on direct message section"): null

2021-03-26 09:20:52 - [TEST_STEP][PASSED] - Start listener action : sampleAfterTestCase: null

2021-03-26 09:20:52 - [TEST_STEP][PASSED] - println(testCaseContext.getTestCaseId()): null

2021-03-26 09:20:52 - [TEST_STEP][PASSED] - println(testCaseContext.getTestCaseStatus()): null

2021-03-26 09:20:54 - [TEST_STEP][PASSED] - Video: Video recording for test case 'Test Cases/Sanity_Test/TC_022_Message send functionlity on direct message member' .

2021-03-26 09:20:54 - [MESSAGE][INFO] - Video recording for test case 'Test Cases/Sanity_Test/TC_022_Message send functionlity on direct message member' .
[[ATTACHMENT|C:\\Users\\pritig\\Downloads\\WeComplete\\Reports\\20210326_091231\\Sanity Test\\20210326_091231/videos\\test_22.avi]]]]></system-out>
         <system-err><![CDATA[2021-03-26 09:20:44 - [TEST_CASE][FAILED] - Test Cases/Sanity_Test/TC_022_Message send functionlity on direct message member: Test Cases/Sanity_Test/TC_022_Message send functionlity on direct message member FAILED.
Reason:
com.kms.katalon.core.exception.StepFailedException: com.kms.katalon.core.webui.exception.WebElementNotFoundException: Web element with id: 'Object Repository/Deal Status/Message_Section/Direct Messages section/dircte_message_member_1' located by 'By.xpath: //*[@class='direct-msg collapse show']/div[1]' not found (Root cause: com.kms.katalon.core.exception.StepFailedException: com.kms.katalon.core.webui.exception.WebElementNotFoundException: Web element with id: 'Object Repository/Deal Status/Message_Section/Direct Messages section/dircte_message_member_1' located by 'By.xpath: //*[@class='direct-msg collapse show']/div[1]' not found
	at com.kms.katalon.core.webui.keyword.internal.WebUIKeywordMain.stepFailed(WebUIKeywordMain.groovy:64)
	at com.kms.katalon.core.webui.keyword.builtin.VerifyElementPresentKeyword$_verifyElementPresent_closure1.doCall(VerifyElementPresentKeyword.groovy:85)
	at com.kms.katalon.core.webui.keyword.builtin.VerifyElementPresentKeyword$_verifyElementPresent_closure1.call(VerifyElementPresentKeyword.groovy)
	at com.kms.katalon.core.webui.keyword.internal.WebUIKeywordMain.runKeyword(WebUIKeywordMain.groovy:20)
	at com.kms.katalon.core.webui.keyword.builtin.VerifyElementPresentKeyword.verifyElementPresent(VerifyElementPresentKeyword.groovy:92)
	at com.kms.katalon.core.webui.keyword.builtin.VerifyElementPresentKeyword.execute(VerifyElementPresentKeyword.groovy:68)
	at com.kms.katalon.core.keyword.internal.KeywordExecutor.executeKeywordForPlatform(KeywordExecutor.groovy:60)
	at com.kms.katalon.core.webui.keyword.WebUiBuiltInKeywords.verifyElementPresent(WebUiBuiltInKeywords.groovy:1434)
	at com.kms.katalon.core.webui.keyword.WebUiBuiltInKeywords$verifyElementPresent$6.call(Unknown Source)
	at TC_022_Message send functionlity on direct message member.run(TC_022_Message send functionlity on direct message member:27)
	at com.kms.katalon.core.main.ScriptEngine.run(ScriptEngine.java:194)
	at com.kms.katalon.core.main.ScriptEngine.runScriptAsRawText(ScriptEngine.java:119)
	at com.kms.katalon.core.main.TestCaseExecutor.runScript(TestCaseExecutor.java:337)
	at com.kms.katalon.core.main.TestCaseExecutor.doExecute(TestCaseExecutor.java:328)
	at com.kms.katalon.core.main.TestCaseExecutor.processExecutionPhase(TestCaseExecutor.java:307)
	at com.kms.katalon.core.main.TestCaseExecutor.accessMainPhase(TestCaseExecutor.java:299)
	at com.kms.katalon.core.main.TestCaseExecutor.execute(TestCaseExecutor.java:233)
	at com.kms.katalon.core.main.TestSuiteExecutor.accessTestCaseMainPhase(TestSuiteExecutor.java:169)
	at com.kms.katalon.core.main.TestSuiteExecutor.accessTestSuiteMainPhase(TestSuiteExecutor.java:142)
	at com.kms.katalon.core.main.TestSuiteExecutor.execute(TestSuiteExecutor.java:91)
	at com.kms.katalon.core.main.TestCaseMain.startTestSuite(TestCaseMain.java:157)
	at com.kms.katalon.core.main.TestCaseMain$startTestSuite$0.call(Unknown Source)
	at TempTestSuite1616730151766.run(TempTestSuite1616730151766.groovy:36)
)
	at com.kms.katalon.core.keyword.internal.KeywordMain.stepFailed(KeywordMain.groovy:39)
	at com.kms.katalon.core.webui.keyword.internal.WebUIKeywordMain.stepFailed(WebUIKeywordMain.groovy:64)
	at com.kms.katalon.core.webui.keyword.builtin.VerifyElementPresentKeyword$_verifyElementPresent_closure1.doCall(VerifyElementPresentKeyword.groovy:85)
	at com.kms.katalon.core.webui.keyword.builtin.VerifyElementPresentKeyword$_verifyElementPresent_closure1.call(VerifyElementPresentKeyword.groovy)
	at com.kms.katalon.core.webui.keyword.internal.WebUIKeywordMain.runKeyword(WebUIKeywordMain.groovy:20)
	at com.kms.katalon.core.webui.keyword.builtin.VerifyElementPresentKeyword.verifyElementPresent(VerifyElementPresentKeyword.groovy:92)
	at com.kms.katalon.core.webui.keyword.builtin.VerifyElementPresentKeyword.execute(VerifyElementPresentKeyword.groovy:68)
	at com.kms.katalon.core.keyword.internal.KeywordExecutor.executeKeywordForPlatform(KeywordExecutor.groovy:60)
	at com.kms.katalon.core.webui.keyword.WebUiBuiltInKeywords.verifyElementPresent(WebUiBuiltInKeywords.groovy:1434)
	at com.kms.katalon.core.webui.keyword.WebUiBuiltInKeywords$verifyElementPresent$6.call(Unknown Source)
	at TC_022_Message send functionlity on direct message member.run(TC_022_Message send functionlity on direct message member:27)
	at com.kms.katalon.core.main.ScriptEngine.run(ScriptEngine.java:194)
	at com.kms.katalon.core.main.ScriptEngine.runScriptAsRawText(ScriptEngine.java:119)
	at com.kms.katalon.core.main.TestCaseExecutor.runScript(TestCaseExecutor.java:337)
	at com.kms.katalon.core.main.TestCaseExecutor.doExecute(TestCaseExecutor.java:328)
	at com.kms.katalon.core.main.TestCaseExecutor.processExecutionPhase(TestCaseExecutor.java:307)
	at com.kms.katalon.core.main.TestCaseExecutor.accessMainPhase(TestCaseExecutor.java:299)
	at com.kms.katalon.core.main.TestCaseExecutor.execute(TestCaseExecutor.java:233)
	at com.kms.katalon.core.main.TestSuiteExecutor.accessTestCaseMainPhase(TestSuiteExecutor.java:169)
	at com.kms.katalon.core.main.TestSuiteExecutor.accessTestSuiteMainPhase(TestSuiteExecutor.java:142)
	at com.kms.katalon.core.main.TestSuiteExecutor.execute(TestSuiteExecutor.java:91)
	at com.kms.katalon.core.main.TestCaseMain.startTestSuite(TestCaseMain.java:157)
	at com.kms.katalon.core.main.TestCaseMain$startTestSuite$0.call(Unknown Source)
	at TempTestSuite1616730151766.run(TempTestSuite1616730151766.groovy:36)
Caused by: com.kms.katalon.core.exception.StepFailedException: com.kms.katalon.core.webui.exception.WebElementNotFoundException: Web element with id: 'Object Repository/Deal Status/Message_Section/Direct Messages section/dircte_message_member_1' located by 'By.xpath: //*[@class='direct-msg collapse show']/div[1]' not found
	... 23 more]]></system-err>
      </testcase>
      <testcase name="Test Cases/Sanity_Test/TC_023_Verify that the user can add external contact" time="17.689" classname="Test Cases/Sanity_Test/TC_023_Verify that the user can add external contact" status="PASSED">
         <system-out><![CDATA[2021-03-26 09:20:54 - [TEST_CASE][PASSED] - Test Cases/Sanity_Test/TC_023_Verify that the user can add external contact: Test Cases/Sanity_Test/TC_023_Verify that the user can add external contact

2021-03-26 09:20:54 - [TEST_STEP][PASSED] - Start listener action : sampleBeforeTestCase: null

2021-03-26 09:20:54 - [TEST_STEP][PASSED] - println(testCaseContext.getTestCaseId()): null

2021-03-26 09:20:54 - [TEST_STEP][PASSED] - println(testCaseContext.getTestCaseVariables()): null

2021-03-26 09:20:54 - [TEST_STEP][PASSED] - if (verifyElementPresent(findTestObject("Deal Status/Message_Section/External_Contact _Section/tab_External Contacts"), shortTime) == true): null

2021-03-26 09:20:55 - [MESSAGE][PASSED] - Object 'Object Repository/Deal Status/Message_Section/External_Contact _Section/tab_External Contacts' is present

2021-03-26 09:20:55 - [TEST_STEP][PASSED] - com.wecomplete.keywords.TestBase.clickUsingJS(findTestObject("Object Repository/Deal Status/Message_Section/External_Contact _Section/add_External"), shortTime): Element has been clicked

2021-03-26 09:20:55 - [MESSAGE][INFO] - Clicking element

2021-03-26 09:20:55 - [MESSAGE][PASSED] - Element has been clicked

2021-03-26 09:20:55 - [TEST_STEP][PASSED] - if (verifyElementPresent(findTestObject("Object Repository/Deal Status/Message_Section/External_Contact _Section/header_External Contacts"), shortTime) == true): null

2021-03-26 09:20:55 - [MESSAGE][PASSED] - Object 'Object Repository/Deal Status/Message_Section/External_Contact _Section/header_External Contacts' is present

2021-03-26 09:20:55 - [TEST_STEP][PASSED] - com.wecomplete.keywords.TestBase.getText(findTestObject("Object Repository/Deal Status/Message_Section/External_Contact _Section/header_External Contacts"), titleExternal): Verifed actule & expected data

2021-03-26 09:20:56 - [MESSAGE][INFO] - Get actule text

2021-03-26 09:20:56 - [MESSAGE][PASSED] - Verifed actule & expected data

2021-03-26 09:20:56 - [TEST_STEP][PASSED] - com.wecomplete.keywords.TestBase.sendkeyElement(findTestObject("Object Repository/Deal Status/Message_Section/External_Contact _Section/input_Email"), externalMember): Sendkey value has been send

2021-03-26 09:21:00 - [MESSAGE][PASSED] - Element has been cleared

2021-03-26 09:21:03 - [MESSAGE][PASSED] - Sendkey value has been send

2021-03-26 09:21:03 - [TEST_STEP][PASSED] - com.wecomplete.keywords.TestBase.sendkeyElement(findTestObject("Object Repository/Deal Status/Message_Section/External_Contact _Section/input_Name"), externalName): Sendkey value has been send

2021-03-26 09:21:06 - [MESSAGE][PASSED] - Element has been cleared

2021-03-26 09:21:10 - [MESSAGE][PASSED] - Sendkey value has been send

2021-03-26 09:21:10 - [TEST_STEP][PASSED] - com.wecomplete.keywords.TestBase.clickUsingJS(findTestObject("Object Repository/Deal Status/Message_Section/External_Contact _Section/button_Add"), shortTime): Element has been clicked

2021-03-26 09:21:10 - [MESSAGE][INFO] - Clicking element

2021-03-26 09:21:10 - [MESSAGE][PASSED] - Element has been clicked

2021-03-26 09:21:10 - [TEST_STEP][PASSED] - Start listener action : sampleAfterTestCase: null

2021-03-26 09:21:10 - [TEST_STEP][PASSED] - println(testCaseContext.getTestCaseId()): null

2021-03-26 09:21:10 - [TEST_STEP][PASSED] - println(testCaseContext.getTestCaseStatus()): null

2021-03-26 09:21:12 - [TEST_STEP][PASSED] - Video: Video recording for test case 'Test Cases/Sanity_Test/TC_023_Verify that the user can add external contact' .

2021-03-26 09:21:12 - [MESSAGE][INFO] - Video recording for test case 'Test Cases/Sanity_Test/TC_023_Verify that the user can add external contact' .
[[ATTACHMENT|C:\\Users\\pritig\\Downloads\\WeComplete\\Reports\\20210326_091231\\Sanity Test\\20210326_091231/videos\\test_23.avi]]]]></system-out>
         <system-err><![CDATA[]]></system-err>
      </testcase>
      <testcase name="Test Cases/Sanity_Test/TC_024_Message send functionlity on External Contact member" time="29.019" classname="Test Cases/Sanity_Test/TC_024_Message send functionlity on External Contact member" status="PASSED">
         <system-out><![CDATA[2021-03-26 09:21:12 - [TEST_CASE][PASSED] - Test Cases/Sanity_Test/TC_024_Message send functionlity on External Contact member: Test Cases/Sanity_Test/TC_024_Message send functionlity on External Contact member

2021-03-26 09:21:12 - [TEST_STEP][PASSED] - Start listener action : sampleBeforeTestCase: null

2021-03-26 09:21:12 - [TEST_STEP][PASSED] - println(testCaseContext.getTestCaseId()): null

2021-03-26 09:21:12 - [TEST_STEP][PASSED] - println(testCaseContext.getTestCaseVariables()): null

2021-03-26 09:21:12 - [TEST_STEP][PASSED] - if (verifyElementVisible(findTestObject("Object Repository/Deal Status/Message_Section/Channels/input_Compose")) == true): null

2021-03-26 09:21:17 - [MESSAGE][PASSED] - Object 'Object Repository/Deal Status/Message_Section/Channels/input_Compose' is visible

2021-03-26 09:21:17 - [TEST_STEP][PASSED] - com.wecomplete.keywords.TestBase.sendkeyElement(findTestObject("Object Repository/Deal Status/Message_Section/Channels/input_Compose"), message): Sendkey value has been send

2021-03-26 09:21:20 - [MESSAGE][PASSED] - Element has been cleared

2021-03-26 09:21:24 - [MESSAGE][PASSED] - Sendkey value has been send

2021-03-26 09:21:24 - [TEST_STEP][PASSED] - com.wecomplete.keywords.TestBase.clickUsingJS(findTestObject("Object Repository/Deal Status/Message_Section/Channels/btn_Send"), shortTime): Element has been clicked

2021-03-26 09:21:24 - [MESSAGE][INFO] - Clicking element

2021-03-26 09:21:24 - [MESSAGE][PASSED] - Element has been clicked

2021-03-26 09:21:24 - [TEST_STEP][PASSED] - com.wecomplete.keywords.TestBase.clickUsingJS(findTestObject("Object Repository/Deal Status/Message_Section/Channels/tab_Document Request"), shortTime): Element has been clicked

2021-03-26 09:21:27 - [MESSAGE][INFO] - Clicking element

2021-03-26 09:21:27 - [MESSAGE][PASSED] - Element has been clicked

2021-03-26 09:21:27 - [TEST_STEP][PASSED] - com.wecomplete.keywords.TestBase.sendkeyElement(findTestObject("Object Repository/Deal Status/Message_Section/Channels/input_Docuemnt_Request"), documentRequest): Sendkey value has been send

2021-03-26 09:21:31 - [MESSAGE][PASSED] - Element has been cleared

2021-03-26 09:21:34 - [MESSAGE][PASSED] - Sendkey value has been send

2021-03-26 09:21:34 - [TEST_STEP][PASSED] - com.wecomplete.keywords.TestBase.clickUsingJS(findTestObject("Object Repository/Deal Status/Message_Section/Channels/btn_Document_request_Send"), shortTime): Element has been clicked

2021-03-26 09:21:35 - [MESSAGE][INFO] - Clicking element

2021-03-26 09:21:35 - [MESSAGE][PASSED] - Element has been clicked

2021-03-26 09:21:35 - [TEST_STEP][PASSED] - com.wecomplete.keywords.TestBase.getText(findTestObject("Deal Status/Message_Section/get _Request_Successfully_MSG"), docRequestMSG): Verifed actule & expected data

2021-03-26 09:21:38 - [MESSAGE][INFO] - Get actule text

2021-03-26 09:21:38 - [MESSAGE][PASSED] - Verifed actule & expected data

2021-03-26 09:21:38 - [TEST_STEP][PASSED] - com.wecomplete.keywords.TestBase.clickUsingJS(findTestObject("Object Repository/Deal Status/Property Details Section/btn_Ok"), shortTime): Element has been clicked

2021-03-26 09:21:38 - [MESSAGE][INFO] - Clicking element

2021-03-26 09:21:38 - [MESSAGE][PASSED] - Element has been clicked

2021-03-26 09:21:38 - [TEST_STEP][PASSED] - com.wecomplete.keywords.TestBase.clickUsingJS(findTestObject("Object Repository/Deal Status/Message_Section/btn_ Back to calendar"), shortTime): Element has been clicked

2021-03-26 09:21:39 - [MESSAGE][INFO] - Clicking element

2021-03-26 09:21:39 - [MESSAGE][PASSED] - Element has been clicked

2021-03-26 09:21:39 - [TEST_STEP][PASSED] - Start listener action : sampleAfterTestCase: null

2021-03-26 09:21:39 - [TEST_STEP][PASSED] - println(testCaseContext.getTestCaseId()): null

2021-03-26 09:21:39 - [TEST_STEP][PASSED] - println(testCaseContext.getTestCaseStatus()): null

2021-03-26 09:21:41 - [TEST_STEP][PASSED] - Video: Video recording for test case 'Test Cases/Sanity_Test/TC_024_Message send functionlity on External Contact member' .

2021-03-26 09:21:41 - [MESSAGE][INFO] - Video recording for test case 'Test Cases/Sanity_Test/TC_024_Message send functionlity on External Contact member' .
[[ATTACHMENT|C:\\Users\\pritig\\Downloads\\WeComplete\\Reports\\20210326_091231\\Sanity Test\\20210326_091231/videos\\test_24.avi]]]]></system-out>
         <system-err><![CDATA[]]></system-err>
      </testcase>
      <testcase name="Test Cases/Sanity_Test/TC_025_Verify that New Business role user can assigned case to the Estate agent" time="133.959" classname="Test Cases/Sanity_Test/TC_025_Verify that New Business role user can assigned case to the Estate agent" status="FAILED">
         <failure type="FAILED" message="Test Cases/Sanity_Test/TC_025_Verify that New Business role user can assigned case to the Estate agent FAILED.
Reason:
com.kms.katalon.core.exception.StepFailedException: Unable to call Test Case 'Test Cases/common_test _cases/do_sign out' (Root cause: com.kms.katalon.core.exception.StepFailedException: Call Test Case 'Test Cases/common_test _cases/do_sign out' failed
	at com.kms.katalon.core.keyword.builtin.CallTestCaseKeyword$_callTestCase_closure1.doCall(CallTestCaseKeyword.groovy:63)
	at com.kms.katalon.core.keyword.builtin.CallTestCaseKeyword$_callTestCase_closure1.call(CallTestCaseKeyword.groovy)
	at com.kms.katalon.core.keyword.internal.KeywordMain.runKeyword(KeywordMain.groovy:68)
	at com.kms.katalon.core.keyword.builtin.CallTestCaseKeyword.callTestCase(CallTestCaseKeyword.groovy:81)
	at com.kms.katalon.core.keyword.builtin.CallTestCaseKeyword.execute(CallTestCaseKeyword.groovy:44)
	at com.kms.katalon.core.keyword.internal.KeywordExecutor.executeKeywordForPlatform(KeywordExecutor.groovy:60)
	at com.kms.katalon.core.keyword.BuiltinKeywords.callTestCase(BuiltinKeywords.groovy:334)
	at TC_025_Verify that New Business role user can assigned case to the Estate agent.run(TC_025_Verify that New Business role user can assigned case to the Estate agent:18)
	at com.kms.katalon.core.main.ScriptEngine.run(ScriptEngine.java:194)
	at com.kms.katalon.core.main.ScriptEngine.runScriptAsRawText(ScriptEngine.java:119)
	at com.kms.katalon.core.main.TestCaseExecutor.runScript(TestCaseExecutor.java:337)
	at com.kms.katalon.core.main.TestCaseExecutor.doExecute(TestCaseExecutor.java:328)
	at com.kms.katalon.core.main.TestCaseExecutor.processExecutionPhase(TestCaseExecutor.java:307)
	at com.kms.katalon.core.main.TestCaseExecutor.accessMainPhase(TestCaseExecutor.java:299)
	at com.kms.katalon.core.main.TestCaseExecutor.execute(TestCaseExecutor.java:233)
	at com.kms.katalon.core.main.TestSuiteExecutor.accessTestCaseMainPhase(TestSuiteExecutor.java:169)
	at com.kms.katalon.core.main.TestSuiteExecutor.accessTestSuiteMainPhase(TestSuiteExecutor.java:142)
	at com.kms.katalon.core.main.TestSuiteExecutor.execute(TestSuiteExecutor.java:91)
	at com.kms.katalon.core.main.TestCaseMain.startTestSuite(TestCaseMain.java:157)
	at com.kms.katalon.core.main.TestCaseMain$startTestSuite$0.call(Unknown Source)
	at TempTestSuite1616730151766.run(TempTestSuite1616730151766.groovy:36)
Caused by: com.kms.katalon.core.exception.StepFailedException: Fail to click on element
	at com.kms.katalon.core.util.KeywordUtil.markFailed(KeywordUtil.java:19)
	at com.kms.katalon.core.util.KeywordUtil$markFailed$1.call(Unknown Source)
	at com.wecomplete.keywords.TestBase.clickElement(TestBase.groovy:54)
	at com.wecomplete.keywords.TestBase.invokeMethod(TestBase.groovy)
	at com.kms.katalon.core.main.CustomKeywordDelegatingMetaClass.invokeStaticMethod(CustomKeywordDelegatingMetaClass.java:50)
	at do_sign out.run(do_sign out:21)
	at com.kms.katalon.core.main.ScriptEngine.run(ScriptEngine.java:194)
	at com.kms.katalon.core.main.ScriptEngine.runScriptAsRawText(ScriptEngine.java:119)
	at com.kms.katalon.core.main.TestCaseExecutor.runScript(TestCaseExecutor.java:337)
	at com.kms.katalon.core.main.TestCaseExecutor.doExecute(TestCaseExecutor.java:328)
	at com.kms.katalon.core.main.TestCaseExecutor.processExecutionPhase(TestCaseExecutor.java:307)
	at com.kms.katalon.core.main.TestCaseExecutor.accessMainPhase(TestCaseExecutor.java:299)
	at com.kms.katalon.core.main.TestCaseExecutor.execute(TestCaseExecutor.java:233)
	at com.kms.katalon.core.main.TestCaseMain.runTestCase(TestCaseMain.java:114)
	at com.kms.katalon.core.keyword.builtin.CallTestCaseKeyword$_callTestCase_closure1.doCall(CallTestCaseKeyword.groovy:59)
	... 20 more
)
	at com.kms.katalon.core.keyword.internal.KeywordMain.stepFailed(KeywordMain.groovy:39)
	at com.kms.katalon.core.keyword.internal.KeywordMain.stepFailed(KeywordMain.groovy)
	at com.kms.katalon.core.keyword.internal.KeywordMain.runKeyword(KeywordMain.groovy:70)
	at com.kms.katalon.core.keyword.builtin.CallTestCaseKeyword.callTestCase(CallTestCaseKeyword.groovy:81)
	at com.kms.katalon.core.keyword.builtin.CallTestCaseKeyword.execute(CallTestCaseKeyword.groovy:44)
	at com.kms.katalon.core.keyword.internal.KeywordExecutor.executeKeywordForPlatform(KeywordExecutor.groovy:60)
	at com.kms.katalon.core.keyword.BuiltinKeywords.callTestCase(BuiltinKeywords.groovy:334)
	at TC_025_Verify that New Business role user can assigned case to the Estate agent.run(TC_025_Verify that New Business role user can assigned case to the Estate agent:18)
	at com.kms.katalon.core.main.ScriptEngine.run(ScriptEngine.java:194)
	at com.kms.katalon.core.main.ScriptEngine.runScriptAsRawText(ScriptEngine.java:119)
	at com.kms.katalon.core.main.TestCaseExecutor.runScript(TestCaseExecutor.java:337)
	at com.kms.katalon.core.main.TestCaseExecutor.doExecute(TestCaseExecutor.java:328)
	at com.kms.katalon.core.main.TestCaseExecutor.processExecutionPhase(TestCaseExecutor.java:307)
	at com.kms.katalon.core.main.TestCaseExecutor.accessMainPhase(TestCaseExecutor.java:299)
	at com.kms.katalon.core.main.TestCaseExecutor.execute(TestCaseExecutor.java:233)
	at com.kms.katalon.core.main.TestSuiteExecutor.accessTestCaseMainPhase(TestSuiteExecutor.java:169)
	at com.kms.katalon.core.main.TestSuiteExecutor.accessTestSuiteMainPhase(TestSuiteExecutor.java:142)
	at com.kms.katalon.core.main.TestSuiteExecutor.execute(TestSuiteExecutor.java:91)
	at com.kms.katalon.core.main.TestCaseMain.startTestSuite(TestCaseMain.java:157)
	at com.kms.katalon.core.main.TestCaseMain$startTestSuite$0.call(Unknown Source)
	at TempTestSuite1616730151766.run(TempTestSuite1616730151766.groovy:36)
Caused by: com.kms.katalon.core.exception.StepFailedException: Call Test Case 'Test Cases/common_test _cases/do_sign out' failed
	at com.kms.katalon.core.keyword.builtin.CallTestCaseKeyword$_callTestCase_closure1.doCall(CallTestCaseKeyword.groovy:63)
	at com.kms.katalon.core.keyword.builtin.CallTestCaseKeyword$_callTestCase_closure1.call(CallTestCaseKeyword.groovy)
	at com.kms.katalon.core.keyword.internal.KeywordMain.runKeyword(KeywordMain.groovy:68)
	... 18 more
Caused by: com.kms.katalon.core.exception.StepFailedException: Fail to click on element
	at com.kms.katalon.core.util.KeywordUtil.markFailed(KeywordUtil.java:19)
	at com.kms.katalon.core.util.KeywordUtil$markFailed$1.call(Unknown Source)
	at com.wecomplete.keywords.TestBase.clickElement(TestBase.groovy:54)
	at com.wecomplete.keywords.TestBase.invokeMethod(TestBase.groovy)
	at com.kms.katalon.core.main.CustomKeywordDelegatingMetaClass.invokeStaticMethod(CustomKeywordDelegatingMetaClass.java:50)
	at do_sign out.run(do_sign out:21)
	at com.kms.katalon.core.main.ScriptEngine.run(ScriptEngine.java:194)
	at com.kms.katalon.core.main.ScriptEngine.runScriptAsRawText(ScriptEngine.java:119)
	at com.kms.katalon.core.main.TestCaseExecutor.runScript(TestCaseExecutor.java:337)
	at com.kms.katalon.core.main.TestCaseExecutor.doExecute(TestCaseExecutor.java:328)
	at com.kms.katalon.core.main.TestCaseExecutor.processExecutionPhase(TestCaseExecutor.java:307)
	at com.kms.katalon.core.main.TestCaseExecutor.accessMainPhase(TestCaseExecutor.java:299)
	at com.kms.katalon.core.main.TestCaseExecutor.execute(TestCaseExecutor.java:233)
	at com.kms.katalon.core.main.TestCaseMain.runTestCase(TestCaseMain.java:114)
	at com.kms.katalon.core.keyword.builtin.CallTestCaseKeyword$_callTestCase_closure1.doCall(CallTestCaseKeyword.groovy:59)
	... 20 more
"/>
         <system-out><![CDATA[2021-03-26 09:21:41 - [TEST_CASE][FAILED] - Test Cases/Sanity_Test/TC_025_Verify that New Business role user can assigned case to the Estate agent: Test Cases/Sanity_Test/TC_025_Verify that New Business role user can assigned case to the Estate agent FAILED.
Reason:
com.kms.katalon.core.exception.StepFailedException: Unable to call Test Case 'Test Cases/common_test _cases/do_sign out' (Root cause: com.kms.katalon.core.exception.StepFailedException: Call Test Case 'Test Cases/common_test _cases/do_sign out' failed
	at com.kms.katalon.core.keyword.builtin.CallTestCaseKeyword$_callTestCase_closure1.doCall(CallTestCaseKeyword.groovy:63)
	at com.kms.katalon.core.keyword.builtin.CallTestCaseKeyword$_callTestCase_closure1.call(CallTestCaseKeyword.groovy)
	at com.kms.katalon.core.keyword.internal.KeywordMain.runKeyword(KeywordMain.groovy:68)
	at com.kms.katalon.core.keyword.builtin.CallTestCaseKeyword.callTestCase(CallTestCaseKeyword.groovy:81)
	at com.kms.katalon.core.keyword.builtin.CallTestCaseKeyword.execute(CallTestCaseKeyword.groovy:44)
	at com.kms.katalon.core.keyword.internal.KeywordExecutor.executeKeywordForPlatform(KeywordExecutor.groovy:60)
	at com.kms.katalon.core.keyword.BuiltinKeywords.callTestCase(BuiltinKeywords.groovy:334)
	at TC_025_Verify that New Business role user can assigned case to the Estate agent.run(TC_025_Verify that New Business role user can assigned case to the Estate agent:18)
	at com.kms.katalon.core.main.ScriptEngine.run(ScriptEngine.java:194)
	at com.kms.katalon.core.main.ScriptEngine.runScriptAsRawText(ScriptEngine.java:119)
	at com.kms.katalon.core.main.TestCaseExecutor.runScript(TestCaseExecutor.java:337)
	at com.kms.katalon.core.main.TestCaseExecutor.doExecute(TestCaseExecutor.java:328)
	at com.kms.katalon.core.main.TestCaseExecutor.processExecutionPhase(TestCaseExecutor.java:307)
	at com.kms.katalon.core.main.TestCaseExecutor.accessMainPhase(TestCaseExecutor.java:299)
	at com.kms.katalon.core.main.TestCaseExecutor.execute(TestCaseExecutor.java:233)
	at com.kms.katalon.core.main.TestSuiteExecutor.accessTestCaseMainPhase(TestSuiteExecutor.java:169)
	at com.kms.katalon.core.main.TestSuiteExecutor.accessTestSuiteMainPhase(TestSuiteExecutor.java:142)
	at com.kms.katalon.core.main.TestSuiteExecutor.execute(TestSuiteExecutor.java:91)
	at com.kms.katalon.core.main.TestCaseMain.startTestSuite(TestCaseMain.java:157)
	at com.kms.katalon.core.main.TestCaseMain$startTestSuite$0.call(Unknown Source)
	at TempTestSuite1616730151766.run(TempTestSuite1616730151766.groovy:36)
Caused by: com.kms.katalon.core.exception.StepFailedException: Fail to click on element
	at com.kms.katalon.core.util.KeywordUtil.markFailed(KeywordUtil.java:19)
	at com.kms.katalon.core.util.KeywordUtil$markFailed$1.call(Unknown Source)
	at com.wecomplete.keywords.TestBase.clickElement(TestBase.groovy:54)
	at com.wecomplete.keywords.TestBase.invokeMethod(TestBase.groovy)
	at com.kms.katalon.core.main.CustomKeywordDelegatingMetaClass.invokeStaticMethod(CustomKeywordDelegatingMetaClass.java:50)
	at do_sign out.run(do_sign out:21)
	at com.kms.katalon.core.main.ScriptEngine.run(ScriptEngine.java:194)
	at com.kms.katalon.core.main.ScriptEngine.runScriptAsRawText(ScriptEngine.java:119)
	at com.kms.katalon.core.main.TestCaseExecutor.runScript(TestCaseExecutor.java:337)
	at com.kms.katalon.core.main.TestCaseExecutor.doExecute(TestCaseExecutor.java:328)
	at com.kms.katalon.core.main.TestCaseExecutor.processExecutionPhase(TestCaseExecutor.java:307)
	at com.kms.katalon.core.main.TestCaseExecutor.accessMainPhase(TestCaseExecutor.java:299)
	at com.kms.katalon.core.main.TestCaseExecutor.execute(TestCaseExecutor.java:233)
	at com.kms.katalon.core.main.TestCaseMain.runTestCase(TestCaseMain.java:114)
	at com.kms.katalon.core.keyword.builtin.CallTestCaseKeyword$_callTestCase_closure1.doCall(CallTestCaseKeyword.groovy:59)
	... 20 more
)
	at com.kms.katalon.core.keyword.internal.KeywordMain.stepFailed(KeywordMain.groovy:39)
	at com.kms.katalon.core.keyword.internal.KeywordMain.stepFailed(KeywordMain.groovy)
	at com.kms.katalon.core.keyword.internal.KeywordMain.runKeyword(KeywordMain.groovy:70)
	at com.kms.katalon.core.keyword.builtin.CallTestCaseKeyword.callTestCase(CallTestCaseKeyword.groovy:81)
	at com.kms.katalon.core.keyword.builtin.CallTestCaseKeyword.execute(CallTestCaseKeyword.groovy:44)
	at com.kms.katalon.core.keyword.internal.KeywordExecutor.executeKeywordForPlatform(KeywordExecutor.groovy:60)
	at com.kms.katalon.core.keyword.BuiltinKeywords.callTestCase(BuiltinKeywords.groovy:334)
	at TC_025_Verify that New Business role user can assigned case to the Estate agent.run(TC_025_Verify that New Business role user can assigned case to the Estate agent:18)
	at com.kms.katalon.core.main.ScriptEngine.run(ScriptEngine.java:194)
	at com.kms.katalon.core.main.ScriptEngine.runScriptAsRawText(ScriptEngine.java:119)
	at com.kms.katalon.core.main.TestCaseExecutor.runScript(TestCaseExecutor.java:337)
	at com.kms.katalon.core.main.TestCaseExecutor.doExecute(TestCaseExecutor.java:328)
	at com.kms.katalon.core.main.TestCaseExecutor.processExecutionPhase(TestCaseExecutor.java:307)
	at com.kms.katalon.core.main.TestCaseExecutor.accessMainPhase(TestCaseExecutor.java:299)
	at com.kms.katalon.core.main.TestCaseExecutor.execute(TestCaseExecutor.java:233)
	at com.kms.katalon.core.main.TestSuiteExecutor.accessTestCaseMainPhase(TestSuiteExecutor.java:169)
	at com.kms.katalon.core.main.TestSuiteExecutor.accessTestSuiteMainPhase(TestSuiteExecutor.java:142)
	at com.kms.katalon.core.main.TestSuiteExecutor.execute(TestSuiteExecutor.java:91)
	at com.kms.katalon.core.main.TestCaseMain.startTestSuite(TestCaseMain.java:157)
	at com.kms.katalon.core.main.TestCaseMain$startTestSuite$0.call(Unknown Source)
	at TempTestSuite1616730151766.run(TempTestSuite1616730151766.groovy:36)
Caused by: com.kms.katalon.core.exception.StepFailedException: Call Test Case 'Test Cases/common_test _cases/do_sign out' failed
	at com.kms.katalon.core.keyword.builtin.CallTestCaseKeyword$_callTestCase_closure1.doCall(CallTestCaseKeyword.groovy:63)
	at com.kms.katalon.core.keyword.builtin.CallTestCaseKeyword$_callTestCase_closure1.call(CallTestCaseKeyword.groovy)
	at com.kms.katalon.core.keyword.internal.KeywordMain.runKeyword(KeywordMain.groovy:68)
	... 18 more
Caused by: com.kms.katalon.core.exception.StepFailedException: Fail to click on element
	at com.kms.katalon.core.util.KeywordUtil.markFailed(KeywordUtil.java:19)
	at com.kms.katalon.core.util.KeywordUtil$markFailed$1.call(Unknown Source)
	at com.wecomplete.keywords.TestBase.clickElement(TestBase.groovy:54)
	at com.wecomplete.keywords.TestBase.invokeMethod(TestBase.groovy)
	at com.kms.katalon.core.main.CustomKeywordDelegatingMetaClass.invokeStaticMethod(CustomKeywordDelegatingMetaClass.java:50)
	at do_sign out.run(do_sign out:21)
	at com.kms.katalon.core.main.ScriptEngine.run(ScriptEngine.java:194)
	at com.kms.katalon.core.main.ScriptEngine.runScriptAsRawText(ScriptEngine.java:119)
	at com.kms.katalon.core.main.TestCaseExecutor.runScript(TestCaseExecutor.java:337)
	at com.kms.katalon.core.main.TestCaseExecutor.doExecute(TestCaseExecutor.java:328)
	at com.kms.katalon.core.main.TestCaseExecutor.processExecutionPhase(TestCaseExecutor.java:307)
	at com.kms.katalon.core.main.TestCaseExecutor.accessMainPhase(TestCaseExecutor.java:299)
	at com.kms.katalon.core.main.TestCaseExecutor.execute(TestCaseExecutor.java:233)
	at com.kms.katalon.core.main.TestCaseMain.runTestCase(TestCaseMain.java:114)
	at com.kms.katalon.core.keyword.builtin.CallTestCaseKeyword$_callTestCase_closure1.doCall(CallTestCaseKeyword.groovy:59)
	... 20 more


2021-03-26 09:21:41 - [TEST_STEP][PASSED] - Start listener action : sampleBeforeTestCase: null

2021-03-26 09:21:41 - [TEST_STEP][PASSED] - println(testCaseContext.getTestCaseId()): null

2021-03-26 09:21:41 - [TEST_STEP][PASSED] - println(testCaseContext.getTestCaseVariables()): null

2021-03-26 09:21:41 - [TEST_STEP][FAILED] - callTestCase(findTestCase("common_test _cases/do_sign out"), [:], CONTINUE_ON_FAILURE): Unable to call Test Case 'Test Cases/common_test _cases/do_sign out' (Root cause: com.kms.katalon.core.exception.StepFailedException: Call Test Case 'Test Cases/common_test _cases/do_sign out' failed
	at com.kms.katalon.core.keyword.builtin.CallTestCaseKeyword$_callTestCase_closure1.doCall(CallTestCaseKeyword.groovy:63)
	at com.kms.katalon.core.keyword.builtin.CallTestCaseKeyword$_callTestCase_closure1.call(CallTestCaseKeyword.groovy)
	at com.kms.katalon.core.keyword.internal.KeywordMain.runKeyword(KeywordMain.groovy:68)
	at com.kms.katalon.core.keyword.builtin.CallTestCaseKeyword.callTestCase(CallTestCaseKeyword.groovy:81)
	at com.kms.katalon.core.keyword.builtin.CallTestCaseKeyword.execute(CallTestCaseKeyword.groovy:44)
	at com.kms.katalon.core.keyword.internal.KeywordExecutor.executeKeywordForPlatform(KeywordExecutor.groovy:60)
	at com.kms.katalon.core.keyword.BuiltinKeywords.callTestCase(BuiltinKeywords.groovy:334)
	at TC_025_Verify that New Business role user can assigned case to the Estate agent.run(TC_025_Verify that New Business role user can assigned case to the Estate agent:18)
	at com.kms.katalon.core.main.ScriptEngine.run(ScriptEngine.java:194)
	at com.kms.katalon.core.main.ScriptEngine.runScriptAsRawText(ScriptEngine.java:119)
	at com.kms.katalon.core.main.TestCaseExecutor.runScript(TestCaseExecutor.java:337)
	at com.kms.katalon.core.main.TestCaseExecutor.doExecute(TestCaseExecutor.java:328)
	at com.kms.katalon.core.main.TestCaseExecutor.processExecutionPhase(TestCaseExecutor.java:307)
	at com.kms.katalon.core.main.TestCaseExecutor.accessMainPhase(TestCaseExecutor.java:299)
	at com.kms.katalon.core.main.TestCaseExecutor.execute(TestCaseExecutor.java:233)
	at com.kms.katalon.core.main.TestSuiteExecutor.accessTestCaseMainPhase(TestSuiteExecutor.java:169)
	at com.kms.katalon.core.main.TestSuiteExecutor.accessTestSuiteMainPhase(TestSuiteExecutor.java:142)
	at com.kms.katalon.core.main.TestSuiteExecutor.execute(TestSuiteExecutor.java:91)
	at com.kms.katalon.core.main.TestCaseMain.startTestSuite(TestCaseMain.java:157)
	at com.kms.katalon.core.main.TestCaseMain$startTestSuite$0.call(Unknown Source)
	at TempTestSuite1616730151766.run(TempTestSuite1616730151766.groovy:36)
Caused by: com.kms.katalon.core.exception.StepFailedException: Fail to click on element
	at com.kms.katalon.core.util.KeywordUtil.markFailed(KeywordUtil.java:19)
	at com.kms.katalon.core.util.KeywordUtil$markFailed$1.call(Unknown Source)
	at com.wecomplete.keywords.TestBase.clickElement(TestBase.groovy:54)
	at com.wecomplete.keywords.TestBase.invokeMethod(TestBase.groovy)
	at com.kms.katalon.core.main.CustomKeywordDelegatingMetaClass.invokeStaticMethod(CustomKeywordDelegatingMetaClass.java:50)
	at do_sign out.run(do_sign out:21)
	at com.kms.katalon.core.main.ScriptEngine.run(ScriptEngine.java:194)
	at com.kms.katalon.core.main.ScriptEngine.runScriptAsRawText(ScriptEngine.java:119)
	at com.kms.katalon.core.main.TestCaseExecutor.runScript(TestCaseExecutor.java:337)
	at com.kms.katalon.core.main.TestCaseExecutor.doExecute(TestCaseExecutor.java:328)
	at com.kms.katalon.core.main.TestCaseExecutor.processExecutionPhase(TestCaseExecutor.java:307)
	at com.kms.katalon.core.main.TestCaseExecutor.accessMainPhase(TestCaseExecutor.java:299)
	at com.kms.katalon.core.main.TestCaseExecutor.execute(TestCaseExecutor.java:233)
	at com.kms.katalon.core.main.TestCaseMain.runTestCase(TestCaseMain.java:114)
	at com.kms.katalon.core.keyword.builtin.CallTestCaseKeyword$_callTestCase_closure1.doCall(CallTestCaseKeyword.groovy:59)
	... 20 more
)

2021-03-26 09:21:41 - [TEST_CASE][FAILED] - Test Cases/common_test _cases/do_sign out: Test Cases/common_test _cases/do_sign out FAILED.
Reason:
com.kms.katalon.core.exception.StepFailedException: Fail to click on element
	at com.kms.katalon.core.util.KeywordUtil.markFailed(KeywordUtil.java:19)
	at com.kms.katalon.core.util.KeywordUtil$markFailed$1.call(Unknown Source)
	at com.wecomplete.keywords.TestBase.clickElement(TestBase.groovy:54)
	at com.wecomplete.keywords.TestBase.invokeMethod(TestBase.groovy)
	at com.kms.katalon.core.main.CustomKeywordDelegatingMetaClass.invokeStaticMethod(CustomKeywordDelegatingMetaClass.java:50)
	at do_sign out.run(do_sign out:21)
	at com.kms.katalon.core.main.ScriptEngine.run(ScriptEngine.java:194)
	at com.kms.katalon.core.main.ScriptEngine.runScriptAsRawText(ScriptEngine.java:119)
	at com.kms.katalon.core.main.TestCaseExecutor.runScript(TestCaseExecutor.java:337)
	at com.kms.katalon.core.main.TestCaseExecutor.doExecute(TestCaseExecutor.java:328)
	at com.kms.katalon.core.main.TestCaseExecutor.processExecutionPhase(TestCaseExecutor.java:307)
	at com.kms.katalon.core.main.TestCaseExecutor.accessMainPhase(TestCaseExecutor.java:299)
	at com.kms.katalon.core.main.TestCaseExecutor.execute(TestCaseExecutor.java:233)
	at com.kms.katalon.core.main.TestCaseMain.runTestCase(TestCaseMain.java:114)
	at com.kms.katalon.core.keyword.builtin.CallTestCaseKeyword$_callTestCase_closure1.doCall(CallTestCaseKeyword.groovy:59)
	at com.kms.katalon.core.keyword.builtin.CallTestCaseKeyword$_callTestCase_closure1.call(CallTestCaseKeyword.groovy)
	at com.kms.katalon.core.keyword.internal.KeywordMain.runKeyword(KeywordMain.groovy:68)
	at com.kms.katalon.core.keyword.builtin.CallTestCaseKeyword.callTestCase(CallTestCaseKeyword.groovy:81)
	at com.kms.katalon.core.keyword.builtin.CallTestCaseKeyword.execute(CallTestCaseKeyword.groovy:44)
	at com.kms.katalon.core.keyword.internal.KeywordExecutor.executeKeywordForPlatform(KeywordExecutor.groovy:60)
	at com.kms.katalon.core.keyword.BuiltinKeywords.callTestCase(BuiltinKeywords.groovy:334)
	at TC_025_Verify that New Business role user can assigned case to the Estate agent.run(TC_025_Verify that New Business role user can assigned case to the Estate agent:18)
	at com.kms.katalon.core.main.ScriptEngine.run(ScriptEngine.java:194)
	at com.kms.katalon.core.main.ScriptEngine.runScriptAsRawText(ScriptEngine.java:119)
	at com.kms.katalon.core.main.TestCaseExecutor.runScript(TestCaseExecutor.java:337)
	at com.kms.katalon.core.main.TestCaseExecutor.doExecute(TestCaseExecutor.java:328)
	at com.kms.katalon.core.main.TestCaseExecutor.processExecutionPhase(TestCaseExecutor.java:307)
	at com.kms.katalon.core.main.TestCaseExecutor.accessMainPhase(TestCaseExecutor.java:299)
	at com.kms.katalon.core.main.TestCaseExecutor.execute(TestCaseExecutor.java:233)
	at com.kms.katalon.core.main.TestSuiteExecutor.accessTestCaseMainPhase(TestSuiteExecutor.java:169)
	at com.kms.katalon.core.main.TestSuiteExecutor.accessTestSuiteMainPhase(TestSuiteExecutor.java:142)
	at com.kms.katalon.core.main.TestSuiteExecutor.execute(TestSuiteExecutor.java:91)
	at com.kms.katalon.core.main.TestCaseMain.startTestSuite(TestCaseMain.java:157)
	at com.kms.katalon.core.main.TestCaseMain$startTestSuite$0.call(Unknown Source)
	at TempTestSuite1616730151766.run(TempTestSuite1616730151766.groovy:36)


2021-03-26 09:21:41 - [TEST_STEP][PASSED] - scrollToElement(findTestObject("sign_out/user_profile"), shortTime): Scroll to object 'Object Repository/sign_out/user_profile' successfully

2021-03-26 09:21:42 - [MESSAGE][PASSED] - Scroll to object 'Object Repository/sign_out/user_profile' successfully

2021-03-26 09:21:42 - [TEST_STEP][FAILED] - com.wecomplete.keywords.TestBase.clickElement(findTestObject("Object Repository/sign_out/user_profile")): com.kms.katalon.core.exception.StepFailedException: Fail to click on element

2021-03-26 09:21:45 - [MESSAGE][FAILED] - Fail to click on element

2021-03-26 09:21:45 - [MESSAGE][FAILED] - com.kms.katalon.core.exception.StepFailedException: Fail to click on element

2021-03-26 09:21:45 - [TEST_STEP][FAILED] - com.wecomplete.keywords.TestBase.clickUsingJS(findTestObject("Object Repository/sign_out/sign_Out"), shortTime): java.lang.AssertionError: Web element with id: 'Object Repository/sign_out/sign_Out' located by 'By.xpath: //*[@class='logout-btn p-3']' not found

2021-03-26 09:21:52 - [MESSAGE][INFO] - Unable to find the element located by 'By.xpath: //*[@class='logout-btn p-3']'. Please recheck the objects properties to make sure the desired element is located. 

2021-03-26 09:21:52 - [MESSAGE][FAILED] - java.lang.AssertionError: Web element with id: 'Object Repository/sign_out/sign_Out' located by 'By.xpath: //*[@class='logout-btn p-3']' not found

2021-03-26 09:21:52 - [MESSAGE][FAILED] - Unable to call Test Case 'Test Cases/common_test _cases/do_sign out' (Root cause: com.kms.katalon.core.exception.StepFailedException: Call Test Case 'Test Cases/common_test _cases/do_sign out' failed
	at com.kms.katalon.core.keyword.builtin.CallTestCaseKeyword$_callTestCase_closure1.doCall(CallTestCaseKeyword.groovy:63)
	at com.kms.katalon.core.keyword.builtin.CallTestCaseKeyword$_callTestCase_closure1.call(CallTestCaseKeyword.groovy)
	at com.kms.katalon.core.keyword.internal.KeywordMain.runKeyword(KeywordMain.groovy:68)
	at com.kms.katalon.core.keyword.builtin.CallTestCaseKeyword.callTestCase(CallTestCaseKeyword.groovy:81)
	at com.kms.katalon.core.keyword.builtin.CallTestCaseKeyword.execute(CallTestCaseKeyword.groovy:44)
	at com.kms.katalon.core.keyword.internal.KeywordExecutor.executeKeywordForPlatform(KeywordExecutor.groovy:60)
	at com.kms.katalon.core.keyword.BuiltinKeywords.callTestCase(BuiltinKeywords.groovy:334)
	at TC_025_Verify that New Business role user can assigned case to the Estate agent.run(TC_025_Verify that New Business role user can assigned case to the Estate agent:18)
	at com.kms.katalon.core.main.ScriptEngine.run(ScriptEngine.java:194)
	at com.kms.katalon.core.main.ScriptEngine.runScriptAsRawText(ScriptEngine.java:119)
	at com.kms.katalon.core.main.TestCaseExecutor.runScript(TestCaseExecutor.java:337)
	at com.kms.katalon.core.main.TestCaseExecutor.doExecute(TestCaseExecutor.java:328)
	at com.kms.katalon.core.main.TestCaseExecutor.processExecutionPhase(TestCaseExecutor.java:307)
	at com.kms.katalon.core.main.TestCaseExecutor.accessMainPhase(TestCaseExecutor.java:299)
	at com.kms.katalon.core.main.TestCaseExecutor.execute(TestCaseExecutor.java:233)
	at com.kms.katalon.core.main.TestSuiteExecutor.accessTestCaseMainPhase(TestSuiteExecutor.java:169)
	at com.kms.katalon.core.main.TestSuiteExecutor.accessTestSuiteMainPhase(TestSuiteExecutor.java:142)
	at com.kms.katalon.core.main.TestSuiteExecutor.execute(TestSuiteExecutor.java:91)
	at com.kms.katalon.core.main.TestCaseMain.startTestSuite(TestCaseMain.java:157)
	at com.kms.katalon.core.main.TestCaseMain$startTestSuite$0.call(Unknown Source)
	at TempTestSuite1616730151766.run(TempTestSuite1616730151766.groovy:36)
Caused by: com.kms.katalon.core.exception.StepFailedException: Fail to click on element
	at com.kms.katalon.core.util.KeywordUtil.markFailed(KeywordUtil.java:19)
	at com.kms.katalon.core.util.KeywordUtil$markFailed$1.call(Unknown Source)
	at com.wecomplete.keywords.TestBase.clickElement(TestBase.groovy:54)
	at com.wecomplete.keywords.TestBase.invokeMethod(TestBase.groovy)
	at com.kms.katalon.core.main.CustomKeywordDelegatingMetaClass.invokeStaticMethod(CustomKeywordDelegatingMetaClass.java:50)
	at do_sign out.run(do_sign out:21)
	at com.kms.katalon.core.main.ScriptEngine.run(ScriptEngine.java:194)
	at com.kms.katalon.core.main.ScriptEngine.runScriptAsRawText(ScriptEngine.java:119)
	at com.kms.katalon.core.main.TestCaseExecutor.runScript(TestCaseExecutor.java:337)
	at com.kms.katalon.core.main.TestCaseExecutor.doExecute(TestCaseExecutor.java:328)
	at com.kms.katalon.core.main.TestCaseExecutor.processExecutionPhase(TestCaseExecutor.java:307)
	at com.kms.katalon.core.main.TestCaseExecutor.accessMainPhase(TestCaseExecutor.java:299)
	at com.kms.katalon.core.main.TestCaseExecutor.execute(TestCaseExecutor.java:233)
	at com.kms.katalon.core.main.TestCaseMain.runTestCase(TestCaseMain.java:114)
	at com.kms.katalon.core.keyword.builtin.CallTestCaseKeyword$_callTestCase_closure1.doCall(CallTestCaseKeyword.groovy:59)
	... 20 more
)

2021-03-26 09:21:52 - [TEST_STEP][FAILED] - callTestCase(findTestCase("common_test _cases/login_Page"), ["headerDashboard":headerDashboard, "loginId":EA1, "Password":Password, "baseEAUrl":baseEAUrl], CONTINUE_ON_FAILURE): Unable to call Test Case 'Test Cases/common_test _cases/login_Page' (Root cause: com.kms.katalon.core.exception.StepFailedException: Call Test Case 'Test Cases/common_test _cases/login_Page' failed
	at com.kms.katalon.core.keyword.builtin.CallTestCaseKeyword$_callTestCase_closure1.doCall(CallTestCaseKeyword.groovy:63)
	at com.kms.katalon.core.keyword.builtin.CallTestCaseKeyword$_callTestCase_closure1.call(CallTestCaseKeyword.groovy)
	at com.kms.katalon.core.keyword.internal.KeywordMain.runKeyword(KeywordMain.groovy:68)
	at com.kms.katalon.core.keyword.builtin.CallTestCaseKeyword.callTestCase(CallTestCaseKeyword.groovy:81)
	at com.kms.katalon.core.keyword.builtin.CallTestCaseKeyword.execute(CallTestCaseKeyword.groovy:44)
	at com.kms.katalon.core.keyword.internal.KeywordExecutor.executeKeywordForPlatform(KeywordExecutor.groovy:60)
	at com.kms.katalon.core.keyword.BuiltinKeywords.callTestCase(BuiltinKeywords.groovy:334)
	at TC_025_Verify that New Business role user can assigned case to the Estate agent.run(TC_025_Verify that New Business role user can assigned case to the Estate agent:19)
	at com.kms.katalon.core.main.ScriptEngine.run(ScriptEngine.java:194)
	at com.kms.katalon.core.main.ScriptEngine.runScriptAsRawText(ScriptEngine.java:119)
	at com.kms.katalon.core.main.TestCaseExecutor.runScript(TestCaseExecutor.java:337)
	at com.kms.katalon.core.main.TestCaseExecutor.doExecute(TestCaseExecutor.java:328)
	at com.kms.katalon.core.main.TestCaseExecutor.processExecutionPhase(TestCaseExecutor.java:307)
	at com.kms.katalon.core.main.TestCaseExecutor.accessMainPhase(TestCaseExecutor.java:299)
	at com.kms.katalon.core.main.TestCaseExecutor.execute(TestCaseExecutor.java:233)
	at com.kms.katalon.core.main.TestSuiteExecutor.accessTestCaseMainPhase(TestSuiteExecutor.java:169)
	at com.kms.katalon.core.main.TestSuiteExecutor.accessTestSuiteMainPhase(TestSuiteExecutor.java:142)
	at com.kms.katalon.core.main.TestSuiteExecutor.execute(TestSuiteExecutor.java:91)
	at com.kms.katalon.core.main.TestCaseMain.startTestSuite(TestCaseMain.java:157)
	at com.kms.katalon.core.main.TestCaseMain$startTestSuite$0.call(Unknown Source)
	at TempTestSuite1616730151766.run(TempTestSuite1616730151766.groovy:36)
Caused by: com.kms.katalon.core.exception.StepFailedException: Element is not present
	at com.kms.katalon.core.util.KeywordUtil.markFailed(KeywordUtil.java:19)
	at com.kms.katalon.core.util.KeywordUtil$markFailed$1.call(Unknown Source)
	at com.wecomplete.keywords.TestBase.isElementPresent(TestBase.groovy:96)
	at com.wecomplete.keywords.TestBase.invokeMethod(TestBase.groovy)
	at com.kms.katalon.core.main.CustomKeywordDelegatingMetaClass.invokeStaticMethod(CustomKeywordDelegatingMetaClass.java:50)
	at login_Page.run(login_Page:25)
	at com.kms.katalon.core.main.ScriptEngine.run(ScriptEngine.java:194)
	at com.kms.katalon.core.main.ScriptEngine.runScriptAsRawText(ScriptEngine.java:119)
	at com.kms.katalon.core.main.TestCaseExecutor.runScript(TestCaseExecutor.java:337)
	at com.kms.katalon.core.main.TestCaseExecutor.doExecute(TestCaseExecutor.java:328)
	at com.kms.katalon.core.main.TestCaseExecutor.processExecutionPhase(TestCaseExecutor.java:307)
	at com.kms.katalon.core.main.TestCaseExecutor.accessMainPhase(TestCaseExecutor.java:299)
	at com.kms.katalon.core.main.TestCaseExecutor.execute(TestCaseExecutor.java:233)
	at com.kms.katalon.core.main.TestCaseMain.runTestCase(TestCaseMain.java:114)
	at com.kms.katalon.core.keyword.builtin.CallTestCaseKeyword$_callTestCase_closure1.doCall(CallTestCaseKeyword.groovy:59)
	... 20 more
)

2021-03-26 09:21:52 - [TEST_CASE][FAILED] - Test Cases/common_test _cases/login_Page: Test Cases/common_test _cases/login_Page FAILED.
Reason:
com.kms.katalon.core.exception.StepFailedException: Element is not present
	at com.kms.katalon.core.util.KeywordUtil.markFailed(KeywordUtil.java:19)
	at com.kms.katalon.core.util.KeywordUtil$markFailed$1.call(Unknown Source)
	at com.wecomplete.keywords.TestBase.isElementPresent(TestBase.groovy:96)
	at com.wecomplete.keywords.TestBase.invokeMethod(TestBase.groovy)
	at com.kms.katalon.core.main.CustomKeywordDelegatingMetaClass.invokeStaticMethod(CustomKeywordDelegatingMetaClass.java:50)
	at login_Page.run(login_Page:25)
	at com.kms.katalon.core.main.ScriptEngine.run(ScriptEngine.java:194)
	at com.kms.katalon.core.main.ScriptEngine.runScriptAsRawText(ScriptEngine.java:119)
	at com.kms.katalon.core.main.TestCaseExecutor.runScript(TestCaseExecutor.java:337)
	at com.kms.katalon.core.main.TestCaseExecutor.doExecute(TestCaseExecutor.java:328)
	at com.kms.katalon.core.main.TestCaseExecutor.processExecutionPhase(TestCaseExecutor.java:307)
	at com.kms.katalon.core.main.TestCaseExecutor.accessMainPhase(TestCaseExecutor.java:299)
	at com.kms.katalon.core.main.TestCaseExecutor.execute(TestCaseExecutor.java:233)
	at com.kms.katalon.core.main.TestCaseMain.runTestCase(TestCaseMain.java:114)
	at com.kms.katalon.core.keyword.builtin.CallTestCaseKeyword$_callTestCase_closure1.doCall(CallTestCaseKeyword.groovy:59)
	at com.kms.katalon.core.keyword.builtin.CallTestCaseKeyword$_callTestCase_closure1.call(CallTestCaseKeyword.groovy)
	at com.kms.katalon.core.keyword.internal.KeywordMain.runKeyword(KeywordMain.groovy:68)
	at com.kms.katalon.core.keyword.builtin.CallTestCaseKeyword.callTestCase(CallTestCaseKeyword.groovy:81)
	at com.kms.katalon.core.keyword.builtin.CallTestCaseKeyword.execute(CallTestCaseKeyword.groovy:44)
	at com.kms.katalon.core.keyword.internal.KeywordExecutor.executeKeywordForPlatform(KeywordExecutor.groovy:60)
	at com.kms.katalon.core.keyword.BuiltinKeywords.callTestCase(BuiltinKeywords.groovy:334)
	at TC_025_Verify that New Business role user can assigned case to the Estate agent.run(TC_025_Verify that New Business role user can assigned case to the Estate agent:19)
	at com.kms.katalon.core.main.ScriptEngine.run(ScriptEngine.java:194)
	at com.kms.katalon.core.main.ScriptEngine.runScriptAsRawText(ScriptEngine.java:119)
	at com.kms.katalon.core.main.TestCaseExecutor.runScript(TestCaseExecutor.java:337)
	at com.kms.katalon.core.main.TestCaseExecutor.doExecute(TestCaseExecutor.java:328)
	at com.kms.katalon.core.main.TestCaseExecutor.processExecutionPhase(TestCaseExecutor.java:307)
	at com.kms.katalon.core.main.TestCaseExecutor.accessMainPhase(TestCaseExecutor.java:299)
	at com.kms.katalon.core.main.TestCaseExecutor.execute(TestCaseExecutor.java:233)
	at com.kms.katalon.core.main.TestSuiteExecutor.accessTestCaseMainPhase(TestSuiteExecutor.java:169)
	at com.kms.katalon.core.main.TestSuiteExecutor.accessTestSuiteMainPhase(TestSuiteExecutor.java:142)
	at com.kms.katalon.core.main.TestSuiteExecutor.execute(TestSuiteExecutor.java:91)
	at com.kms.katalon.core.main.TestCaseMain.startTestSuite(TestCaseMain.java:157)
	at com.kms.katalon.core.main.TestCaseMain$startTestSuite$0.call(Unknown Source)
	at TempTestSuite1616730151766.run(TempTestSuite1616730151766.groovy:36)


2021-03-26 09:21:52 - [TEST_STEP][PASSED] - navigateToUrl(baseEAUrl + "/ph", STOP_ON_FAILURE): Navigate to 'https://imovehome.icompleteonline.co.uk/ph' successfully

2021-03-26 09:21:56 - [MESSAGE][PASSED] - Navigate to 'https://imovehome.icompleteonline.co.uk/ph' successfully

2021-03-26 09:21:56 - [TEST_STEP][FAILED] - com.wecomplete.keywords.TestBase.isElementPresent(findTestObject("Object Repository/login_Page/tab_login"), shortTime): com.kms.katalon.core.exception.StepFailedException: Element is not present

2021-03-26 09:22:03 - [MESSAGE][INFO] - Unable to find the element located by 'By.xpath: //*[@class='col-xs-6 col-sm-6 col-md-6 col-lg-6 col-6 nav-hover ng-star-inserted']//p[contains(text(),'Login')]'. Please recheck the objects properties to make sure the desired element is located. 

2021-03-26 09:22:03 - [MESSAGE][FAILED] - Element is not present

2021-03-26 09:22:03 - [MESSAGE][FAILED] - com.kms.katalon.core.exception.StepFailedException: Element is not present

2021-03-26 09:22:03 - [TEST_STEP][FAILED] - com.wecomplete.keywords.TestBase.isElementPresent(findTestObject("Object Repository/login_Page/header_login"), shortTime): com.kms.katalon.core.exception.StepFailedException: Element is not present

2021-03-26 09:22:10 - [MESSAGE][INFO] - Unable to find the element located by 'By.xpath: //*[@class='col-xs-12 col-sm-12 col-md-12 col-lg-12 fields-padding']//p[contains(text(),'Login')]'. Please recheck the objects properties to make sure the desired element is located. 

2021-03-26 09:22:10 - [MESSAGE][FAILED] - Element is not present

2021-03-26 09:22:10 - [MESSAGE][FAILED] - com.kms.katalon.core.exception.StepFailedException: Element is not present

2021-03-26 09:22:10 - [TEST_STEP][FAILED] - com.wecomplete.keywords.TestBase.sendkeyElement(findTestObject("Object Repository/login_Page/input_login_id"), loginId): java.lang.AssertionError: Web element with id: 'Object Repository/login_Page/input_login_id' located by 'By.xpath: //input[@placeholder='Enter login id']' not found

2021-03-26 09:22:53 - [MESSAGE][INFO] - Unable to find the element located by 'By.xpath: //input[@placeholder='Enter login id']'. Please recheck the objects properties to make sure the desired element is located. 

2021-03-26 09:22:53 - [MESSAGE][FAILED] - java.lang.AssertionError: Web element with id: 'Object Repository/login_Page/input_login_id' located by 'By.xpath: //input[@placeholder='Enter login id']' not found

2021-03-26 09:22:53 - [MESSAGE][FAILED] - Unable to call Test Case 'Test Cases/common_test _cases/login_Page' (Root cause: com.kms.katalon.core.exception.StepFailedException: Call Test Case 'Test Cases/common_test _cases/login_Page' failed
	at com.kms.katalon.core.keyword.builtin.CallTestCaseKeyword$_callTestCase_closure1.doCall(CallTestCaseKeyword.groovy:63)
	at com.kms.katalon.core.keyword.builtin.CallTestCaseKeyword$_callTestCase_closure1.call(CallTestCaseKeyword.groovy)
	at com.kms.katalon.core.keyword.internal.KeywordMain.runKeyword(KeywordMain.groovy:68)
	at com.kms.katalon.core.keyword.builtin.CallTestCaseKeyword.callTestCase(CallTestCaseKeyword.groovy:81)
	at com.kms.katalon.core.keyword.builtin.CallTestCaseKeyword.execute(CallTestCaseKeyword.groovy:44)
	at com.kms.katalon.core.keyword.internal.KeywordExecutor.executeKeywordForPlatform(KeywordExecutor.groovy:60)
	at com.kms.katalon.core.keyword.BuiltinKeywords.callTestCase(BuiltinKeywords.groovy:334)
	at TC_025_Verify that New Business role user can assigned case to the Estate agent.run(TC_025_Verify that New Business role user can assigned case to the Estate agent:19)
	at com.kms.katalon.core.main.ScriptEngine.run(ScriptEngine.java:194)
	at com.kms.katalon.core.main.ScriptEngine.runScriptAsRawText(ScriptEngine.java:119)
	at com.kms.katalon.core.main.TestCaseExecutor.runScript(TestCaseExecutor.java:337)
	at com.kms.katalon.core.main.TestCaseExecutor.doExecute(TestCaseExecutor.java:328)
	at com.kms.katalon.core.main.TestCaseExecutor.processExecutionPhase(TestCaseExecutor.java:307)
	at com.kms.katalon.core.main.TestCaseExecutor.accessMainPhase(TestCaseExecutor.java:299)
	at com.kms.katalon.core.main.TestCaseExecutor.execute(TestCaseExecutor.java:233)
	at com.kms.katalon.core.main.TestSuiteExecutor.accessTestCaseMainPhase(TestSuiteExecutor.java:169)
	at com.kms.katalon.core.main.TestSuiteExecutor.accessTestSuiteMainPhase(TestSuiteExecutor.java:142)
	at com.kms.katalon.core.main.TestSuiteExecutor.execute(TestSuiteExecutor.java:91)
	at com.kms.katalon.core.main.TestCaseMain.startTestSuite(TestCaseMain.java:157)
	at com.kms.katalon.core.main.TestCaseMain$startTestSuite$0.call(Unknown Source)
	at TempTestSuite1616730151766.run(TempTestSuite1616730151766.groovy:36)
Caused by: com.kms.katalon.core.exception.StepFailedException: Element is not present
	at com.kms.katalon.core.util.KeywordUtil.markFailed(KeywordUtil.java:19)
	at com.kms.katalon.core.util.KeywordUtil$markFailed$1.call(Unknown Source)
	at com.wecomplete.keywords.TestBase.isElementPresent(TestBase.groovy:96)
	at com.wecomplete.keywords.TestBase.invokeMethod(TestBase.groovy)
	at com.kms.katalon.core.main.CustomKeywordDelegatingMetaClass.invokeStaticMethod(CustomKeywordDelegatingMetaClass.java:50)
	at login_Page.run(login_Page:25)
	at com.kms.katalon.core.main.ScriptEngine.run(ScriptEngine.java:194)
	at com.kms.katalon.core.main.ScriptEngine.runScriptAsRawText(ScriptEngine.java:119)
	at com.kms.katalon.core.main.TestCaseExecutor.runScript(TestCaseExecutor.java:337)
	at com.kms.katalon.core.main.TestCaseExecutor.doExecute(TestCaseExecutor.java:328)
	at com.kms.katalon.core.main.TestCaseExecutor.processExecutionPhase(TestCaseExecutor.java:307)
	at com.kms.katalon.core.main.TestCaseExecutor.accessMainPhase(TestCaseExecutor.java:299)
	at com.kms.katalon.core.main.TestCaseExecutor.execute(TestCaseExecutor.java:233)
	at com.kms.katalon.core.main.TestCaseMain.runTestCase(TestCaseMain.java:114)
	at com.kms.katalon.core.keyword.builtin.CallTestCaseKeyword$_callTestCase_closure1.doCall(CallTestCaseKeyword.groovy:59)
	... 20 more
)

2021-03-26 09:22:53 - [TEST_STEP][PASSED] - waitForPageLoad(longTime): Wait for page load successfully

2021-03-26 09:22:53 - [MESSAGE][PASSED] - Wait for page load successfully

2021-03-26 09:22:53 - [TEST_STEP][PASSED] - if (verifyElementPresent(findTestObject("Object Repository/Dashborad/tab_Quotes Accepted"), shortTime) == true): null

2021-03-26 09:22:53 - [MESSAGE][PASSED] - Object 'Object Repository/Dashborad/tab_Quotes Accepted' is present

2021-03-26 09:22:53 - [TEST_STEP][PASSED] - com.wecomplete.keywords.TestBase.clickUsingJS(findTestObject("Object Repository/Dashborad/tab_Quotes Accepted"), shortTime): Element has been clicked

2021-03-26 09:22:54 - [MESSAGE][INFO] - Clicking element

2021-03-26 09:22:54 - [MESSAGE][PASSED] - Element has been clicked

2021-03-26 09:22:54 - [TEST_STEP][PASSED] - scrollToElement(findTestObject("Object Repository/Dashborad/icon_Filter"), shortTime): Scroll to object 'Object Repository/Dashborad/icon_Filter' successfully

2021-03-26 09:22:57 - [MESSAGE][PASSED] - Scroll to object 'Object Repository/Dashborad/icon_Filter' successfully

2021-03-26 09:22:57 - [TEST_STEP][PASSED] - com.wecomplete.keywords.TestBase.clickUsingJS(findTestObject("Object Repository/Dashborad/icon_Filter"), shortTime): Element has been clicked

2021-03-26 09:22:57 - [MESSAGE][INFO] - Clicking element

2021-03-26 09:22:57 - [MESSAGE][PASSED] - Element has been clicked

2021-03-26 09:22:57 - [TEST_STEP][PASSED] - com.wecomplete.keywords.TestBase.clickUsingJS(findTestObject("Quote/Selling_Property_Details_Page/toggle_Commercial"), shortTime): Element has been clicked

2021-03-26 09:22:58 - [MESSAGE][INFO] - Clicking element

2021-03-26 09:22:58 - [MESSAGE][PASSED] - Element has been clicked

2021-03-26 09:22:58 - [TEST_STEP][PASSED] - com.wecomplete.keywords.TestBase.clickUsingJS(findTestObject("Quote/Selling_Property_Details_Page/toggle_Leasehold"), shortTime): Element has been clicked

2021-03-26 09:22:58 - [MESSAGE][INFO] - Clicking element

2021-03-26 09:22:58 - [MESSAGE][PASSED] - Element has been clicked

2021-03-26 09:22:58 - [TEST_STEP][PASSED] - com.wecomplete.keywords.TestBase.sendkeyElement(findTestObject("Object Repository/Dashborad/input_Property Post Code"), postCode): Sendkey value has been send

2021-03-26 09:23:02 - [MESSAGE][PASSED] - Element has been cleared

2021-03-26 09:23:05 - [MESSAGE][PASSED] - Sendkey value has been send

2021-03-26 09:23:05 - [TEST_STEP][PASSED] - if (verifyElementClickable(findTestObject("Object Repository/Dashborad/btn_Apply"), STOP_ON_FAILURE) == true): null

2021-03-26 09:23:06 - [MESSAGE][PASSED] - Object 'Object Repository/Dashborad/btn_Apply' is clickable

2021-03-26 09:23:06 - [TEST_STEP][PASSED] - com.wecomplete.keywords.TestBase.clickUsingJS(findTestObject("Object Repository/Dashborad/btn_Apply"), shortTime): Element has been clicked

2021-03-26 09:23:06 - [MESSAGE][INFO] - Clicking element

2021-03-26 09:23:06 - [MESSAGE][PASSED] - Element has been clicked

2021-03-26 09:23:06 - [TEST_STEP][PASSED] - if (verifyElementPresent(findTestObject("Object Repository/Dashborad/get_first_Quote_on_tab"), shortTime) == true): null

2021-03-26 09:23:09 - [MESSAGE][PASSED] - Object 'Object Repository/Dashborad/get_first_Quote_on_tab' is present

2021-03-26 09:23:09 - [TEST_STEP][PASSED] - com.wecomplete.keywords.TestBase.getText(findTestObject("Object Repository/Dashborad/get_first_Quote_on_tab"), firstPropertyDetails): Verifed actule & expected data

2021-03-26 09:23:09 - [MESSAGE][INFO] - Get actule text

2021-03-26 09:23:09 - [MESSAGE][PASSED] - Verifed actule & expected data

2021-03-26 09:23:09 - [TEST_STEP][FAILED] - if (verifyElementClickable(findTestObject("Dashborad/btn_AssignTo"), STOP_ON_FAILURE) == true): Unable to verify object 'Object Repository/Dashborad/btn_AssignTo' to be clickable (Root cause: com.kms.katalon.core.exception.StepFailedException: Unable to verify object 'Object Repository/Dashborad/btn_AssignTo' to be clickable
	at com.kms.katalon.core.webui.keyword.internal.WebUIKeywordMain.stepFailed(WebUIKeywordMain.groovy:64)
	at com.kms.katalon.core.webui.keyword.internal.WebUIKeywordMain.runKeyword(WebUIKeywordMain.groovy:26)
	at com.kms.katalon.core.webui.keyword.builtin.VerifyElementClickableKeyword.verifyElementClickable(VerifyElementClickableKeyword.groovy:96)
	at com.kms.katalon.core.webui.keyword.builtin.VerifyElementClickableKeyword.execute(VerifyElementClickableKeyword.groovy:67)
	at com.kms.katalon.core.keyword.internal.KeywordExecutor.executeKeywordForPlatform(KeywordExecutor.groovy:60)
	at com.kms.katalon.core.webui.keyword.WebUiBuiltInKeywords.verifyElementClickable(WebUiBuiltInKeywords.groovy:548)
	at com.kms.katalon.core.webui.keyword.WebUiBuiltInKeywords$verifyElementClickable$9.call(Unknown Source)
	at TC_025_Verify that New Business role user can assigned case to the Estate agent.run(TC_025_Verify that New Business role user can assigned case to the Estate agent:65)
	at com.kms.katalon.core.main.ScriptEngine.run(ScriptEngine.java:194)
	at com.kms.katalon.core.main.ScriptEngine.runScriptAsRawText(ScriptEngine.java:119)
	at com.kms.katalon.core.main.TestCaseExecutor.runScript(TestCaseExecutor.java:337)
	at com.kms.katalon.core.main.TestCaseExecutor.doExecute(TestCaseExecutor.java:328)
	at com.kms.katalon.core.main.TestCaseExecutor.processExecutionPhase(TestCaseExecutor.java:307)
	at com.kms.katalon.core.main.TestCaseExecutor.accessMainPhase(TestCaseExecutor.java:299)
	at com.kms.katalon.core.main.TestCaseExecutor.execute(TestCaseExecutor.java:233)
	at com.kms.katalon.core.main.TestSuiteExecutor.accessTestCaseMainPhase(TestSuiteExecutor.java:169)
	at com.kms.katalon.core.main.TestSuiteExecutor.accessTestSuiteMainPhase(TestSuiteExecutor.java:142)
	at com.kms.katalon.core.main.TestSuiteExecutor.execute(TestSuiteExecutor.java:91)
	at com.kms.katalon.core.main.TestCaseMain.startTestSuite(TestCaseMain.java:157)
	at com.kms.katalon.core.main.TestCaseMain$startTestSuite$0.call(Unknown Source)
	at TempTestSuite1616730151766.run(TempTestSuite1616730151766.groovy:36)
Caused by: com.kms.katalon.core.exception.StepFailedException: Web element with id: 'Object Repository/Dashborad/btn_AssignTo' located by 'By.xpath: //section[1]//button[contains(text(),'Assign to')]' not found
	at com.kms.katalon.core.webui.keyword.internal.WebUIKeywordMain.stepFailed(WebUIKeywordMain.groovy:64)
	at com.kms.katalon.core.webui.keyword.builtin.VerifyElementClickableKeyword$_verifyElementClickable_closure1.doCall(VerifyElementClickableKeyword.groovy:88)
	at com.kms.katalon.core.webui.keyword.builtin.VerifyElementClickableKeyword$_verifyElementClickable_closure1.call(VerifyElementClickableKeyword.groovy)
	at com.kms.katalon.core.webui.keyword.internal.WebUIKeywordMain.runKeyword(WebUIKeywordMain.groovy:20)
	... 19 more
)

2021-03-26 09:23:52 - [MESSAGE][INFO] - Unable to find the element located by 'By.xpath: //section[1]//button[contains(text(),'Assign to')]'. Please recheck the objects properties to make sure the desired element is located. 

2021-03-26 09:23:53 - [MESSAGE][FAILED] - Web element with id: 'Object Repository/Dashborad/btn_AssignTo' located by 'By.xpath: //section[1]//button[contains(text(),'Assign to')]' not found (Root cause: com.kms.katalon.core.exception.StepFailedException: Web element with id: 'Object Repository/Dashborad/btn_AssignTo' located by 'By.xpath: //section[1]//button[contains(text(),'Assign to')]' not found
	at com.kms.katalon.core.webui.keyword.internal.WebUIKeywordMain.stepFailed(WebUIKeywordMain.groovy:64)
	at com.kms.katalon.core.webui.keyword.builtin.VerifyElementClickableKeyword$_verifyElementClickable_closure1.doCall(VerifyElementClickableKeyword.groovy:88)
	at com.kms.katalon.core.webui.keyword.builtin.VerifyElementClickableKeyword$_verifyElementClickable_closure1.call(VerifyElementClickableKeyword.groovy)
	at com.kms.katalon.core.webui.keyword.internal.WebUIKeywordMain.runKeyword(WebUIKeywordMain.groovy:20)
	at com.kms.katalon.core.webui.keyword.builtin.VerifyElementClickableKeyword.verifyElementClickable(VerifyElementClickableKeyword.groovy:96)
	at com.kms.katalon.core.webui.keyword.builtin.VerifyElementClickableKeyword.execute(VerifyElementClickableKeyword.groovy:67)
	at com.kms.katalon.core.keyword.internal.KeywordExecutor.executeKeywordForPlatform(KeywordExecutor.groovy:60)
	at com.kms.katalon.core.webui.keyword.WebUiBuiltInKeywords.verifyElementClickable(WebUiBuiltInKeywords.groovy:548)
	at com.kms.katalon.core.webui.keyword.WebUiBuiltInKeywords$verifyElementClickable$9.call(Unknown Source)
	at TC_025_Verify that New Business role user can assigned case to the Estate agent.run(TC_025_Verify that New Business role user can assigned case to the Estate agent:65)
	at com.kms.katalon.core.main.ScriptEngine.run(ScriptEngine.java:194)
	at com.kms.katalon.core.main.ScriptEngine.runScriptAsRawText(ScriptEngine.java:119)
	at com.kms.katalon.core.main.TestCaseExecutor.runScript(TestCaseExecutor.java:337)
	at com.kms.katalon.core.main.TestCaseExecutor.doExecute(TestCaseExecutor.java:328)
	at com.kms.katalon.core.main.TestCaseExecutor.processExecutionPhase(TestCaseExecutor.java:307)
	at com.kms.katalon.core.main.TestCaseExecutor.accessMainPhase(TestCaseExecutor.java:299)
	at com.kms.katalon.core.main.TestCaseExecutor.execute(TestCaseExecutor.java:233)
	at com.kms.katalon.core.main.TestSuiteExecutor.accessTestCaseMainPhase(TestSuiteExecutor.java:169)
	at com.kms.katalon.core.main.TestSuiteExecutor.accessTestSuiteMainPhase(TestSuiteExecutor.java:142)
	at com.kms.katalon.core.main.TestSuiteExecutor.execute(TestSuiteExecutor.java:91)
	at com.kms.katalon.core.main.TestCaseMain.startTestSuite(TestCaseMain.java:157)
	at com.kms.katalon.core.main.TestCaseMain$startTestSuite$0.call(Unknown Source)
	at TempTestSuite1616730151766.run(TempTestSuite1616730151766.groovy:36)
)
[[ATTACHMENT|C:\\Users\\pritig\\Downloads\\WeComplete\\Reports\\20210326_091231\\Sanity Test\\20210326_091231\\1616730832933.png]]

2021-03-26 09:23:53 - [MESSAGE][FAILED] - Unable to verify object 'Object Repository/Dashborad/btn_AssignTo' to be clickable (Root cause: com.kms.katalon.core.exception.StepFailedException: Unable to verify object 'Object Repository/Dashborad/btn_AssignTo' to be clickable
	at com.kms.katalon.core.webui.keyword.internal.WebUIKeywordMain.stepFailed(WebUIKeywordMain.groovy:64)
	at com.kms.katalon.core.webui.keyword.internal.WebUIKeywordMain.runKeyword(WebUIKeywordMain.groovy:26)
	at com.kms.katalon.core.webui.keyword.builtin.VerifyElementClickableKeyword.verifyElementClickable(VerifyElementClickableKeyword.groovy:96)
	at com.kms.katalon.core.webui.keyword.builtin.VerifyElementClickableKeyword.execute(VerifyElementClickableKeyword.groovy:67)
	at com.kms.katalon.core.keyword.internal.KeywordExecutor.executeKeywordForPlatform(KeywordExecutor.groovy:60)
	at com.kms.katalon.core.webui.keyword.WebUiBuiltInKeywords.verifyElementClickable(WebUiBuiltInKeywords.groovy:548)
	at com.kms.katalon.core.webui.keyword.WebUiBuiltInKeywords$verifyElementClickable$9.call(Unknown Source)
	at TC_025_Verify that New Business role user can assigned case to the Estate agent.run(TC_025_Verify that New Business role user can assigned case to the Estate agent:65)
	at com.kms.katalon.core.main.ScriptEngine.run(ScriptEngine.java:194)
	at com.kms.katalon.core.main.ScriptEngine.runScriptAsRawText(ScriptEngine.java:119)
	at com.kms.katalon.core.main.TestCaseExecutor.runScript(TestCaseExecutor.java:337)
	at com.kms.katalon.core.main.TestCaseExecutor.doExecute(TestCaseExecutor.java:328)
	at com.kms.katalon.core.main.TestCaseExecutor.processExecutionPhase(TestCaseExecutor.java:307)
	at com.kms.katalon.core.main.TestCaseExecutor.accessMainPhase(TestCaseExecutor.java:299)
	at com.kms.katalon.core.main.TestCaseExecutor.execute(TestCaseExecutor.java:233)
	at com.kms.katalon.core.main.TestSuiteExecutor.accessTestCaseMainPhase(TestSuiteExecutor.java:169)
	at com.kms.katalon.core.main.TestSuiteExecutor.accessTestSuiteMainPhase(TestSuiteExecutor.java:142)
	at com.kms.katalon.core.main.TestSuiteExecutor.execute(TestSuiteExecutor.java:91)
	at com.kms.katalon.core.main.TestCaseMain.startTestSuite(TestCaseMain.java:157)
	at com.kms.katalon.core.main.TestCaseMain$startTestSuite$0.call(Unknown Source)
	at TempTestSuite1616730151766.run(TempTestSuite1616730151766.groovy:36)
Caused by: com.kms.katalon.core.exception.StepFailedException: Web element with id: 'Object Repository/Dashborad/btn_AssignTo' located by 'By.xpath: //section[1]//button[contains(text(),'Assign to')]' not found
	at com.kms.katalon.core.webui.keyword.internal.WebUIKeywordMain.stepFailed(WebUIKeywordMain.groovy:64)
	at com.kms.katalon.core.webui.keyword.builtin.VerifyElementClickableKeyword$_verifyElementClickable_closure1.doCall(VerifyElementClickableKeyword.groovy:88)
	at com.kms.katalon.core.webui.keyword.builtin.VerifyElementClickableKeyword$_verifyElementClickable_closure1.call(VerifyElementClickableKeyword.groovy)
	at com.kms.katalon.core.webui.keyword.internal.WebUIKeywordMain.runKeyword(WebUIKeywordMain.groovy:20)
	... 19 more
)
[[ATTACHMENT|C:\\Users\\pritig\\Downloads\\WeComplete\\Reports\\20210326_091231\\Sanity Test\\20210326_091231\\1616730833186.png]]

2021-03-26 09:23:53 - [TEST_STEP][PASSED] - Start listener action : sampleAfterTestCase: null

2021-03-26 09:23:53 - [TEST_STEP][PASSED] - println(testCaseContext.getTestCaseId()): null

2021-03-26 09:23:53 - [TEST_STEP][PASSED] - println(testCaseContext.getTestCaseStatus()): null

2021-03-26 09:23:55 - [TEST_STEP][PASSED] - Video: Video recording for test case 'Test Cases/Sanity_Test/TC_025_Verify that New Business role user can assigned case to the Estate agent' .

2021-03-26 09:23:55 - [MESSAGE][INFO] - Video recording for test case 'Test Cases/Sanity_Test/TC_025_Verify that New Business role user can assigned case to the Estate agent' .
[[ATTACHMENT|C:\\Users\\pritig\\Downloads\\WeComplete\\Reports\\20210326_091231\\Sanity Test\\20210326_091231/videos\\test_25.avi]]]]></system-out>
         <system-err><![CDATA[2021-03-26 09:21:41 - [TEST_CASE][FAILED] - Test Cases/Sanity_Test/TC_025_Verify that New Business role user can assigned case to the Estate agent: Test Cases/Sanity_Test/TC_025_Verify that New Business role user can assigned case to the Estate agent FAILED.
Reason:
com.kms.katalon.core.exception.StepFailedException: Unable to call Test Case 'Test Cases/common_test _cases/do_sign out' (Root cause: com.kms.katalon.core.exception.StepFailedException: Call Test Case 'Test Cases/common_test _cases/do_sign out' failed
	at com.kms.katalon.core.keyword.builtin.CallTestCaseKeyword$_callTestCase_closure1.doCall(CallTestCaseKeyword.groovy:63)
	at com.kms.katalon.core.keyword.builtin.CallTestCaseKeyword$_callTestCase_closure1.call(CallTestCaseKeyword.groovy)
	at com.kms.katalon.core.keyword.internal.KeywordMain.runKeyword(KeywordMain.groovy:68)
	at com.kms.katalon.core.keyword.builtin.CallTestCaseKeyword.callTestCase(CallTestCaseKeyword.groovy:81)
	at com.kms.katalon.core.keyword.builtin.CallTestCaseKeyword.execute(CallTestCaseKeyword.groovy:44)
	at com.kms.katalon.core.keyword.internal.KeywordExecutor.executeKeywordForPlatform(KeywordExecutor.groovy:60)
	at com.kms.katalon.core.keyword.BuiltinKeywords.callTestCase(BuiltinKeywords.groovy:334)
	at TC_025_Verify that New Business role user can assigned case to the Estate agent.run(TC_025_Verify that New Business role user can assigned case to the Estate agent:18)
	at com.kms.katalon.core.main.ScriptEngine.run(ScriptEngine.java:194)
	at com.kms.katalon.core.main.ScriptEngine.runScriptAsRawText(ScriptEngine.java:119)
	at com.kms.katalon.core.main.TestCaseExecutor.runScript(TestCaseExecutor.java:337)
	at com.kms.katalon.core.main.TestCaseExecutor.doExecute(TestCaseExecutor.java:328)
	at com.kms.katalon.core.main.TestCaseExecutor.processExecutionPhase(TestCaseExecutor.java:307)
	at com.kms.katalon.core.main.TestCaseExecutor.accessMainPhase(TestCaseExecutor.java:299)
	at com.kms.katalon.core.main.TestCaseExecutor.execute(TestCaseExecutor.java:233)
	at com.kms.katalon.core.main.TestSuiteExecutor.accessTestCaseMainPhase(TestSuiteExecutor.java:169)
	at com.kms.katalon.core.main.TestSuiteExecutor.accessTestSuiteMainPhase(TestSuiteExecutor.java:142)
	at com.kms.katalon.core.main.TestSuiteExecutor.execute(TestSuiteExecutor.java:91)
	at com.kms.katalon.core.main.TestCaseMain.startTestSuite(TestCaseMain.java:157)
	at com.kms.katalon.core.main.TestCaseMain$startTestSuite$0.call(Unknown Source)
	at TempTestSuite1616730151766.run(TempTestSuite1616730151766.groovy:36)
Caused by: com.kms.katalon.core.exception.StepFailedException: Fail to click on element
	at com.kms.katalon.core.util.KeywordUtil.markFailed(KeywordUtil.java:19)
	at com.kms.katalon.core.util.KeywordUtil$markFailed$1.call(Unknown Source)
	at com.wecomplete.keywords.TestBase.clickElement(TestBase.groovy:54)
	at com.wecomplete.keywords.TestBase.invokeMethod(TestBase.groovy)
	at com.kms.katalon.core.main.CustomKeywordDelegatingMetaClass.invokeStaticMethod(CustomKeywordDelegatingMetaClass.java:50)
	at do_sign out.run(do_sign out:21)
	at com.kms.katalon.core.main.ScriptEngine.run(ScriptEngine.java:194)
	at com.kms.katalon.core.main.ScriptEngine.runScriptAsRawText(ScriptEngine.java:119)
	at com.kms.katalon.core.main.TestCaseExecutor.runScript(TestCaseExecutor.java:337)
	at com.kms.katalon.core.main.TestCaseExecutor.doExecute(TestCaseExecutor.java:328)
	at com.kms.katalon.core.main.TestCaseExecutor.processExecutionPhase(TestCaseExecutor.java:307)
	at com.kms.katalon.core.main.TestCaseExecutor.accessMainPhase(TestCaseExecutor.java:299)
	at com.kms.katalon.core.main.TestCaseExecutor.execute(TestCaseExecutor.java:233)
	at com.kms.katalon.core.main.TestCaseMain.runTestCase(TestCaseMain.java:114)
	at com.kms.katalon.core.keyword.builtin.CallTestCaseKeyword$_callTestCase_closure1.doCall(CallTestCaseKeyword.groovy:59)
	... 20 more
)
	at com.kms.katalon.core.keyword.internal.KeywordMain.stepFailed(KeywordMain.groovy:39)
	at com.kms.katalon.core.keyword.internal.KeywordMain.stepFailed(KeywordMain.groovy)
	at com.kms.katalon.core.keyword.internal.KeywordMain.runKeyword(KeywordMain.groovy:70)
	at com.kms.katalon.core.keyword.builtin.CallTestCaseKeyword.callTestCase(CallTestCaseKeyword.groovy:81)
	at com.kms.katalon.core.keyword.builtin.CallTestCaseKeyword.execute(CallTestCaseKeyword.groovy:44)
	at com.kms.katalon.core.keyword.internal.KeywordExecutor.executeKeywordForPlatform(KeywordExecutor.groovy:60)
	at com.kms.katalon.core.keyword.BuiltinKeywords.callTestCase(BuiltinKeywords.groovy:334)
	at TC_025_Verify that New Business role user can assigned case to the Estate agent.run(TC_025_Verify that New Business role user can assigned case to the Estate agent:18)
	at com.kms.katalon.core.main.ScriptEngine.run(ScriptEngine.java:194)
	at com.kms.katalon.core.main.ScriptEngine.runScriptAsRawText(ScriptEngine.java:119)
	at com.kms.katalon.core.main.TestCaseExecutor.runScript(TestCaseExecutor.java:337)
	at com.kms.katalon.core.main.TestCaseExecutor.doExecute(TestCaseExecutor.java:328)
	at com.kms.katalon.core.main.TestCaseExecutor.processExecutionPhase(TestCaseExecutor.java:307)
	at com.kms.katalon.core.main.TestCaseExecutor.accessMainPhase(TestCaseExecutor.java:299)
	at com.kms.katalon.core.main.TestCaseExecutor.execute(TestCaseExecutor.java:233)
	at com.kms.katalon.core.main.TestSuiteExecutor.accessTestCaseMainPhase(TestSuiteExecutor.java:169)
	at com.kms.katalon.core.main.TestSuiteExecutor.accessTestSuiteMainPhase(TestSuiteExecutor.java:142)
	at com.kms.katalon.core.main.TestSuiteExecutor.execute(TestSuiteExecutor.java:91)
	at com.kms.katalon.core.main.TestCaseMain.startTestSuite(TestCaseMain.java:157)
	at com.kms.katalon.core.main.TestCaseMain$startTestSuite$0.call(Unknown Source)
	at TempTestSuite1616730151766.run(TempTestSuite1616730151766.groovy:36)
Caused by: com.kms.katalon.core.exception.StepFailedException: Call Test Case 'Test Cases/common_test _cases/do_sign out' failed
	at com.kms.katalon.core.keyword.builtin.CallTestCaseKeyword$_callTestCase_closure1.doCall(CallTestCaseKeyword.groovy:63)
	at com.kms.katalon.core.keyword.builtin.CallTestCaseKeyword$_callTestCase_closure1.call(CallTestCaseKeyword.groovy)
	at com.kms.katalon.core.keyword.internal.KeywordMain.runKeyword(KeywordMain.groovy:68)
	... 18 more
Caused by: com.kms.katalon.core.exception.StepFailedException: Fail to click on element
	at com.kms.katalon.core.util.KeywordUtil.markFailed(KeywordUtil.java:19)
	at com.kms.katalon.core.util.KeywordUtil$markFailed$1.call(Unknown Source)
	at com.wecomplete.keywords.TestBase.clickElement(TestBase.groovy:54)
	at com.wecomplete.keywords.TestBase.invokeMethod(TestBase.groovy)
	at com.kms.katalon.core.main.CustomKeywordDelegatingMetaClass.invokeStaticMethod(CustomKeywordDelegatingMetaClass.java:50)
	at do_sign out.run(do_sign out:21)
	at com.kms.katalon.core.main.ScriptEngine.run(ScriptEngine.java:194)
	at com.kms.katalon.core.main.ScriptEngine.runScriptAsRawText(ScriptEngine.java:119)
	at com.kms.katalon.core.main.TestCaseExecutor.runScript(TestCaseExecutor.java:337)
	at com.kms.katalon.core.main.TestCaseExecutor.doExecute(TestCaseExecutor.java:328)
	at com.kms.katalon.core.main.TestCaseExecutor.processExecutionPhase(TestCaseExecutor.java:307)
	at com.kms.katalon.core.main.TestCaseExecutor.accessMainPhase(TestCaseExecutor.java:299)
	at com.kms.katalon.core.main.TestCaseExecutor.execute(TestCaseExecutor.java:233)
	at com.kms.katalon.core.main.TestCaseMain.runTestCase(TestCaseMain.java:114)
	at com.kms.katalon.core.keyword.builtin.CallTestCaseKeyword$_callTestCase_closure1.doCall(CallTestCaseKeyword.groovy:59)
	... 20 more]]></system-err>
      </testcase>
      <testcase name="Test Cases/Sanity_Test/TC_026_Verify that user can Invite People" time="9.535" classname="Test Cases/Sanity_Test/TC_026_Verify that user can Invite People" status="FAILED">
         <failure type="FAILED" message="Test Cases/Sanity_Test/TC_026_Verify that user can Invite People FAILED.
Reason:
com.kms.katalon.core.exception.StepFailedException: com.kms.katalon.core.webui.exception.WebElementNotFoundException: Web element with id: 'Object Repository/Deal Status/Message_Section/Invite_Section/tab_Invite People' located by 'By.xpath: //div[@id='accordion111']//*[contains(text(),'Invite People ')]' not found (Root cause: com.kms.katalon.core.exception.StepFailedException: com.kms.katalon.core.webui.exception.WebElementNotFoundException: Web element with id: 'Object Repository/Deal Status/Message_Section/Invite_Section/tab_Invite People' located by 'By.xpath: //div[@id='accordion111']//*[contains(text(),'Invite People ')]' not found
	at com.kms.katalon.core.webui.keyword.internal.WebUIKeywordMain.stepFailed(WebUIKeywordMain.groovy:64)
	at com.kms.katalon.core.webui.keyword.builtin.VerifyElementPresentKeyword$_verifyElementPresent_closure1.doCall(VerifyElementPresentKeyword.groovy:85)
	at com.kms.katalon.core.webui.keyword.builtin.VerifyElementPresentKeyword$_verifyElementPresent_closure1.call(VerifyElementPresentKeyword.groovy)
	at com.kms.katalon.core.webui.keyword.internal.WebUIKeywordMain.runKeyword(WebUIKeywordMain.groovy:20)
	at com.kms.katalon.core.webui.keyword.builtin.VerifyElementPresentKeyword.verifyElementPresent(VerifyElementPresentKeyword.groovy:92)
	at com.kms.katalon.core.webui.keyword.builtin.VerifyElementPresentKeyword.execute(VerifyElementPresentKeyword.groovy:68)
	at com.kms.katalon.core.keyword.internal.KeywordExecutor.executeKeywordForPlatform(KeywordExecutor.groovy:60)
	at com.kms.katalon.core.webui.keyword.WebUiBuiltInKeywords.verifyElementPresent(WebUiBuiltInKeywords.groovy:1434)
	at com.kms.katalon.core.webui.keyword.WebUiBuiltInKeywords$verifyElementPresent$6.call(Unknown Source)
	at TC_026_Verify that user can Invite People.run(TC_026_Verify that user can Invite People:19)
	at com.kms.katalon.core.main.ScriptEngine.run(ScriptEngine.java:194)
	at com.kms.katalon.core.main.ScriptEngine.runScriptAsRawText(ScriptEngine.java:119)
	at com.kms.katalon.core.main.TestCaseExecutor.runScript(TestCaseExecutor.java:337)
	at com.kms.katalon.core.main.TestCaseExecutor.doExecute(TestCaseExecutor.java:328)
	at com.kms.katalon.core.main.TestCaseExecutor.processExecutionPhase(TestCaseExecutor.java:307)
	at com.kms.katalon.core.main.TestCaseExecutor.accessMainPhase(TestCaseExecutor.java:299)
	at com.kms.katalon.core.main.TestCaseExecutor.execute(TestCaseExecutor.java:233)
	at com.kms.katalon.core.main.TestSuiteExecutor.accessTestCaseMainPhase(TestSuiteExecutor.java:169)
	at com.kms.katalon.core.main.TestSuiteExecutor.accessTestSuiteMainPhase(TestSuiteExecutor.java:142)
	at com.kms.katalon.core.main.TestSuiteExecutor.execute(TestSuiteExecutor.java:91)
	at com.kms.katalon.core.main.TestCaseMain.startTestSuite(TestCaseMain.java:157)
	at com.kms.katalon.core.main.TestCaseMain$startTestSuite$0.call(Unknown Source)
	at TempTestSuite1616730151766.run(TempTestSuite1616730151766.groovy:36)
)
	at com.kms.katalon.core.keyword.internal.KeywordMain.stepFailed(KeywordMain.groovy:39)
	at com.kms.katalon.core.webui.keyword.internal.WebUIKeywordMain.stepFailed(WebUIKeywordMain.groovy:64)
	at com.kms.katalon.core.webui.keyword.builtin.VerifyElementPresentKeyword$_verifyElementPresent_closure1.doCall(VerifyElementPresentKeyword.groovy:85)
	at com.kms.katalon.core.webui.keyword.builtin.VerifyElementPresentKeyword$_verifyElementPresent_closure1.call(VerifyElementPresentKeyword.groovy)
	at com.kms.katalon.core.webui.keyword.internal.WebUIKeywordMain.runKeyword(WebUIKeywordMain.groovy:20)
	at com.kms.katalon.core.webui.keyword.builtin.VerifyElementPresentKeyword.verifyElementPresent(VerifyElementPresentKeyword.groovy:92)
	at com.kms.katalon.core.webui.keyword.builtin.VerifyElementPresentKeyword.execute(VerifyElementPresentKeyword.groovy:68)
	at com.kms.katalon.core.keyword.internal.KeywordExecutor.executeKeywordForPlatform(KeywordExecutor.groovy:60)
	at com.kms.katalon.core.webui.keyword.WebUiBuiltInKeywords.verifyElementPresent(WebUiBuiltInKeywords.groovy:1434)
	at com.kms.katalon.core.webui.keyword.WebUiBuiltInKeywords$verifyElementPresent$6.call(Unknown Source)
	at TC_026_Verify that user can Invite People.run(TC_026_Verify that user can Invite People:19)
	at com.kms.katalon.core.main.ScriptEngine.run(ScriptEngine.java:194)
	at com.kms.katalon.core.main.ScriptEngine.runScriptAsRawText(ScriptEngine.java:119)
	at com.kms.katalon.core.main.TestCaseExecutor.runScript(TestCaseExecutor.java:337)
	at com.kms.katalon.core.main.TestCaseExecutor.doExecute(TestCaseExecutor.java:328)
	at com.kms.katalon.core.main.TestCaseExecutor.processExecutionPhase(TestCaseExecutor.java:307)
	at com.kms.katalon.core.main.TestCaseExecutor.accessMainPhase(TestCaseExecutor.java:299)
	at com.kms.katalon.core.main.TestCaseExecutor.execute(TestCaseExecutor.java:233)
	at com.kms.katalon.core.main.TestSuiteExecutor.accessTestCaseMainPhase(TestSuiteExecutor.java:169)
	at com.kms.katalon.core.main.TestSuiteExecutor.accessTestSuiteMainPhase(TestSuiteExecutor.java:142)
	at com.kms.katalon.core.main.TestSuiteExecutor.execute(TestSuiteExecutor.java:91)
	at com.kms.katalon.core.main.TestCaseMain.startTestSuite(TestCaseMain.java:157)
	at com.kms.katalon.core.main.TestCaseMain$startTestSuite$0.call(Unknown Source)
	at TempTestSuite1616730151766.run(TempTestSuite1616730151766.groovy:36)
Caused by: com.kms.katalon.core.exception.StepFailedException: com.kms.katalon.core.webui.exception.WebElementNotFoundException: Web element with id: 'Object Repository/Deal Status/Message_Section/Invite_Section/tab_Invite People' located by 'By.xpath: //div[@id='accordion111']//*[contains(text(),'Invite People ')]' not found
	... 23 more
"/>
         <system-out><![CDATA[2021-03-26 09:23:55 - [TEST_CASE][FAILED] - Test Cases/Sanity_Test/TC_026_Verify that user can Invite People: Test Cases/Sanity_Test/TC_026_Verify that user can Invite People FAILED.
Reason:
com.kms.katalon.core.exception.StepFailedException: com.kms.katalon.core.webui.exception.WebElementNotFoundException: Web element with id: 'Object Repository/Deal Status/Message_Section/Invite_Section/tab_Invite People' located by 'By.xpath: //div[@id='accordion111']//*[contains(text(),'Invite People ')]' not found (Root cause: com.kms.katalon.core.exception.StepFailedException: com.kms.katalon.core.webui.exception.WebElementNotFoundException: Web element with id: 'Object Repository/Deal Status/Message_Section/Invite_Section/tab_Invite People' located by 'By.xpath: //div[@id='accordion111']//*[contains(text(),'Invite People ')]' not found
	at com.kms.katalon.core.webui.keyword.internal.WebUIKeywordMain.stepFailed(WebUIKeywordMain.groovy:64)
	at com.kms.katalon.core.webui.keyword.builtin.VerifyElementPresentKeyword$_verifyElementPresent_closure1.doCall(VerifyElementPresentKeyword.groovy:85)
	at com.kms.katalon.core.webui.keyword.builtin.VerifyElementPresentKeyword$_verifyElementPresent_closure1.call(VerifyElementPresentKeyword.groovy)
	at com.kms.katalon.core.webui.keyword.internal.WebUIKeywordMain.runKeyword(WebUIKeywordMain.groovy:20)
	at com.kms.katalon.core.webui.keyword.builtin.VerifyElementPresentKeyword.verifyElementPresent(VerifyElementPresentKeyword.groovy:92)
	at com.kms.katalon.core.webui.keyword.builtin.VerifyElementPresentKeyword.execute(VerifyElementPresentKeyword.groovy:68)
	at com.kms.katalon.core.keyword.internal.KeywordExecutor.executeKeywordForPlatform(KeywordExecutor.groovy:60)
	at com.kms.katalon.core.webui.keyword.WebUiBuiltInKeywords.verifyElementPresent(WebUiBuiltInKeywords.groovy:1434)
	at com.kms.katalon.core.webui.keyword.WebUiBuiltInKeywords$verifyElementPresent$6.call(Unknown Source)
	at TC_026_Verify that user can Invite People.run(TC_026_Verify that user can Invite People:19)
	at com.kms.katalon.core.main.ScriptEngine.run(ScriptEngine.java:194)
	at com.kms.katalon.core.main.ScriptEngine.runScriptAsRawText(ScriptEngine.java:119)
	at com.kms.katalon.core.main.TestCaseExecutor.runScript(TestCaseExecutor.java:337)
	at com.kms.katalon.core.main.TestCaseExecutor.doExecute(TestCaseExecutor.java:328)
	at com.kms.katalon.core.main.TestCaseExecutor.processExecutionPhase(TestCaseExecutor.java:307)
	at com.kms.katalon.core.main.TestCaseExecutor.accessMainPhase(TestCaseExecutor.java:299)
	at com.kms.katalon.core.main.TestCaseExecutor.execute(TestCaseExecutor.java:233)
	at com.kms.katalon.core.main.TestSuiteExecutor.accessTestCaseMainPhase(TestSuiteExecutor.java:169)
	at com.kms.katalon.core.main.TestSuiteExecutor.accessTestSuiteMainPhase(TestSuiteExecutor.java:142)
	at com.kms.katalon.core.main.TestSuiteExecutor.execute(TestSuiteExecutor.java:91)
	at com.kms.katalon.core.main.TestCaseMain.startTestSuite(TestCaseMain.java:157)
	at com.kms.katalon.core.main.TestCaseMain$startTestSuite$0.call(Unknown Source)
	at TempTestSuite1616730151766.run(TempTestSuite1616730151766.groovy:36)
)
	at com.kms.katalon.core.keyword.internal.KeywordMain.stepFailed(KeywordMain.groovy:39)
	at com.kms.katalon.core.webui.keyword.internal.WebUIKeywordMain.stepFailed(WebUIKeywordMain.groovy:64)
	at com.kms.katalon.core.webui.keyword.builtin.VerifyElementPresentKeyword$_verifyElementPresent_closure1.doCall(VerifyElementPresentKeyword.groovy:85)
	at com.kms.katalon.core.webui.keyword.builtin.VerifyElementPresentKeyword$_verifyElementPresent_closure1.call(VerifyElementPresentKeyword.groovy)
	at com.kms.katalon.core.webui.keyword.internal.WebUIKeywordMain.runKeyword(WebUIKeywordMain.groovy:20)
	at com.kms.katalon.core.webui.keyword.builtin.VerifyElementPresentKeyword.verifyElementPresent(VerifyElementPresentKeyword.groovy:92)
	at com.kms.katalon.core.webui.keyword.builtin.VerifyElementPresentKeyword.execute(VerifyElementPresentKeyword.groovy:68)
	at com.kms.katalon.core.keyword.internal.KeywordExecutor.executeKeywordForPlatform(KeywordExecutor.groovy:60)
	at com.kms.katalon.core.webui.keyword.WebUiBuiltInKeywords.verifyElementPresent(WebUiBuiltInKeywords.groovy:1434)
	at com.kms.katalon.core.webui.keyword.WebUiBuiltInKeywords$verifyElementPresent$6.call(Unknown Source)
	at TC_026_Verify that user can Invite People.run(TC_026_Verify that user can Invite People:19)
	at com.kms.katalon.core.main.ScriptEngine.run(ScriptEngine.java:194)
	at com.kms.katalon.core.main.ScriptEngine.runScriptAsRawText(ScriptEngine.java:119)
	at com.kms.katalon.core.main.TestCaseExecutor.runScript(TestCaseExecutor.java:337)
	at com.kms.katalon.core.main.TestCaseExecutor.doExecute(TestCaseExecutor.java:328)
	at com.kms.katalon.core.main.TestCaseExecutor.processExecutionPhase(TestCaseExecutor.java:307)
	at com.kms.katalon.core.main.TestCaseExecutor.accessMainPhase(TestCaseExecutor.java:299)
	at com.kms.katalon.core.main.TestCaseExecutor.execute(TestCaseExecutor.java:233)
	at com.kms.katalon.core.main.TestSuiteExecutor.accessTestCaseMainPhase(TestSuiteExecutor.java:169)
	at com.kms.katalon.core.main.TestSuiteExecutor.accessTestSuiteMainPhase(TestSuiteExecutor.java:142)
	at com.kms.katalon.core.main.TestSuiteExecutor.execute(TestSuiteExecutor.java:91)
	at com.kms.katalon.core.main.TestCaseMain.startTestSuite(TestCaseMain.java:157)
	at com.kms.katalon.core.main.TestCaseMain$startTestSuite$0.call(Unknown Source)
	at TempTestSuite1616730151766.run(TempTestSuite1616730151766.groovy:36)
Caused by: com.kms.katalon.core.exception.StepFailedException: com.kms.katalon.core.webui.exception.WebElementNotFoundException: Web element with id: 'Object Repository/Deal Status/Message_Section/Invite_Section/tab_Invite People' located by 'By.xpath: //div[@id='accordion111']//*[contains(text(),'Invite People ')]' not found
	... 23 more


2021-03-26 09:23:55 - [TEST_STEP][PASSED] - Start listener action : sampleBeforeTestCase: null

2021-03-26 09:23:55 - [TEST_STEP][PASSED] - println(testCaseContext.getTestCaseId()): null

2021-03-26 09:23:55 - [TEST_STEP][PASSED] - println(testCaseContext.getTestCaseVariables()): null

2021-03-26 09:23:55 - [TEST_STEP][FAILED] - if (verifyElementPresent(findTestObject("Object Repository/Deal Status/Message_Section/Invite_Section/tab_Invite People"), shortTime) == true): com.kms.katalon.core.webui.exception.WebElementNotFoundException: Web element with id: 'Object Repository/Deal Status/Message_Section/Invite_Section/tab_Invite People' located by 'By.xpath: //div[@id='accordion111']//*[contains(text(),'Invite People ')]' not found (Root cause: com.kms.katalon.core.exception.StepFailedException: com.kms.katalon.core.webui.exception.WebElementNotFoundException: Web element with id: 'Object Repository/Deal Status/Message_Section/Invite_Section/tab_Invite People' located by 'By.xpath: //div[@id='accordion111']//*[contains(text(),'Invite People ')]' not found
	at com.kms.katalon.core.webui.keyword.internal.WebUIKeywordMain.stepFailed(WebUIKeywordMain.groovy:64)
	at com.kms.katalon.core.webui.keyword.builtin.VerifyElementPresentKeyword$_verifyElementPresent_closure1.doCall(VerifyElementPresentKeyword.groovy:85)
	at com.kms.katalon.core.webui.keyword.builtin.VerifyElementPresentKeyword$_verifyElementPresent_closure1.call(VerifyElementPresentKeyword.groovy)
	at com.kms.katalon.core.webui.keyword.internal.WebUIKeywordMain.runKeyword(WebUIKeywordMain.groovy:20)
	at com.kms.katalon.core.webui.keyword.builtin.VerifyElementPresentKeyword.verifyElementPresent(VerifyElementPresentKeyword.groovy:92)
	at com.kms.katalon.core.webui.keyword.builtin.VerifyElementPresentKeyword.execute(VerifyElementPresentKeyword.groovy:68)
	at com.kms.katalon.core.keyword.internal.KeywordExecutor.executeKeywordForPlatform(KeywordExecutor.groovy:60)
	at com.kms.katalon.core.webui.keyword.WebUiBuiltInKeywords.verifyElementPresent(WebUiBuiltInKeywords.groovy:1434)
	at com.kms.katalon.core.webui.keyword.WebUiBuiltInKeywords$verifyElementPresent$6.call(Unknown Source)
	at TC_026_Verify that user can Invite People.run(TC_026_Verify that user can Invite People:19)
	at com.kms.katalon.core.main.ScriptEngine.run(ScriptEngine.java:194)
	at com.kms.katalon.core.main.ScriptEngine.runScriptAsRawText(ScriptEngine.java:119)
	at com.kms.katalon.core.main.TestCaseExecutor.runScript(TestCaseExecutor.java:337)
	at com.kms.katalon.core.main.TestCaseExecutor.doExecute(TestCaseExecutor.java:328)
	at com.kms.katalon.core.main.TestCaseExecutor.processExecutionPhase(TestCaseExecutor.java:307)
	at com.kms.katalon.core.main.TestCaseExecutor.accessMainPhase(TestCaseExecutor.java:299)
	at com.kms.katalon.core.main.TestCaseExecutor.execute(TestCaseExecutor.java:233)
	at com.kms.katalon.core.main.TestSuiteExecutor.accessTestCaseMainPhase(TestSuiteExecutor.java:169)
	at com.kms.katalon.core.main.TestSuiteExecutor.accessTestSuiteMainPhase(TestSuiteExecutor.java:142)
	at com.kms.katalon.core.main.TestSuiteExecutor.execute(TestSuiteExecutor.java:91)
	at com.kms.katalon.core.main.TestCaseMain.startTestSuite(TestCaseMain.java:157)
	at com.kms.katalon.core.main.TestCaseMain$startTestSuite$0.call(Unknown Source)
	at TempTestSuite1616730151766.run(TempTestSuite1616730151766.groovy:36)
)

2021-03-26 09:24:02 - [MESSAGE][INFO] - Unable to find the element located by 'By.xpath: //div[@id='accordion111']//*[contains(text(),'Invite People ')]'. Please recheck the objects properties to make sure the desired element is located. 

2021-03-26 09:24:03 - [MESSAGE][FAILED] - com.kms.katalon.core.webui.exception.WebElementNotFoundException: Web element with id: 'Object Repository/Deal Status/Message_Section/Invite_Section/tab_Invite People' located by 'By.xpath: //div[@id='accordion111']//*[contains(text(),'Invite People ')]' not found (Root cause: com.kms.katalon.core.exception.StepFailedException: com.kms.katalon.core.webui.exception.WebElementNotFoundException: Web element with id: 'Object Repository/Deal Status/Message_Section/Invite_Section/tab_Invite People' located by 'By.xpath: //div[@id='accordion111']//*[contains(text(),'Invite People ')]' not found
	at com.kms.katalon.core.webui.keyword.internal.WebUIKeywordMain.stepFailed(WebUIKeywordMain.groovy:64)
	at com.kms.katalon.core.webui.keyword.builtin.VerifyElementPresentKeyword$_verifyElementPresent_closure1.doCall(VerifyElementPresentKeyword.groovy:85)
	at com.kms.katalon.core.webui.keyword.builtin.VerifyElementPresentKeyword$_verifyElementPresent_closure1.call(VerifyElementPresentKeyword.groovy)
	at com.kms.katalon.core.webui.keyword.internal.WebUIKeywordMain.runKeyword(WebUIKeywordMain.groovy:20)
	at com.kms.katalon.core.webui.keyword.builtin.VerifyElementPresentKeyword.verifyElementPresent(VerifyElementPresentKeyword.groovy:92)
	at com.kms.katalon.core.webui.keyword.builtin.VerifyElementPresentKeyword.execute(VerifyElementPresentKeyword.groovy:68)
	at com.kms.katalon.core.keyword.internal.KeywordExecutor.executeKeywordForPlatform(KeywordExecutor.groovy:60)
	at com.kms.katalon.core.webui.keyword.WebUiBuiltInKeywords.verifyElementPresent(WebUiBuiltInKeywords.groovy:1434)
	at com.kms.katalon.core.webui.keyword.WebUiBuiltInKeywords$verifyElementPresent$6.call(Unknown Source)
	at TC_026_Verify that user can Invite People.run(TC_026_Verify that user can Invite People:19)
	at com.kms.katalon.core.main.ScriptEngine.run(ScriptEngine.java:194)
	at com.kms.katalon.core.main.ScriptEngine.runScriptAsRawText(ScriptEngine.java:119)
	at com.kms.katalon.core.main.TestCaseExecutor.runScript(TestCaseExecutor.java:337)
	at com.kms.katalon.core.main.TestCaseExecutor.doExecute(TestCaseExecutor.java:328)
	at com.kms.katalon.core.main.TestCaseExecutor.processExecutionPhase(TestCaseExecutor.java:307)
	at com.kms.katalon.core.main.TestCaseExecutor.accessMainPhase(TestCaseExecutor.java:299)
	at com.kms.katalon.core.main.TestCaseExecutor.execute(TestCaseExecutor.java:233)
	at com.kms.katalon.core.main.TestSuiteExecutor.accessTestCaseMainPhase(TestSuiteExecutor.java:169)
	at com.kms.katalon.core.main.TestSuiteExecutor.accessTestSuiteMainPhase(TestSuiteExecutor.java:142)
	at com.kms.katalon.core.main.TestSuiteExecutor.execute(TestSuiteExecutor.java:91)
	at com.kms.katalon.core.main.TestCaseMain.startTestSuite(TestCaseMain.java:157)
	at com.kms.katalon.core.main.TestCaseMain$startTestSuite$0.call(Unknown Source)
	at TempTestSuite1616730151766.run(TempTestSuite1616730151766.groovy:36)
)
[[ATTACHMENT|C:\\Users\\pritig\\Downloads\\WeComplete\\Reports\\20210326_091231\\Sanity Test\\20210326_091231\\1616730842786.png]]

2021-03-26 09:24:03 - [TEST_STEP][PASSED] - else: null

2021-03-26 09:24:03 - [TEST_STEP][PASSED] - out.print("Invite people tab is not present"): null

2021-03-26 09:24:03 - [TEST_STEP][PASSED] - Start listener action : sampleAfterTestCase: null

2021-03-26 09:24:03 - [TEST_STEP][PASSED] - println(testCaseContext.getTestCaseId()): null

2021-03-26 09:24:03 - [TEST_STEP][PASSED] - println(testCaseContext.getTestCaseStatus()): null

2021-03-26 09:24:05 - [TEST_STEP][PASSED] - Video: Video recording for test case 'Test Cases/Sanity_Test/TC_026_Verify that user can Invite People' .

2021-03-26 09:24:05 - [MESSAGE][INFO] - Video recording for test case 'Test Cases/Sanity_Test/TC_026_Verify that user can Invite People' .
[[ATTACHMENT|C:\\Users\\pritig\\Downloads\\WeComplete\\Reports\\20210326_091231\\Sanity Test\\20210326_091231/videos\\test_26.avi]]]]></system-out>
         <system-err><![CDATA[2021-03-26 09:23:55 - [TEST_CASE][FAILED] - Test Cases/Sanity_Test/TC_026_Verify that user can Invite People: Test Cases/Sanity_Test/TC_026_Verify that user can Invite People FAILED.
Reason:
com.kms.katalon.core.exception.StepFailedException: com.kms.katalon.core.webui.exception.WebElementNotFoundException: Web element with id: 'Object Repository/Deal Status/Message_Section/Invite_Section/tab_Invite People' located by 'By.xpath: //div[@id='accordion111']//*[contains(text(),'Invite People ')]' not found (Root cause: com.kms.katalon.core.exception.StepFailedException: com.kms.katalon.core.webui.exception.WebElementNotFoundException: Web element with id: 'Object Repository/Deal Status/Message_Section/Invite_Section/tab_Invite People' located by 'By.xpath: //div[@id='accordion111']//*[contains(text(),'Invite People ')]' not found
	at com.kms.katalon.core.webui.keyword.internal.WebUIKeywordMain.stepFailed(WebUIKeywordMain.groovy:64)
	at com.kms.katalon.core.webui.keyword.builtin.VerifyElementPresentKeyword$_verifyElementPresent_closure1.doCall(VerifyElementPresentKeyword.groovy:85)
	at com.kms.katalon.core.webui.keyword.builtin.VerifyElementPresentKeyword$_verifyElementPresent_closure1.call(VerifyElementPresentKeyword.groovy)
	at com.kms.katalon.core.webui.keyword.internal.WebUIKeywordMain.runKeyword(WebUIKeywordMain.groovy:20)
	at com.kms.katalon.core.webui.keyword.builtin.VerifyElementPresentKeyword.verifyElementPresent(VerifyElementPresentKeyword.groovy:92)
	at com.kms.katalon.core.webui.keyword.builtin.VerifyElementPresentKeyword.execute(VerifyElementPresentKeyword.groovy:68)
	at com.kms.katalon.core.keyword.internal.KeywordExecutor.executeKeywordForPlatform(KeywordExecutor.groovy:60)
	at com.kms.katalon.core.webui.keyword.WebUiBuiltInKeywords.verifyElementPresent(WebUiBuiltInKeywords.groovy:1434)
	at com.kms.katalon.core.webui.keyword.WebUiBuiltInKeywords$verifyElementPresent$6.call(Unknown Source)
	at TC_026_Verify that user can Invite People.run(TC_026_Verify that user can Invite People:19)
	at com.kms.katalon.core.main.ScriptEngine.run(ScriptEngine.java:194)
	at com.kms.katalon.core.main.ScriptEngine.runScriptAsRawText(ScriptEngine.java:119)
	at com.kms.katalon.core.main.TestCaseExecutor.runScript(TestCaseExecutor.java:337)
	at com.kms.katalon.core.main.TestCaseExecutor.doExecute(TestCaseExecutor.java:328)
	at com.kms.katalon.core.main.TestCaseExecutor.processExecutionPhase(TestCaseExecutor.java:307)
	at com.kms.katalon.core.main.TestCaseExecutor.accessMainPhase(TestCaseExecutor.java:299)
	at com.kms.katalon.core.main.TestCaseExecutor.execute(TestCaseExecutor.java:233)
	at com.kms.katalon.core.main.TestSuiteExecutor.accessTestCaseMainPhase(TestSuiteExecutor.java:169)
	at com.kms.katalon.core.main.TestSuiteExecutor.accessTestSuiteMainPhase(TestSuiteExecutor.java:142)
	at com.kms.katalon.core.main.TestSuiteExecutor.execute(TestSuiteExecutor.java:91)
	at com.kms.katalon.core.main.TestCaseMain.startTestSuite(TestCaseMain.java:157)
	at com.kms.katalon.core.main.TestCaseMain$startTestSuite$0.call(Unknown Source)
	at TempTestSuite1616730151766.run(TempTestSuite1616730151766.groovy:36)
)
	at com.kms.katalon.core.keyword.internal.KeywordMain.stepFailed(KeywordMain.groovy:39)
	at com.kms.katalon.core.webui.keyword.internal.WebUIKeywordMain.stepFailed(WebUIKeywordMain.groovy:64)
	at com.kms.katalon.core.webui.keyword.builtin.VerifyElementPresentKeyword$_verifyElementPresent_closure1.doCall(VerifyElementPresentKeyword.groovy:85)
	at com.kms.katalon.core.webui.keyword.builtin.VerifyElementPresentKeyword$_verifyElementPresent_closure1.call(VerifyElementPresentKeyword.groovy)
	at com.kms.katalon.core.webui.keyword.internal.WebUIKeywordMain.runKeyword(WebUIKeywordMain.groovy:20)
	at com.kms.katalon.core.webui.keyword.builtin.VerifyElementPresentKeyword.verifyElementPresent(VerifyElementPresentKeyword.groovy:92)
	at com.kms.katalon.core.webui.keyword.builtin.VerifyElementPresentKeyword.execute(VerifyElementPresentKeyword.groovy:68)
	at com.kms.katalon.core.keyword.internal.KeywordExecutor.executeKeywordForPlatform(KeywordExecutor.groovy:60)
	at com.kms.katalon.core.webui.keyword.WebUiBuiltInKeywords.verifyElementPresent(WebUiBuiltInKeywords.groovy:1434)
	at com.kms.katalon.core.webui.keyword.WebUiBuiltInKeywords$verifyElementPresent$6.call(Unknown Source)
	at TC_026_Verify that user can Invite People.run(TC_026_Verify that user can Invite People:19)
	at com.kms.katalon.core.main.ScriptEngine.run(ScriptEngine.java:194)
	at com.kms.katalon.core.main.ScriptEngine.runScriptAsRawText(ScriptEngine.java:119)
	at com.kms.katalon.core.main.TestCaseExecutor.runScript(TestCaseExecutor.java:337)
	at com.kms.katalon.core.main.TestCaseExecutor.doExecute(TestCaseExecutor.java:328)
	at com.kms.katalon.core.main.TestCaseExecutor.processExecutionPhase(TestCaseExecutor.java:307)
	at com.kms.katalon.core.main.TestCaseExecutor.accessMainPhase(TestCaseExecutor.java:299)
	at com.kms.katalon.core.main.TestCaseExecutor.execute(TestCaseExecutor.java:233)
	at com.kms.katalon.core.main.TestSuiteExecutor.accessTestCaseMainPhase(TestSuiteExecutor.java:169)
	at com.kms.katalon.core.main.TestSuiteExecutor.accessTestSuiteMainPhase(TestSuiteExecutor.java:142)
	at com.kms.katalon.core.main.TestSuiteExecutor.execute(TestSuiteExecutor.java:91)
	at com.kms.katalon.core.main.TestCaseMain.startTestSuite(TestCaseMain.java:157)
	at com.kms.katalon.core.main.TestCaseMain$startTestSuite$0.call(Unknown Source)
	at TempTestSuite1616730151766.run(TempTestSuite1616730151766.groovy:36)
Caused by: com.kms.katalon.core.exception.StepFailedException: com.kms.katalon.core.webui.exception.WebElementNotFoundException: Web element with id: 'Object Repository/Deal Status/Message_Section/Invite_Section/tab_Invite People' located by 'By.xpath: //div[@id='accordion111']//*[contains(text(),'Invite People ')]' not found
	... 23 more]]></system-err>
      </testcase>
      <testcase name="Test Cases/Sanity_Test/TC_027_Verify that invited member displayed on Pending invitations tab" time="9.541" classname="Test Cases/Sanity_Test/TC_027_Verify that invited member displayed on Pending invitations tab" status="FAILED">
         <failure type="FAILED" message="Test Cases/Sanity_Test/TC_027_Verify that invited member displayed on Pending invitations tab FAILED.
Reason:
com.kms.katalon.core.exception.StepFailedException: com.kms.katalon.core.webui.exception.WebElementNotFoundException: Web element with id: 'Object Repository/Deal Status/Message_Section/tab_Pending Invitations' located by 'By.xpath: //div[@id='headingOne']//*[contains(text(),' Pending Invitations ')]' not found (Root cause: com.kms.katalon.core.exception.StepFailedException: com.kms.katalon.core.webui.exception.WebElementNotFoundException: Web element with id: 'Object Repository/Deal Status/Message_Section/tab_Pending Invitations' located by 'By.xpath: //div[@id='headingOne']//*[contains(text(),' Pending Invitations ')]' not found
	at com.kms.katalon.core.webui.keyword.internal.WebUIKeywordMain.stepFailed(WebUIKeywordMain.groovy:64)
	at com.kms.katalon.core.webui.keyword.builtin.VerifyElementPresentKeyword$_verifyElementPresent_closure1.doCall(VerifyElementPresentKeyword.groovy:85)
	at com.kms.katalon.core.webui.keyword.builtin.VerifyElementPresentKeyword$_verifyElementPresent_closure1.call(VerifyElementPresentKeyword.groovy)
	at com.kms.katalon.core.webui.keyword.internal.WebUIKeywordMain.runKeyword(WebUIKeywordMain.groovy:20)
	at com.kms.katalon.core.webui.keyword.builtin.VerifyElementPresentKeyword.verifyElementPresent(VerifyElementPresentKeyword.groovy:92)
	at com.kms.katalon.core.webui.keyword.builtin.VerifyElementPresentKeyword.execute(VerifyElementPresentKeyword.groovy:68)
	at com.kms.katalon.core.keyword.internal.KeywordExecutor.executeKeywordForPlatform(KeywordExecutor.groovy:60)
	at com.kms.katalon.core.webui.keyword.WebUiBuiltInKeywords.verifyElementPresent(WebUiBuiltInKeywords.groovy:1434)
	at com.kms.katalon.core.webui.keyword.WebUiBuiltInKeywords$verifyElementPresent$6.call(Unknown Source)
	at TC_027_Verify that invited member displayed on Pending invitations tab.run(TC_027_Verify that invited member displayed on Pending invitations tab:19)
	at com.kms.katalon.core.main.ScriptEngine.run(ScriptEngine.java:194)
	at com.kms.katalon.core.main.ScriptEngine.runScriptAsRawText(ScriptEngine.java:119)
	at com.kms.katalon.core.main.TestCaseExecutor.runScript(TestCaseExecutor.java:337)
	at com.kms.katalon.core.main.TestCaseExecutor.doExecute(TestCaseExecutor.java:328)
	at com.kms.katalon.core.main.TestCaseExecutor.processExecutionPhase(TestCaseExecutor.java:307)
	at com.kms.katalon.core.main.TestCaseExecutor.accessMainPhase(TestCaseExecutor.java:299)
	at com.kms.katalon.core.main.TestCaseExecutor.execute(TestCaseExecutor.java:233)
	at com.kms.katalon.core.main.TestSuiteExecutor.accessTestCaseMainPhase(TestSuiteExecutor.java:169)
	at com.kms.katalon.core.main.TestSuiteExecutor.accessTestSuiteMainPhase(TestSuiteExecutor.java:142)
	at com.kms.katalon.core.main.TestSuiteExecutor.execute(TestSuiteExecutor.java:91)
	at com.kms.katalon.core.main.TestCaseMain.startTestSuite(TestCaseMain.java:157)
	at com.kms.katalon.core.main.TestCaseMain$startTestSuite$0.call(Unknown Source)
	at TempTestSuite1616730151766.run(TempTestSuite1616730151766.groovy:36)
)
	at com.kms.katalon.core.keyword.internal.KeywordMain.stepFailed(KeywordMain.groovy:39)
	at com.kms.katalon.core.webui.keyword.internal.WebUIKeywordMain.stepFailed(WebUIKeywordMain.groovy:64)
	at com.kms.katalon.core.webui.keyword.builtin.VerifyElementPresentKeyword$_verifyElementPresent_closure1.doCall(VerifyElementPresentKeyword.groovy:85)
	at com.kms.katalon.core.webui.keyword.builtin.VerifyElementPresentKeyword$_verifyElementPresent_closure1.call(VerifyElementPresentKeyword.groovy)
	at com.kms.katalon.core.webui.keyword.internal.WebUIKeywordMain.runKeyword(WebUIKeywordMain.groovy:20)
	at com.kms.katalon.core.webui.keyword.builtin.VerifyElementPresentKeyword.verifyElementPresent(VerifyElementPresentKeyword.groovy:92)
	at com.kms.katalon.core.webui.keyword.builtin.VerifyElementPresentKeyword.execute(VerifyElementPresentKeyword.groovy:68)
	at com.kms.katalon.core.keyword.internal.KeywordExecutor.executeKeywordForPlatform(KeywordExecutor.groovy:60)
	at com.kms.katalon.core.webui.keyword.WebUiBuiltInKeywords.verifyElementPresent(WebUiBuiltInKeywords.groovy:1434)
	at com.kms.katalon.core.webui.keyword.WebUiBuiltInKeywords$verifyElementPresent$6.call(Unknown Source)
	at TC_027_Verify that invited member displayed on Pending invitations tab.run(TC_027_Verify that invited member displayed on Pending invitations tab:19)
	at com.kms.katalon.core.main.ScriptEngine.run(ScriptEngine.java:194)
	at com.kms.katalon.core.main.ScriptEngine.runScriptAsRawText(ScriptEngine.java:119)
	at com.kms.katalon.core.main.TestCaseExecutor.runScript(TestCaseExecutor.java:337)
	at com.kms.katalon.core.main.TestCaseExecutor.doExecute(TestCaseExecutor.java:328)
	at com.kms.katalon.core.main.TestCaseExecutor.processExecutionPhase(TestCaseExecutor.java:307)
	at com.kms.katalon.core.main.TestCaseExecutor.accessMainPhase(TestCaseExecutor.java:299)
	at com.kms.katalon.core.main.TestCaseExecutor.execute(TestCaseExecutor.java:233)
	at com.kms.katalon.core.main.TestSuiteExecutor.accessTestCaseMainPhase(TestSuiteExecutor.java:169)
	at com.kms.katalon.core.main.TestSuiteExecutor.accessTestSuiteMainPhase(TestSuiteExecutor.java:142)
	at com.kms.katalon.core.main.TestSuiteExecutor.execute(TestSuiteExecutor.java:91)
	at com.kms.katalon.core.main.TestCaseMain.startTestSuite(TestCaseMain.java:157)
	at com.kms.katalon.core.main.TestCaseMain$startTestSuite$0.call(Unknown Source)
	at TempTestSuite1616730151766.run(TempTestSuite1616730151766.groovy:36)
Caused by: com.kms.katalon.core.exception.StepFailedException: com.kms.katalon.core.webui.exception.WebElementNotFoundException: Web element with id: 'Object Repository/Deal Status/Message_Section/tab_Pending Invitations' located by 'By.xpath: //div[@id='headingOne']//*[contains(text(),' Pending Invitations ')]' not found
	... 23 more
"/>
         <system-out><![CDATA[2021-03-26 09:24:05 - [TEST_CASE][FAILED] - Test Cases/Sanity_Test/TC_027_Verify that invited member displayed on Pending invitations tab: Test Cases/Sanity_Test/TC_027_Verify that invited member displayed on Pending invitations tab FAILED.
Reason:
com.kms.katalon.core.exception.StepFailedException: com.kms.katalon.core.webui.exception.WebElementNotFoundException: Web element with id: 'Object Repository/Deal Status/Message_Section/tab_Pending Invitations' located by 'By.xpath: //div[@id='headingOne']//*[contains(text(),' Pending Invitations ')]' not found (Root cause: com.kms.katalon.core.exception.StepFailedException: com.kms.katalon.core.webui.exception.WebElementNotFoundException: Web element with id: 'Object Repository/Deal Status/Message_Section/tab_Pending Invitations' located by 'By.xpath: //div[@id='headingOne']//*[contains(text(),' Pending Invitations ')]' not found
	at com.kms.katalon.core.webui.keyword.internal.WebUIKeywordMain.stepFailed(WebUIKeywordMain.groovy:64)
	at com.kms.katalon.core.webui.keyword.builtin.VerifyElementPresentKeyword$_verifyElementPresent_closure1.doCall(VerifyElementPresentKeyword.groovy:85)
	at com.kms.katalon.core.webui.keyword.builtin.VerifyElementPresentKeyword$_verifyElementPresent_closure1.call(VerifyElementPresentKeyword.groovy)
	at com.kms.katalon.core.webui.keyword.internal.WebUIKeywordMain.runKeyword(WebUIKeywordMain.groovy:20)
	at com.kms.katalon.core.webui.keyword.builtin.VerifyElementPresentKeyword.verifyElementPresent(VerifyElementPresentKeyword.groovy:92)
	at com.kms.katalon.core.webui.keyword.builtin.VerifyElementPresentKeyword.execute(VerifyElementPresentKeyword.groovy:68)
	at com.kms.katalon.core.keyword.internal.KeywordExecutor.executeKeywordForPlatform(KeywordExecutor.groovy:60)
	at com.kms.katalon.core.webui.keyword.WebUiBuiltInKeywords.verifyElementPresent(WebUiBuiltInKeywords.groovy:1434)
	at com.kms.katalon.core.webui.keyword.WebUiBuiltInKeywords$verifyElementPresent$6.call(Unknown Source)
	at TC_027_Verify that invited member displayed on Pending invitations tab.run(TC_027_Verify that invited member displayed on Pending invitations tab:19)
	at com.kms.katalon.core.main.ScriptEngine.run(ScriptEngine.java:194)
	at com.kms.katalon.core.main.ScriptEngine.runScriptAsRawText(ScriptEngine.java:119)
	at com.kms.katalon.core.main.TestCaseExecutor.runScript(TestCaseExecutor.java:337)
	at com.kms.katalon.core.main.TestCaseExecutor.doExecute(TestCaseExecutor.java:328)
	at com.kms.katalon.core.main.TestCaseExecutor.processExecutionPhase(TestCaseExecutor.java:307)
	at com.kms.katalon.core.main.TestCaseExecutor.accessMainPhase(TestCaseExecutor.java:299)
	at com.kms.katalon.core.main.TestCaseExecutor.execute(TestCaseExecutor.java:233)
	at com.kms.katalon.core.main.TestSuiteExecutor.accessTestCaseMainPhase(TestSuiteExecutor.java:169)
	at com.kms.katalon.core.main.TestSuiteExecutor.accessTestSuiteMainPhase(TestSuiteExecutor.java:142)
	at com.kms.katalon.core.main.TestSuiteExecutor.execute(TestSuiteExecutor.java:91)
	at com.kms.katalon.core.main.TestCaseMain.startTestSuite(TestCaseMain.java:157)
	at com.kms.katalon.core.main.TestCaseMain$startTestSuite$0.call(Unknown Source)
	at TempTestSuite1616730151766.run(TempTestSuite1616730151766.groovy:36)
)
	at com.kms.katalon.core.keyword.internal.KeywordMain.stepFailed(KeywordMain.groovy:39)
	at com.kms.katalon.core.webui.keyword.internal.WebUIKeywordMain.stepFailed(WebUIKeywordMain.groovy:64)
	at com.kms.katalon.core.webui.keyword.builtin.VerifyElementPresentKeyword$_verifyElementPresent_closure1.doCall(VerifyElementPresentKeyword.groovy:85)
	at com.kms.katalon.core.webui.keyword.builtin.VerifyElementPresentKeyword$_verifyElementPresent_closure1.call(VerifyElementPresentKeyword.groovy)
	at com.kms.katalon.core.webui.keyword.internal.WebUIKeywordMain.runKeyword(WebUIKeywordMain.groovy:20)
	at com.kms.katalon.core.webui.keyword.builtin.VerifyElementPresentKeyword.verifyElementPresent(VerifyElementPresentKeyword.groovy:92)
	at com.kms.katalon.core.webui.keyword.builtin.VerifyElementPresentKeyword.execute(VerifyElementPresentKeyword.groovy:68)
	at com.kms.katalon.core.keyword.internal.KeywordExecutor.executeKeywordForPlatform(KeywordExecutor.groovy:60)
	at com.kms.katalon.core.webui.keyword.WebUiBuiltInKeywords.verifyElementPresent(WebUiBuiltInKeywords.groovy:1434)
	at com.kms.katalon.core.webui.keyword.WebUiBuiltInKeywords$verifyElementPresent$6.call(Unknown Source)
	at TC_027_Verify that invited member displayed on Pending invitations tab.run(TC_027_Verify that invited member displayed on Pending invitations tab:19)
	at com.kms.katalon.core.main.ScriptEngine.run(ScriptEngine.java:194)
	at com.kms.katalon.core.main.ScriptEngine.runScriptAsRawText(ScriptEngine.java:119)
	at com.kms.katalon.core.main.TestCaseExecutor.runScript(TestCaseExecutor.java:337)
	at com.kms.katalon.core.main.TestCaseExecutor.doExecute(TestCaseExecutor.java:328)
	at com.kms.katalon.core.main.TestCaseExecutor.processExecutionPhase(TestCaseExecutor.java:307)
	at com.kms.katalon.core.main.TestCaseExecutor.accessMainPhase(TestCaseExecutor.java:299)
	at com.kms.katalon.core.main.TestCaseExecutor.execute(TestCaseExecutor.java:233)
	at com.kms.katalon.core.main.TestSuiteExecutor.accessTestCaseMainPhase(TestSuiteExecutor.java:169)
	at com.kms.katalon.core.main.TestSuiteExecutor.accessTestSuiteMainPhase(TestSuiteExecutor.java:142)
	at com.kms.katalon.core.main.TestSuiteExecutor.execute(TestSuiteExecutor.java:91)
	at com.kms.katalon.core.main.TestCaseMain.startTestSuite(TestCaseMain.java:157)
	at com.kms.katalon.core.main.TestCaseMain$startTestSuite$0.call(Unknown Source)
	at TempTestSuite1616730151766.run(TempTestSuite1616730151766.groovy:36)
Caused by: com.kms.katalon.core.exception.StepFailedException: com.kms.katalon.core.webui.exception.WebElementNotFoundException: Web element with id: 'Object Repository/Deal Status/Message_Section/tab_Pending Invitations' located by 'By.xpath: //div[@id='headingOne']//*[contains(text(),' Pending Invitations ')]' not found
	... 23 more


2021-03-26 09:24:05 - [TEST_STEP][PASSED] - Start listener action : sampleBeforeTestCase: null

2021-03-26 09:24:05 - [TEST_STEP][PASSED] - println(testCaseContext.getTestCaseId()): null

2021-03-26 09:24:05 - [TEST_STEP][PASSED] - println(testCaseContext.getTestCaseVariables()): null

2021-03-26 09:24:05 - [TEST_STEP][FAILED] - if (verifyElementPresent(findTestObject("Object Repository/Deal Status/Message_Section/tab_Pending Invitations"), shortTime) == true): com.kms.katalon.core.webui.exception.WebElementNotFoundException: Web element with id: 'Object Repository/Deal Status/Message_Section/tab_Pending Invitations' located by 'By.xpath: //div[@id='headingOne']//*[contains(text(),' Pending Invitations ')]' not found (Root cause: com.kms.katalon.core.exception.StepFailedException: com.kms.katalon.core.webui.exception.WebElementNotFoundException: Web element with id: 'Object Repository/Deal Status/Message_Section/tab_Pending Invitations' located by 'By.xpath: //div[@id='headingOne']//*[contains(text(),' Pending Invitations ')]' not found
	at com.kms.katalon.core.webui.keyword.internal.WebUIKeywordMain.stepFailed(WebUIKeywordMain.groovy:64)
	at com.kms.katalon.core.webui.keyword.builtin.VerifyElementPresentKeyword$_verifyElementPresent_closure1.doCall(VerifyElementPresentKeyword.groovy:85)
	at com.kms.katalon.core.webui.keyword.builtin.VerifyElementPresentKeyword$_verifyElementPresent_closure1.call(VerifyElementPresentKeyword.groovy)
	at com.kms.katalon.core.webui.keyword.internal.WebUIKeywordMain.runKeyword(WebUIKeywordMain.groovy:20)
	at com.kms.katalon.core.webui.keyword.builtin.VerifyElementPresentKeyword.verifyElementPresent(VerifyElementPresentKeyword.groovy:92)
	at com.kms.katalon.core.webui.keyword.builtin.VerifyElementPresentKeyword.execute(VerifyElementPresentKeyword.groovy:68)
	at com.kms.katalon.core.keyword.internal.KeywordExecutor.executeKeywordForPlatform(KeywordExecutor.groovy:60)
	at com.kms.katalon.core.webui.keyword.WebUiBuiltInKeywords.verifyElementPresent(WebUiBuiltInKeywords.groovy:1434)
	at com.kms.katalon.core.webui.keyword.WebUiBuiltInKeywords$verifyElementPresent$6.call(Unknown Source)
	at TC_027_Verify that invited member displayed on Pending invitations tab.run(TC_027_Verify that invited member displayed on Pending invitations tab:19)
	at com.kms.katalon.core.main.ScriptEngine.run(ScriptEngine.java:194)
	at com.kms.katalon.core.main.ScriptEngine.runScriptAsRawText(ScriptEngine.java:119)
	at com.kms.katalon.core.main.TestCaseExecutor.runScript(TestCaseExecutor.java:337)
	at com.kms.katalon.core.main.TestCaseExecutor.doExecute(TestCaseExecutor.java:328)
	at com.kms.katalon.core.main.TestCaseExecutor.processExecutionPhase(TestCaseExecutor.java:307)
	at com.kms.katalon.core.main.TestCaseExecutor.accessMainPhase(TestCaseExecutor.java:299)
	at com.kms.katalon.core.main.TestCaseExecutor.execute(TestCaseExecutor.java:233)
	at com.kms.katalon.core.main.TestSuiteExecutor.accessTestCaseMainPhase(TestSuiteExecutor.java:169)
	at com.kms.katalon.core.main.TestSuiteExecutor.accessTestSuiteMainPhase(TestSuiteExecutor.java:142)
	at com.kms.katalon.core.main.TestSuiteExecutor.execute(TestSuiteExecutor.java:91)
	at com.kms.katalon.core.main.TestCaseMain.startTestSuite(TestCaseMain.java:157)
	at com.kms.katalon.core.main.TestCaseMain$startTestSuite$0.call(Unknown Source)
	at TempTestSuite1616730151766.run(TempTestSuite1616730151766.groovy:36)
)

2021-03-26 09:24:12 - [MESSAGE][INFO] - Unable to find the element located by 'By.xpath: //div[@id='headingOne']//*[contains(text(),' Pending Invitations ')]'. Please recheck the objects properties to make sure the desired element is located. 

2021-03-26 09:24:12 - [MESSAGE][FAILED] - com.kms.katalon.core.webui.exception.WebElementNotFoundException: Web element with id: 'Object Repository/Deal Status/Message_Section/tab_Pending Invitations' located by 'By.xpath: //div[@id='headingOne']//*[contains(text(),' Pending Invitations ')]' not found (Root cause: com.kms.katalon.core.exception.StepFailedException: com.kms.katalon.core.webui.exception.WebElementNotFoundException: Web element with id: 'Object Repository/Deal Status/Message_Section/tab_Pending Invitations' located by 'By.xpath: //div[@id='headingOne']//*[contains(text(),' Pending Invitations ')]' not found
	at com.kms.katalon.core.webui.keyword.internal.WebUIKeywordMain.stepFailed(WebUIKeywordMain.groovy:64)
	at com.kms.katalon.core.webui.keyword.builtin.VerifyElementPresentKeyword$_verifyElementPresent_closure1.doCall(VerifyElementPresentKeyword.groovy:85)
	at com.kms.katalon.core.webui.keyword.builtin.VerifyElementPresentKeyword$_verifyElementPresent_closure1.call(VerifyElementPresentKeyword.groovy)
	at com.kms.katalon.core.webui.keyword.internal.WebUIKeywordMain.runKeyword(WebUIKeywordMain.groovy:20)
	at com.kms.katalon.core.webui.keyword.builtin.VerifyElementPresentKeyword.verifyElementPresent(VerifyElementPresentKeyword.groovy:92)
	at com.kms.katalon.core.webui.keyword.builtin.VerifyElementPresentKeyword.execute(VerifyElementPresentKeyword.groovy:68)
	at com.kms.katalon.core.keyword.internal.KeywordExecutor.executeKeywordForPlatform(KeywordExecutor.groovy:60)
	at com.kms.katalon.core.webui.keyword.WebUiBuiltInKeywords.verifyElementPresent(WebUiBuiltInKeywords.groovy:1434)
	at com.kms.katalon.core.webui.keyword.WebUiBuiltInKeywords$verifyElementPresent$6.call(Unknown Source)
	at TC_027_Verify that invited member displayed on Pending invitations tab.run(TC_027_Verify that invited member displayed on Pending invitations tab:19)
	at com.kms.katalon.core.main.ScriptEngine.run(ScriptEngine.java:194)
	at com.kms.katalon.core.main.ScriptEngine.runScriptAsRawText(ScriptEngine.java:119)
	at com.kms.katalon.core.main.TestCaseExecutor.runScript(TestCaseExecutor.java:337)
	at com.kms.katalon.core.main.TestCaseExecutor.doExecute(TestCaseExecutor.java:328)
	at com.kms.katalon.core.main.TestCaseExecutor.processExecutionPhase(TestCaseExecutor.java:307)
	at com.kms.katalon.core.main.TestCaseExecutor.accessMainPhase(TestCaseExecutor.java:299)
	at com.kms.katalon.core.main.TestCaseExecutor.execute(TestCaseExecutor.java:233)
	at com.kms.katalon.core.main.TestSuiteExecutor.accessTestCaseMainPhase(TestSuiteExecutor.java:169)
	at com.kms.katalon.core.main.TestSuiteExecutor.accessTestSuiteMainPhase(TestSuiteExecutor.java:142)
	at com.kms.katalon.core.main.TestSuiteExecutor.execute(TestSuiteExecutor.java:91)
	at com.kms.katalon.core.main.TestCaseMain.startTestSuite(TestCaseMain.java:157)
	at com.kms.katalon.core.main.TestCaseMain$startTestSuite$0.call(Unknown Source)
	at TempTestSuite1616730151766.run(TempTestSuite1616730151766.groovy:36)
)
[[ATTACHMENT|C:\\Users\\pritig\\Downloads\\WeComplete\\Reports\\20210326_091231\\Sanity Test\\20210326_091231\\1616730852338.png]]

2021-03-26 09:24:12 - [TEST_STEP][PASSED] - else: null

2021-03-26 09:24:12 - [TEST_STEP][PASSED] - out.print("Invite People pop up is not present"): null

2021-03-26 09:24:12 - [TEST_STEP][PASSED] - Start listener action : sampleAfterTestCase: null

2021-03-26 09:24:12 - [TEST_STEP][PASSED] - println(testCaseContext.getTestCaseId()): null

2021-03-26 09:24:12 - [TEST_STEP][PASSED] - println(testCaseContext.getTestCaseStatus()): null

2021-03-26 09:24:14 - [TEST_STEP][PASSED] - Video: Video recording for test case 'Test Cases/Sanity_Test/TC_027_Verify that invited member displayed on Pending invitations tab' .

2021-03-26 09:24:14 - [MESSAGE][INFO] - Video recording for test case 'Test Cases/Sanity_Test/TC_027_Verify that invited member displayed on Pending invitations tab' .
[[ATTACHMENT|C:\\Users\\pritig\\Downloads\\WeComplete\\Reports\\20210326_091231\\Sanity Test\\20210326_091231/videos\\test_27.avi]]]]></system-out>
         <system-err><![CDATA[2021-03-26 09:24:05 - [TEST_CASE][FAILED] - Test Cases/Sanity_Test/TC_027_Verify that invited member displayed on Pending invitations tab: Test Cases/Sanity_Test/TC_027_Verify that invited member displayed on Pending invitations tab FAILED.
Reason:
com.kms.katalon.core.exception.StepFailedException: com.kms.katalon.core.webui.exception.WebElementNotFoundException: Web element with id: 'Object Repository/Deal Status/Message_Section/tab_Pending Invitations' located by 'By.xpath: //div[@id='headingOne']//*[contains(text(),' Pending Invitations ')]' not found (Root cause: com.kms.katalon.core.exception.StepFailedException: com.kms.katalon.core.webui.exception.WebElementNotFoundException: Web element with id: 'Object Repository/Deal Status/Message_Section/tab_Pending Invitations' located by 'By.xpath: //div[@id='headingOne']//*[contains(text(),' Pending Invitations ')]' not found
	at com.kms.katalon.core.webui.keyword.internal.WebUIKeywordMain.stepFailed(WebUIKeywordMain.groovy:64)
	at com.kms.katalon.core.webui.keyword.builtin.VerifyElementPresentKeyword$_verifyElementPresent_closure1.doCall(VerifyElementPresentKeyword.groovy:85)
	at com.kms.katalon.core.webui.keyword.builtin.VerifyElementPresentKeyword$_verifyElementPresent_closure1.call(VerifyElementPresentKeyword.groovy)
	at com.kms.katalon.core.webui.keyword.internal.WebUIKeywordMain.runKeyword(WebUIKeywordMain.groovy:20)
	at com.kms.katalon.core.webui.keyword.builtin.VerifyElementPresentKeyword.verifyElementPresent(VerifyElementPresentKeyword.groovy:92)
	at com.kms.katalon.core.webui.keyword.builtin.VerifyElementPresentKeyword.execute(VerifyElementPresentKeyword.groovy:68)
	at com.kms.katalon.core.keyword.internal.KeywordExecutor.executeKeywordForPlatform(KeywordExecutor.groovy:60)
	at com.kms.katalon.core.webui.keyword.WebUiBuiltInKeywords.verifyElementPresent(WebUiBuiltInKeywords.groovy:1434)
	at com.kms.katalon.core.webui.keyword.WebUiBuiltInKeywords$verifyElementPresent$6.call(Unknown Source)
	at TC_027_Verify that invited member displayed on Pending invitations tab.run(TC_027_Verify that invited member displayed on Pending invitations tab:19)
	at com.kms.katalon.core.main.ScriptEngine.run(ScriptEngine.java:194)
	at com.kms.katalon.core.main.ScriptEngine.runScriptAsRawText(ScriptEngine.java:119)
	at com.kms.katalon.core.main.TestCaseExecutor.runScript(TestCaseExecutor.java:337)
	at com.kms.katalon.core.main.TestCaseExecutor.doExecute(TestCaseExecutor.java:328)
	at com.kms.katalon.core.main.TestCaseExecutor.processExecutionPhase(TestCaseExecutor.java:307)
	at com.kms.katalon.core.main.TestCaseExecutor.accessMainPhase(TestCaseExecutor.java:299)
	at com.kms.katalon.core.main.TestCaseExecutor.execute(TestCaseExecutor.java:233)
	at com.kms.katalon.core.main.TestSuiteExecutor.accessTestCaseMainPhase(TestSuiteExecutor.java:169)
	at com.kms.katalon.core.main.TestSuiteExecutor.accessTestSuiteMainPhase(TestSuiteExecutor.java:142)
	at com.kms.katalon.core.main.TestSuiteExecutor.execute(TestSuiteExecutor.java:91)
	at com.kms.katalon.core.main.TestCaseMain.startTestSuite(TestCaseMain.java:157)
	at com.kms.katalon.core.main.TestCaseMain$startTestSuite$0.call(Unknown Source)
	at TempTestSuite1616730151766.run(TempTestSuite1616730151766.groovy:36)
)
	at com.kms.katalon.core.keyword.internal.KeywordMain.stepFailed(KeywordMain.groovy:39)
	at com.kms.katalon.core.webui.keyword.internal.WebUIKeywordMain.stepFailed(WebUIKeywordMain.groovy:64)
	at com.kms.katalon.core.webui.keyword.builtin.VerifyElementPresentKeyword$_verifyElementPresent_closure1.doCall(VerifyElementPresentKeyword.groovy:85)
	at com.kms.katalon.core.webui.keyword.builtin.VerifyElementPresentKeyword$_verifyElementPresent_closure1.call(VerifyElementPresentKeyword.groovy)
	at com.kms.katalon.core.webui.keyword.internal.WebUIKeywordMain.runKeyword(WebUIKeywordMain.groovy:20)
	at com.kms.katalon.core.webui.keyword.builtin.VerifyElementPresentKeyword.verifyElementPresent(VerifyElementPresentKeyword.groovy:92)
	at com.kms.katalon.core.webui.keyword.builtin.VerifyElementPresentKeyword.execute(VerifyElementPresentKeyword.groovy:68)
	at com.kms.katalon.core.keyword.internal.KeywordExecutor.executeKeywordForPlatform(KeywordExecutor.groovy:60)
	at com.kms.katalon.core.webui.keyword.WebUiBuiltInKeywords.verifyElementPresent(WebUiBuiltInKeywords.groovy:1434)
	at com.kms.katalon.core.webui.keyword.WebUiBuiltInKeywords$verifyElementPresent$6.call(Unknown Source)
	at TC_027_Verify that invited member displayed on Pending invitations tab.run(TC_027_Verify that invited member displayed on Pending invitations tab:19)
	at com.kms.katalon.core.main.ScriptEngine.run(ScriptEngine.java:194)
	at com.kms.katalon.core.main.ScriptEngine.runScriptAsRawText(ScriptEngine.java:119)
	at com.kms.katalon.core.main.TestCaseExecutor.runScript(TestCaseExecutor.java:337)
	at com.kms.katalon.core.main.TestCaseExecutor.doExecute(TestCaseExecutor.java:328)
	at com.kms.katalon.core.main.TestCaseExecutor.processExecutionPhase(TestCaseExecutor.java:307)
	at com.kms.katalon.core.main.TestCaseExecutor.accessMainPhase(TestCaseExecutor.java:299)
	at com.kms.katalon.core.main.TestCaseExecutor.execute(TestCaseExecutor.java:233)
	at com.kms.katalon.core.main.TestSuiteExecutor.accessTestCaseMainPhase(TestSuiteExecutor.java:169)
	at com.kms.katalon.core.main.TestSuiteExecutor.accessTestSuiteMainPhase(TestSuiteExecutor.java:142)
	at com.kms.katalon.core.main.TestSuiteExecutor.execute(TestSuiteExecutor.java:91)
	at com.kms.katalon.core.main.TestCaseMain.startTestSuite(TestCaseMain.java:157)
	at com.kms.katalon.core.main.TestCaseMain$startTestSuite$0.call(Unknown Source)
	at TempTestSuite1616730151766.run(TempTestSuite1616730151766.groovy:36)
Caused by: com.kms.katalon.core.exception.StepFailedException: com.kms.katalon.core.webui.exception.WebElementNotFoundException: Web element with id: 'Object Repository/Deal Status/Message_Section/tab_Pending Invitations' located by 'By.xpath: //div[@id='headingOne']//*[contains(text(),' Pending Invitations ')]' not found
	... 23 more]]></system-err>
      </testcase>
      <testcase name="Test Cases/Sanity_Test/TC_028_Verify that Estate agent can send AML request" time="45.174" classname="Test Cases/Sanity_Test/TC_028_Verify that Estate agent can send AML request" status="FAILED">
         <failure type="FAILED" message="Test Cases/Sanity_Test/TC_028_Verify that Estate agent can send AML request FAILED.
Reason:
com.kms.katalon.core.exception.StepFailedException: Web element with id: 'Object Repository/Deal Status/AML_Section/btn_AML' located by 'By.xpath: //button[contains(text(),'AML Request')]' not found (Root cause: com.kms.katalon.core.exception.StepFailedException: Web element with id: 'Object Repository/Deal Status/AML_Section/btn_AML' located by 'By.xpath: //button[contains(text(),'AML Request')]' not found
	at com.kms.katalon.core.webui.keyword.internal.WebUIKeywordMain.stepFailed(WebUIKeywordMain.groovy:64)
	at com.kms.katalon.core.webui.keyword.builtin.VerifyElementClickableKeyword$_verifyElementClickable_closure1.doCall(VerifyElementClickableKeyword.groovy:88)
	at com.kms.katalon.core.webui.keyword.builtin.VerifyElementClickableKeyword$_verifyElementClickable_closure1.call(VerifyElementClickableKeyword.groovy)
	at com.kms.katalon.core.webui.keyword.internal.WebUIKeywordMain.runKeyword(WebUIKeywordMain.groovy:20)
	at com.kms.katalon.core.webui.keyword.builtin.VerifyElementClickableKeyword.verifyElementClickable(VerifyElementClickableKeyword.groovy:96)
	at com.kms.katalon.core.webui.keyword.builtin.VerifyElementClickableKeyword.execute(VerifyElementClickableKeyword.groovy:67)
	at com.kms.katalon.core.keyword.internal.KeywordExecutor.executeKeywordForPlatform(KeywordExecutor.groovy:60)
	at com.kms.katalon.core.webui.keyword.WebUiBuiltInKeywords.verifyElementClickable(WebUiBuiltInKeywords.groovy:548)
	at com.kms.katalon.core.webui.keyword.WebUiBuiltInKeywords$verifyElementClickable$9.call(Unknown Source)
	at TC_028_Verify that Estate agent can send AML request.run(TC_028_Verify that Estate agent can send AML request:19)
	at com.kms.katalon.core.main.ScriptEngine.run(ScriptEngine.java:194)
	at com.kms.katalon.core.main.ScriptEngine.runScriptAsRawText(ScriptEngine.java:119)
	at com.kms.katalon.core.main.TestCaseExecutor.runScript(TestCaseExecutor.java:337)
	at com.kms.katalon.core.main.TestCaseExecutor.doExecute(TestCaseExecutor.java:328)
	at com.kms.katalon.core.main.TestCaseExecutor.processExecutionPhase(TestCaseExecutor.java:307)
	at com.kms.katalon.core.main.TestCaseExecutor.accessMainPhase(TestCaseExecutor.java:299)
	at com.kms.katalon.core.main.TestCaseExecutor.execute(TestCaseExecutor.java:233)
	at com.kms.katalon.core.main.TestSuiteExecutor.accessTestCaseMainPhase(TestSuiteExecutor.java:169)
	at com.kms.katalon.core.main.TestSuiteExecutor.accessTestSuiteMainPhase(TestSuiteExecutor.java:142)
	at com.kms.katalon.core.main.TestSuiteExecutor.execute(TestSuiteExecutor.java:91)
	at com.kms.katalon.core.main.TestCaseMain.startTestSuite(TestCaseMain.java:157)
	at com.kms.katalon.core.main.TestCaseMain$startTestSuite$0.call(Unknown Source)
	at TempTestSuite1616730151766.run(TempTestSuite1616730151766.groovy:36)
)
	at com.kms.katalon.core.keyword.internal.KeywordMain.stepFailed(KeywordMain.groovy:39)
	at com.kms.katalon.core.webui.keyword.internal.WebUIKeywordMain.stepFailed(WebUIKeywordMain.groovy:64)
	at com.kms.katalon.core.webui.keyword.builtin.VerifyElementClickableKeyword$_verifyElementClickable_closure1.doCall(VerifyElementClickableKeyword.groovy:88)
	at com.kms.katalon.core.webui.keyword.builtin.VerifyElementClickableKeyword$_verifyElementClickable_closure1.call(VerifyElementClickableKeyword.groovy)
	at com.kms.katalon.core.webui.keyword.internal.WebUIKeywordMain.runKeyword(WebUIKeywordMain.groovy:20)
	at com.kms.katalon.core.webui.keyword.builtin.VerifyElementClickableKeyword.verifyElementClickable(VerifyElementClickableKeyword.groovy:96)
	at com.kms.katalon.core.webui.keyword.builtin.VerifyElementClickableKeyword.execute(VerifyElementClickableKeyword.groovy:67)
	at com.kms.katalon.core.keyword.internal.KeywordExecutor.executeKeywordForPlatform(KeywordExecutor.groovy:60)
	at com.kms.katalon.core.webui.keyword.WebUiBuiltInKeywords.verifyElementClickable(WebUiBuiltInKeywords.groovy:548)
	at com.kms.katalon.core.webui.keyword.WebUiBuiltInKeywords$verifyElementClickable$9.call(Unknown Source)
	at TC_028_Verify that Estate agent can send AML request.run(TC_028_Verify that Estate agent can send AML request:19)
	at com.kms.katalon.core.main.ScriptEngine.run(ScriptEngine.java:194)
	at com.kms.katalon.core.main.ScriptEngine.runScriptAsRawText(ScriptEngine.java:119)
	at com.kms.katalon.core.main.TestCaseExecutor.runScript(TestCaseExecutor.java:337)
	at com.kms.katalon.core.main.TestCaseExecutor.doExecute(TestCaseExecutor.java:328)
	at com.kms.katalon.core.main.TestCaseExecutor.processExecutionPhase(TestCaseExecutor.java:307)
	at com.kms.katalon.core.main.TestCaseExecutor.accessMainPhase(TestCaseExecutor.java:299)
	at com.kms.katalon.core.main.TestCaseExecutor.execute(TestCaseExecutor.java:233)
	at com.kms.katalon.core.main.TestSuiteExecutor.accessTestCaseMainPhase(TestSuiteExecutor.java:169)
	at com.kms.katalon.core.main.TestSuiteExecutor.accessTestSuiteMainPhase(TestSuiteExecutor.java:142)
	at com.kms.katalon.core.main.TestSuiteExecutor.execute(TestSuiteExecutor.java:91)
	at com.kms.katalon.core.main.TestCaseMain.startTestSuite(TestCaseMain.java:157)
	at com.kms.katalon.core.main.TestCaseMain$startTestSuite$0.call(Unknown Source)
	at TempTestSuite1616730151766.run(TempTestSuite1616730151766.groovy:36)
Caused by: com.kms.katalon.core.exception.StepFailedException: Web element with id: 'Object Repository/Deal Status/AML_Section/btn_AML' located by 'By.xpath: //button[contains(text(),'AML Request')]' not found
	... 23 more
"/>
         <system-out><![CDATA[2021-03-26 09:24:14 - [TEST_CASE][FAILED] - Test Cases/Sanity_Test/TC_028_Verify that Estate agent can send AML request: Test Cases/Sanity_Test/TC_028_Verify that Estate agent can send AML request FAILED.
Reason:
com.kms.katalon.core.exception.StepFailedException: Web element with id: 'Object Repository/Deal Status/AML_Section/btn_AML' located by 'By.xpath: //button[contains(text(),'AML Request')]' not found (Root cause: com.kms.katalon.core.exception.StepFailedException: Web element with id: 'Object Repository/Deal Status/AML_Section/btn_AML' located by 'By.xpath: //button[contains(text(),'AML Request')]' not found
	at com.kms.katalon.core.webui.keyword.internal.WebUIKeywordMain.stepFailed(WebUIKeywordMain.groovy:64)
	at com.kms.katalon.core.webui.keyword.builtin.VerifyElementClickableKeyword$_verifyElementClickable_closure1.doCall(VerifyElementClickableKeyword.groovy:88)
	at com.kms.katalon.core.webui.keyword.builtin.VerifyElementClickableKeyword$_verifyElementClickable_closure1.call(VerifyElementClickableKeyword.groovy)
	at com.kms.katalon.core.webui.keyword.internal.WebUIKeywordMain.runKeyword(WebUIKeywordMain.groovy:20)
	at com.kms.katalon.core.webui.keyword.builtin.VerifyElementClickableKeyword.verifyElementClickable(VerifyElementClickableKeyword.groovy:96)
	at com.kms.katalon.core.webui.keyword.builtin.VerifyElementClickableKeyword.execute(VerifyElementClickableKeyword.groovy:67)
	at com.kms.katalon.core.keyword.internal.KeywordExecutor.executeKeywordForPlatform(KeywordExecutor.groovy:60)
	at com.kms.katalon.core.webui.keyword.WebUiBuiltInKeywords.verifyElementClickable(WebUiBuiltInKeywords.groovy:548)
	at com.kms.katalon.core.webui.keyword.WebUiBuiltInKeywords$verifyElementClickable$9.call(Unknown Source)
	at TC_028_Verify that Estate agent can send AML request.run(TC_028_Verify that Estate agent can send AML request:19)
	at com.kms.katalon.core.main.ScriptEngine.run(ScriptEngine.java:194)
	at com.kms.katalon.core.main.ScriptEngine.runScriptAsRawText(ScriptEngine.java:119)
	at com.kms.katalon.core.main.TestCaseExecutor.runScript(TestCaseExecutor.java:337)
	at com.kms.katalon.core.main.TestCaseExecutor.doExecute(TestCaseExecutor.java:328)
	at com.kms.katalon.core.main.TestCaseExecutor.processExecutionPhase(TestCaseExecutor.java:307)
	at com.kms.katalon.core.main.TestCaseExecutor.accessMainPhase(TestCaseExecutor.java:299)
	at com.kms.katalon.core.main.TestCaseExecutor.execute(TestCaseExecutor.java:233)
	at com.kms.katalon.core.main.TestSuiteExecutor.accessTestCaseMainPhase(TestSuiteExecutor.java:169)
	at com.kms.katalon.core.main.TestSuiteExecutor.accessTestSuiteMainPhase(TestSuiteExecutor.java:142)
	at com.kms.katalon.core.main.TestSuiteExecutor.execute(TestSuiteExecutor.java:91)
	at com.kms.katalon.core.main.TestCaseMain.startTestSuite(TestCaseMain.java:157)
	at com.kms.katalon.core.main.TestCaseMain$startTestSuite$0.call(Unknown Source)
	at TempTestSuite1616730151766.run(TempTestSuite1616730151766.groovy:36)
)
	at com.kms.katalon.core.keyword.internal.KeywordMain.stepFailed(KeywordMain.groovy:39)
	at com.kms.katalon.core.webui.keyword.internal.WebUIKeywordMain.stepFailed(WebUIKeywordMain.groovy:64)
	at com.kms.katalon.core.webui.keyword.builtin.VerifyElementClickableKeyword$_verifyElementClickable_closure1.doCall(VerifyElementClickableKeyword.groovy:88)
	at com.kms.katalon.core.webui.keyword.builtin.VerifyElementClickableKeyword$_verifyElementClickable_closure1.call(VerifyElementClickableKeyword.groovy)
	at com.kms.katalon.core.webui.keyword.internal.WebUIKeywordMain.runKeyword(WebUIKeywordMain.groovy:20)
	at com.kms.katalon.core.webui.keyword.builtin.VerifyElementClickableKeyword.verifyElementClickable(VerifyElementClickableKeyword.groovy:96)
	at com.kms.katalon.core.webui.keyword.builtin.VerifyElementClickableKeyword.execute(VerifyElementClickableKeyword.groovy:67)
	at com.kms.katalon.core.keyword.internal.KeywordExecutor.executeKeywordForPlatform(KeywordExecutor.groovy:60)
	at com.kms.katalon.core.webui.keyword.WebUiBuiltInKeywords.verifyElementClickable(WebUiBuiltInKeywords.groovy:548)
	at com.kms.katalon.core.webui.keyword.WebUiBuiltInKeywords$verifyElementClickable$9.call(Unknown Source)
	at TC_028_Verify that Estate agent can send AML request.run(TC_028_Verify that Estate agent can send AML request:19)
	at com.kms.katalon.core.main.ScriptEngine.run(ScriptEngine.java:194)
	at com.kms.katalon.core.main.ScriptEngine.runScriptAsRawText(ScriptEngine.java:119)
	at com.kms.katalon.core.main.TestCaseExecutor.runScript(TestCaseExecutor.java:337)
	at com.kms.katalon.core.main.TestCaseExecutor.doExecute(TestCaseExecutor.java:328)
	at com.kms.katalon.core.main.TestCaseExecutor.processExecutionPhase(TestCaseExecutor.java:307)
	at com.kms.katalon.core.main.TestCaseExecutor.accessMainPhase(TestCaseExecutor.java:299)
	at com.kms.katalon.core.main.TestCaseExecutor.execute(TestCaseExecutor.java:233)
	at com.kms.katalon.core.main.TestSuiteExecutor.accessTestCaseMainPhase(TestSuiteExecutor.java:169)
	at com.kms.katalon.core.main.TestSuiteExecutor.accessTestSuiteMainPhase(TestSuiteExecutor.java:142)
	at com.kms.katalon.core.main.TestSuiteExecutor.execute(TestSuiteExecutor.java:91)
	at com.kms.katalon.core.main.TestCaseMain.startTestSuite(TestCaseMain.java:157)
	at com.kms.katalon.core.main.TestCaseMain$startTestSuite$0.call(Unknown Source)
	at TempTestSuite1616730151766.run(TempTestSuite1616730151766.groovy:36)
Caused by: com.kms.katalon.core.exception.StepFailedException: Web element with id: 'Object Repository/Deal Status/AML_Section/btn_AML' located by 'By.xpath: //button[contains(text(),'AML Request')]' not found
	... 23 more


2021-03-26 09:24:14 - [TEST_STEP][PASSED] - Start listener action : sampleBeforeTestCase: null

2021-03-26 09:24:14 - [TEST_STEP][PASSED] - println(testCaseContext.getTestCaseId()): null

2021-03-26 09:24:14 - [TEST_STEP][PASSED] - println(testCaseContext.getTestCaseVariables()): null

2021-03-26 09:24:14 - [TEST_STEP][FAILED] - if (verifyElementClickable(findTestObject("Object Repository/Deal Status/AML_Section/btn_AML"), CONTINUE_ON_FAILURE) == true): Web element with id: 'Object Repository/Deal Status/AML_Section/btn_AML' located by 'By.xpath: //button[contains(text(),'AML Request')]' not found (Root cause: com.kms.katalon.core.exception.StepFailedException: Web element with id: 'Object Repository/Deal Status/AML_Section/btn_AML' located by 'By.xpath: //button[contains(text(),'AML Request')]' not found
	at com.kms.katalon.core.webui.keyword.internal.WebUIKeywordMain.stepFailed(WebUIKeywordMain.groovy:64)
	at com.kms.katalon.core.webui.keyword.builtin.VerifyElementClickableKeyword$_verifyElementClickable_closure1.doCall(VerifyElementClickableKeyword.groovy:88)
	at com.kms.katalon.core.webui.keyword.builtin.VerifyElementClickableKeyword$_verifyElementClickable_closure1.call(VerifyElementClickableKeyword.groovy)
	at com.kms.katalon.core.webui.keyword.internal.WebUIKeywordMain.runKeyword(WebUIKeywordMain.groovy:20)
	at com.kms.katalon.core.webui.keyword.builtin.VerifyElementClickableKeyword.verifyElementClickable(VerifyElementClickableKeyword.groovy:96)
	at com.kms.katalon.core.webui.keyword.builtin.VerifyElementClickableKeyword.execute(VerifyElementClickableKeyword.groovy:67)
	at com.kms.katalon.core.keyword.internal.KeywordExecutor.executeKeywordForPlatform(KeywordExecutor.groovy:60)
	at com.kms.katalon.core.webui.keyword.WebUiBuiltInKeywords.verifyElementClickable(WebUiBuiltInKeywords.groovy:548)
	at com.kms.katalon.core.webui.keyword.WebUiBuiltInKeywords$verifyElementClickable$9.call(Unknown Source)
	at TC_028_Verify that Estate agent can send AML request.run(TC_028_Verify that Estate agent can send AML request:19)
	at com.kms.katalon.core.main.ScriptEngine.run(ScriptEngine.java:194)
	at com.kms.katalon.core.main.ScriptEngine.runScriptAsRawText(ScriptEngine.java:119)
	at com.kms.katalon.core.main.TestCaseExecutor.runScript(TestCaseExecutor.java:337)
	at com.kms.katalon.core.main.TestCaseExecutor.doExecute(TestCaseExecutor.java:328)
	at com.kms.katalon.core.main.TestCaseExecutor.processExecutionPhase(TestCaseExecutor.java:307)
	at com.kms.katalon.core.main.TestCaseExecutor.accessMainPhase(TestCaseExecutor.java:299)
	at com.kms.katalon.core.main.TestCaseExecutor.execute(TestCaseExecutor.java:233)
	at com.kms.katalon.core.main.TestSuiteExecutor.accessTestCaseMainPhase(TestSuiteExecutor.java:169)
	at com.kms.katalon.core.main.TestSuiteExecutor.accessTestSuiteMainPhase(TestSuiteExecutor.java:142)
	at com.kms.katalon.core.main.TestSuiteExecutor.execute(TestSuiteExecutor.java:91)
	at com.kms.katalon.core.main.TestCaseMain.startTestSuite(TestCaseMain.java:157)
	at com.kms.katalon.core.main.TestCaseMain$startTestSuite$0.call(Unknown Source)
	at TempTestSuite1616730151766.run(TempTestSuite1616730151766.groovy:36)
)

2021-03-26 09:24:57 - [MESSAGE][INFO] - Unable to find the element located by 'By.xpath: //button[contains(text(),'AML Request')]'. Please recheck the objects properties to make sure the desired element is located. 

2021-03-26 09:24:57 - [MESSAGE][FAILED] - Web element with id: 'Object Repository/Deal Status/AML_Section/btn_AML' located by 'By.xpath: //button[contains(text(),'AML Request')]' not found (Root cause: com.kms.katalon.core.exception.StepFailedException: Web element with id: 'Object Repository/Deal Status/AML_Section/btn_AML' located by 'By.xpath: //button[contains(text(),'AML Request')]' not found
	at com.kms.katalon.core.webui.keyword.internal.WebUIKeywordMain.stepFailed(WebUIKeywordMain.groovy:64)
	at com.kms.katalon.core.webui.keyword.builtin.VerifyElementClickableKeyword$_verifyElementClickable_closure1.doCall(VerifyElementClickableKeyword.groovy:88)
	at com.kms.katalon.core.webui.keyword.builtin.VerifyElementClickableKeyword$_verifyElementClickable_closure1.call(VerifyElementClickableKeyword.groovy)
	at com.kms.katalon.core.webui.keyword.internal.WebUIKeywordMain.runKeyword(WebUIKeywordMain.groovy:20)
	at com.kms.katalon.core.webui.keyword.builtin.VerifyElementClickableKeyword.verifyElementClickable(VerifyElementClickableKeyword.groovy:96)
	at com.kms.katalon.core.webui.keyword.builtin.VerifyElementClickableKeyword.execute(VerifyElementClickableKeyword.groovy:67)
	at com.kms.katalon.core.keyword.internal.KeywordExecutor.executeKeywordForPlatform(KeywordExecutor.groovy:60)
	at com.kms.katalon.core.webui.keyword.WebUiBuiltInKeywords.verifyElementClickable(WebUiBuiltInKeywords.groovy:548)
	at com.kms.katalon.core.webui.keyword.WebUiBuiltInKeywords$verifyElementClickable$9.call(Unknown Source)
	at TC_028_Verify that Estate agent can send AML request.run(TC_028_Verify that Estate agent can send AML request:19)
	at com.kms.katalon.core.main.ScriptEngine.run(ScriptEngine.java:194)
	at com.kms.katalon.core.main.ScriptEngine.runScriptAsRawText(ScriptEngine.java:119)
	at com.kms.katalon.core.main.TestCaseExecutor.runScript(TestCaseExecutor.java:337)
	at com.kms.katalon.core.main.TestCaseExecutor.doExecute(TestCaseExecutor.java:328)
	at com.kms.katalon.core.main.TestCaseExecutor.processExecutionPhase(TestCaseExecutor.java:307)
	at com.kms.katalon.core.main.TestCaseExecutor.accessMainPhase(TestCaseExecutor.java:299)
	at com.kms.katalon.core.main.TestCaseExecutor.execute(TestCaseExecutor.java:233)
	at com.kms.katalon.core.main.TestSuiteExecutor.accessTestCaseMainPhase(TestSuiteExecutor.java:169)
	at com.kms.katalon.core.main.TestSuiteExecutor.accessTestSuiteMainPhase(TestSuiteExecutor.java:142)
	at com.kms.katalon.core.main.TestSuiteExecutor.execute(TestSuiteExecutor.java:91)
	at com.kms.katalon.core.main.TestCaseMain.startTestSuite(TestCaseMain.java:157)
	at com.kms.katalon.core.main.TestCaseMain$startTestSuite$0.call(Unknown Source)
	at TempTestSuite1616730151766.run(TempTestSuite1616730151766.groovy:36)
)
[[ATTACHMENT|C:\\Users\\pritig\\Downloads\\WeComplete\\Reports\\20210326_091231\\Sanity Test\\20210326_091231\\1616730897536.png]]

2021-03-26 09:24:57 - [TEST_STEP][PASSED] - else: null

2021-03-26 09:24:57 - [TEST_STEP][PASSED] - out.print("Verify AML button is not clickable"): null

2021-03-26 09:24:57 - [TEST_STEP][PASSED] - Start listener action : sampleAfterTestCase: null

2021-03-26 09:24:57 - [TEST_STEP][PASSED] - println(testCaseContext.getTestCaseId()): null

2021-03-26 09:24:57 - [TEST_STEP][PASSED] - println(testCaseContext.getTestCaseStatus()): null

2021-03-26 09:24:59 - [TEST_STEP][PASSED] - Video: Video recording for test case 'Test Cases/Sanity_Test/TC_028_Verify that Estate agent can send AML request' .

2021-03-26 09:24:59 - [MESSAGE][INFO] - Video recording for test case 'Test Cases/Sanity_Test/TC_028_Verify that Estate agent can send AML request' .
[[ATTACHMENT|C:\\Users\\pritig\\Downloads\\WeComplete\\Reports\\20210326_091231\\Sanity Test\\20210326_091231/videos\\test_28.avi]]]]></system-out>
         <system-err><![CDATA[2021-03-26 09:24:14 - [TEST_CASE][FAILED] - Test Cases/Sanity_Test/TC_028_Verify that Estate agent can send AML request: Test Cases/Sanity_Test/TC_028_Verify that Estate agent can send AML request FAILED.
Reason:
com.kms.katalon.core.exception.StepFailedException: Web element with id: 'Object Repository/Deal Status/AML_Section/btn_AML' located by 'By.xpath: //button[contains(text(),'AML Request')]' not found (Root cause: com.kms.katalon.core.exception.StepFailedException: Web element with id: 'Object Repository/Deal Status/AML_Section/btn_AML' located by 'By.xpath: //button[contains(text(),'AML Request')]' not found
	at com.kms.katalon.core.webui.keyword.internal.WebUIKeywordMain.stepFailed(WebUIKeywordMain.groovy:64)
	at com.kms.katalon.core.webui.keyword.builtin.VerifyElementClickableKeyword$_verifyElementClickable_closure1.doCall(VerifyElementClickableKeyword.groovy:88)
	at com.kms.katalon.core.webui.keyword.builtin.VerifyElementClickableKeyword$_verifyElementClickable_closure1.call(VerifyElementClickableKeyword.groovy)
	at com.kms.katalon.core.webui.keyword.internal.WebUIKeywordMain.runKeyword(WebUIKeywordMain.groovy:20)
	at com.kms.katalon.core.webui.keyword.builtin.VerifyElementClickableKeyword.verifyElementClickable(VerifyElementClickableKeyword.groovy:96)
	at com.kms.katalon.core.webui.keyword.builtin.VerifyElementClickableKeyword.execute(VerifyElementClickableKeyword.groovy:67)
	at com.kms.katalon.core.keyword.internal.KeywordExecutor.executeKeywordForPlatform(KeywordExecutor.groovy:60)
	at com.kms.katalon.core.webui.keyword.WebUiBuiltInKeywords.verifyElementClickable(WebUiBuiltInKeywords.groovy:548)
	at com.kms.katalon.core.webui.keyword.WebUiBuiltInKeywords$verifyElementClickable$9.call(Unknown Source)
	at TC_028_Verify that Estate agent can send AML request.run(TC_028_Verify that Estate agent can send AML request:19)
	at com.kms.katalon.core.main.ScriptEngine.run(ScriptEngine.java:194)
	at com.kms.katalon.core.main.ScriptEngine.runScriptAsRawText(ScriptEngine.java:119)
	at com.kms.katalon.core.main.TestCaseExecutor.runScript(TestCaseExecutor.java:337)
	at com.kms.katalon.core.main.TestCaseExecutor.doExecute(TestCaseExecutor.java:328)
	at com.kms.katalon.core.main.TestCaseExecutor.processExecutionPhase(TestCaseExecutor.java:307)
	at com.kms.katalon.core.main.TestCaseExecutor.accessMainPhase(TestCaseExecutor.java:299)
	at com.kms.katalon.core.main.TestCaseExecutor.execute(TestCaseExecutor.java:233)
	at com.kms.katalon.core.main.TestSuiteExecutor.accessTestCaseMainPhase(TestSuiteExecutor.java:169)
	at com.kms.katalon.core.main.TestSuiteExecutor.accessTestSuiteMainPhase(TestSuiteExecutor.java:142)
	at com.kms.katalon.core.main.TestSuiteExecutor.execute(TestSuiteExecutor.java:91)
	at com.kms.katalon.core.main.TestCaseMain.startTestSuite(TestCaseMain.java:157)
	at com.kms.katalon.core.main.TestCaseMain$startTestSuite$0.call(Unknown Source)
	at TempTestSuite1616730151766.run(TempTestSuite1616730151766.groovy:36)
)
	at com.kms.katalon.core.keyword.internal.KeywordMain.stepFailed(KeywordMain.groovy:39)
	at com.kms.katalon.core.webui.keyword.internal.WebUIKeywordMain.stepFailed(WebUIKeywordMain.groovy:64)
	at com.kms.katalon.core.webui.keyword.builtin.VerifyElementClickableKeyword$_verifyElementClickable_closure1.doCall(VerifyElementClickableKeyword.groovy:88)
	at com.kms.katalon.core.webui.keyword.builtin.VerifyElementClickableKeyword$_verifyElementClickable_closure1.call(VerifyElementClickableKeyword.groovy)
	at com.kms.katalon.core.webui.keyword.internal.WebUIKeywordMain.runKeyword(WebUIKeywordMain.groovy:20)
	at com.kms.katalon.core.webui.keyword.builtin.VerifyElementClickableKeyword.verifyElementClickable(VerifyElementClickableKeyword.groovy:96)
	at com.kms.katalon.core.webui.keyword.builtin.VerifyElementClickableKeyword.execute(VerifyElementClickableKeyword.groovy:67)
	at com.kms.katalon.core.keyword.internal.KeywordExecutor.executeKeywordForPlatform(KeywordExecutor.groovy:60)
	at com.kms.katalon.core.webui.keyword.WebUiBuiltInKeywords.verifyElementClickable(WebUiBuiltInKeywords.groovy:548)
	at com.kms.katalon.core.webui.keyword.WebUiBuiltInKeywords$verifyElementClickable$9.call(Unknown Source)
	at TC_028_Verify that Estate agent can send AML request.run(TC_028_Verify that Estate agent can send AML request:19)
	at com.kms.katalon.core.main.ScriptEngine.run(ScriptEngine.java:194)
	at com.kms.katalon.core.main.ScriptEngine.runScriptAsRawText(ScriptEngine.java:119)
	at com.kms.katalon.core.main.TestCaseExecutor.runScript(TestCaseExecutor.java:337)
	at com.kms.katalon.core.main.TestCaseExecutor.doExecute(TestCaseExecutor.java:328)
	at com.kms.katalon.core.main.TestCaseExecutor.processExecutionPhase(TestCaseExecutor.java:307)
	at com.kms.katalon.core.main.TestCaseExecutor.accessMainPhase(TestCaseExecutor.java:299)
	at com.kms.katalon.core.main.TestCaseExecutor.execute(TestCaseExecutor.java:233)
	at com.kms.katalon.core.main.TestSuiteExecutor.accessTestCaseMainPhase(TestSuiteExecutor.java:169)
	at com.kms.katalon.core.main.TestSuiteExecutor.accessTestSuiteMainPhase(TestSuiteExecutor.java:142)
	at com.kms.katalon.core.main.TestSuiteExecutor.execute(TestSuiteExecutor.java:91)
	at com.kms.katalon.core.main.TestCaseMain.startTestSuite(TestCaseMain.java:157)
	at com.kms.katalon.core.main.TestCaseMain$startTestSuite$0.call(Unknown Source)
	at TempTestSuite1616730151766.run(TempTestSuite1616730151766.groovy:36)
Caused by: com.kms.katalon.core.exception.StepFailedException: Web element with id: 'Object Repository/Deal Status/AML_Section/btn_AML' located by 'By.xpath: //button[contains(text(),'AML Request')]' not found
	... 23 more]]></system-err>
      </testcase>
      <testcase name="Test Cases/Sanity_Test/TC_029_Verify that New Business role user can assigned case to the Solicitor" time="103.175" classname="Test Cases/Sanity_Test/TC_029_Verify that New Business role user can assigned case to the Solicitor" status="ERROR">
         <error type="ERROR" message="Test Cases/Sanity_Test/TC_029_Verify that New Business role user can assigned case to the Solicitor FAILED.
Reason:
org.codehaus.groovy.runtime.InvokerInvocationException: java.lang.AssertionError: Web element with id: 'Object Repository/Dashborad/Assign To Section/input_userName' located by 'By.xpath: //*[@placeholder='Search user name']' not found
	at com.wecomplete.keywords.TestBase.invokeMethod(TestBase.groovy)
	at com.kms.katalon.core.main.CustomKeywordDelegatingMetaClass.invokeStaticMethod(CustomKeywordDelegatingMetaClass.java:50)
	at TC_029_Verify that New Business role user can assigned case to the Solicitor.run(TC_029_Verify that New Business role user can assigned case to the Solicitor:81)
	at com.kms.katalon.core.main.ScriptEngine.run(ScriptEngine.java:194)
	at com.kms.katalon.core.main.ScriptEngine.runScriptAsRawText(ScriptEngine.java:119)
	at com.kms.katalon.core.main.TestCaseExecutor.runScript(TestCaseExecutor.java:337)
	at com.kms.katalon.core.main.TestCaseExecutor.doExecute(TestCaseExecutor.java:328)
	at com.kms.katalon.core.main.TestCaseExecutor.processExecutionPhase(TestCaseExecutor.java:307)
	at com.kms.katalon.core.main.TestCaseExecutor.accessMainPhase(TestCaseExecutor.java:299)
	at com.kms.katalon.core.main.TestCaseExecutor.execute(TestCaseExecutor.java:233)
	at com.kms.katalon.core.main.TestSuiteExecutor.accessTestCaseMainPhase(TestSuiteExecutor.java:169)
	at com.kms.katalon.core.main.TestSuiteExecutor.accessTestSuiteMainPhase(TestSuiteExecutor.java:142)
	at com.kms.katalon.core.main.TestSuiteExecutor.execute(TestSuiteExecutor.java:91)
	at com.kms.katalon.core.main.TestCaseMain.startTestSuite(TestCaseMain.java:157)
	at com.kms.katalon.core.main.TestCaseMain$startTestSuite$0.call(Unknown Source)
	at TempTestSuite1616730151766.run(TempTestSuite1616730151766.groovy:36)
Caused by: java.lang.AssertionError: Web element with id: 'Object Repository/Dashborad/Assign To Section/input_userName' located by 'By.xpath: //*[@placeholder='Search user name']' not found
	at org.testng.Assert.fail(Assert.java:93)
	at org.testng.Assert$fail$0.call(Unknown Source)
	at com.wecomplete.keywords.TestBase.sendkeyElement(TestBase.groovy:130)
	... 16 more
"/>
         <system-out><![CDATA[2021-03-26 09:24:59 - [TEST_CASE][ERROR] - Test Cases/Sanity_Test/TC_029_Verify that New Business role user can assigned case to the Solicitor: Test Cases/Sanity_Test/TC_029_Verify that New Business role user can assigned case to the Solicitor FAILED.
Reason:
org.codehaus.groovy.runtime.InvokerInvocationException: java.lang.AssertionError: Web element with id: 'Object Repository/Dashborad/Assign To Section/input_userName' located by 'By.xpath: //*[@placeholder='Search user name']' not found
	at com.wecomplete.keywords.TestBase.invokeMethod(TestBase.groovy)
	at com.kms.katalon.core.main.CustomKeywordDelegatingMetaClass.invokeStaticMethod(CustomKeywordDelegatingMetaClass.java:50)
	at TC_029_Verify that New Business role user can assigned case to the Solicitor.run(TC_029_Verify that New Business role user can assigned case to the Solicitor:81)
	at com.kms.katalon.core.main.ScriptEngine.run(ScriptEngine.java:194)
	at com.kms.katalon.core.main.ScriptEngine.runScriptAsRawText(ScriptEngine.java:119)
	at com.kms.katalon.core.main.TestCaseExecutor.runScript(TestCaseExecutor.java:337)
	at com.kms.katalon.core.main.TestCaseExecutor.doExecute(TestCaseExecutor.java:328)
	at com.kms.katalon.core.main.TestCaseExecutor.processExecutionPhase(TestCaseExecutor.java:307)
	at com.kms.katalon.core.main.TestCaseExecutor.accessMainPhase(TestCaseExecutor.java:299)
	at com.kms.katalon.core.main.TestCaseExecutor.execute(TestCaseExecutor.java:233)
	at com.kms.katalon.core.main.TestSuiteExecutor.accessTestCaseMainPhase(TestSuiteExecutor.java:169)
	at com.kms.katalon.core.main.TestSuiteExecutor.accessTestSuiteMainPhase(TestSuiteExecutor.java:142)
	at com.kms.katalon.core.main.TestSuiteExecutor.execute(TestSuiteExecutor.java:91)
	at com.kms.katalon.core.main.TestCaseMain.startTestSuite(TestCaseMain.java:157)
	at com.kms.katalon.core.main.TestCaseMain$startTestSuite$0.call(Unknown Source)
	at TempTestSuite1616730151766.run(TempTestSuite1616730151766.groovy:36)
Caused by: java.lang.AssertionError: Web element with id: 'Object Repository/Dashborad/Assign To Section/input_userName' located by 'By.xpath: //*[@placeholder='Search user name']' not found
	at org.testng.Assert.fail(Assert.java:93)
	at org.testng.Assert$fail$0.call(Unknown Source)
	at com.wecomplete.keywords.TestBase.sendkeyElement(TestBase.groovy:130)
	... 16 more


2021-03-26 09:24:59 - [TEST_STEP][PASSED] - Start listener action : sampleBeforeTestCase: null

2021-03-26 09:24:59 - [TEST_STEP][PASSED] - println(testCaseContext.getTestCaseId()): null

2021-03-26 09:24:59 - [TEST_STEP][PASSED] - println(testCaseContext.getTestCaseVariables()): null

2021-03-26 09:24:59 - [TEST_STEP][PASSED] - callTestCase(findTestCase("common_test _cases/do_sign out"), [:], CONTINUE_ON_FAILURE): Call Test Case 'Test Cases/common_test _cases/do_sign out' successfully

2021-03-26 09:25:00 - [TEST_CASE][PASSED] - Test Cases/common_test _cases/do_sign out: Test Cases/common_test _cases/do_sign out

2021-03-26 09:25:00 - [TEST_STEP][PASSED] - scrollToElement(findTestObject("sign_out/user_profile"), shortTime): Scroll to object 'Object Repository/sign_out/user_profile' successfully

2021-03-26 09:25:00 - [MESSAGE][PASSED] - Scroll to object 'Object Repository/sign_out/user_profile' successfully

2021-03-26 09:25:00 - [TEST_STEP][PASSED] - com.wecomplete.keywords.TestBase.clickElement(findTestObject("Object Repository/sign_out/user_profile")): Element has been clicked

2021-03-26 09:25:03 - [MESSAGE][INFO] - Clicking element

2021-03-26 09:25:03 - [MESSAGE][PASSED] - Element has been clicked

2021-03-26 09:25:03 - [TEST_STEP][PASSED] - com.wecomplete.keywords.TestBase.clickUsingJS(findTestObject("Object Repository/sign_out/sign_Out"), shortTime): Element has been clicked

2021-03-26 09:25:04 - [MESSAGE][INFO] - Clicking element

2021-03-26 09:25:04 - [MESSAGE][PASSED] - Element has been clicked

2021-03-26 09:25:04 - [MESSAGE][PASSED] - Call Test Case 'Test Cases/common_test _cases/do_sign out' successfully

2021-03-26 09:25:04 - [TEST_STEP][PASSED] - callTestCase(findTestCase("common_test _cases/login_Page"), ["headerDashboard":headerDashboard, "loginId":solicitor, "Password":Password, "baseEAUrl":baseSFUrl], CONTINUE_ON_FAILURE): Call Test Case 'Test Cases/common_test _cases/login_Page' successfully

2021-03-26 09:25:04 - [TEST_CASE][PASSED] - Test Cases/common_test _cases/login_Page: Test Cases/common_test _cases/login_Page

2021-03-26 09:25:04 - [TEST_STEP][PASSED] - navigateToUrl(baseEAUrl + "/ph", STOP_ON_FAILURE): Navigate to 'https://davisons.icompleteonline.co.uk/ph' successfully

2021-03-26 09:25:09 - [MESSAGE][PASSED] - Navigate to 'https://davisons.icompleteonline.co.uk/ph' successfully

2021-03-26 09:25:09 - [TEST_STEP][PASSED] - com.wecomplete.keywords.TestBase.isElementPresent(findTestObject("Object Repository/login_Page/tab_login"), shortTime): Element has been present

2021-03-26 09:25:11 - [MESSAGE][PASSED] - Element has been present

2021-03-26 09:25:11 - [TEST_STEP][PASSED] - com.wecomplete.keywords.TestBase.isElementPresent(findTestObject("Object Repository/login_Page/header_login"), shortTime): Element has been present

2021-03-26 09:25:12 - [MESSAGE][PASSED] - Element has been present

2021-03-26 09:25:12 - [TEST_STEP][PASSED] - com.wecomplete.keywords.TestBase.sendkeyElement(findTestObject("Object Repository/login_Page/input_login_id"), loginId): Sendkey value has been send

2021-03-26 09:25:15 - [MESSAGE][PASSED] - Element has been cleared

2021-03-26 09:25:19 - [MESSAGE][PASSED] - Sendkey value has been send

2021-03-26 09:25:19 - [TEST_STEP][PASSED] - com.wecomplete.keywords.TestBase.sendkeyElement(findTestObject("Object Repository/login_Page/input_Password"), Password): Sendkey value has been send

2021-03-26 09:25:22 - [MESSAGE][PASSED] - Element has been cleared

2021-03-26 09:25:25 - [MESSAGE][PASSED] - Sendkey value has been send

2021-03-26 09:25:25 - [TEST_STEP][PASSED] - click(findTestObject("login_Page/btn_login")): Object: 'Object Repository/login_Page/btn_login' is clicked on

2021-03-26 09:25:29 - [MESSAGE][PASSED] - Object: 'Object Repository/login_Page/btn_login' is clicked on

2021-03-26 09:25:29 - [TEST_STEP][PASSED] - delay(7): Delayed 7 second(s)

2021-03-26 09:25:36 - [MESSAGE][PASSED] - Delayed 7 second(s)

2021-03-26 09:25:36 - [TEST_STEP][PASSED] - com.wecomplete.keywords.TestBase.getText(findTestObject("Dashborad/header_Dashboard"), headerDashboard): Verifed actule & expected data

2021-03-26 09:25:40 - [MESSAGE][INFO] - Get actule text

2021-03-26 09:25:40 - [MESSAGE][PASSED] - Verifed actule & expected data

2021-03-26 09:25:40 - [MESSAGE][PASSED] - Call Test Case 'Test Cases/common_test _cases/login_Page' successfully

2021-03-26 09:25:40 - [TEST_STEP][PASSED] - waitForPageLoad(longTime): Wait for page load successfully

2021-03-26 09:25:40 - [MESSAGE][PASSED] - Wait for page load successfully

2021-03-26 09:25:40 - [TEST_STEP][PASSED] - if (verifyElementPresent(findTestObject("Object Repository/Dashborad/tab_Quotes Accepted"), shortTime) == true): null

2021-03-26 09:25:40 - [MESSAGE][PASSED] - Object 'Object Repository/Dashborad/tab_Quotes Accepted' is present

2021-03-26 09:25:40 - [TEST_STEP][PASSED] - com.wecomplete.keywords.TestBase.clickUsingJS(findTestObject("Object Repository/Dashborad/tab_Quotes Accepted"), shortTime): Element has been clicked

2021-03-26 09:25:40 - [MESSAGE][INFO] - Clicking element

2021-03-26 09:25:40 - [MESSAGE][PASSED] - Element has been clicked

2021-03-26 09:25:40 - [TEST_STEP][PASSED] - scrollToElement(findTestObject("Object Repository/Dashborad/icon_Filter"), shortTime): Scroll to object 'Object Repository/Dashborad/icon_Filter' successfully

2021-03-26 09:25:44 - [MESSAGE][PASSED] - Scroll to object 'Object Repository/Dashborad/icon_Filter' successfully

2021-03-26 09:25:44 - [TEST_STEP][PASSED] - com.wecomplete.keywords.TestBase.clickUsingJS(findTestObject("Object Repository/Dashborad/icon_Filter"), shortTime): Element has been clicked

2021-03-26 09:25:44 - [MESSAGE][INFO] - Clicking element

2021-03-26 09:25:44 - [MESSAGE][PASSED] - Element has been clicked

2021-03-26 09:25:44 - [TEST_STEP][PASSED] - com.wecomplete.keywords.TestBase.clickUsingJS(findTestObject("Quote/Selling_Property_Details_Page/toggle_Commercial"), shortTime): Element has been clicked

2021-03-26 09:25:45 - [MESSAGE][INFO] - Clicking element

2021-03-26 09:25:45 - [MESSAGE][PASSED] - Element has been clicked

2021-03-26 09:25:45 - [TEST_STEP][PASSED] - com.wecomplete.keywords.TestBase.clickUsingJS(findTestObject("Quote/Selling_Property_Details_Page/toggle_Leasehold"), shortTime): Element has been clicked

2021-03-26 09:25:45 - [MESSAGE][INFO] - Clicking element

2021-03-26 09:25:45 - [MESSAGE][PASSED] - Element has been clicked

2021-03-26 09:25:45 - [TEST_STEP][PASSED] - com.wecomplete.keywords.TestBase.sendkeyElement(findTestObject("Object Repository/Dashborad/input_Property Post Code"), postCode): Sendkey value has been send

2021-03-26 09:25:49 - [MESSAGE][PASSED] - Element has been cleared

2021-03-26 09:25:52 - [MESSAGE][PASSED] - Sendkey value has been send

2021-03-26 09:25:52 - [TEST_STEP][PASSED] - if (verifyElementClickable(findTestObject("Object Repository/Dashborad/btn_Apply"), STOP_ON_FAILURE) == true): null

2021-03-26 09:25:52 - [MESSAGE][PASSED] - Object 'Object Repository/Dashborad/btn_Apply' is clickable

2021-03-26 09:25:52 - [TEST_STEP][PASSED] - com.wecomplete.keywords.TestBase.clickUsingJS(findTestObject("Object Repository/Dashborad/btn_Apply"), shortTime): Element has been clicked

2021-03-26 09:25:52 - [MESSAGE][INFO] - Clicking element

2021-03-26 09:25:52 - [MESSAGE][PASSED] - Element has been clicked

2021-03-26 09:25:52 - [TEST_STEP][PASSED] - if (verifyElementPresent(findTestObject("Object Repository/Dashborad/get_first_Quote_on_tab"), shortTime) == true): null

2021-03-26 09:25:55 - [MESSAGE][PASSED] - Object 'Object Repository/Dashborad/get_first_Quote_on_tab' is present

2021-03-26 09:25:55 - [TEST_STEP][PASSED] - com.wecomplete.keywords.TestBase.getText(findTestObject("Object Repository/Dashborad/get_first_Quote_on_tab"), firstPropertyDetails): Verifed actule & expected data

2021-03-26 09:25:56 - [MESSAGE][INFO] - Get actule text

2021-03-26 09:25:56 - [MESSAGE][PASSED] - Verifed actule & expected data

2021-03-26 09:25:56 - [TEST_STEP][PASSED] - if (verifyElementClickable(findTestObject("Dashborad/btn_AssignTo"), STOP_ON_FAILURE) == true): null

2021-03-26 09:25:56 - [MESSAGE][PASSED] - Object 'Object Repository/Dashborad/btn_AssignTo' is clickable

2021-03-26 09:25:56 - [TEST_STEP][PASSED] - com.wecomplete.keywords.TestBase.clickUsingJS(findTestObject("Dashborad/btn_AssignTo"), shortTime): Element has been clicked

2021-03-26 09:25:57 - [MESSAGE][INFO] - Clicking element

2021-03-26 09:25:57 - [MESSAGE][PASSED] - Element has been clicked

2021-03-26 09:25:57 - [TEST_STEP][PASSED] - if (verifyElementPresent(findTestObject("Object Repository/Dashborad/Assign To Section/title_Case Assignment"), shortTime, STOP_ON_FAILURE) == true): null

2021-03-26 09:25:57 - [MESSAGE][PASSED] - Object 'Object Repository/Dashborad/Assign To Section/title_Case Assignment' is present

2021-03-26 09:25:57 - [TEST_STEP][PASSED] - com.wecomplete.keywords.TestBase.getText(findTestObject("Object Repository/Dashborad/Assign To Section/title_Case Assignment"), titleAssignto): Verifed actule & expected data

2021-03-26 09:25:57 - [MESSAGE][INFO] - Get actule text

2021-03-26 09:25:57 - [MESSAGE][PASSED] - Verifed actule & expected data

2021-03-26 09:25:57 - [TEST_STEP][FAILED] - com.wecomplete.keywords.TestBase.sendkeyElement(findTestObject("Object Repository/Dashborad/Assign To Section/input_userName"), userName): java.lang.AssertionError: Web element with id: 'Object Repository/Dashborad/Assign To Section/input_userName' located by 'By.xpath: //*[@placeholder='Search user name']' not found

2021-03-26 09:26:40 - [MESSAGE][INFO] - Unable to find the element located by 'By.xpath: //*[@placeholder='Search user name']'. Please recheck the objects properties to make sure the desired element is located. 

2021-03-26 09:26:40 - [MESSAGE][FAILED] - java.lang.AssertionError: Web element with id: 'Object Repository/Dashborad/Assign To Section/input_userName' located by 'By.xpath: //*[@placeholder='Search user name']' not found

2021-03-26 09:26:40 - [TEST_STEP][PASSED] - Start listener action : sampleAfterTestCase: null

2021-03-26 09:26:40 - [TEST_STEP][PASSED] - println(testCaseContext.getTestCaseId()): null

2021-03-26 09:26:40 - [TEST_STEP][PASSED] - println(testCaseContext.getTestCaseStatus()): null

2021-03-26 09:26:43 - [TEST_STEP][PASSED] - Video: Video recording for test case 'Test Cases/Sanity_Test/TC_029_Verify that New Business role user can assigned case to the Solicitor' .

2021-03-26 09:26:43 - [MESSAGE][INFO] - Video recording for test case 'Test Cases/Sanity_Test/TC_029_Verify that New Business role user can assigned case to the Solicitor' .
[[ATTACHMENT|C:\\Users\\pritig\\Downloads\\WeComplete\\Reports\\20210326_091231\\Sanity Test\\20210326_091231/videos\\test_29.avi]]]]></system-out>
         <system-err><![CDATA[2021-03-26 09:24:59 - [TEST_CASE][ERROR] - Test Cases/Sanity_Test/TC_029_Verify that New Business role user can assigned case to the Solicitor: Test Cases/Sanity_Test/TC_029_Verify that New Business role user can assigned case to the Solicitor FAILED.
Reason:
org.codehaus.groovy.runtime.InvokerInvocationException: java.lang.AssertionError: Web element with id: 'Object Repository/Dashborad/Assign To Section/input_userName' located by 'By.xpath: //*[@placeholder='Search user name']' not found
	at com.wecomplete.keywords.TestBase.invokeMethod(TestBase.groovy)
	at com.kms.katalon.core.main.CustomKeywordDelegatingMetaClass.invokeStaticMethod(CustomKeywordDelegatingMetaClass.java:50)
	at TC_029_Verify that New Business role user can assigned case to the Solicitor.run(TC_029_Verify that New Business role user can assigned case to the Solicitor:81)
	at com.kms.katalon.core.main.ScriptEngine.run(ScriptEngine.java:194)
	at com.kms.katalon.core.main.ScriptEngine.runScriptAsRawText(ScriptEngine.java:119)
	at com.kms.katalon.core.main.TestCaseExecutor.runScript(TestCaseExecutor.java:337)
	at com.kms.katalon.core.main.TestCaseExecutor.doExecute(TestCaseExecutor.java:328)
	at com.kms.katalon.core.main.TestCaseExecutor.processExecutionPhase(TestCaseExecutor.java:307)
	at com.kms.katalon.core.main.TestCaseExecutor.accessMainPhase(TestCaseExecutor.java:299)
	at com.kms.katalon.core.main.TestCaseExecutor.execute(TestCaseExecutor.java:233)
	at com.kms.katalon.core.main.TestSuiteExecutor.accessTestCaseMainPhase(TestSuiteExecutor.java:169)
	at com.kms.katalon.core.main.TestSuiteExecutor.accessTestSuiteMainPhase(TestSuiteExecutor.java:142)
	at com.kms.katalon.core.main.TestSuiteExecutor.execute(TestSuiteExecutor.java:91)
	at com.kms.katalon.core.main.TestCaseMain.startTestSuite(TestCaseMain.java:157)
	at com.kms.katalon.core.main.TestCaseMain$startTestSuite$0.call(Unknown Source)
	at TempTestSuite1616730151766.run(TempTestSuite1616730151766.groovy:36)
Caused by: java.lang.AssertionError: Web element with id: 'Object Repository/Dashborad/Assign To Section/input_userName' located by 'By.xpath: //*[@placeholder='Search user name']' not found
	at org.testng.Assert.fail(Assert.java:93)
	at org.testng.Assert$fail$0.call(Unknown Source)
	at com.wecomplete.keywords.TestBase.sendkeyElement(TestBase.groovy:130)
	... 16 more]]></system-err>
      </testcase>
      <testcase name="Test Cases/Sanity_Test/TC_030_Verify that Solicitor can send AML request" time="45.772" classname="Test Cases/Sanity_Test/TC_030_Verify that Solicitor can send AML request" status="FAILED">
         <failure type="FAILED" message="Test Cases/Sanity_Test/TC_030_Verify that Solicitor can send AML request FAILED.
Reason:
com.kms.katalon.core.exception.StepFailedException: Web element with id: 'Object Repository/Deal Status/AML_Section/btn_AML' located by 'By.xpath: //button[contains(text(),'AML Request')]' not found (Root cause: com.kms.katalon.core.exception.StepFailedException: Web element with id: 'Object Repository/Deal Status/AML_Section/btn_AML' located by 'By.xpath: //button[contains(text(),'AML Request')]' not found
	at com.kms.katalon.core.webui.keyword.internal.WebUIKeywordMain.stepFailed(WebUIKeywordMain.groovy:64)
	at com.kms.katalon.core.webui.keyword.builtin.VerifyElementClickableKeyword$_verifyElementClickable_closure1.doCall(VerifyElementClickableKeyword.groovy:88)
	at com.kms.katalon.core.webui.keyword.builtin.VerifyElementClickableKeyword$_verifyElementClickable_closure1.call(VerifyElementClickableKeyword.groovy)
	at com.kms.katalon.core.webui.keyword.internal.WebUIKeywordMain.runKeyword(WebUIKeywordMain.groovy:20)
	at com.kms.katalon.core.webui.keyword.builtin.VerifyElementClickableKeyword.verifyElementClickable(VerifyElementClickableKeyword.groovy:96)
	at com.kms.katalon.core.webui.keyword.builtin.VerifyElementClickableKeyword.execute(VerifyElementClickableKeyword.groovy:67)
	at com.kms.katalon.core.keyword.internal.KeywordExecutor.executeKeywordForPlatform(KeywordExecutor.groovy:60)
	at com.kms.katalon.core.webui.keyword.WebUiBuiltInKeywords.verifyElementClickable(WebUiBuiltInKeywords.groovy:548)
	at com.kms.katalon.core.webui.keyword.WebUiBuiltInKeywords$verifyElementClickable$9.call(Unknown Source)
	at TC_030_Verify that Solicitor can send AML request.run(TC_030_Verify that Solicitor can send AML request:19)
	at com.kms.katalon.core.main.ScriptEngine.run(ScriptEngine.java:194)
	at com.kms.katalon.core.main.ScriptEngine.runScriptAsRawText(ScriptEngine.java:119)
	at com.kms.katalon.core.main.TestCaseExecutor.runScript(TestCaseExecutor.java:337)
	at com.kms.katalon.core.main.TestCaseExecutor.doExecute(TestCaseExecutor.java:328)
	at com.kms.katalon.core.main.TestCaseExecutor.processExecutionPhase(TestCaseExecutor.java:307)
	at com.kms.katalon.core.main.TestCaseExecutor.accessMainPhase(TestCaseExecutor.java:299)
	at com.kms.katalon.core.main.TestCaseExecutor.execute(TestCaseExecutor.java:233)
	at com.kms.katalon.core.main.TestSuiteExecutor.accessTestCaseMainPhase(TestSuiteExecutor.java:169)
	at com.kms.katalon.core.main.TestSuiteExecutor.accessTestSuiteMainPhase(TestSuiteExecutor.java:142)
	at com.kms.katalon.core.main.TestSuiteExecutor.execute(TestSuiteExecutor.java:91)
	at com.kms.katalon.core.main.TestCaseMain.startTestSuite(TestCaseMain.java:157)
	at com.kms.katalon.core.main.TestCaseMain$startTestSuite$0.call(Unknown Source)
	at TempTestSuite1616730151766.run(TempTestSuite1616730151766.groovy:36)
)
	at com.kms.katalon.core.keyword.internal.KeywordMain.stepFailed(KeywordMain.groovy:39)
	at com.kms.katalon.core.webui.keyword.internal.WebUIKeywordMain.stepFailed(WebUIKeywordMain.groovy:64)
	at com.kms.katalon.core.webui.keyword.builtin.VerifyElementClickableKeyword$_verifyElementClickable_closure1.doCall(VerifyElementClickableKeyword.groovy:88)
	at com.kms.katalon.core.webui.keyword.builtin.VerifyElementClickableKeyword$_verifyElementClickable_closure1.call(VerifyElementClickableKeyword.groovy)
	at com.kms.katalon.core.webui.keyword.internal.WebUIKeywordMain.runKeyword(WebUIKeywordMain.groovy:20)
	at com.kms.katalon.core.webui.keyword.builtin.VerifyElementClickableKeyword.verifyElementClickable(VerifyElementClickableKeyword.groovy:96)
	at com.kms.katalon.core.webui.keyword.builtin.VerifyElementClickableKeyword.execute(VerifyElementClickableKeyword.groovy:67)
	at com.kms.katalon.core.keyword.internal.KeywordExecutor.executeKeywordForPlatform(KeywordExecutor.groovy:60)
	at com.kms.katalon.core.webui.keyword.WebUiBuiltInKeywords.verifyElementClickable(WebUiBuiltInKeywords.groovy:548)
	at com.kms.katalon.core.webui.keyword.WebUiBuiltInKeywords$verifyElementClickable$9.call(Unknown Source)
	at TC_030_Verify that Solicitor can send AML request.run(TC_030_Verify that Solicitor can send AML request:19)
	at com.kms.katalon.core.main.ScriptEngine.run(ScriptEngine.java:194)
	at com.kms.katalon.core.main.ScriptEngine.runScriptAsRawText(ScriptEngine.java:119)
	at com.kms.katalon.core.main.TestCaseExecutor.runScript(TestCaseExecutor.java:337)
	at com.kms.katalon.core.main.TestCaseExecutor.doExecute(TestCaseExecutor.java:328)
	at com.kms.katalon.core.main.TestCaseExecutor.processExecutionPhase(TestCaseExecutor.java:307)
	at com.kms.katalon.core.main.TestCaseExecutor.accessMainPhase(TestCaseExecutor.java:299)
	at com.kms.katalon.core.main.TestCaseExecutor.execute(TestCaseExecutor.java:233)
	at com.kms.katalon.core.main.TestSuiteExecutor.accessTestCaseMainPhase(TestSuiteExecutor.java:169)
	at com.kms.katalon.core.main.TestSuiteExecutor.accessTestSuiteMainPhase(TestSuiteExecutor.java:142)
	at com.kms.katalon.core.main.TestSuiteExecutor.execute(TestSuiteExecutor.java:91)
	at com.kms.katalon.core.main.TestCaseMain.startTestSuite(TestCaseMain.java:157)
	at com.kms.katalon.core.main.TestCaseMain$startTestSuite$0.call(Unknown Source)
	at TempTestSuite1616730151766.run(TempTestSuite1616730151766.groovy:36)
Caused by: com.kms.katalon.core.exception.StepFailedException: Web element with id: 'Object Repository/Deal Status/AML_Section/btn_AML' located by 'By.xpath: //button[contains(text(),'AML Request')]' not found
	... 23 more
"/>
         <system-out><![CDATA[2021-03-26 09:26:43 - [TEST_CASE][FAILED] - Test Cases/Sanity_Test/TC_030_Verify that Solicitor can send AML request: Test Cases/Sanity_Test/TC_030_Verify that Solicitor can send AML request FAILED.
Reason:
com.kms.katalon.core.exception.StepFailedException: Web element with id: 'Object Repository/Deal Status/AML_Section/btn_AML' located by 'By.xpath: //button[contains(text(),'AML Request')]' not found (Root cause: com.kms.katalon.core.exception.StepFailedException: Web element with id: 'Object Repository/Deal Status/AML_Section/btn_AML' located by 'By.xpath: //button[contains(text(),'AML Request')]' not found
	at com.kms.katalon.core.webui.keyword.internal.WebUIKeywordMain.stepFailed(WebUIKeywordMain.groovy:64)
	at com.kms.katalon.core.webui.keyword.builtin.VerifyElementClickableKeyword$_verifyElementClickable_closure1.doCall(VerifyElementClickableKeyword.groovy:88)
	at com.kms.katalon.core.webui.keyword.builtin.VerifyElementClickableKeyword$_verifyElementClickable_closure1.call(VerifyElementClickableKeyword.groovy)
	at com.kms.katalon.core.webui.keyword.internal.WebUIKeywordMain.runKeyword(WebUIKeywordMain.groovy:20)
	at com.kms.katalon.core.webui.keyword.builtin.VerifyElementClickableKeyword.verifyElementClickable(VerifyElementClickableKeyword.groovy:96)
	at com.kms.katalon.core.webui.keyword.builtin.VerifyElementClickableKeyword.execute(VerifyElementClickableKeyword.groovy:67)
	at com.kms.katalon.core.keyword.internal.KeywordExecutor.executeKeywordForPlatform(KeywordExecutor.groovy:60)
	at com.kms.katalon.core.webui.keyword.WebUiBuiltInKeywords.verifyElementClickable(WebUiBuiltInKeywords.groovy:548)
	at com.kms.katalon.core.webui.keyword.WebUiBuiltInKeywords$verifyElementClickable$9.call(Unknown Source)
	at TC_030_Verify that Solicitor can send AML request.run(TC_030_Verify that Solicitor can send AML request:19)
	at com.kms.katalon.core.main.ScriptEngine.run(ScriptEngine.java:194)
	at com.kms.katalon.core.main.ScriptEngine.runScriptAsRawText(ScriptEngine.java:119)
	at com.kms.katalon.core.main.TestCaseExecutor.runScript(TestCaseExecutor.java:337)
	at com.kms.katalon.core.main.TestCaseExecutor.doExecute(TestCaseExecutor.java:328)
	at com.kms.katalon.core.main.TestCaseExecutor.processExecutionPhase(TestCaseExecutor.java:307)
	at com.kms.katalon.core.main.TestCaseExecutor.accessMainPhase(TestCaseExecutor.java:299)
	at com.kms.katalon.core.main.TestCaseExecutor.execute(TestCaseExecutor.java:233)
	at com.kms.katalon.core.main.TestSuiteExecutor.accessTestCaseMainPhase(TestSuiteExecutor.java:169)
	at com.kms.katalon.core.main.TestSuiteExecutor.accessTestSuiteMainPhase(TestSuiteExecutor.java:142)
	at com.kms.katalon.core.main.TestSuiteExecutor.execute(TestSuiteExecutor.java:91)
	at com.kms.katalon.core.main.TestCaseMain.startTestSuite(TestCaseMain.java:157)
	at com.kms.katalon.core.main.TestCaseMain$startTestSuite$0.call(Unknown Source)
	at TempTestSuite1616730151766.run(TempTestSuite1616730151766.groovy:36)
)
	at com.kms.katalon.core.keyword.internal.KeywordMain.stepFailed(KeywordMain.groovy:39)
	at com.kms.katalon.core.webui.keyword.internal.WebUIKeywordMain.stepFailed(WebUIKeywordMain.groovy:64)
	at com.kms.katalon.core.webui.keyword.builtin.VerifyElementClickableKeyword$_verifyElementClickable_closure1.doCall(VerifyElementClickableKeyword.groovy:88)
	at com.kms.katalon.core.webui.keyword.builtin.VerifyElementClickableKeyword$_verifyElementClickable_closure1.call(VerifyElementClickableKeyword.groovy)
	at com.kms.katalon.core.webui.keyword.internal.WebUIKeywordMain.runKeyword(WebUIKeywordMain.groovy:20)
	at com.kms.katalon.core.webui.keyword.builtin.VerifyElementClickableKeyword.verifyElementClickable(VerifyElementClickableKeyword.groovy:96)
	at com.kms.katalon.core.webui.keyword.builtin.VerifyElementClickableKeyword.execute(VerifyElementClickableKeyword.groovy:67)
	at com.kms.katalon.core.keyword.internal.KeywordExecutor.executeKeywordForPlatform(KeywordExecutor.groovy:60)
	at com.kms.katalon.core.webui.keyword.WebUiBuiltInKeywords.verifyElementClickable(WebUiBuiltInKeywords.groovy:548)
	at com.kms.katalon.core.webui.keyword.WebUiBuiltInKeywords$verifyElementClickable$9.call(Unknown Source)
	at TC_030_Verify that Solicitor can send AML request.run(TC_030_Verify that Solicitor can send AML request:19)
	at com.kms.katalon.core.main.ScriptEngine.run(ScriptEngine.java:194)
	at com.kms.katalon.core.main.ScriptEngine.runScriptAsRawText(ScriptEngine.java:119)
	at com.kms.katalon.core.main.TestCaseExecutor.runScript(TestCaseExecutor.java:337)
	at com.kms.katalon.core.main.TestCaseExecutor.doExecute(TestCaseExecutor.java:328)
	at com.kms.katalon.core.main.TestCaseExecutor.processExecutionPhase(TestCaseExecutor.java:307)
	at com.kms.katalon.core.main.TestCaseExecutor.accessMainPhase(TestCaseExecutor.java:299)
	at com.kms.katalon.core.main.TestCaseExecutor.execute(TestCaseExecutor.java:233)
	at com.kms.katalon.core.main.TestSuiteExecutor.accessTestCaseMainPhase(TestSuiteExecutor.java:169)
	at com.kms.katalon.core.main.TestSuiteExecutor.accessTestSuiteMainPhase(TestSuiteExecutor.java:142)
	at com.kms.katalon.core.main.TestSuiteExecutor.execute(TestSuiteExecutor.java:91)
	at com.kms.katalon.core.main.TestCaseMain.startTestSuite(TestCaseMain.java:157)
	at com.kms.katalon.core.main.TestCaseMain$startTestSuite$0.call(Unknown Source)
	at TempTestSuite1616730151766.run(TempTestSuite1616730151766.groovy:36)
Caused by: com.kms.katalon.core.exception.StepFailedException: Web element with id: 'Object Repository/Deal Status/AML_Section/btn_AML' located by 'By.xpath: //button[contains(text(),'AML Request')]' not found
	... 23 more


2021-03-26 09:26:43 - [TEST_STEP][PASSED] - Start listener action : sampleBeforeTestCase: null

2021-03-26 09:26:43 - [TEST_STEP][PASSED] - println(testCaseContext.getTestCaseId()): null

2021-03-26 09:26:43 - [TEST_STEP][PASSED] - println(testCaseContext.getTestCaseVariables()): null

2021-03-26 09:26:43 - [TEST_STEP][FAILED] - if (verifyElementClickable(findTestObject("Object Repository/Deal Status/AML_Section/btn_AML"), CONTINUE_ON_FAILURE) == true): Web element with id: 'Object Repository/Deal Status/AML_Section/btn_AML' located by 'By.xpath: //button[contains(text(),'AML Request')]' not found (Root cause: com.kms.katalon.core.exception.StepFailedException: Web element with id: 'Object Repository/Deal Status/AML_Section/btn_AML' located by 'By.xpath: //button[contains(text(),'AML Request')]' not found
	at com.kms.katalon.core.webui.keyword.internal.WebUIKeywordMain.stepFailed(WebUIKeywordMain.groovy:64)
	at com.kms.katalon.core.webui.keyword.builtin.VerifyElementClickableKeyword$_verifyElementClickable_closure1.doCall(VerifyElementClickableKeyword.groovy:88)
	at com.kms.katalon.core.webui.keyword.builtin.VerifyElementClickableKeyword$_verifyElementClickable_closure1.call(VerifyElementClickableKeyword.groovy)
	at com.kms.katalon.core.webui.keyword.internal.WebUIKeywordMain.runKeyword(WebUIKeywordMain.groovy:20)
	at com.kms.katalon.core.webui.keyword.builtin.VerifyElementClickableKeyword.verifyElementClickable(VerifyElementClickableKeyword.groovy:96)
	at com.kms.katalon.core.webui.keyword.builtin.VerifyElementClickableKeyword.execute(VerifyElementClickableKeyword.groovy:67)
	at com.kms.katalon.core.keyword.internal.KeywordExecutor.executeKeywordForPlatform(KeywordExecutor.groovy:60)
	at com.kms.katalon.core.webui.keyword.WebUiBuiltInKeywords.verifyElementClickable(WebUiBuiltInKeywords.groovy:548)
	at com.kms.katalon.core.webui.keyword.WebUiBuiltInKeywords$verifyElementClickable$9.call(Unknown Source)
	at TC_030_Verify that Solicitor can send AML request.run(TC_030_Verify that Solicitor can send AML request:19)
	at com.kms.katalon.core.main.ScriptEngine.run(ScriptEngine.java:194)
	at com.kms.katalon.core.main.ScriptEngine.runScriptAsRawText(ScriptEngine.java:119)
	at com.kms.katalon.core.main.TestCaseExecutor.runScript(TestCaseExecutor.java:337)
	at com.kms.katalon.core.main.TestCaseExecutor.doExecute(TestCaseExecutor.java:328)
	at com.kms.katalon.core.main.TestCaseExecutor.processExecutionPhase(TestCaseExecutor.java:307)
	at com.kms.katalon.core.main.TestCaseExecutor.accessMainPhase(TestCaseExecutor.java:299)
	at com.kms.katalon.core.main.TestCaseExecutor.execute(TestCaseExecutor.java:233)
	at com.kms.katalon.core.main.TestSuiteExecutor.accessTestCaseMainPhase(TestSuiteExecutor.java:169)
	at com.kms.katalon.core.main.TestSuiteExecutor.accessTestSuiteMainPhase(TestSuiteExecutor.java:142)
	at com.kms.katalon.core.main.TestSuiteExecutor.execute(TestSuiteExecutor.java:91)
	at com.kms.katalon.core.main.TestCaseMain.startTestSuite(TestCaseMain.java:157)
	at com.kms.katalon.core.main.TestCaseMain$startTestSuite$0.call(Unknown Source)
	at TempTestSuite1616730151766.run(TempTestSuite1616730151766.groovy:36)
)

2021-03-26 09:27:26 - [MESSAGE][INFO] - Unable to find the element located by 'By.xpath: //button[contains(text(),'AML Request')]'. Please recheck the objects properties to make sure the desired element is located. 

2021-03-26 09:27:26 - [MESSAGE][FAILED] - Web element with id: 'Object Repository/Deal Status/AML_Section/btn_AML' located by 'By.xpath: //button[contains(text(),'AML Request')]' not found (Root cause: com.kms.katalon.core.exception.StepFailedException: Web element with id: 'Object Repository/Deal Status/AML_Section/btn_AML' located by 'By.xpath: //button[contains(text(),'AML Request')]' not found
	at com.kms.katalon.core.webui.keyword.internal.WebUIKeywordMain.stepFailed(WebUIKeywordMain.groovy:64)
	at com.kms.katalon.core.webui.keyword.builtin.VerifyElementClickableKeyword$_verifyElementClickable_closure1.doCall(VerifyElementClickableKeyword.groovy:88)
	at com.kms.katalon.core.webui.keyword.builtin.VerifyElementClickableKeyword$_verifyElementClickable_closure1.call(VerifyElementClickableKeyword.groovy)
	at com.kms.katalon.core.webui.keyword.internal.WebUIKeywordMain.runKeyword(WebUIKeywordMain.groovy:20)
	at com.kms.katalon.core.webui.keyword.builtin.VerifyElementClickableKeyword.verifyElementClickable(VerifyElementClickableKeyword.groovy:96)
	at com.kms.katalon.core.webui.keyword.builtin.VerifyElementClickableKeyword.execute(VerifyElementClickableKeyword.groovy:67)
	at com.kms.katalon.core.keyword.internal.KeywordExecutor.executeKeywordForPlatform(KeywordExecutor.groovy:60)
	at com.kms.katalon.core.webui.keyword.WebUiBuiltInKeywords.verifyElementClickable(WebUiBuiltInKeywords.groovy:548)
	at com.kms.katalon.core.webui.keyword.WebUiBuiltInKeywords$verifyElementClickable$9.call(Unknown Source)
	at TC_030_Verify that Solicitor can send AML request.run(TC_030_Verify that Solicitor can send AML request:19)
	at com.kms.katalon.core.main.ScriptEngine.run(ScriptEngine.java:194)
	at com.kms.katalon.core.main.ScriptEngine.runScriptAsRawText(ScriptEngine.java:119)
	at com.kms.katalon.core.main.TestCaseExecutor.runScript(TestCaseExecutor.java:337)
	at com.kms.katalon.core.main.TestCaseExecutor.doExecute(TestCaseExecutor.java:328)
	at com.kms.katalon.core.main.TestCaseExecutor.processExecutionPhase(TestCaseExecutor.java:307)
	at com.kms.katalon.core.main.TestCaseExecutor.accessMainPhase(TestCaseExecutor.java:299)
	at com.kms.katalon.core.main.TestCaseExecutor.execute(TestCaseExecutor.java:233)
	at com.kms.katalon.core.main.TestSuiteExecutor.accessTestCaseMainPhase(TestSuiteExecutor.java:169)
	at com.kms.katalon.core.main.TestSuiteExecutor.accessTestSuiteMainPhase(TestSuiteExecutor.java:142)
	at com.kms.katalon.core.main.TestSuiteExecutor.execute(TestSuiteExecutor.java:91)
	at com.kms.katalon.core.main.TestCaseMain.startTestSuite(TestCaseMain.java:157)
	at com.kms.katalon.core.main.TestCaseMain$startTestSuite$0.call(Unknown Source)
	at TempTestSuite1616730151766.run(TempTestSuite1616730151766.groovy:36)
)
[[ATTACHMENT|C:\\Users\\pritig\\Downloads\\WeComplete\\Reports\\20210326_091231\\Sanity Test\\20210326_091231\\1616731046486.png]]

2021-03-26 09:27:26 - [TEST_STEP][PASSED] - else: null

2021-03-26 09:27:26 - [TEST_STEP][PASSED] - out.print("Verify AML button is not clickable"): null

2021-03-26 09:27:26 - [TEST_STEP][PASSED] - Start listener action : sampleAfterTestCase: null

2021-03-26 09:27:26 - [TEST_STEP][PASSED] - println(testCaseContext.getTestCaseId()): null

2021-03-26 09:27:26 - [TEST_STEP][PASSED] - println(testCaseContext.getTestCaseStatus()): null

2021-03-26 09:27:28 - [TEST_STEP][PASSED] - Video: Video recording for test case 'Test Cases/Sanity_Test/TC_030_Verify that Solicitor can send AML request' .

2021-03-26 09:27:28 - [MESSAGE][INFO] - Video recording for test case 'Test Cases/Sanity_Test/TC_030_Verify that Solicitor can send AML request' .
[[ATTACHMENT|C:\\Users\\pritig\\Downloads\\WeComplete\\Reports\\20210326_091231\\Sanity Test\\20210326_091231/videos\\test_30.avi]]]]></system-out>
         <system-err><![CDATA[2021-03-26 09:26:43 - [TEST_CASE][FAILED] - Test Cases/Sanity_Test/TC_030_Verify that Solicitor can send AML request: Test Cases/Sanity_Test/TC_030_Verify that Solicitor can send AML request FAILED.
Reason:
com.kms.katalon.core.exception.StepFailedException: Web element with id: 'Object Repository/Deal Status/AML_Section/btn_AML' located by 'By.xpath: //button[contains(text(),'AML Request')]' not found (Root cause: com.kms.katalon.core.exception.StepFailedException: Web element with id: 'Object Repository/Deal Status/AML_Section/btn_AML' located by 'By.xpath: //button[contains(text(),'AML Request')]' not found
	at com.kms.katalon.core.webui.keyword.internal.WebUIKeywordMain.stepFailed(WebUIKeywordMain.groovy:64)
	at com.kms.katalon.core.webui.keyword.builtin.VerifyElementClickableKeyword$_verifyElementClickable_closure1.doCall(VerifyElementClickableKeyword.groovy:88)
	at com.kms.katalon.core.webui.keyword.builtin.VerifyElementClickableKeyword$_verifyElementClickable_closure1.call(VerifyElementClickableKeyword.groovy)
	at com.kms.katalon.core.webui.keyword.internal.WebUIKeywordMain.runKeyword(WebUIKeywordMain.groovy:20)
	at com.kms.katalon.core.webui.keyword.builtin.VerifyElementClickableKeyword.verifyElementClickable(VerifyElementClickableKeyword.groovy:96)
	at com.kms.katalon.core.webui.keyword.builtin.VerifyElementClickableKeyword.execute(VerifyElementClickableKeyword.groovy:67)
	at com.kms.katalon.core.keyword.internal.KeywordExecutor.executeKeywordForPlatform(KeywordExecutor.groovy:60)
	at com.kms.katalon.core.webui.keyword.WebUiBuiltInKeywords.verifyElementClickable(WebUiBuiltInKeywords.groovy:548)
	at com.kms.katalon.core.webui.keyword.WebUiBuiltInKeywords$verifyElementClickable$9.call(Unknown Source)
	at TC_030_Verify that Solicitor can send AML request.run(TC_030_Verify that Solicitor can send AML request:19)
	at com.kms.katalon.core.main.ScriptEngine.run(ScriptEngine.java:194)
	at com.kms.katalon.core.main.ScriptEngine.runScriptAsRawText(ScriptEngine.java:119)
	at com.kms.katalon.core.main.TestCaseExecutor.runScript(TestCaseExecutor.java:337)
	at com.kms.katalon.core.main.TestCaseExecutor.doExecute(TestCaseExecutor.java:328)
	at com.kms.katalon.core.main.TestCaseExecutor.processExecutionPhase(TestCaseExecutor.java:307)
	at com.kms.katalon.core.main.TestCaseExecutor.accessMainPhase(TestCaseExecutor.java:299)
	at com.kms.katalon.core.main.TestCaseExecutor.execute(TestCaseExecutor.java:233)
	at com.kms.katalon.core.main.TestSuiteExecutor.accessTestCaseMainPhase(TestSuiteExecutor.java:169)
	at com.kms.katalon.core.main.TestSuiteExecutor.accessTestSuiteMainPhase(TestSuiteExecutor.java:142)
	at com.kms.katalon.core.main.TestSuiteExecutor.execute(TestSuiteExecutor.java:91)
	at com.kms.katalon.core.main.TestCaseMain.startTestSuite(TestCaseMain.java:157)
	at com.kms.katalon.core.main.TestCaseMain$startTestSuite$0.call(Unknown Source)
	at TempTestSuite1616730151766.run(TempTestSuite1616730151766.groovy:36)
)
	at com.kms.katalon.core.keyword.internal.KeywordMain.stepFailed(KeywordMain.groovy:39)
	at com.kms.katalon.core.webui.keyword.internal.WebUIKeywordMain.stepFailed(WebUIKeywordMain.groovy:64)
	at com.kms.katalon.core.webui.keyword.builtin.VerifyElementClickableKeyword$_verifyElementClickable_closure1.doCall(VerifyElementClickableKeyword.groovy:88)
	at com.kms.katalon.core.webui.keyword.builtin.VerifyElementClickableKeyword$_verifyElementClickable_closure1.call(VerifyElementClickableKeyword.groovy)
	at com.kms.katalon.core.webui.keyword.internal.WebUIKeywordMain.runKeyword(WebUIKeywordMain.groovy:20)
	at com.kms.katalon.core.webui.keyword.builtin.VerifyElementClickableKeyword.verifyElementClickable(VerifyElementClickableKeyword.groovy:96)
	at com.kms.katalon.core.webui.keyword.builtin.VerifyElementClickableKeyword.execute(VerifyElementClickableKeyword.groovy:67)
	at com.kms.katalon.core.keyword.internal.KeywordExecutor.executeKeywordForPlatform(KeywordExecutor.groovy:60)
	at com.kms.katalon.core.webui.keyword.WebUiBuiltInKeywords.verifyElementClickable(WebUiBuiltInKeywords.groovy:548)
	at com.kms.katalon.core.webui.keyword.WebUiBuiltInKeywords$verifyElementClickable$9.call(Unknown Source)
	at TC_030_Verify that Solicitor can send AML request.run(TC_030_Verify that Solicitor can send AML request:19)
	at com.kms.katalon.core.main.ScriptEngine.run(ScriptEngine.java:194)
	at com.kms.katalon.core.main.ScriptEngine.runScriptAsRawText(ScriptEngine.java:119)
	at com.kms.katalon.core.main.TestCaseExecutor.runScript(TestCaseExecutor.java:337)
	at com.kms.katalon.core.main.TestCaseExecutor.doExecute(TestCaseExecutor.java:328)
	at com.kms.katalon.core.main.TestCaseExecutor.processExecutionPhase(TestCaseExecutor.java:307)
	at com.kms.katalon.core.main.TestCaseExecutor.accessMainPhase(TestCaseExecutor.java:299)
	at com.kms.katalon.core.main.TestCaseExecutor.execute(TestCaseExecutor.java:233)
	at com.kms.katalon.core.main.TestSuiteExecutor.accessTestCaseMainPhase(TestSuiteExecutor.java:169)
	at com.kms.katalon.core.main.TestSuiteExecutor.accessTestSuiteMainPhase(TestSuiteExecutor.java:142)
	at com.kms.katalon.core.main.TestSuiteExecutor.execute(TestSuiteExecutor.java:91)
	at com.kms.katalon.core.main.TestCaseMain.startTestSuite(TestCaseMain.java:157)
	at com.kms.katalon.core.main.TestCaseMain$startTestSuite$0.call(Unknown Source)
	at TempTestSuite1616730151766.run(TempTestSuite1616730151766.groovy:36)
Caused by: com.kms.katalon.core.exception.StepFailedException: Web element with id: 'Object Repository/Deal Status/AML_Section/btn_AML' located by 'By.xpath: //button[contains(text(),'AML Request')]' not found
	... 23 more]]></system-err>
      </testcase>
      <testcase name="Test Cases/Sanity_Test/TC_031_Verify that Solicitor can send Search order request" time="45.222" classname="Test Cases/Sanity_Test/TC_031_Verify that Solicitor can send Search order request" status="FAILED">
         <failure type="FAILED" message="Test Cases/Sanity_Test/TC_031_Verify that Solicitor can send Search order request FAILED.
Reason:
com.kms.katalon.core.exception.StepFailedException: Web element with id: 'Object Repository/Deal Status/Search_Order_Section/btn_Search Order' located by 'By.xpath: //button[contains(text(),'Search Order')]' not found (Root cause: com.kms.katalon.core.exception.StepFailedException: Web element with id: 'Object Repository/Deal Status/Search_Order_Section/btn_Search Order' located by 'By.xpath: //button[contains(text(),'Search Order')]' not found
	at com.kms.katalon.core.webui.keyword.internal.WebUIKeywordMain.stepFailed(WebUIKeywordMain.groovy:64)
	at com.kms.katalon.core.webui.keyword.builtin.VerifyElementClickableKeyword$_verifyElementClickable_closure1.doCall(VerifyElementClickableKeyword.groovy:88)
	at com.kms.katalon.core.webui.keyword.builtin.VerifyElementClickableKeyword$_verifyElementClickable_closure1.call(VerifyElementClickableKeyword.groovy)
	at com.kms.katalon.core.webui.keyword.internal.WebUIKeywordMain.runKeyword(WebUIKeywordMain.groovy:20)
	at com.kms.katalon.core.webui.keyword.builtin.VerifyElementClickableKeyword.verifyElementClickable(VerifyElementClickableKeyword.groovy:96)
	at com.kms.katalon.core.webui.keyword.builtin.VerifyElementClickableKeyword.execute(VerifyElementClickableKeyword.groovy:67)
	at com.kms.katalon.core.keyword.internal.KeywordExecutor.executeKeywordForPlatform(KeywordExecutor.groovy:60)
	at com.kms.katalon.core.webui.keyword.WebUiBuiltInKeywords.verifyElementClickable(WebUiBuiltInKeywords.groovy:548)
	at com.kms.katalon.core.webui.keyword.WebUiBuiltInKeywords$verifyElementClickable$9.call(Unknown Source)
	at TC_031_Verify that Solicitor can send Search order request.run(TC_031_Verify that Solicitor can send Search order request:19)
	at com.kms.katalon.core.main.ScriptEngine.run(ScriptEngine.java:194)
	at com.kms.katalon.core.main.ScriptEngine.runScriptAsRawText(ScriptEngine.java:119)
	at com.kms.katalon.core.main.TestCaseExecutor.runScript(TestCaseExecutor.java:337)
	at com.kms.katalon.core.main.TestCaseExecutor.doExecute(TestCaseExecutor.java:328)
	at com.kms.katalon.core.main.TestCaseExecutor.processExecutionPhase(TestCaseExecutor.java:307)
	at com.kms.katalon.core.main.TestCaseExecutor.accessMainPhase(TestCaseExecutor.java:299)
	at com.kms.katalon.core.main.TestCaseExecutor.execute(TestCaseExecutor.java:233)
	at com.kms.katalon.core.main.TestSuiteExecutor.accessTestCaseMainPhase(TestSuiteExecutor.java:169)
	at com.kms.katalon.core.main.TestSuiteExecutor.accessTestSuiteMainPhase(TestSuiteExecutor.java:142)
	at com.kms.katalon.core.main.TestSuiteExecutor.execute(TestSuiteExecutor.java:91)
	at com.kms.katalon.core.main.TestCaseMain.startTestSuite(TestCaseMain.java:157)
	at com.kms.katalon.core.main.TestCaseMain$startTestSuite$0.call(Unknown Source)
	at TempTestSuite1616730151766.run(TempTestSuite1616730151766.groovy:36)
)
	at com.kms.katalon.core.keyword.internal.KeywordMain.stepFailed(KeywordMain.groovy:39)
	at com.kms.katalon.core.webui.keyword.internal.WebUIKeywordMain.stepFailed(WebUIKeywordMain.groovy:64)
	at com.kms.katalon.core.webui.keyword.builtin.VerifyElementClickableKeyword$_verifyElementClickable_closure1.doCall(VerifyElementClickableKeyword.groovy:88)
	at com.kms.katalon.core.webui.keyword.builtin.VerifyElementClickableKeyword$_verifyElementClickable_closure1.call(VerifyElementClickableKeyword.groovy)
	at com.kms.katalon.core.webui.keyword.internal.WebUIKeywordMain.runKeyword(WebUIKeywordMain.groovy:20)
	at com.kms.katalon.core.webui.keyword.builtin.VerifyElementClickableKeyword.verifyElementClickable(VerifyElementClickableKeyword.groovy:96)
	at com.kms.katalon.core.webui.keyword.builtin.VerifyElementClickableKeyword.execute(VerifyElementClickableKeyword.groovy:67)
	at com.kms.katalon.core.keyword.internal.KeywordExecutor.executeKeywordForPlatform(KeywordExecutor.groovy:60)
	at com.kms.katalon.core.webui.keyword.WebUiBuiltInKeywords.verifyElementClickable(WebUiBuiltInKeywords.groovy:548)
	at com.kms.katalon.core.webui.keyword.WebUiBuiltInKeywords$verifyElementClickable$9.call(Unknown Source)
	at TC_031_Verify that Solicitor can send Search order request.run(TC_031_Verify that Solicitor can send Search order request:19)
	at com.kms.katalon.core.main.ScriptEngine.run(ScriptEngine.java:194)
	at com.kms.katalon.core.main.ScriptEngine.runScriptAsRawText(ScriptEngine.java:119)
	at com.kms.katalon.core.main.TestCaseExecutor.runScript(TestCaseExecutor.java:337)
	at com.kms.katalon.core.main.TestCaseExecutor.doExecute(TestCaseExecutor.java:328)
	at com.kms.katalon.core.main.TestCaseExecutor.processExecutionPhase(TestCaseExecutor.java:307)
	at com.kms.katalon.core.main.TestCaseExecutor.accessMainPhase(TestCaseExecutor.java:299)
	at com.kms.katalon.core.main.TestCaseExecutor.execute(TestCaseExecutor.java:233)
	at com.kms.katalon.core.main.TestSuiteExecutor.accessTestCaseMainPhase(TestSuiteExecutor.java:169)
	at com.kms.katalon.core.main.TestSuiteExecutor.accessTestSuiteMainPhase(TestSuiteExecutor.java:142)
	at com.kms.katalon.core.main.TestSuiteExecutor.execute(TestSuiteExecutor.java:91)
	at com.kms.katalon.core.main.TestCaseMain.startTestSuite(TestCaseMain.java:157)
	at com.kms.katalon.core.main.TestCaseMain$startTestSuite$0.call(Unknown Source)
	at TempTestSuite1616730151766.run(TempTestSuite1616730151766.groovy:36)
Caused by: com.kms.katalon.core.exception.StepFailedException: Web element with id: 'Object Repository/Deal Status/Search_Order_Section/btn_Search Order' located by 'By.xpath: //button[contains(text(),'Search Order')]' not found
	... 23 more
"/>
         <system-out><![CDATA[2021-03-26 09:27:28 - [TEST_CASE][FAILED] - Test Cases/Sanity_Test/TC_031_Verify that Solicitor can send Search order request: Test Cases/Sanity_Test/TC_031_Verify that Solicitor can send Search order request FAILED.
Reason:
com.kms.katalon.core.exception.StepFailedException: Web element with id: 'Object Repository/Deal Status/Search_Order_Section/btn_Search Order' located by 'By.xpath: //button[contains(text(),'Search Order')]' not found (Root cause: com.kms.katalon.core.exception.StepFailedException: Web element with id: 'Object Repository/Deal Status/Search_Order_Section/btn_Search Order' located by 'By.xpath: //button[contains(text(),'Search Order')]' not found
	at com.kms.katalon.core.webui.keyword.internal.WebUIKeywordMain.stepFailed(WebUIKeywordMain.groovy:64)
	at com.kms.katalon.core.webui.keyword.builtin.VerifyElementClickableKeyword$_verifyElementClickable_closure1.doCall(VerifyElementClickableKeyword.groovy:88)
	at com.kms.katalon.core.webui.keyword.builtin.VerifyElementClickableKeyword$_verifyElementClickable_closure1.call(VerifyElementClickableKeyword.groovy)
	at com.kms.katalon.core.webui.keyword.internal.WebUIKeywordMain.runKeyword(WebUIKeywordMain.groovy:20)
	at com.kms.katalon.core.webui.keyword.builtin.VerifyElementClickableKeyword.verifyElementClickable(VerifyElementClickableKeyword.groovy:96)
	at com.kms.katalon.core.webui.keyword.builtin.VerifyElementClickableKeyword.execute(VerifyElementClickableKeyword.groovy:67)
	at com.kms.katalon.core.keyword.internal.KeywordExecutor.executeKeywordForPlatform(KeywordExecutor.groovy:60)
	at com.kms.katalon.core.webui.keyword.WebUiBuiltInKeywords.verifyElementClickable(WebUiBuiltInKeywords.groovy:548)
	at com.kms.katalon.core.webui.keyword.WebUiBuiltInKeywords$verifyElementClickable$9.call(Unknown Source)
	at TC_031_Verify that Solicitor can send Search order request.run(TC_031_Verify that Solicitor can send Search order request:19)
	at com.kms.katalon.core.main.ScriptEngine.run(ScriptEngine.java:194)
	at com.kms.katalon.core.main.ScriptEngine.runScriptAsRawText(ScriptEngine.java:119)
	at com.kms.katalon.core.main.TestCaseExecutor.runScript(TestCaseExecutor.java:337)
	at com.kms.katalon.core.main.TestCaseExecutor.doExecute(TestCaseExecutor.java:328)
	at com.kms.katalon.core.main.TestCaseExecutor.processExecutionPhase(TestCaseExecutor.java:307)
	at com.kms.katalon.core.main.TestCaseExecutor.accessMainPhase(TestCaseExecutor.java:299)
	at com.kms.katalon.core.main.TestCaseExecutor.execute(TestCaseExecutor.java:233)
	at com.kms.katalon.core.main.TestSuiteExecutor.accessTestCaseMainPhase(TestSuiteExecutor.java:169)
	at com.kms.katalon.core.main.TestSuiteExecutor.accessTestSuiteMainPhase(TestSuiteExecutor.java:142)
	at com.kms.katalon.core.main.TestSuiteExecutor.execute(TestSuiteExecutor.java:91)
	at com.kms.katalon.core.main.TestCaseMain.startTestSuite(TestCaseMain.java:157)
	at com.kms.katalon.core.main.TestCaseMain$startTestSuite$0.call(Unknown Source)
	at TempTestSuite1616730151766.run(TempTestSuite1616730151766.groovy:36)
)
	at com.kms.katalon.core.keyword.internal.KeywordMain.stepFailed(KeywordMain.groovy:39)
	at com.kms.katalon.core.webui.keyword.internal.WebUIKeywordMain.stepFailed(WebUIKeywordMain.groovy:64)
	at com.kms.katalon.core.webui.keyword.builtin.VerifyElementClickableKeyword$_verifyElementClickable_closure1.doCall(VerifyElementClickableKeyword.groovy:88)
	at com.kms.katalon.core.webui.keyword.builtin.VerifyElementClickableKeyword$_verifyElementClickable_closure1.call(VerifyElementClickableKeyword.groovy)
	at com.kms.katalon.core.webui.keyword.internal.WebUIKeywordMain.runKeyword(WebUIKeywordMain.groovy:20)
	at com.kms.katalon.core.webui.keyword.builtin.VerifyElementClickableKeyword.verifyElementClickable(VerifyElementClickableKeyword.groovy:96)
	at com.kms.katalon.core.webui.keyword.builtin.VerifyElementClickableKeyword.execute(VerifyElementClickableKeyword.groovy:67)
	at com.kms.katalon.core.keyword.internal.KeywordExecutor.executeKeywordForPlatform(KeywordExecutor.groovy:60)
	at com.kms.katalon.core.webui.keyword.WebUiBuiltInKeywords.verifyElementClickable(WebUiBuiltInKeywords.groovy:548)
	at com.kms.katalon.core.webui.keyword.WebUiBuiltInKeywords$verifyElementClickable$9.call(Unknown Source)
	at TC_031_Verify that Solicitor can send Search order request.run(TC_031_Verify that Solicitor can send Search order request:19)
	at com.kms.katalon.core.main.ScriptEngine.run(ScriptEngine.java:194)
	at com.kms.katalon.core.main.ScriptEngine.runScriptAsRawText(ScriptEngine.java:119)
	at com.kms.katalon.core.main.TestCaseExecutor.runScript(TestCaseExecutor.java:337)
	at com.kms.katalon.core.main.TestCaseExecutor.doExecute(TestCaseExecutor.java:328)
	at com.kms.katalon.core.main.TestCaseExecutor.processExecutionPhase(TestCaseExecutor.java:307)
	at com.kms.katalon.core.main.TestCaseExecutor.accessMainPhase(TestCaseExecutor.java:299)
	at com.kms.katalon.core.main.TestCaseExecutor.execute(TestCaseExecutor.java:233)
	at com.kms.katalon.core.main.TestSuiteExecutor.accessTestCaseMainPhase(TestSuiteExecutor.java:169)
	at com.kms.katalon.core.main.TestSuiteExecutor.accessTestSuiteMainPhase(TestSuiteExecutor.java:142)
	at com.kms.katalon.core.main.TestSuiteExecutor.execute(TestSuiteExecutor.java:91)
	at com.kms.katalon.core.main.TestCaseMain.startTestSuite(TestCaseMain.java:157)
	at com.kms.katalon.core.main.TestCaseMain$startTestSuite$0.call(Unknown Source)
	at TempTestSuite1616730151766.run(TempTestSuite1616730151766.groovy:36)
Caused by: com.kms.katalon.core.exception.StepFailedException: Web element with id: 'Object Repository/Deal Status/Search_Order_Section/btn_Search Order' located by 'By.xpath: //button[contains(text(),'Search Order')]' not found
	... 23 more


2021-03-26 09:27:28 - [TEST_STEP][PASSED] - Start listener action : sampleBeforeTestCase: null

2021-03-26 09:27:28 - [TEST_STEP][PASSED] - println(testCaseContext.getTestCaseId()): null

2021-03-26 09:27:28 - [TEST_STEP][PASSED] - println(testCaseContext.getTestCaseVariables()): null

2021-03-26 09:27:28 - [TEST_STEP][FAILED] - if (verifyElementClickable(findTestObject("Object Repository/Deal Status/Search_Order_Section/btn_Search Order"), CONTINUE_ON_FAILURE) == true): Web element with id: 'Object Repository/Deal Status/Search_Order_Section/btn_Search Order' located by 'By.xpath: //button[contains(text(),'Search Order')]' not found (Root cause: com.kms.katalon.core.exception.StepFailedException: Web element with id: 'Object Repository/Deal Status/Search_Order_Section/btn_Search Order' located by 'By.xpath: //button[contains(text(),'Search Order')]' not found
	at com.kms.katalon.core.webui.keyword.internal.WebUIKeywordMain.stepFailed(WebUIKeywordMain.groovy:64)
	at com.kms.katalon.core.webui.keyword.builtin.VerifyElementClickableKeyword$_verifyElementClickable_closure1.doCall(VerifyElementClickableKeyword.groovy:88)
	at com.kms.katalon.core.webui.keyword.builtin.VerifyElementClickableKeyword$_verifyElementClickable_closure1.call(VerifyElementClickableKeyword.groovy)
	at com.kms.katalon.core.webui.keyword.internal.WebUIKeywordMain.runKeyword(WebUIKeywordMain.groovy:20)
	at com.kms.katalon.core.webui.keyword.builtin.VerifyElementClickableKeyword.verifyElementClickable(VerifyElementClickableKeyword.groovy:96)
	at com.kms.katalon.core.webui.keyword.builtin.VerifyElementClickableKeyword.execute(VerifyElementClickableKeyword.groovy:67)
	at com.kms.katalon.core.keyword.internal.KeywordExecutor.executeKeywordForPlatform(KeywordExecutor.groovy:60)
	at com.kms.katalon.core.webui.keyword.WebUiBuiltInKeywords.verifyElementClickable(WebUiBuiltInKeywords.groovy:548)
	at com.kms.katalon.core.webui.keyword.WebUiBuiltInKeywords$verifyElementClickable$9.call(Unknown Source)
	at TC_031_Verify that Solicitor can send Search order request.run(TC_031_Verify that Solicitor can send Search order request:19)
	at com.kms.katalon.core.main.ScriptEngine.run(ScriptEngine.java:194)
	at com.kms.katalon.core.main.ScriptEngine.runScriptAsRawText(ScriptEngine.java:119)
	at com.kms.katalon.core.main.TestCaseExecutor.runScript(TestCaseExecutor.java:337)
	at com.kms.katalon.core.main.TestCaseExecutor.doExecute(TestCaseExecutor.java:328)
	at com.kms.katalon.core.main.TestCaseExecutor.processExecutionPhase(TestCaseExecutor.java:307)
	at com.kms.katalon.core.main.TestCaseExecutor.accessMainPhase(TestCaseExecutor.java:299)
	at com.kms.katalon.core.main.TestCaseExecutor.execute(TestCaseExecutor.java:233)
	at com.kms.katalon.core.main.TestSuiteExecutor.accessTestCaseMainPhase(TestSuiteExecutor.java:169)
	at com.kms.katalon.core.main.TestSuiteExecutor.accessTestSuiteMainPhase(TestSuiteExecutor.java:142)
	at com.kms.katalon.core.main.TestSuiteExecutor.execute(TestSuiteExecutor.java:91)
	at com.kms.katalon.core.main.TestCaseMain.startTestSuite(TestCaseMain.java:157)
	at com.kms.katalon.core.main.TestCaseMain$startTestSuite$0.call(Unknown Source)
	at TempTestSuite1616730151766.run(TempTestSuite1616730151766.groovy:36)
)

2021-03-26 09:28:11 - [MESSAGE][INFO] - Unable to find the element located by 'By.xpath: //button[contains(text(),'Search Order')]'. Please recheck the objects properties to make sure the desired element is located. 

2021-03-26 09:28:11 - [MESSAGE][FAILED] - Web element with id: 'Object Repository/Deal Status/Search_Order_Section/btn_Search Order' located by 'By.xpath: //button[contains(text(),'Search Order')]' not found (Root cause: com.kms.katalon.core.exception.StepFailedException: Web element with id: 'Object Repository/Deal Status/Search_Order_Section/btn_Search Order' located by 'By.xpath: //button[contains(text(),'Search Order')]' not found
	at com.kms.katalon.core.webui.keyword.internal.WebUIKeywordMain.stepFailed(WebUIKeywordMain.groovy:64)
	at com.kms.katalon.core.webui.keyword.builtin.VerifyElementClickableKeyword$_verifyElementClickable_closure1.doCall(VerifyElementClickableKeyword.groovy:88)
	at com.kms.katalon.core.webui.keyword.builtin.VerifyElementClickableKeyword$_verifyElementClickable_closure1.call(VerifyElementClickableKeyword.groovy)
	at com.kms.katalon.core.webui.keyword.internal.WebUIKeywordMain.runKeyword(WebUIKeywordMain.groovy:20)
	at com.kms.katalon.core.webui.keyword.builtin.VerifyElementClickableKeyword.verifyElementClickable(VerifyElementClickableKeyword.groovy:96)
	at com.kms.katalon.core.webui.keyword.builtin.VerifyElementClickableKeyword.execute(VerifyElementClickableKeyword.groovy:67)
	at com.kms.katalon.core.keyword.internal.KeywordExecutor.executeKeywordForPlatform(KeywordExecutor.groovy:60)
	at com.kms.katalon.core.webui.keyword.WebUiBuiltInKeywords.verifyElementClickable(WebUiBuiltInKeywords.groovy:548)
	at com.kms.katalon.core.webui.keyword.WebUiBuiltInKeywords$verifyElementClickable$9.call(Unknown Source)
	at TC_031_Verify that Solicitor can send Search order request.run(TC_031_Verify that Solicitor can send Search order request:19)
	at com.kms.katalon.core.main.ScriptEngine.run(ScriptEngine.java:194)
	at com.kms.katalon.core.main.ScriptEngine.runScriptAsRawText(ScriptEngine.java:119)
	at com.kms.katalon.core.main.TestCaseExecutor.runScript(TestCaseExecutor.java:337)
	at com.kms.katalon.core.main.TestCaseExecutor.doExecute(TestCaseExecutor.java:328)
	at com.kms.katalon.core.main.TestCaseExecutor.processExecutionPhase(TestCaseExecutor.java:307)
	at com.kms.katalon.core.main.TestCaseExecutor.accessMainPhase(TestCaseExecutor.java:299)
	at com.kms.katalon.core.main.TestCaseExecutor.execute(TestCaseExecutor.java:233)
	at com.kms.katalon.core.main.TestSuiteExecutor.accessTestCaseMainPhase(TestSuiteExecutor.java:169)
	at com.kms.katalon.core.main.TestSuiteExecutor.accessTestSuiteMainPhase(TestSuiteExecutor.java:142)
	at com.kms.katalon.core.main.TestSuiteExecutor.execute(TestSuiteExecutor.java:91)
	at com.kms.katalon.core.main.TestCaseMain.startTestSuite(TestCaseMain.java:157)
	at com.kms.katalon.core.main.TestCaseMain$startTestSuite$0.call(Unknown Source)
	at TempTestSuite1616730151766.run(TempTestSuite1616730151766.groovy:36)
)
[[ATTACHMENT|C:\\Users\\pritig\\Downloads\\WeComplete\\Reports\\20210326_091231\\Sanity Test\\20210326_091231\\1616731091705.png]]

2021-03-26 09:28:11 - [TEST_STEP][PASSED] - else: null

2021-03-26 09:28:11 - [TEST_STEP][PASSED] - out.print("Search order button is not clickable"): null

2021-03-26 09:28:11 - [TEST_STEP][PASSED] - Start listener action : sampleAfterTestCase: null

2021-03-26 09:28:11 - [TEST_STEP][PASSED] - println(testCaseContext.getTestCaseId()): null

2021-03-26 09:28:11 - [TEST_STEP][PASSED] - println(testCaseContext.getTestCaseStatus()): null

2021-03-26 09:28:14 - [TEST_STEP][PASSED] - Video: Video recording for test case 'Test Cases/Sanity_Test/TC_031_Verify that Solicitor can send Search order request' .

2021-03-26 09:28:14 - [MESSAGE][INFO] - Video recording for test case 'Test Cases/Sanity_Test/TC_031_Verify that Solicitor can send Search order request' .
[[ATTACHMENT|C:\\Users\\pritig\\Downloads\\WeComplete\\Reports\\20210326_091231\\Sanity Test\\20210326_091231/videos\\test_31.avi]]]]></system-out>
         <system-err><![CDATA[2021-03-26 09:27:28 - [TEST_CASE][FAILED] - Test Cases/Sanity_Test/TC_031_Verify that Solicitor can send Search order request: Test Cases/Sanity_Test/TC_031_Verify that Solicitor can send Search order request FAILED.
Reason:
com.kms.katalon.core.exception.StepFailedException: Web element with id: 'Object Repository/Deal Status/Search_Order_Section/btn_Search Order' located by 'By.xpath: //button[contains(text(),'Search Order')]' not found (Root cause: com.kms.katalon.core.exception.StepFailedException: Web element with id: 'Object Repository/Deal Status/Search_Order_Section/btn_Search Order' located by 'By.xpath: //button[contains(text(),'Search Order')]' not found
	at com.kms.katalon.core.webui.keyword.internal.WebUIKeywordMain.stepFailed(WebUIKeywordMain.groovy:64)
	at com.kms.katalon.core.webui.keyword.builtin.VerifyElementClickableKeyword$_verifyElementClickable_closure1.doCall(VerifyElementClickableKeyword.groovy:88)
	at com.kms.katalon.core.webui.keyword.builtin.VerifyElementClickableKeyword$_verifyElementClickable_closure1.call(VerifyElementClickableKeyword.groovy)
	at com.kms.katalon.core.webui.keyword.internal.WebUIKeywordMain.runKeyword(WebUIKeywordMain.groovy:20)
	at com.kms.katalon.core.webui.keyword.builtin.VerifyElementClickableKeyword.verifyElementClickable(VerifyElementClickableKeyword.groovy:96)
	at com.kms.katalon.core.webui.keyword.builtin.VerifyElementClickableKeyword.execute(VerifyElementClickableKeyword.groovy:67)
	at com.kms.katalon.core.keyword.internal.KeywordExecutor.executeKeywordForPlatform(KeywordExecutor.groovy:60)
	at com.kms.katalon.core.webui.keyword.WebUiBuiltInKeywords.verifyElementClickable(WebUiBuiltInKeywords.groovy:548)
	at com.kms.katalon.core.webui.keyword.WebUiBuiltInKeywords$verifyElementClickable$9.call(Unknown Source)
	at TC_031_Verify that Solicitor can send Search order request.run(TC_031_Verify that Solicitor can send Search order request:19)
	at com.kms.katalon.core.main.ScriptEngine.run(ScriptEngine.java:194)
	at com.kms.katalon.core.main.ScriptEngine.runScriptAsRawText(ScriptEngine.java:119)
	at com.kms.katalon.core.main.TestCaseExecutor.runScript(TestCaseExecutor.java:337)
	at com.kms.katalon.core.main.TestCaseExecutor.doExecute(TestCaseExecutor.java:328)
	at com.kms.katalon.core.main.TestCaseExecutor.processExecutionPhase(TestCaseExecutor.java:307)
	at com.kms.katalon.core.main.TestCaseExecutor.accessMainPhase(TestCaseExecutor.java:299)
	at com.kms.katalon.core.main.TestCaseExecutor.execute(TestCaseExecutor.java:233)
	at com.kms.katalon.core.main.TestSuiteExecutor.accessTestCaseMainPhase(TestSuiteExecutor.java:169)
	at com.kms.katalon.core.main.TestSuiteExecutor.accessTestSuiteMainPhase(TestSuiteExecutor.java:142)
	at com.kms.katalon.core.main.TestSuiteExecutor.execute(TestSuiteExecutor.java:91)
	at com.kms.katalon.core.main.TestCaseMain.startTestSuite(TestCaseMain.java:157)
	at com.kms.katalon.core.main.TestCaseMain$startTestSuite$0.call(Unknown Source)
	at TempTestSuite1616730151766.run(TempTestSuite1616730151766.groovy:36)
)
	at com.kms.katalon.core.keyword.internal.KeywordMain.stepFailed(KeywordMain.groovy:39)
	at com.kms.katalon.core.webui.keyword.internal.WebUIKeywordMain.stepFailed(WebUIKeywordMain.groovy:64)
	at com.kms.katalon.core.webui.keyword.builtin.VerifyElementClickableKeyword$_verifyElementClickable_closure1.doCall(VerifyElementClickableKeyword.groovy:88)
	at com.kms.katalon.core.webui.keyword.builtin.VerifyElementClickableKeyword$_verifyElementClickable_closure1.call(VerifyElementClickableKeyword.groovy)
	at com.kms.katalon.core.webui.keyword.internal.WebUIKeywordMain.runKeyword(WebUIKeywordMain.groovy:20)
	at com.kms.katalon.core.webui.keyword.builtin.VerifyElementClickableKeyword.verifyElementClickable(VerifyElementClickableKeyword.groovy:96)
	at com.kms.katalon.core.webui.keyword.builtin.VerifyElementClickableKeyword.execute(VerifyElementClickableKeyword.groovy:67)
	at com.kms.katalon.core.keyword.internal.KeywordExecutor.executeKeywordForPlatform(KeywordExecutor.groovy:60)
	at com.kms.katalon.core.webui.keyword.WebUiBuiltInKeywords.verifyElementClickable(WebUiBuiltInKeywords.groovy:548)
	at com.kms.katalon.core.webui.keyword.WebUiBuiltInKeywords$verifyElementClickable$9.call(Unknown Source)
	at TC_031_Verify that Solicitor can send Search order request.run(TC_031_Verify that Solicitor can send Search order request:19)
	at com.kms.katalon.core.main.ScriptEngine.run(ScriptEngine.java:194)
	at com.kms.katalon.core.main.ScriptEngine.runScriptAsRawText(ScriptEngine.java:119)
	at com.kms.katalon.core.main.TestCaseExecutor.runScript(TestCaseExecutor.java:337)
	at com.kms.katalon.core.main.TestCaseExecutor.doExecute(TestCaseExecutor.java:328)
	at com.kms.katalon.core.main.TestCaseExecutor.processExecutionPhase(TestCaseExecutor.java:307)
	at com.kms.katalon.core.main.TestCaseExecutor.accessMainPhase(TestCaseExecutor.java:299)
	at com.kms.katalon.core.main.TestCaseExecutor.execute(TestCaseExecutor.java:233)
	at com.kms.katalon.core.main.TestSuiteExecutor.accessTestCaseMainPhase(TestSuiteExecutor.java:169)
	at com.kms.katalon.core.main.TestSuiteExecutor.accessTestSuiteMainPhase(TestSuiteExecutor.java:142)
	at com.kms.katalon.core.main.TestSuiteExecutor.execute(TestSuiteExecutor.java:91)
	at com.kms.katalon.core.main.TestCaseMain.startTestSuite(TestCaseMain.java:157)
	at com.kms.katalon.core.main.TestCaseMain$startTestSuite$0.call(Unknown Source)
	at TempTestSuite1616730151766.run(TempTestSuite1616730151766.groovy:36)
Caused by: com.kms.katalon.core.exception.StepFailedException: Web element with id: 'Object Repository/Deal Status/Search_Order_Section/btn_Search Order' located by 'By.xpath: //button[contains(text(),'Search Order')]' not found
	... 23 more]]></system-err>
      </testcase>
      <testcase name="Test Cases/Sanity_Test/TC_032_Verify that Solicitor can send payment request" time="67.602" classname="Test Cases/Sanity_Test/TC_032_Verify that Solicitor can send payment request" status="PASSED">
         <system-out><![CDATA[2021-03-26 09:28:14 - [TEST_CASE][PASSED] - Test Cases/Sanity_Test/TC_032_Verify that Solicitor can send payment request: Test Cases/Sanity_Test/TC_032_Verify that Solicitor can send payment request

2021-03-26 09:28:14 - [TEST_STEP][PASSED] - Start listener action : sampleBeforeTestCase: null

2021-03-26 09:28:14 - [TEST_STEP][PASSED] - println(testCaseContext.getTestCaseId()): null

2021-03-26 09:28:14 - [TEST_STEP][PASSED] - println(testCaseContext.getTestCaseVariables()): null

2021-03-26 09:28:14 - [TEST_STEP][PASSED] - if (verifyElementClickable(findTestObject("Object Repository/Deal Status/Payemnt/btn_Request a Payment"), CONTINUE_ON_FAILURE) == true): null

2021-03-26 09:28:47 - [MESSAGE][PASSED] - Object 'Object Repository/Deal Status/Payemnt/btn_Request a Payment' is clickable

2021-03-26 09:28:47 - [TEST_STEP][PASSED] - scrollToElement(findTestObject("Object Repository/Deal Status/Payemnt/btn_Request a Payment"), shortTime): Scroll to object 'Object Repository/Deal Status/Payemnt/btn_Request a Payment' successfully

2021-03-26 09:28:48 - [MESSAGE][PASSED] - Scroll to object 'Object Repository/Deal Status/Payemnt/btn_Request a Payment' successfully

2021-03-26 09:28:48 - [TEST_STEP][PASSED] - com.wecomplete.keywords.TestBase.clickUsingJS(findTestObject("Object Repository/Deal Status/Payemnt/btn_Request a Payment"), shortTime): Element has been clicked

2021-03-26 09:28:48 - [MESSAGE][INFO] - Clicking element

2021-03-26 09:28:48 - [MESSAGE][PASSED] - Element has been clicked

2021-03-26 09:28:48 - [TEST_STEP][PASSED] - if (verifyElementVisible(findTestObject("Object Repository/Deal Status/Payemnt/tab_Payment"), CONTINUE_ON_FAILURE) == true): null

2021-03-26 09:28:51 - [MESSAGE][PASSED] - Object 'Object Repository/Deal Status/Payemnt/tab_Payment' is visible

2021-03-26 09:28:51 - [TEST_STEP][PASSED] - com.wecomplete.keywords.TestBase.clickElement(findTestObject("Object Repository/Deal Status/Payemnt/service_DD")): Element has been clicked

2021-03-26 09:28:55 - [MESSAGE][INFO] - Clicking element

2021-03-26 09:28:55 - [MESSAGE][PASSED] - Element has been clicked

2021-03-26 09:28:55 - [TEST_STEP][PASSED] - com.wecomplete.keywords.TestBase.clickUsingJS(findTestObject("Object Repository/Deal Status/Payemnt/service_value"), shortTime): Element has been clicked

2021-03-26 09:28:55 - [MESSAGE][INFO] - Clicking element

2021-03-26 09:28:55 - [MESSAGE][PASSED] - Element has been clicked

2021-03-26 09:28:55 - [TEST_STEP][PASSED] - com.wecomplete.keywords.TestBase.sendkeyElement(findTestObject("Object Repository/Deal Status/Payemnt/input_amount_to_request"), requestAmount): Sendkey value has been send

2021-03-26 09:28:59 - [MESSAGE][PASSED] - Element has been cleared

2021-03-26 09:29:02 - [MESSAGE][PASSED] - Sendkey value has been send

2021-03-26 09:29:02 - [TEST_STEP][PASSED] - com.wecomplete.keywords.TestBase.sendkeyElement(findTestObject("Object Repository/Deal Status/Payemnt/input_remark"), remark): Sendkey value has been send

2021-03-26 09:29:06 - [MESSAGE][PASSED] - Element has been cleared

2021-03-26 09:29:09 - [MESSAGE][PASSED] - Sendkey value has been send

2021-03-26 09:29:09 - [TEST_STEP][PASSED] - if (verifyElementClickable(findTestObject("Object Repository/Deal Status/Payemnt/btn_Add Request"), CONTINUE_ON_FAILURE) == true): null

2021-03-26 09:29:10 - [MESSAGE][PASSED] - Object 'Object Repository/Deal Status/Payemnt/btn_Add Request' is clickable

2021-03-26 09:29:10 - [TEST_STEP][PASSED] - com.wecomplete.keywords.TestBase.clickUsingJS(findTestObject("Object Repository/Deal Status/Payemnt/btn_Add Request"), shortTime): Element has been clicked

2021-03-26 09:29:10 - [MESSAGE][INFO] - Clicking element

2021-03-26 09:29:10 - [MESSAGE][PASSED] - Element has been clicked

2021-03-26 09:29:10 - [TEST_STEP][PASSED] - com.wecomplete.keywords.TestBase.clickUsingJS(findTestObject("Object Repository/Deal Status/Payemnt/btn_Request Payment"), shortTime): Element has been clicked

2021-03-26 09:29:11 - [MESSAGE][INFO] - Clicking element

2021-03-26 09:29:11 - [MESSAGE][PASSED] - Element has been clicked

2021-03-26 09:29:11 - [TEST_STEP][PASSED] - com.wecomplete.keywords.TestBase.isElementPresent(findTestObject("Object Repository/Deal Status/Payemnt/get_successfully_alert"), shortTime): Element has been present

2021-03-26 09:29:18 - [MESSAGE][PASSED] - Element has been present

2021-03-26 09:29:18 - [TEST_STEP][PASSED] - com.wecomplete.keywords.TestBase.clickUsingJS(findTestObject("Object Repository/Deal Status/Property Details Section/btn_Ok"), shortTime): Element has been clicked

2021-03-26 09:29:18 - [MESSAGE][INFO] - Clicking element

2021-03-26 09:29:18 - [MESSAGE][PASSED] - Element has been clicked

2021-03-26 09:29:18 - [TEST_STEP][PASSED] - com.wecomplete.keywords.TestBase.clickUsingJS(findTestObject("Object Repository/Deal Status/Message_Section/btn_ Back to calendar"), shortTime): Element has been clicked

2021-03-26 09:29:19 - [MESSAGE][INFO] - Clicking element

2021-03-26 09:29:19 - [MESSAGE][PASSED] - Element has been clicked

2021-03-26 09:29:19 - [TEST_STEP][PASSED] - Start listener action : sampleAfterTestCase: null

2021-03-26 09:29:19 - [TEST_STEP][PASSED] - println(testCaseContext.getTestCaseId()): null

2021-03-26 09:29:19 - [TEST_STEP][PASSED] - println(testCaseContext.getTestCaseStatus()): null

2021-03-26 09:29:21 - [TEST_STEP][PASSED] - Video: Video recording for test case 'Test Cases/Sanity_Test/TC_032_Verify that Solicitor can send payment request' .

2021-03-26 09:29:21 - [MESSAGE][INFO] - Video recording for test case 'Test Cases/Sanity_Test/TC_032_Verify that Solicitor can send payment request' .
[[ATTACHMENT|C:\\Users\\pritig\\Downloads\\WeComplete\\Reports\\20210326_091231\\Sanity Test\\20210326_091231/videos\\test_32.avi]]]]></system-out>
         <system-err><![CDATA[]]></system-err>
      </testcase>
      <testcase name="Test Cases/Sanity_Test/TC_033_Verify that Solicitor can sent Document Sign request to the members" time="44.354" classname="Test Cases/Sanity_Test/TC_033_Verify that Solicitor can sent Document Sign request to the members" status="PASSED">
         <system-out><![CDATA[2021-03-26 09:29:21 - [TEST_CASE][PASSED] - Test Cases/Sanity_Test/TC_033_Verify that Solicitor can sent Document Sign request to the members: Test Cases/Sanity_Test/TC_033_Verify that Solicitor can sent Document Sign request to the members

2021-03-26 09:29:21 - [TEST_STEP][PASSED] - Start listener action : sampleBeforeTestCase: null

2021-03-26 09:29:21 - [TEST_STEP][PASSED] - println(testCaseContext.getTestCaseId()): null

2021-03-26 09:29:21 - [TEST_STEP][PASSED] - println(testCaseContext.getTestCaseVariables()): null

2021-03-26 09:29:21 - [TEST_STEP][PASSED] - if (verifyElementClickable(findTestObject("Object Repository/Deal Status/Document_Sign_Section/btn_Document Sign"), CONTINUE_ON_FAILURE) == true): null

2021-03-26 09:29:34 - [MESSAGE][PASSED] - Object 'Object Repository/Deal Status/Document_Sign_Section/btn_Document Sign' is clickable

2021-03-26 09:29:34 - [TEST_STEP][PASSED] - scrollToElement(findTestObject("Object Repository/Deal Status/Document_Sign_Section/btn_Document Sign"), shortTime): Scroll to object 'Object Repository/Deal Status/Document_Sign_Section/btn_Document Sign' successfully

2021-03-26 09:29:34 - [MESSAGE][PASSED] - Scroll to object 'Object Repository/Deal Status/Document_Sign_Section/btn_Document Sign' successfully

2021-03-26 09:29:34 - [TEST_STEP][PASSED] - com.wecomplete.keywords.TestBase.clickElement(findTestObject("Object Repository/Deal Status/Document_Sign_Section/btn_Document Sign")): Element has been clicked

2021-03-26 09:29:38 - [MESSAGE][INFO] - Clicking element

2021-03-26 09:29:38 - [MESSAGE][PASSED] - Element has been clicked

2021-03-26 09:29:38 - [TEST_STEP][PASSED] - if (verifyElementClickable(findTestObject("Object Repository/Deal Status/Document_Sign_Section/header_Document Sign"), CONTINUE_ON_FAILURE) == true): null

2021-03-26 09:29:39 - [MESSAGE][PASSED] - Object 'Object Repository/Deal Status/Document_Sign_Section/header_Document Sign' is clickable

2021-03-26 09:29:39 - [TEST_STEP][PASSED] - com.wecomplete.keywords.TestBase.getText(findTestObject("Object Repository/Deal Status/Document_Sign_Section/header_Document Sign"), headerDocSign): Verifed actule & expected data

2021-03-26 09:29:39 - [MESSAGE][INFO] - Get actule text

2021-03-26 09:29:39 - [MESSAGE][PASSED] - Verifed actule & expected data

2021-03-26 09:29:39 - [TEST_STEP][PASSED] - com.wecomplete.keywords.TestBase.clickUsingJS(findTestObject("Object Repository/Deal Status/Document_Sign_Section/btn_Me and others"), shortTime): Element has been clicked

2021-03-26 09:29:39 - [MESSAGE][INFO] - Clicking element

2021-03-26 09:29:39 - [MESSAGE][PASSED] - Element has been clicked

2021-03-26 09:29:39 - [TEST_STEP][PASSED] - com.wecomplete.keywords.TestBase.sendkeyElement(findTestObject("Object Repository/Deal Status/Document_Sign_Section/input_addSigner"), addSigner): Sendkey value has been send

2021-03-26 09:29:43 - [MESSAGE][PASSED] - Element has been cleared

2021-03-26 09:29:46 - [MESSAGE][PASSED] - Sendkey value has been send

2021-03-26 09:29:46 - [TEST_STEP][PASSED] - com.wecomplete.keywords.TestBase.clickUsingJS(findTestObject("Object Repository/Deal Status/Document_Sign_Section/btn_Add as external"), shortTime): Element has been clicked

2021-03-26 09:29:52 - [MESSAGE][INFO] - Clicking element

2021-03-26 09:29:52 - [MESSAGE][PASSED] - Element has been clicked

2021-03-26 09:29:52 - [TEST_STEP][PASSED] - directory = new java.io.File(): null

2021-03-26 09:29:52 - [TEST_STEP][PASSED] - signDocument = directory.getAbsolutePath() + "\Data Files\Property Images\SignDocument.pdf": null

2021-03-26 09:29:52 - [TEST_STEP][PASSED] - out.println(signDocument): null

2021-03-26 09:29:52 - [TEST_STEP][PASSED] - uploadFile(findTestObject("/Deal Status/Document_Sign_Section/btn_Add_file"), signDocument): File 'C:\Users\pritig\Downloads\WeComplete\Data Files\Property Images\SignDocument.pdf' sent to object: 'Object Repository//Deal Status/Document_Sign_Section/btn_Add_file'

2021-03-26 09:29:56 - [MESSAGE][PASSED] - File 'C:\Users\pritig\Downloads\WeComplete\Data Files\Property Images\SignDocument.pdf' sent to object: 'Object Repository//Deal Status/Document_Sign_Section/btn_Add_file'

2021-03-26 09:29:56 - [TEST_STEP][PASSED] - com.wecomplete.keywords.TestBase.clickUsingJS(findTestObject("Object Repository/Deal Status/Document_Sign_Section/btn_Request Signature"), shortTime): Element has been clicked

2021-03-26 09:29:56 - [MESSAGE][INFO] - Clicking element

2021-03-26 09:29:56 - [MESSAGE][PASSED] - Element has been clicked

2021-03-26 09:29:56 - [TEST_STEP][PASSED] - com.wecomplete.keywords.TestBase.isElementPresent(findTestObject("Object Repository/Deal Status/Document_Sign_Section/alert_Document_signature"), shortTime): Element has been present

2021-03-26 09:30:03 - [MESSAGE][PASSED] - Element has been present

2021-03-26 09:30:03 - [TEST_STEP][PASSED] - com.wecomplete.keywords.TestBase.clickUsingJS(findTestObject("Object Repository/Deal Status/Property Details Section/btn_Ok"), shortTime): Element has been clicked

2021-03-26 09:30:03 - [MESSAGE][INFO] - Clicking element

2021-03-26 09:30:03 - [MESSAGE][PASSED] - Element has been clicked

2021-03-26 09:30:03 - [TEST_STEP][PASSED] - Start listener action : sampleAfterTestCase: null

2021-03-26 09:30:03 - [TEST_STEP][PASSED] - println(testCaseContext.getTestCaseId()): null

2021-03-26 09:30:03 - [TEST_STEP][PASSED] - println(testCaseContext.getTestCaseStatus()): null

2021-03-26 09:30:06 - [TEST_STEP][PASSED] - Video: Video recording for test case 'Test Cases/Sanity_Test/TC_033_Verify that Solicitor can sent Document Sign request to the members' .

2021-03-26 09:30:06 - [MESSAGE][INFO] - Video recording for test case 'Test Cases/Sanity_Test/TC_033_Verify that Solicitor can sent Document Sign request to the members' .
[[ATTACHMENT|C:\\Users\\pritig\\Downloads\\WeComplete\\Reports\\20210326_091231\\Sanity Test\\20210326_091231/videos\\test_33.avi]]]]></system-out>
         <system-err><![CDATA[]]></system-err>
      </testcase>
      <testcase name="Test Cases/Sanity_Test/TC_034_Verify that solicitor can add conveyancer step" time="9.964" classname="Test Cases/Sanity_Test/TC_034_Verify that solicitor can add conveyancer step" status="FAILED">
         <failure type="FAILED" message="Test Cases/Sanity_Test/TC_034_Verify that solicitor can add conveyancer step FAILED.
Reason:
com.kms.katalon.core.exception.StepFailedException: com.kms.katalon.core.webui.exception.WebElementNotFoundException: Web element with id: 'Object Repository/Deal Status/Calendar/Conveyancer Steps/tab_Conveyancer Steps' located by 'By.xpath: //div[contains(text(),'Conveyancer Steps')]' not found (Root cause: com.kms.katalon.core.exception.StepFailedException: com.kms.katalon.core.webui.exception.WebElementNotFoundException: Web element with id: 'Object Repository/Deal Status/Calendar/Conveyancer Steps/tab_Conveyancer Steps' located by 'By.xpath: //div[contains(text(),'Conveyancer Steps')]' not found
	at com.kms.katalon.core.webui.keyword.internal.WebUIKeywordMain.stepFailed(WebUIKeywordMain.groovy:64)
	at com.kms.katalon.core.webui.keyword.builtin.VerifyElementPresentKeyword$_verifyElementPresent_closure1.doCall(VerifyElementPresentKeyword.groovy:85)
	at com.kms.katalon.core.webui.keyword.builtin.VerifyElementPresentKeyword$_verifyElementPresent_closure1.call(VerifyElementPresentKeyword.groovy)
	at com.kms.katalon.core.webui.keyword.internal.WebUIKeywordMain.runKeyword(WebUIKeywordMain.groovy:20)
	at com.kms.katalon.core.webui.keyword.builtin.VerifyElementPresentKeyword.verifyElementPresent(VerifyElementPresentKeyword.groovy:92)
	at com.kms.katalon.core.webui.keyword.builtin.VerifyElementPresentKeyword.execute(VerifyElementPresentKeyword.groovy:68)
	at com.kms.katalon.core.keyword.internal.KeywordExecutor.executeKeywordForPlatform(KeywordExecutor.groovy:60)
	at com.kms.katalon.core.webui.keyword.WebUiBuiltInKeywords.verifyElementPresent(WebUiBuiltInKeywords.groovy:1418)
	at com.kms.katalon.core.webui.keyword.WebUiBuiltInKeywords$verifyElementPresent$10.call(Unknown Source)
	at TC_034_Verify that solicitor can add conveyancer step.run(TC_034_Verify that solicitor can add conveyancer step:35)
	at com.kms.katalon.core.main.ScriptEngine.run(ScriptEngine.java:194)
	at com.kms.katalon.core.main.ScriptEngine.runScriptAsRawText(ScriptEngine.java:119)
	at com.kms.katalon.core.main.TestCaseExecutor.runScript(TestCaseExecutor.java:337)
	at com.kms.katalon.core.main.TestCaseExecutor.doExecute(TestCaseExecutor.java:328)
	at com.kms.katalon.core.main.TestCaseExecutor.processExecutionPhase(TestCaseExecutor.java:307)
	at com.kms.katalon.core.main.TestCaseExecutor.accessMainPhase(TestCaseExecutor.java:299)
	at com.kms.katalon.core.main.TestCaseExecutor.execute(TestCaseExecutor.java:233)
	at com.kms.katalon.core.main.TestSuiteExecutor.accessTestCaseMainPhase(TestSuiteExecutor.java:169)
	at com.kms.katalon.core.main.TestSuiteExecutor.accessTestSuiteMainPhase(TestSuiteExecutor.java:142)
	at com.kms.katalon.core.main.TestSuiteExecutor.execute(TestSuiteExecutor.java:91)
	at com.kms.katalon.core.main.TestCaseMain.startTestSuite(TestCaseMain.java:157)
	at com.kms.katalon.core.main.TestCaseMain$startTestSuite$0.call(Unknown Source)
	at TempTestSuite1616730151766.run(TempTestSuite1616730151766.groovy:36)
)
	at com.kms.katalon.core.keyword.internal.KeywordMain.stepFailed(KeywordMain.groovy:39)
	at com.kms.katalon.core.webui.keyword.internal.WebUIKeywordMain.stepFailed(WebUIKeywordMain.groovy:64)
	at com.kms.katalon.core.webui.keyword.builtin.VerifyElementPresentKeyword$_verifyElementPresent_closure1.doCall(VerifyElementPresentKeyword.groovy:85)
	at com.kms.katalon.core.webui.keyword.builtin.VerifyElementPresentKeyword$_verifyElementPresent_closure1.call(VerifyElementPresentKeyword.groovy)
	at com.kms.katalon.core.webui.keyword.internal.WebUIKeywordMain.runKeyword(WebUIKeywordMain.groovy:20)
	at com.kms.katalon.core.webui.keyword.builtin.VerifyElementPresentKeyword.verifyElementPresent(VerifyElementPresentKeyword.groovy:92)
	at com.kms.katalon.core.webui.keyword.builtin.VerifyElementPresentKeyword.execute(VerifyElementPresentKeyword.groovy:68)
	at com.kms.katalon.core.keyword.internal.KeywordExecutor.executeKeywordForPlatform(KeywordExecutor.groovy:60)
	at com.kms.katalon.core.webui.keyword.WebUiBuiltInKeywords.verifyElementPresent(WebUiBuiltInKeywords.groovy:1418)
	at com.kms.katalon.core.webui.keyword.WebUiBuiltInKeywords$verifyElementPresent$10.call(Unknown Source)
	at TC_034_Verify that solicitor can add conveyancer step.run(TC_034_Verify that solicitor can add conveyancer step:35)
	at com.kms.katalon.core.main.ScriptEngine.run(ScriptEngine.java:194)
	at com.kms.katalon.core.main.ScriptEngine.runScriptAsRawText(ScriptEngine.java:119)
	at com.kms.katalon.core.main.TestCaseExecutor.runScript(TestCaseExecutor.java:337)
	at com.kms.katalon.core.main.TestCaseExecutor.doExecute(TestCaseExecutor.java:328)
	at com.kms.katalon.core.main.TestCaseExecutor.processExecutionPhase(TestCaseExecutor.java:307)
	at com.kms.katalon.core.main.TestCaseExecutor.accessMainPhase(TestCaseExecutor.java:299)
	at com.kms.katalon.core.main.TestCaseExecutor.execute(TestCaseExecutor.java:233)
	at com.kms.katalon.core.main.TestSuiteExecutor.accessTestCaseMainPhase(TestSuiteExecutor.java:169)
	at com.kms.katalon.core.main.TestSuiteExecutor.accessTestSuiteMainPhase(TestSuiteExecutor.java:142)
	at com.kms.katalon.core.main.TestSuiteExecutor.execute(TestSuiteExecutor.java:91)
	at com.kms.katalon.core.main.TestCaseMain.startTestSuite(TestCaseMain.java:157)
	at com.kms.katalon.core.main.TestCaseMain$startTestSuite$0.call(Unknown Source)
	at TempTestSuite1616730151766.run(TempTestSuite1616730151766.groovy:36)
Caused by: com.kms.katalon.core.exception.StepFailedException: com.kms.katalon.core.webui.exception.WebElementNotFoundException: Web element with id: 'Object Repository/Deal Status/Calendar/Conveyancer Steps/tab_Conveyancer Steps' located by 'By.xpath: //div[contains(text(),'Conveyancer Steps')]' not found
	... 23 more
"/>
         <system-out><![CDATA[2021-03-26 09:30:06 - [TEST_CASE][FAILED] - Test Cases/Sanity_Test/TC_034_Verify that solicitor can add conveyancer step: Test Cases/Sanity_Test/TC_034_Verify that solicitor can add conveyancer step FAILED.
Reason:
com.kms.katalon.core.exception.StepFailedException: com.kms.katalon.core.webui.exception.WebElementNotFoundException: Web element with id: 'Object Repository/Deal Status/Calendar/Conveyancer Steps/tab_Conveyancer Steps' located by 'By.xpath: //div[contains(text(),'Conveyancer Steps')]' not found (Root cause: com.kms.katalon.core.exception.StepFailedException: com.kms.katalon.core.webui.exception.WebElementNotFoundException: Web element with id: 'Object Repository/Deal Status/Calendar/Conveyancer Steps/tab_Conveyancer Steps' located by 'By.xpath: //div[contains(text(),'Conveyancer Steps')]' not found
	at com.kms.katalon.core.webui.keyword.internal.WebUIKeywordMain.stepFailed(WebUIKeywordMain.groovy:64)
	at com.kms.katalon.core.webui.keyword.builtin.VerifyElementPresentKeyword$_verifyElementPresent_closure1.doCall(VerifyElementPresentKeyword.groovy:85)
	at com.kms.katalon.core.webui.keyword.builtin.VerifyElementPresentKeyword$_verifyElementPresent_closure1.call(VerifyElementPresentKeyword.groovy)
	at com.kms.katalon.core.webui.keyword.internal.WebUIKeywordMain.runKeyword(WebUIKeywordMain.groovy:20)
	at com.kms.katalon.core.webui.keyword.builtin.VerifyElementPresentKeyword.verifyElementPresent(VerifyElementPresentKeyword.groovy:92)
	at com.kms.katalon.core.webui.keyword.builtin.VerifyElementPresentKeyword.execute(VerifyElementPresentKeyword.groovy:68)
	at com.kms.katalon.core.keyword.internal.KeywordExecutor.executeKeywordForPlatform(KeywordExecutor.groovy:60)
	at com.kms.katalon.core.webui.keyword.WebUiBuiltInKeywords.verifyElementPresent(WebUiBuiltInKeywords.groovy:1418)
	at com.kms.katalon.core.webui.keyword.WebUiBuiltInKeywords$verifyElementPresent$10.call(Unknown Source)
	at TC_034_Verify that solicitor can add conveyancer step.run(TC_034_Verify that solicitor can add conveyancer step:35)
	at com.kms.katalon.core.main.ScriptEngine.run(ScriptEngine.java:194)
	at com.kms.katalon.core.main.ScriptEngine.runScriptAsRawText(ScriptEngine.java:119)
	at com.kms.katalon.core.main.TestCaseExecutor.runScript(TestCaseExecutor.java:337)
	at com.kms.katalon.core.main.TestCaseExecutor.doExecute(TestCaseExecutor.java:328)
	at com.kms.katalon.core.main.TestCaseExecutor.processExecutionPhase(TestCaseExecutor.java:307)
	at com.kms.katalon.core.main.TestCaseExecutor.accessMainPhase(TestCaseExecutor.java:299)
	at com.kms.katalon.core.main.TestCaseExecutor.execute(TestCaseExecutor.java:233)
	at com.kms.katalon.core.main.TestSuiteExecutor.accessTestCaseMainPhase(TestSuiteExecutor.java:169)
	at com.kms.katalon.core.main.TestSuiteExecutor.accessTestSuiteMainPhase(TestSuiteExecutor.java:142)
	at com.kms.katalon.core.main.TestSuiteExecutor.execute(TestSuiteExecutor.java:91)
	at com.kms.katalon.core.main.TestCaseMain.startTestSuite(TestCaseMain.java:157)
	at com.kms.katalon.core.main.TestCaseMain$startTestSuite$0.call(Unknown Source)
	at TempTestSuite1616730151766.run(TempTestSuite1616730151766.groovy:36)
)
	at com.kms.katalon.core.keyword.internal.KeywordMain.stepFailed(KeywordMain.groovy:39)
	at com.kms.katalon.core.webui.keyword.internal.WebUIKeywordMain.stepFailed(WebUIKeywordMain.groovy:64)
	at com.kms.katalon.core.webui.keyword.builtin.VerifyElementPresentKeyword$_verifyElementPresent_closure1.doCall(VerifyElementPresentKeyword.groovy:85)
	at com.kms.katalon.core.webui.keyword.builtin.VerifyElementPresentKeyword$_verifyElementPresent_closure1.call(VerifyElementPresentKeyword.groovy)
	at com.kms.katalon.core.webui.keyword.internal.WebUIKeywordMain.runKeyword(WebUIKeywordMain.groovy:20)
	at com.kms.katalon.core.webui.keyword.builtin.VerifyElementPresentKeyword.verifyElementPresent(VerifyElementPresentKeyword.groovy:92)
	at com.kms.katalon.core.webui.keyword.builtin.VerifyElementPresentKeyword.execute(VerifyElementPresentKeyword.groovy:68)
	at com.kms.katalon.core.keyword.internal.KeywordExecutor.executeKeywordForPlatform(KeywordExecutor.groovy:60)
	at com.kms.katalon.core.webui.keyword.WebUiBuiltInKeywords.verifyElementPresent(WebUiBuiltInKeywords.groovy:1418)
	at com.kms.katalon.core.webui.keyword.WebUiBuiltInKeywords$verifyElementPresent$10.call(Unknown Source)
	at TC_034_Verify that solicitor can add conveyancer step.run(TC_034_Verify that solicitor can add conveyancer step:35)
	at com.kms.katalon.core.main.ScriptEngine.run(ScriptEngine.java:194)
	at com.kms.katalon.core.main.ScriptEngine.runScriptAsRawText(ScriptEngine.java:119)
	at com.kms.katalon.core.main.TestCaseExecutor.runScript(TestCaseExecutor.java:337)
	at com.kms.katalon.core.main.TestCaseExecutor.doExecute(TestCaseExecutor.java:328)
	at com.kms.katalon.core.main.TestCaseExecutor.processExecutionPhase(TestCaseExecutor.java:307)
	at com.kms.katalon.core.main.TestCaseExecutor.accessMainPhase(TestCaseExecutor.java:299)
	at com.kms.katalon.core.main.TestCaseExecutor.execute(TestCaseExecutor.java:233)
	at com.kms.katalon.core.main.TestSuiteExecutor.accessTestCaseMainPhase(TestSuiteExecutor.java:169)
	at com.kms.katalon.core.main.TestSuiteExecutor.accessTestSuiteMainPhase(TestSuiteExecutor.java:142)
	at com.kms.katalon.core.main.TestSuiteExecutor.execute(TestSuiteExecutor.java:91)
	at com.kms.katalon.core.main.TestCaseMain.startTestSuite(TestCaseMain.java:157)
	at com.kms.katalon.core.main.TestCaseMain$startTestSuite$0.call(Unknown Source)
	at TempTestSuite1616730151766.run(TempTestSuite1616730151766.groovy:36)
Caused by: com.kms.katalon.core.exception.StepFailedException: com.kms.katalon.core.webui.exception.WebElementNotFoundException: Web element with id: 'Object Repository/Deal Status/Calendar/Conveyancer Steps/tab_Conveyancer Steps' located by 'By.xpath: //div[contains(text(),'Conveyancer Steps')]' not found
	... 23 more


2021-03-26 09:30:06 - [TEST_STEP][PASSED] - Start listener action : sampleBeforeTestCase: null

2021-03-26 09:30:06 - [TEST_STEP][PASSED] - println(testCaseContext.getTestCaseId()): null

2021-03-26 09:30:06 - [TEST_STEP][PASSED] - println(testCaseContext.getTestCaseVariables()): null

2021-03-26 09:30:06 - [TEST_STEP][PASSED] - xpath = "//*[@id="" + currentDate() + ""]": null

2021-03-26 09:30:06 - [TEST_STEP][PASSED] - dateFormat = DateTimeFormatter.ofPattern("d-MMMM-yyyy"): null

2021-03-26 09:30:06 - [TEST_STEP][PASSED] - now = LocalDateTime.now(): null

2021-03-26 09:30:06 - [TEST_STEP][PASSED] - out.println(dateFormat.format(now)): null

2021-03-26 09:30:06 - [TEST_STEP][PASSED] - return dateFormat.format(now): null

2021-03-26 09:30:06 - [TEST_STEP][PASSED] - out.println(xpath): null

2021-03-26 09:30:06 - [TEST_STEP][PASSED] - to = new com.kms.katalon.core.testobject.TestObject(objectName): null

2021-03-26 09:30:06 - [TEST_STEP][PASSED] - to.addProperty("xpath", EQUALS, xpath): null

2021-03-26 09:30:06 - [TEST_STEP][PASSED] - com.wecomplete.keywords.TestBase.clickUsingJS(to, shortTime): Element has been clicked

2021-03-26 09:30:06 - [MESSAGE][INFO] - Clicking element

2021-03-26 09:30:06 - [MESSAGE][PASSED] - Element has been clicked

2021-03-26 09:30:06 - [TEST_STEP][FAILED] - if (verifyElementPresent(findTestObject("Object Repository/Deal Status/Calendar/Conveyancer Steps/tab_Conveyancer Steps"), shortTime, CONTINUE_ON_FAILURE) == true): com.kms.katalon.core.webui.exception.WebElementNotFoundException: Web element with id: 'Object Repository/Deal Status/Calendar/Conveyancer Steps/tab_Conveyancer Steps' located by 'By.xpath: //div[contains(text(),'Conveyancer Steps')]' not found (Root cause: com.kms.katalon.core.exception.StepFailedException: com.kms.katalon.core.webui.exception.WebElementNotFoundException: Web element with id: 'Object Repository/Deal Status/Calendar/Conveyancer Steps/tab_Conveyancer Steps' located by 'By.xpath: //div[contains(text(),'Conveyancer Steps')]' not found
	at com.kms.katalon.core.webui.keyword.internal.WebUIKeywordMain.stepFailed(WebUIKeywordMain.groovy:64)
	at com.kms.katalon.core.webui.keyword.builtin.VerifyElementPresentKeyword$_verifyElementPresent_closure1.doCall(VerifyElementPresentKeyword.groovy:85)
	at com.kms.katalon.core.webui.keyword.builtin.VerifyElementPresentKeyword$_verifyElementPresent_closure1.call(VerifyElementPresentKeyword.groovy)
	at com.kms.katalon.core.webui.keyword.internal.WebUIKeywordMain.runKeyword(WebUIKeywordMain.groovy:20)
	at com.kms.katalon.core.webui.keyword.builtin.VerifyElementPresentKeyword.verifyElementPresent(VerifyElementPresentKeyword.groovy:92)
	at com.kms.katalon.core.webui.keyword.builtin.VerifyElementPresentKeyword.execute(VerifyElementPresentKeyword.groovy:68)
	at com.kms.katalon.core.keyword.internal.KeywordExecutor.executeKeywordForPlatform(KeywordExecutor.groovy:60)
	at com.kms.katalon.core.webui.keyword.WebUiBuiltInKeywords.verifyElementPresent(WebUiBuiltInKeywords.groovy:1418)
	at com.kms.katalon.core.webui.keyword.WebUiBuiltInKeywords$verifyElementPresent$10.call(Unknown Source)
	at TC_034_Verify that solicitor can add conveyancer step.run(TC_034_Verify that solicitor can add conveyancer step:35)
	at com.kms.katalon.core.main.ScriptEngine.run(ScriptEngine.java:194)
	at com.kms.katalon.core.main.ScriptEngine.runScriptAsRawText(ScriptEngine.java:119)
	at com.kms.katalon.core.main.TestCaseExecutor.runScript(TestCaseExecutor.java:337)
	at com.kms.katalon.core.main.TestCaseExecutor.doExecute(TestCaseExecutor.java:328)
	at com.kms.katalon.core.main.TestCaseExecutor.processExecutionPhase(TestCaseExecutor.java:307)
	at com.kms.katalon.core.main.TestCaseExecutor.accessMainPhase(TestCaseExecutor.java:299)
	at com.kms.katalon.core.main.TestCaseExecutor.execute(TestCaseExecutor.java:233)
	at com.kms.katalon.core.main.TestSuiteExecutor.accessTestCaseMainPhase(TestSuiteExecutor.java:169)
	at com.kms.katalon.core.main.TestSuiteExecutor.accessTestSuiteMainPhase(TestSuiteExecutor.java:142)
	at com.kms.katalon.core.main.TestSuiteExecutor.execute(TestSuiteExecutor.java:91)
	at com.kms.katalon.core.main.TestCaseMain.startTestSuite(TestCaseMain.java:157)
	at com.kms.katalon.core.main.TestCaseMain$startTestSuite$0.call(Unknown Source)
	at TempTestSuite1616730151766.run(TempTestSuite1616730151766.groovy:36)
)

2021-03-26 09:30:13 - [MESSAGE][INFO] - Unable to find the element located by 'By.xpath: //div[contains(text(),'Conveyancer Steps')]'. Please recheck the objects properties to make sure the desired element is located. 

2021-03-26 09:30:13 - [MESSAGE][FAILED] - com.kms.katalon.core.webui.exception.WebElementNotFoundException: Web element with id: 'Object Repository/Deal Status/Calendar/Conveyancer Steps/tab_Conveyancer Steps' located by 'By.xpath: //div[contains(text(),'Conveyancer Steps')]' not found (Root cause: com.kms.katalon.core.exception.StepFailedException: com.kms.katalon.core.webui.exception.WebElementNotFoundException: Web element with id: 'Object Repository/Deal Status/Calendar/Conveyancer Steps/tab_Conveyancer Steps' located by 'By.xpath: //div[contains(text(),'Conveyancer Steps')]' not found
	at com.kms.katalon.core.webui.keyword.internal.WebUIKeywordMain.stepFailed(WebUIKeywordMain.groovy:64)
	at com.kms.katalon.core.webui.keyword.builtin.VerifyElementPresentKeyword$_verifyElementPresent_closure1.doCall(VerifyElementPresentKeyword.groovy:85)
	at com.kms.katalon.core.webui.keyword.builtin.VerifyElementPresentKeyword$_verifyElementPresent_closure1.call(VerifyElementPresentKeyword.groovy)
	at com.kms.katalon.core.webui.keyword.internal.WebUIKeywordMain.runKeyword(WebUIKeywordMain.groovy:20)
	at com.kms.katalon.core.webui.keyword.builtin.VerifyElementPresentKeyword.verifyElementPresent(VerifyElementPresentKeyword.groovy:92)
	at com.kms.katalon.core.webui.keyword.builtin.VerifyElementPresentKeyword.execute(VerifyElementPresentKeyword.groovy:68)
	at com.kms.katalon.core.keyword.internal.KeywordExecutor.executeKeywordForPlatform(KeywordExecutor.groovy:60)
	at com.kms.katalon.core.webui.keyword.WebUiBuiltInKeywords.verifyElementPresent(WebUiBuiltInKeywords.groovy:1418)
	at com.kms.katalon.core.webui.keyword.WebUiBuiltInKeywords$verifyElementPresent$10.call(Unknown Source)
	at TC_034_Verify that solicitor can add conveyancer step.run(TC_034_Verify that solicitor can add conveyancer step:35)
	at com.kms.katalon.core.main.ScriptEngine.run(ScriptEngine.java:194)
	at com.kms.katalon.core.main.ScriptEngine.runScriptAsRawText(ScriptEngine.java:119)
	at com.kms.katalon.core.main.TestCaseExecutor.runScript(TestCaseExecutor.java:337)
	at com.kms.katalon.core.main.TestCaseExecutor.doExecute(TestCaseExecutor.java:328)
	at com.kms.katalon.core.main.TestCaseExecutor.processExecutionPhase(TestCaseExecutor.java:307)
	at com.kms.katalon.core.main.TestCaseExecutor.accessMainPhase(TestCaseExecutor.java:299)
	at com.kms.katalon.core.main.TestCaseExecutor.execute(TestCaseExecutor.java:233)
	at com.kms.katalon.core.main.TestSuiteExecutor.accessTestCaseMainPhase(TestSuiteExecutor.java:169)
	at com.kms.katalon.core.main.TestSuiteExecutor.accessTestSuiteMainPhase(TestSuiteExecutor.java:142)
	at com.kms.katalon.core.main.TestSuiteExecutor.execute(TestSuiteExecutor.java:91)
	at com.kms.katalon.core.main.TestCaseMain.startTestSuite(TestCaseMain.java:157)
	at com.kms.katalon.core.main.TestCaseMain$startTestSuite$0.call(Unknown Source)
	at TempTestSuite1616730151766.run(TempTestSuite1616730151766.groovy:36)
)
[[ATTACHMENT|C:\\Users\\pritig\\Downloads\\WeComplete\\Reports\\20210326_091231\\Sanity Test\\20210326_091231\\1616731213840.png]]

2021-03-26 09:30:13 - [TEST_STEP][PASSED] - else: null

2021-03-26 09:30:13 - [TEST_STEP][PASSED] - out.print("Conveyancer tab is not present"): null

2021-03-26 09:30:13 - [TEST_STEP][PASSED] - Start listener action : sampleAfterTestCase: null

2021-03-26 09:30:13 - [TEST_STEP][PASSED] - println(testCaseContext.getTestCaseId()): null

2021-03-26 09:30:13 - [TEST_STEP][PASSED] - println(testCaseContext.getTestCaseStatus()): null

2021-03-26 09:30:15 - [TEST_STEP][PASSED] - Video: Video recording for test case 'Test Cases/Sanity_Test/TC_034_Verify that solicitor can add conveyancer step' .

2021-03-26 09:30:15 - [MESSAGE][INFO] - Video recording for test case 'Test Cases/Sanity_Test/TC_034_Verify that solicitor can add conveyancer step' .
[[ATTACHMENT|C:\\Users\\pritig\\Downloads\\WeComplete\\Reports\\20210326_091231\\Sanity Test\\20210326_091231/videos\\test_34.avi]]]]></system-out>
         <system-err><![CDATA[2021-03-26 09:30:06 - [TEST_CASE][FAILED] - Test Cases/Sanity_Test/TC_034_Verify that solicitor can add conveyancer step: Test Cases/Sanity_Test/TC_034_Verify that solicitor can add conveyancer step FAILED.
Reason:
com.kms.katalon.core.exception.StepFailedException: com.kms.katalon.core.webui.exception.WebElementNotFoundException: Web element with id: 'Object Repository/Deal Status/Calendar/Conveyancer Steps/tab_Conveyancer Steps' located by 'By.xpath: //div[contains(text(),'Conveyancer Steps')]' not found (Root cause: com.kms.katalon.core.exception.StepFailedException: com.kms.katalon.core.webui.exception.WebElementNotFoundException: Web element with id: 'Object Repository/Deal Status/Calendar/Conveyancer Steps/tab_Conveyancer Steps' located by 'By.xpath: //div[contains(text(),'Conveyancer Steps')]' not found
	at com.kms.katalon.core.webui.keyword.internal.WebUIKeywordMain.stepFailed(WebUIKeywordMain.groovy:64)
	at com.kms.katalon.core.webui.keyword.builtin.VerifyElementPresentKeyword$_verifyElementPresent_closure1.doCall(VerifyElementPresentKeyword.groovy:85)
	at com.kms.katalon.core.webui.keyword.builtin.VerifyElementPresentKeyword$_verifyElementPresent_closure1.call(VerifyElementPresentKeyword.groovy)
	at com.kms.katalon.core.webui.keyword.internal.WebUIKeywordMain.runKeyword(WebUIKeywordMain.groovy:20)
	at com.kms.katalon.core.webui.keyword.builtin.VerifyElementPresentKeyword.verifyElementPresent(VerifyElementPresentKeyword.groovy:92)
	at com.kms.katalon.core.webui.keyword.builtin.VerifyElementPresentKeyword.execute(VerifyElementPresentKeyword.groovy:68)
	at com.kms.katalon.core.keyword.internal.KeywordExecutor.executeKeywordForPlatform(KeywordExecutor.groovy:60)
	at com.kms.katalon.core.webui.keyword.WebUiBuiltInKeywords.verifyElementPresent(WebUiBuiltInKeywords.groovy:1418)
	at com.kms.katalon.core.webui.keyword.WebUiBuiltInKeywords$verifyElementPresent$10.call(Unknown Source)
	at TC_034_Verify that solicitor can add conveyancer step.run(TC_034_Verify that solicitor can add conveyancer step:35)
	at com.kms.katalon.core.main.ScriptEngine.run(ScriptEngine.java:194)
	at com.kms.katalon.core.main.ScriptEngine.runScriptAsRawText(ScriptEngine.java:119)
	at com.kms.katalon.core.main.TestCaseExecutor.runScript(TestCaseExecutor.java:337)
	at com.kms.katalon.core.main.TestCaseExecutor.doExecute(TestCaseExecutor.java:328)
	at com.kms.katalon.core.main.TestCaseExecutor.processExecutionPhase(TestCaseExecutor.java:307)
	at com.kms.katalon.core.main.TestCaseExecutor.accessMainPhase(TestCaseExecutor.java:299)
	at com.kms.katalon.core.main.TestCaseExecutor.execute(TestCaseExecutor.java:233)
	at com.kms.katalon.core.main.TestSuiteExecutor.accessTestCaseMainPhase(TestSuiteExecutor.java:169)
	at com.kms.katalon.core.main.TestSuiteExecutor.accessTestSuiteMainPhase(TestSuiteExecutor.java:142)
	at com.kms.katalon.core.main.TestSuiteExecutor.execute(TestSuiteExecutor.java:91)
	at com.kms.katalon.core.main.TestCaseMain.startTestSuite(TestCaseMain.java:157)
	at com.kms.katalon.core.main.TestCaseMain$startTestSuite$0.call(Unknown Source)
	at TempTestSuite1616730151766.run(TempTestSuite1616730151766.groovy:36)
)
	at com.kms.katalon.core.keyword.internal.KeywordMain.stepFailed(KeywordMain.groovy:39)
	at com.kms.katalon.core.webui.keyword.internal.WebUIKeywordMain.stepFailed(WebUIKeywordMain.groovy:64)
	at com.kms.katalon.core.webui.keyword.builtin.VerifyElementPresentKeyword$_verifyElementPresent_closure1.doCall(VerifyElementPresentKeyword.groovy:85)
	at com.kms.katalon.core.webui.keyword.builtin.VerifyElementPresentKeyword$_verifyElementPresent_closure1.call(VerifyElementPresentKeyword.groovy)
	at com.kms.katalon.core.webui.keyword.internal.WebUIKeywordMain.runKeyword(WebUIKeywordMain.groovy:20)
	at com.kms.katalon.core.webui.keyword.builtin.VerifyElementPresentKeyword.verifyElementPresent(VerifyElementPresentKeyword.groovy:92)
	at com.kms.katalon.core.webui.keyword.builtin.VerifyElementPresentKeyword.execute(VerifyElementPresentKeyword.groovy:68)
	at com.kms.katalon.core.keyword.internal.KeywordExecutor.executeKeywordForPlatform(KeywordExecutor.groovy:60)
	at com.kms.katalon.core.webui.keyword.WebUiBuiltInKeywords.verifyElementPresent(WebUiBuiltInKeywords.groovy:1418)
	at com.kms.katalon.core.webui.keyword.WebUiBuiltInKeywords$verifyElementPresent$10.call(Unknown Source)
	at TC_034_Verify that solicitor can add conveyancer step.run(TC_034_Verify that solicitor can add conveyancer step:35)
	at com.kms.katalon.core.main.ScriptEngine.run(ScriptEngine.java:194)
	at com.kms.katalon.core.main.ScriptEngine.runScriptAsRawText(ScriptEngine.java:119)
	at com.kms.katalon.core.main.TestCaseExecutor.runScript(TestCaseExecutor.java:337)
	at com.kms.katalon.core.main.TestCaseExecutor.doExecute(TestCaseExecutor.java:328)
	at com.kms.katalon.core.main.TestCaseExecutor.processExecutionPhase(TestCaseExecutor.java:307)
	at com.kms.katalon.core.main.TestCaseExecutor.accessMainPhase(TestCaseExecutor.java:299)
	at com.kms.katalon.core.main.TestCaseExecutor.execute(TestCaseExecutor.java:233)
	at com.kms.katalon.core.main.TestSuiteExecutor.accessTestCaseMainPhase(TestSuiteExecutor.java:169)
	at com.kms.katalon.core.main.TestSuiteExecutor.accessTestSuiteMainPhase(TestSuiteExecutor.java:142)
	at com.kms.katalon.core.main.TestSuiteExecutor.execute(TestSuiteExecutor.java:91)
	at com.kms.katalon.core.main.TestCaseMain.startTestSuite(TestCaseMain.java:157)
	at com.kms.katalon.core.main.TestCaseMain$startTestSuite$0.call(Unknown Source)
	at TempTestSuite1616730151766.run(TempTestSuite1616730151766.groovy:36)
Caused by: com.kms.katalon.core.exception.StepFailedException: com.kms.katalon.core.webui.exception.WebElementNotFoundException: Web element with id: 'Object Repository/Deal Status/Calendar/Conveyancer Steps/tab_Conveyancer Steps' located by 'By.xpath: //div[contains(text(),'Conveyancer Steps')]' not found
	... 23 more]]></system-err>
      </testcase>
      <testcase name="Test Cases/Sanity_Test/TC_035_Verify user can add Event" time="93.111" classname="Test Cases/Sanity_Test/TC_035_Verify user can add Event" status="FAILED">
         <failure type="FAILED" message="Test Cases/Sanity_Test/TC_035_Verify user can add Event FAILED.
Reason:
com.kms.katalon.core.exception.StepFailedException: Unable to scroll to object 'Object Repository/Deal Status/Calendar/Event_Section/get_event' (Root cause: com.kms.katalon.core.exception.StepFailedException: Unable to scroll to object 'Object Repository/Deal Status/Calendar/Event_Section/get_event'
	at com.kms.katalon.core.webui.keyword.internal.WebUIKeywordMain.stepFailed(WebUIKeywordMain.groovy:64)
	at com.kms.katalon.core.webui.keyword.internal.WebUIKeywordMain.runKeyword(WebUIKeywordMain.groovy:26)
	at com.kms.katalon.core.webui.keyword.builtin.ScrollToElementKeyword.scrollToElement(ScrollToElementKeyword.groovy:88)
	at com.kms.katalon.core.webui.keyword.builtin.ScrollToElementKeyword.execute(ScrollToElementKeyword.groovy:68)
	at com.kms.katalon.core.keyword.internal.KeywordExecutor.executeKeywordForPlatform(KeywordExecutor.groovy:60)
	at com.kms.katalon.core.webui.keyword.WebUiBuiltInKeywords.scrollToElement(WebUiBuiltInKeywords.groovy:2975)
	at com.kms.katalon.core.webui.keyword.WebUiBuiltInKeywords$scrollToElement$7.call(Unknown Source)
	at TC_035_Verify user can add Event.run(TC_035_Verify user can add Event:49)
	at com.kms.katalon.core.main.ScriptEngine.run(ScriptEngine.java:194)
	at com.kms.katalon.core.main.ScriptEngine.runScriptAsRawText(ScriptEngine.java:119)
	at com.kms.katalon.core.main.TestCaseExecutor.runScript(TestCaseExecutor.java:337)
	at com.kms.katalon.core.main.TestCaseExecutor.doExecute(TestCaseExecutor.java:328)
	at com.kms.katalon.core.main.TestCaseExecutor.processExecutionPhase(TestCaseExecutor.java:307)
	at com.kms.katalon.core.main.TestCaseExecutor.accessMainPhase(TestCaseExecutor.java:299)
	at com.kms.katalon.core.main.TestCaseExecutor.execute(TestCaseExecutor.java:233)
	at com.kms.katalon.core.main.TestSuiteExecutor.accessTestCaseMainPhase(TestSuiteExecutor.java:169)
	at com.kms.katalon.core.main.TestSuiteExecutor.accessTestSuiteMainPhase(TestSuiteExecutor.java:142)
	at com.kms.katalon.core.main.TestSuiteExecutor.execute(TestSuiteExecutor.java:91)
	at com.kms.katalon.core.main.TestCaseMain.startTestSuite(TestCaseMain.java:157)
	at com.kms.katalon.core.main.TestCaseMain$startTestSuite$0.call(Unknown Source)
	at TempTestSuite1616730151766.run(TempTestSuite1616730151766.groovy:36)
Caused by: com.kms.katalon.core.webui.exception.WebElementNotFoundException: Web element with id: 'Object Repository/Deal Status/Calendar/Event_Section/get_event' located by 'By.xpath: //*[@class='statuses ng-star-inserted']//div[@class='event-status ng-star-inserted']' not found
	at com.kms.katalon.core.webui.common.WebUiCommonHelper.findWebElement(WebUiCommonHelper.java:1113)
	at com.kms.katalon.core.webui.keyword.internal.WebUIAbstractKeyword.findWebElement(WebUIAbstractKeyword.groovy:27)
	at com.kms.katalon.core.webui.keyword.internal.WebUIAbstractKeyword.findWebElement(WebUIAbstractKeyword.groovy:26)
	at com.kms.katalon.core.webui.keyword.builtin.ScrollToElementKeyword$_scrollToElement_closure1.doCall(ScrollToElementKeyword.groovy:79)
	at com.kms.katalon.core.webui.keyword.builtin.ScrollToElementKeyword$_scrollToElement_closure1.call(ScrollToElementKeyword.groovy)
	at com.kms.katalon.core.webui.keyword.internal.WebUIKeywordMain.runKeyword(WebUIKeywordMain.groovy:20)
	at com.kms.katalon.core.webui.keyword.builtin.ScrollToElementKeyword.scrollToElement(ScrollToElementKeyword.groovy:88)
	at com.kms.katalon.core.webui.keyword.builtin.ScrollToElementKeyword.execute(ScrollToElementKeyword.groovy:68)
	at com.kms.katalon.core.keyword.internal.KeywordExecutor.executeKeywordForPlatform(KeywordExecutor.groovy:60)
	at com.kms.katalon.core.webui.keyword.WebUiBuiltInKeywords.scrollToElement(WebUiBuiltInKeywords.groovy:2975)
	at com.kms.katalon.core.webui.keyword.WebUiBuiltInKeywords$scrollToElement$7.call(Unknown Source)
	at Script1616158022872.run(Script1616158022872.groovy:49)
	... 13 more
)
	at com.kms.katalon.core.keyword.internal.KeywordMain.stepFailed(KeywordMain.groovy:39)
	at com.kms.katalon.core.webui.keyword.internal.WebUIKeywordMain.stepFailed(WebUIKeywordMain.groovy:64)
	at com.kms.katalon.core.webui.keyword.internal.WebUIKeywordMain.runKeyword(WebUIKeywordMain.groovy:26)
	at com.kms.katalon.core.webui.keyword.builtin.ScrollToElementKeyword.scrollToElement(ScrollToElementKeyword.groovy:88)
	at com.kms.katalon.core.webui.keyword.builtin.ScrollToElementKeyword.execute(ScrollToElementKeyword.groovy:68)
	at com.kms.katalon.core.keyword.internal.KeywordExecutor.executeKeywordForPlatform(KeywordExecutor.groovy:60)
	at com.kms.katalon.core.webui.keyword.WebUiBuiltInKeywords.scrollToElement(WebUiBuiltInKeywords.groovy:2975)
	at com.kms.katalon.core.webui.keyword.WebUiBuiltInKeywords$scrollToElement$7.call(Unknown Source)
	at TC_035_Verify user can add Event.run(TC_035_Verify user can add Event:49)
	at com.kms.katalon.core.main.ScriptEngine.run(ScriptEngine.java:194)
	at com.kms.katalon.core.main.ScriptEngine.runScriptAsRawText(ScriptEngine.java:119)
	at com.kms.katalon.core.main.TestCaseExecutor.runScript(TestCaseExecutor.java:337)
	at com.kms.katalon.core.main.TestCaseExecutor.doExecute(TestCaseExecutor.java:328)
	at com.kms.katalon.core.main.TestCaseExecutor.processExecutionPhase(TestCaseExecutor.java:307)
	at com.kms.katalon.core.main.TestCaseExecutor.accessMainPhase(TestCaseExecutor.java:299)
	at com.kms.katalon.core.main.TestCaseExecutor.execute(TestCaseExecutor.java:233)
	at com.kms.katalon.core.main.TestSuiteExecutor.accessTestCaseMainPhase(TestSuiteExecutor.java:169)
	at com.kms.katalon.core.main.TestSuiteExecutor.accessTestSuiteMainPhase(TestSuiteExecutor.java:142)
	at com.kms.katalon.core.main.TestSuiteExecutor.execute(TestSuiteExecutor.java:91)
	at com.kms.katalon.core.main.TestCaseMain.startTestSuite(TestCaseMain.java:157)
	at com.kms.katalon.core.main.TestCaseMain$startTestSuite$0.call(Unknown Source)
	at TempTestSuite1616730151766.run(TempTestSuite1616730151766.groovy:36)
Caused by: com.kms.katalon.core.exception.StepFailedException: Unable to scroll to object 'Object Repository/Deal Status/Calendar/Event_Section/get_event'
	... 21 more
Caused by: com.kms.katalon.core.webui.exception.WebElementNotFoundException: Web element with id: 'Object Repository/Deal Status/Calendar/Event_Section/get_event' located by 'By.xpath: //*[@class='statuses ng-star-inserted']//div[@class='event-status ng-star-inserted']' not found
	at com.kms.katalon.core.webui.common.WebUiCommonHelper.findWebElement(WebUiCommonHelper.java:1113)
	at com.kms.katalon.core.webui.keyword.internal.WebUIAbstractKeyword.findWebElement(WebUIAbstractKeyword.groovy:27)
	at com.kms.katalon.core.webui.keyword.internal.WebUIAbstractKeyword.findWebElement(WebUIAbstractKeyword.groovy:26)
	at com.kms.katalon.core.webui.keyword.builtin.ScrollToElementKeyword$_scrollToElement_closure1.doCall(ScrollToElementKeyword.groovy:79)
	at com.kms.katalon.core.webui.keyword.builtin.ScrollToElementKeyword$_scrollToElement_closure1.call(ScrollToElementKeyword.groovy)
	at com.kms.katalon.core.webui.keyword.internal.WebUIKeywordMain.runKeyword(WebUIKeywordMain.groovy:20)
	... 19 more
"/>
         <system-out><![CDATA[2021-03-26 09:30:15 - [TEST_CASE][FAILED] - Test Cases/Sanity_Test/TC_035_Verify user can add Event: Test Cases/Sanity_Test/TC_035_Verify user can add Event FAILED.
Reason:
com.kms.katalon.core.exception.StepFailedException: Unable to scroll to object 'Object Repository/Deal Status/Calendar/Event_Section/get_event' (Root cause: com.kms.katalon.core.exception.StepFailedException: Unable to scroll to object 'Object Repository/Deal Status/Calendar/Event_Section/get_event'
	at com.kms.katalon.core.webui.keyword.internal.WebUIKeywordMain.stepFailed(WebUIKeywordMain.groovy:64)
	at com.kms.katalon.core.webui.keyword.internal.WebUIKeywordMain.runKeyword(WebUIKeywordMain.groovy:26)
	at com.kms.katalon.core.webui.keyword.builtin.ScrollToElementKeyword.scrollToElement(ScrollToElementKeyword.groovy:88)
	at com.kms.katalon.core.webui.keyword.builtin.ScrollToElementKeyword.execute(ScrollToElementKeyword.groovy:68)
	at com.kms.katalon.core.keyword.internal.KeywordExecutor.executeKeywordForPlatform(KeywordExecutor.groovy:60)
	at com.kms.katalon.core.webui.keyword.WebUiBuiltInKeywords.scrollToElement(WebUiBuiltInKeywords.groovy:2975)
	at com.kms.katalon.core.webui.keyword.WebUiBuiltInKeywords$scrollToElement$7.call(Unknown Source)
	at TC_035_Verify user can add Event.run(TC_035_Verify user can add Event:49)
	at com.kms.katalon.core.main.ScriptEngine.run(ScriptEngine.java:194)
	at com.kms.katalon.core.main.ScriptEngine.runScriptAsRawText(ScriptEngine.java:119)
	at com.kms.katalon.core.main.TestCaseExecutor.runScript(TestCaseExecutor.java:337)
	at com.kms.katalon.core.main.TestCaseExecutor.doExecute(TestCaseExecutor.java:328)
	at com.kms.katalon.core.main.TestCaseExecutor.processExecutionPhase(TestCaseExecutor.java:307)
	at com.kms.katalon.core.main.TestCaseExecutor.accessMainPhase(TestCaseExecutor.java:299)
	at com.kms.katalon.core.main.TestCaseExecutor.execute(TestCaseExecutor.java:233)
	at com.kms.katalon.core.main.TestSuiteExecutor.accessTestCaseMainPhase(TestSuiteExecutor.java:169)
	at com.kms.katalon.core.main.TestSuiteExecutor.accessTestSuiteMainPhase(TestSuiteExecutor.java:142)
	at com.kms.katalon.core.main.TestSuiteExecutor.execute(TestSuiteExecutor.java:91)
	at com.kms.katalon.core.main.TestCaseMain.startTestSuite(TestCaseMain.java:157)
	at com.kms.katalon.core.main.TestCaseMain$startTestSuite$0.call(Unknown Source)
	at TempTestSuite1616730151766.run(TempTestSuite1616730151766.groovy:36)
Caused by: com.kms.katalon.core.webui.exception.WebElementNotFoundException: Web element with id: 'Object Repository/Deal Status/Calendar/Event_Section/get_event' located by 'By.xpath: //*[@class='statuses ng-star-inserted']//div[@class='event-status ng-star-inserted']' not found
	at com.kms.katalon.core.webui.common.WebUiCommonHelper.findWebElement(WebUiCommonHelper.java:1113)
	at com.kms.katalon.core.webui.keyword.internal.WebUIAbstractKeyword.findWebElement(WebUIAbstractKeyword.groovy:27)
	at com.kms.katalon.core.webui.keyword.internal.WebUIAbstractKeyword.findWebElement(WebUIAbstractKeyword.groovy:26)
	at com.kms.katalon.core.webui.keyword.builtin.ScrollToElementKeyword$_scrollToElement_closure1.doCall(ScrollToElementKeyword.groovy:79)
	at com.kms.katalon.core.webui.keyword.builtin.ScrollToElementKeyword$_scrollToElement_closure1.call(ScrollToElementKeyword.groovy)
	at com.kms.katalon.core.webui.keyword.internal.WebUIKeywordMain.runKeyword(WebUIKeywordMain.groovy:20)
	at com.kms.katalon.core.webui.keyword.builtin.ScrollToElementKeyword.scrollToElement(ScrollToElementKeyword.groovy:88)
	at com.kms.katalon.core.webui.keyword.builtin.ScrollToElementKeyword.execute(ScrollToElementKeyword.groovy:68)
	at com.kms.katalon.core.keyword.internal.KeywordExecutor.executeKeywordForPlatform(KeywordExecutor.groovy:60)
	at com.kms.katalon.core.webui.keyword.WebUiBuiltInKeywords.scrollToElement(WebUiBuiltInKeywords.groovy:2975)
	at com.kms.katalon.core.webui.keyword.WebUiBuiltInKeywords$scrollToElement$7.call(Unknown Source)
	at Script1616158022872.run(Script1616158022872.groovy:49)
	... 13 more
)
	at com.kms.katalon.core.keyword.internal.KeywordMain.stepFailed(KeywordMain.groovy:39)
	at com.kms.katalon.core.webui.keyword.internal.WebUIKeywordMain.stepFailed(WebUIKeywordMain.groovy:64)
	at com.kms.katalon.core.webui.keyword.internal.WebUIKeywordMain.runKeyword(WebUIKeywordMain.groovy:26)
	at com.kms.katalon.core.webui.keyword.builtin.ScrollToElementKeyword.scrollToElement(ScrollToElementKeyword.groovy:88)
	at com.kms.katalon.core.webui.keyword.builtin.ScrollToElementKeyword.execute(ScrollToElementKeyword.groovy:68)
	at com.kms.katalon.core.keyword.internal.KeywordExecutor.executeKeywordForPlatform(KeywordExecutor.groovy:60)
	at com.kms.katalon.core.webui.keyword.WebUiBuiltInKeywords.scrollToElement(WebUiBuiltInKeywords.groovy:2975)
	at com.kms.katalon.core.webui.keyword.WebUiBuiltInKeywords$scrollToElement$7.call(Unknown Source)
	at TC_035_Verify user can add Event.run(TC_035_Verify user can add Event:49)
	at com.kms.katalon.core.main.ScriptEngine.run(ScriptEngine.java:194)
	at com.kms.katalon.core.main.ScriptEngine.runScriptAsRawText(ScriptEngine.java:119)
	at com.kms.katalon.core.main.TestCaseExecutor.runScript(TestCaseExecutor.java:337)
	at com.kms.katalon.core.main.TestCaseExecutor.doExecute(TestCaseExecutor.java:328)
	at com.kms.katalon.core.main.TestCaseExecutor.processExecutionPhase(TestCaseExecutor.java:307)
	at com.kms.katalon.core.main.TestCaseExecutor.accessMainPhase(TestCaseExecutor.java:299)
	at com.kms.katalon.core.main.TestCaseExecutor.execute(TestCaseExecutor.java:233)
	at com.kms.katalon.core.main.TestSuiteExecutor.accessTestCaseMainPhase(TestSuiteExecutor.java:169)
	at com.kms.katalon.core.main.TestSuiteExecutor.accessTestSuiteMainPhase(TestSuiteExecutor.java:142)
	at com.kms.katalon.core.main.TestSuiteExecutor.execute(TestSuiteExecutor.java:91)
	at com.kms.katalon.core.main.TestCaseMain.startTestSuite(TestCaseMain.java:157)
	at com.kms.katalon.core.main.TestCaseMain$startTestSuite$0.call(Unknown Source)
	at TempTestSuite1616730151766.run(TempTestSuite1616730151766.groovy:36)
Caused by: com.kms.katalon.core.exception.StepFailedException: Unable to scroll to object 'Object Repository/Deal Status/Calendar/Event_Section/get_event'
	... 21 more
Caused by: com.kms.katalon.core.webui.exception.WebElementNotFoundException: Web element with id: 'Object Repository/Deal Status/Calendar/Event_Section/get_event' located by 'By.xpath: //*[@class='statuses ng-star-inserted']//div[@class='event-status ng-star-inserted']' not found
	at com.kms.katalon.core.webui.common.WebUiCommonHelper.findWebElement(WebUiCommonHelper.java:1113)
	at com.kms.katalon.core.webui.keyword.internal.WebUIAbstractKeyword.findWebElement(WebUIAbstractKeyword.groovy:27)
	at com.kms.katalon.core.webui.keyword.internal.WebUIAbstractKeyword.findWebElement(WebUIAbstractKeyword.groovy:26)
	at com.kms.katalon.core.webui.keyword.builtin.ScrollToElementKeyword$_scrollToElement_closure1.doCall(ScrollToElementKeyword.groovy:79)
	at com.kms.katalon.core.webui.keyword.builtin.ScrollToElementKeyword$_scrollToElement_closure1.call(ScrollToElementKeyword.groovy)
	at com.kms.katalon.core.webui.keyword.internal.WebUIKeywordMain.runKeyword(WebUIKeywordMain.groovy:20)
	... 19 more


2021-03-26 09:30:15 - [TEST_STEP][PASSED] - Start listener action : sampleBeforeTestCase: null

2021-03-26 09:30:15 - [TEST_STEP][PASSED] - println(testCaseContext.getTestCaseId()): null

2021-03-26 09:30:15 - [TEST_STEP][PASSED] - println(testCaseContext.getTestCaseVariables()): null

2021-03-26 09:30:16 - [TEST_STEP][PASSED] - xpath = "//*[@id="" + currentDate() + ""]": null

2021-03-26 09:30:16 - [TEST_STEP][PASSED] - dateFormat = DateTimeFormatter.ofPattern("d-MMMM-yyyy"): null

2021-03-26 09:30:16 - [TEST_STEP][PASSED] - now = LocalDateTime.now(): null

2021-03-26 09:30:16 - [TEST_STEP][PASSED] - out.println(dateFormat.format(now)): null

2021-03-26 09:30:16 - [TEST_STEP][PASSED] - return dateFormat.format(now): null

2021-03-26 09:30:16 - [TEST_STEP][PASSED] - out.println(xpath): null

2021-03-26 09:30:16 - [TEST_STEP][PASSED] - to = new com.kms.katalon.core.testobject.TestObject(objectName): null

2021-03-26 09:30:16 - [TEST_STEP][PASSED] - to.addProperty("xpath", EQUALS, xpath): null

2021-03-26 09:30:16 - [TEST_STEP][PASSED] - com.wecomplete.keywords.TestBase.clickUsingJS(to, shortTime): Element has been clicked

2021-03-26 09:30:16 - [MESSAGE][INFO] - Clicking element

2021-03-26 09:30:16 - [MESSAGE][PASSED] - Element has been clicked

2021-03-26 09:30:16 - [TEST_STEP][PASSED] - if (verifyElementPresent(findTestObject("Object Repository/Deal Status/Calendar/Event_Section/tab_Event"), shortTime, CONTINUE_ON_FAILURE) == true): null

2021-03-26 09:30:16 - [MESSAGE][PASSED] - Object 'Object Repository/Deal Status/Calendar/Event_Section/tab_Event' is present

2021-03-26 09:30:16 - [TEST_STEP][PASSED] - com.wecomplete.keywords.TestBase.clickUsingJS(findTestObject("Object Repository/Deal Status/Calendar/Event_Section/tab_Event"), shortTime): Element has been clicked

2021-03-26 09:30:16 - [MESSAGE][INFO] - Clicking element

2021-03-26 09:30:16 - [MESSAGE][PASSED] - Element has been clicked

2021-03-26 09:30:16 - [TEST_STEP][PASSED] - com.wecomplete.keywords.TestBase.sendkeyElement(findTestObject("Object Repository/Deal Status/Calendar/Event_Section/input_Event title"), eventTitle): Sendkey value has been send

2021-03-26 09:30:20 - [MESSAGE][PASSED] - Element has been cleared

2021-03-26 09:30:23 - [MESSAGE][PASSED] - Sendkey value has been send

2021-03-26 09:30:23 - [TEST_STEP][PASSED] - com.wecomplete.keywords.TestBase.clickUsingJS(findTestObject("Object Repository/Deal Status/Calendar/Event_Section/btn_Save"), shortTime): Element has been clicked

2021-03-26 09:30:23 - [MESSAGE][INFO] - Clicking element

2021-03-26 09:30:23 - [MESSAGE][PASSED] - Element has been clicked

2021-03-26 09:30:23 - [TEST_STEP][FAILED] - scrollToElement(findTestObject("Object Repository/Deal Status/Calendar/Event_Section/get_event"), shortTime): Unable to scroll to object 'Object Repository/Deal Status/Calendar/Event_Section/get_event' (Root cause: com.kms.katalon.core.exception.StepFailedException: Unable to scroll to object 'Object Repository/Deal Status/Calendar/Event_Section/get_event'
	at com.kms.katalon.core.webui.keyword.internal.WebUIKeywordMain.stepFailed(WebUIKeywordMain.groovy:64)
	at com.kms.katalon.core.webui.keyword.internal.WebUIKeywordMain.runKeyword(WebUIKeywordMain.groovy:26)
	at com.kms.katalon.core.webui.keyword.builtin.ScrollToElementKeyword.scrollToElement(ScrollToElementKeyword.groovy:88)
	at com.kms.katalon.core.webui.keyword.builtin.ScrollToElementKeyword.execute(ScrollToElementKeyword.groovy:68)
	at com.kms.katalon.core.keyword.internal.KeywordExecutor.executeKeywordForPlatform(KeywordExecutor.groovy:60)
	at com.kms.katalon.core.webui.keyword.WebUiBuiltInKeywords.scrollToElement(WebUiBuiltInKeywords.groovy:2975)
	at com.kms.katalon.core.webui.keyword.WebUiBuiltInKeywords$scrollToElement$7.call(Unknown Source)
	at TC_035_Verify user can add Event.run(TC_035_Verify user can add Event:49)
	at com.kms.katalon.core.main.ScriptEngine.run(ScriptEngine.java:194)
	at com.kms.katalon.core.main.ScriptEngine.runScriptAsRawText(ScriptEngine.java:119)
	at com.kms.katalon.core.main.TestCaseExecutor.runScript(TestCaseExecutor.java:337)
	at com.kms.katalon.core.main.TestCaseExecutor.doExecute(TestCaseExecutor.java:328)
	at com.kms.katalon.core.main.TestCaseExecutor.processExecutionPhase(TestCaseExecutor.java:307)
	at com.kms.katalon.core.main.TestCaseExecutor.accessMainPhase(TestCaseExecutor.java:299)
	at com.kms.katalon.core.main.TestCaseExecutor.execute(TestCaseExecutor.java:233)
	at com.kms.katalon.core.main.TestSuiteExecutor.accessTestCaseMainPhase(TestSuiteExecutor.java:169)
	at com.kms.katalon.core.main.TestSuiteExecutor.accessTestSuiteMainPhase(TestSuiteExecutor.java:142)
	at com.kms.katalon.core.main.TestSuiteExecutor.execute(TestSuiteExecutor.java:91)
	at com.kms.katalon.core.main.TestCaseMain.startTestSuite(TestCaseMain.java:157)
	at com.kms.katalon.core.main.TestCaseMain$startTestSuite$0.call(Unknown Source)
	at TempTestSuite1616730151766.run(TempTestSuite1616730151766.groovy:36)
Caused by: com.kms.katalon.core.webui.exception.WebElementNotFoundException: Web element with id: 'Object Repository/Deal Status/Calendar/Event_Section/get_event' located by 'By.xpath: //*[@class='statuses ng-star-inserted']//div[@class='event-status ng-star-inserted']' not found
	at com.kms.katalon.core.webui.common.WebUiCommonHelper.findWebElement(WebUiCommonHelper.java:1113)
	at com.kms.katalon.core.webui.keyword.internal.WebUIAbstractKeyword.findWebElement(WebUIAbstractKeyword.groovy:27)
	at com.kms.katalon.core.webui.keyword.internal.WebUIAbstractKeyword.findWebElement(WebUIAbstractKeyword.groovy:26)
	at com.kms.katalon.core.webui.keyword.builtin.ScrollToElementKeyword$_scrollToElement_closure1.doCall(ScrollToElementKeyword.groovy:79)
	at com.kms.katalon.core.webui.keyword.builtin.ScrollToElementKeyword$_scrollToElement_closure1.call(ScrollToElementKeyword.groovy)
	at com.kms.katalon.core.webui.keyword.internal.WebUIKeywordMain.runKeyword(WebUIKeywordMain.groovy:20)
	at com.kms.katalon.core.webui.keyword.builtin.ScrollToElementKeyword.scrollToElement(ScrollToElementKeyword.groovy:88)
	at com.kms.katalon.core.webui.keyword.builtin.ScrollToElementKeyword.execute(ScrollToElementKeyword.groovy:68)
	at com.kms.katalon.core.keyword.internal.KeywordExecutor.executeKeywordForPlatform(KeywordExecutor.groovy:60)
	at com.kms.katalon.core.webui.keyword.WebUiBuiltInKeywords.scrollToElement(WebUiBuiltInKeywords.groovy:2975)
	at com.kms.katalon.core.webui.keyword.WebUiBuiltInKeywords$scrollToElement$7.call(Unknown Source)
	at Script1616158022872.run(Script1616158022872.groovy:49)
	... 13 more
)

2021-03-26 09:31:03 - [MESSAGE][INFO] - Unable to find the element located by 'By.xpath: //*[@class='statuses ng-star-inserted']//div[@class='event-status ng-star-inserted']'. Please recheck the objects properties to make sure the desired element is located. 

2021-03-26 09:31:03 - [MESSAGE][FAILED] - Unable to scroll to object 'Object Repository/Deal Status/Calendar/Event_Section/get_event' (Root cause: com.kms.katalon.core.exception.StepFailedException: Unable to scroll to object 'Object Repository/Deal Status/Calendar/Event_Section/get_event'
	at com.kms.katalon.core.webui.keyword.internal.WebUIKeywordMain.stepFailed(WebUIKeywordMain.groovy:64)
	at com.kms.katalon.core.webui.keyword.internal.WebUIKeywordMain.runKeyword(WebUIKeywordMain.groovy:26)
	at com.kms.katalon.core.webui.keyword.builtin.ScrollToElementKeyword.scrollToElement(ScrollToElementKeyword.groovy:88)
	at com.kms.katalon.core.webui.keyword.builtin.ScrollToElementKeyword.execute(ScrollToElementKeyword.groovy:68)
	at com.kms.katalon.core.keyword.internal.KeywordExecutor.executeKeywordForPlatform(KeywordExecutor.groovy:60)
	at com.kms.katalon.core.webui.keyword.WebUiBuiltInKeywords.scrollToElement(WebUiBuiltInKeywords.groovy:2975)
	at com.kms.katalon.core.webui.keyword.WebUiBuiltInKeywords$scrollToElement$7.call(Unknown Source)
	at TC_035_Verify user can add Event.run(TC_035_Verify user can add Event:49)
	at com.kms.katalon.core.main.ScriptEngine.run(ScriptEngine.java:194)
	at com.kms.katalon.core.main.ScriptEngine.runScriptAsRawText(ScriptEngine.java:119)
	at com.kms.katalon.core.main.TestCaseExecutor.runScript(TestCaseExecutor.java:337)
	at com.kms.katalon.core.main.TestCaseExecutor.doExecute(TestCaseExecutor.java:328)
	at com.kms.katalon.core.main.TestCaseExecutor.processExecutionPhase(TestCaseExecutor.java:307)
	at com.kms.katalon.core.main.TestCaseExecutor.accessMainPhase(TestCaseExecutor.java:299)
	at com.kms.katalon.core.main.TestCaseExecutor.execute(TestCaseExecutor.java:233)
	at com.kms.katalon.core.main.TestSuiteExecutor.accessTestCaseMainPhase(TestSuiteExecutor.java:169)
	at com.kms.katalon.core.main.TestSuiteExecutor.accessTestSuiteMainPhase(TestSuiteExecutor.java:142)
	at com.kms.katalon.core.main.TestSuiteExecutor.execute(TestSuiteExecutor.java:91)
	at com.kms.katalon.core.main.TestCaseMain.startTestSuite(TestCaseMain.java:157)
	at com.kms.katalon.core.main.TestCaseMain$startTestSuite$0.call(Unknown Source)
	at TempTestSuite1616730151766.run(TempTestSuite1616730151766.groovy:36)
Caused by: com.kms.katalon.core.webui.exception.WebElementNotFoundException: Web element with id: 'Object Repository/Deal Status/Calendar/Event_Section/get_event' located by 'By.xpath: //*[@class='statuses ng-star-inserted']//div[@class='event-status ng-star-inserted']' not found
	at com.kms.katalon.core.webui.common.WebUiCommonHelper.findWebElement(WebUiCommonHelper.java:1113)
	at com.kms.katalon.core.webui.keyword.internal.WebUIAbstractKeyword.findWebElement(WebUIAbstractKeyword.groovy:27)
	at com.kms.katalon.core.webui.keyword.internal.WebUIAbstractKeyword.findWebElement(WebUIAbstractKeyword.groovy:26)
	at com.kms.katalon.core.webui.keyword.builtin.ScrollToElementKeyword$_scrollToElement_closure1.doCall(ScrollToElementKeyword.groovy:79)
	at com.kms.katalon.core.webui.keyword.builtin.ScrollToElementKeyword$_scrollToElement_closure1.call(ScrollToElementKeyword.groovy)
	at com.kms.katalon.core.webui.keyword.internal.WebUIKeywordMain.runKeyword(WebUIKeywordMain.groovy:20)
	at com.kms.katalon.core.webui.keyword.builtin.ScrollToElementKeyword.scrollToElement(ScrollToElementKeyword.groovy:88)
	at com.kms.katalon.core.webui.keyword.builtin.ScrollToElementKeyword.execute(ScrollToElementKeyword.groovy:68)
	at com.kms.katalon.core.keyword.internal.KeywordExecutor.executeKeywordForPlatform(KeywordExecutor.groovy:60)
	at com.kms.katalon.core.webui.keyword.WebUiBuiltInKeywords.scrollToElement(WebUiBuiltInKeywords.groovy:2975)
	at com.kms.katalon.core.webui.keyword.WebUiBuiltInKeywords$scrollToElement$7.call(Unknown Source)
	at Script1616158022872.run(Script1616158022872.groovy:49)
	... 13 more
)
[[ATTACHMENT|C:\\Users\\pritig\\Downloads\\WeComplete\\Reports\\20210326_091231\\Sanity Test\\20210326_091231\\1616731263848.png]]

2021-03-26 09:31:03 - [TEST_STEP][FAILED] - com.wecomplete.keywords.TestBase.getText(findTestObject("Object Repository/Deal Status/Calendar/Event_Section/get_event"), eventTitle): java.lang.AssertionError: Web element with id: 'Object Repository/Deal Status/Calendar/Event_Section/get_event' located by 'By.xpath: //*[@class='statuses ng-star-inserted']//div[@class='event-status ng-star-inserted']' not found

2021-03-26 09:31:46 - [MESSAGE][INFO] - Unable to find the element located by 'By.xpath: //*[@class='statuses ng-star-inserted']//div[@class='event-status ng-star-inserted']'. Please recheck the objects properties to make sure the desired element is located. 

2021-03-26 09:31:46 - [MESSAGE][FAILED] - java.lang.AssertionError: Web element with id: 'Object Repository/Deal Status/Calendar/Event_Section/get_event' located by 'By.xpath: //*[@class='statuses ng-star-inserted']//div[@class='event-status ng-star-inserted']' not found

2021-03-26 09:31:46 - [TEST_STEP][PASSED] - Start listener action : sampleAfterTestCase: null

2021-03-26 09:31:46 - [TEST_STEP][PASSED] - println(testCaseContext.getTestCaseId()): null

2021-03-26 09:31:46 - [TEST_STEP][PASSED] - println(testCaseContext.getTestCaseStatus()): null

2021-03-26 09:31:49 - [TEST_STEP][PASSED] - Video: Video recording for test case 'Test Cases/Sanity_Test/TC_035_Verify user can add Event' .

2021-03-26 09:31:49 - [MESSAGE][INFO] - Video recording for test case 'Test Cases/Sanity_Test/TC_035_Verify user can add Event' .
[[ATTACHMENT|C:\\Users\\pritig\\Downloads\\WeComplete\\Reports\\20210326_091231\\Sanity Test\\20210326_091231/videos\\test_35.avi]]]]></system-out>
         <system-err><![CDATA[2021-03-26 09:30:15 - [TEST_CASE][FAILED] - Test Cases/Sanity_Test/TC_035_Verify user can add Event: Test Cases/Sanity_Test/TC_035_Verify user can add Event FAILED.
Reason:
com.kms.katalon.core.exception.StepFailedException: Unable to scroll to object 'Object Repository/Deal Status/Calendar/Event_Section/get_event' (Root cause: com.kms.katalon.core.exception.StepFailedException: Unable to scroll to object 'Object Repository/Deal Status/Calendar/Event_Section/get_event'
	at com.kms.katalon.core.webui.keyword.internal.WebUIKeywordMain.stepFailed(WebUIKeywordMain.groovy:64)
	at com.kms.katalon.core.webui.keyword.internal.WebUIKeywordMain.runKeyword(WebUIKeywordMain.groovy:26)
	at com.kms.katalon.core.webui.keyword.builtin.ScrollToElementKeyword.scrollToElement(ScrollToElementKeyword.groovy:88)
	at com.kms.katalon.core.webui.keyword.builtin.ScrollToElementKeyword.execute(ScrollToElementKeyword.groovy:68)
	at com.kms.katalon.core.keyword.internal.KeywordExecutor.executeKeywordForPlatform(KeywordExecutor.groovy:60)
	at com.kms.katalon.core.webui.keyword.WebUiBuiltInKeywords.scrollToElement(WebUiBuiltInKeywords.groovy:2975)
	at com.kms.katalon.core.webui.keyword.WebUiBuiltInKeywords$scrollToElement$7.call(Unknown Source)
	at TC_035_Verify user can add Event.run(TC_035_Verify user can add Event:49)
	at com.kms.katalon.core.main.ScriptEngine.run(ScriptEngine.java:194)
	at com.kms.katalon.core.main.ScriptEngine.runScriptAsRawText(ScriptEngine.java:119)
	at com.kms.katalon.core.main.TestCaseExecutor.runScript(TestCaseExecutor.java:337)
	at com.kms.katalon.core.main.TestCaseExecutor.doExecute(TestCaseExecutor.java:328)
	at com.kms.katalon.core.main.TestCaseExecutor.processExecutionPhase(TestCaseExecutor.java:307)
	at com.kms.katalon.core.main.TestCaseExecutor.accessMainPhase(TestCaseExecutor.java:299)
	at com.kms.katalon.core.main.TestCaseExecutor.execute(TestCaseExecutor.java:233)
	at com.kms.katalon.core.main.TestSuiteExecutor.accessTestCaseMainPhase(TestSuiteExecutor.java:169)
	at com.kms.katalon.core.main.TestSuiteExecutor.accessTestSuiteMainPhase(TestSuiteExecutor.java:142)
	at com.kms.katalon.core.main.TestSuiteExecutor.execute(TestSuiteExecutor.java:91)
	at com.kms.katalon.core.main.TestCaseMain.startTestSuite(TestCaseMain.java:157)
	at com.kms.katalon.core.main.TestCaseMain$startTestSuite$0.call(Unknown Source)
	at TempTestSuite1616730151766.run(TempTestSuite1616730151766.groovy:36)
Caused by: com.kms.katalon.core.webui.exception.WebElementNotFoundException: Web element with id: 'Object Repository/Deal Status/Calendar/Event_Section/get_event' located by 'By.xpath: //*[@class='statuses ng-star-inserted']//div[@class='event-status ng-star-inserted']' not found
	at com.kms.katalon.core.webui.common.WebUiCommonHelper.findWebElement(WebUiCommonHelper.java:1113)
	at com.kms.katalon.core.webui.keyword.internal.WebUIAbstractKeyword.findWebElement(WebUIAbstractKeyword.groovy:27)
	at com.kms.katalon.core.webui.keyword.internal.WebUIAbstractKeyword.findWebElement(WebUIAbstractKeyword.groovy:26)
	at com.kms.katalon.core.webui.keyword.builtin.ScrollToElementKeyword$_scrollToElement_closure1.doCall(ScrollToElementKeyword.groovy:79)
	at com.kms.katalon.core.webui.keyword.builtin.ScrollToElementKeyword$_scrollToElement_closure1.call(ScrollToElementKeyword.groovy)
	at com.kms.katalon.core.webui.keyword.internal.WebUIKeywordMain.runKeyword(WebUIKeywordMain.groovy:20)
	at com.kms.katalon.core.webui.keyword.builtin.ScrollToElementKeyword.scrollToElement(ScrollToElementKeyword.groovy:88)
	at com.kms.katalon.core.webui.keyword.builtin.ScrollToElementKeyword.execute(ScrollToElementKeyword.groovy:68)
	at com.kms.katalon.core.keyword.internal.KeywordExecutor.executeKeywordForPlatform(KeywordExecutor.groovy:60)
	at com.kms.katalon.core.webui.keyword.WebUiBuiltInKeywords.scrollToElement(WebUiBuiltInKeywords.groovy:2975)
	at com.kms.katalon.core.webui.keyword.WebUiBuiltInKeywords$scrollToElement$7.call(Unknown Source)
	at Script1616158022872.run(Script1616158022872.groovy:49)
	... 13 more
)
	at com.kms.katalon.core.keyword.internal.KeywordMain.stepFailed(KeywordMain.groovy:39)
	at com.kms.katalon.core.webui.keyword.internal.WebUIKeywordMain.stepFailed(WebUIKeywordMain.groovy:64)
	at com.kms.katalon.core.webui.keyword.internal.WebUIKeywordMain.runKeyword(WebUIKeywordMain.groovy:26)
	at com.kms.katalon.core.webui.keyword.builtin.ScrollToElementKeyword.scrollToElement(ScrollToElementKeyword.groovy:88)
	at com.kms.katalon.core.webui.keyword.builtin.ScrollToElementKeyword.execute(ScrollToElementKeyword.groovy:68)
	at com.kms.katalon.core.keyword.internal.KeywordExecutor.executeKeywordForPlatform(KeywordExecutor.groovy:60)
	at com.kms.katalon.core.webui.keyword.WebUiBuiltInKeywords.scrollToElement(WebUiBuiltInKeywords.groovy:2975)
	at com.kms.katalon.core.webui.keyword.WebUiBuiltInKeywords$scrollToElement$7.call(Unknown Source)
	at TC_035_Verify user can add Event.run(TC_035_Verify user can add Event:49)
	at com.kms.katalon.core.main.ScriptEngine.run(ScriptEngine.java:194)
	at com.kms.katalon.core.main.ScriptEngine.runScriptAsRawText(ScriptEngine.java:119)
	at com.kms.katalon.core.main.TestCaseExecutor.runScript(TestCaseExecutor.java:337)
	at com.kms.katalon.core.main.TestCaseExecutor.doExecute(TestCaseExecutor.java:328)
	at com.kms.katalon.core.main.TestCaseExecutor.processExecutionPhase(TestCaseExecutor.java:307)
	at com.kms.katalon.core.main.TestCaseExecutor.accessMainPhase(TestCaseExecutor.java:299)
	at com.kms.katalon.core.main.TestCaseExecutor.execute(TestCaseExecutor.java:233)
	at com.kms.katalon.core.main.TestSuiteExecutor.accessTestCaseMainPhase(TestSuiteExecutor.java:169)
	at com.kms.katalon.core.main.TestSuiteExecutor.accessTestSuiteMainPhase(TestSuiteExecutor.java:142)
	at com.kms.katalon.core.main.TestSuiteExecutor.execute(TestSuiteExecutor.java:91)
	at com.kms.katalon.core.main.TestCaseMain.startTestSuite(TestCaseMain.java:157)
	at com.kms.katalon.core.main.TestCaseMain$startTestSuite$0.call(Unknown Source)
	at TempTestSuite1616730151766.run(TempTestSuite1616730151766.groovy:36)
Caused by: com.kms.katalon.core.exception.StepFailedException: Unable to scroll to object 'Object Repository/Deal Status/Calendar/Event_Section/get_event'
	... 21 more
Caused by: com.kms.katalon.core.webui.exception.WebElementNotFoundException: Web element with id: 'Object Repository/Deal Status/Calendar/Event_Section/get_event' located by 'By.xpath: //*[@class='statuses ng-star-inserted']//div[@class='event-status ng-star-inserted']' not found
	at com.kms.katalon.core.webui.common.WebUiCommonHelper.findWebElement(WebUiCommonHelper.java:1113)
	at com.kms.katalon.core.webui.keyword.internal.WebUIAbstractKeyword.findWebElement(WebUIAbstractKeyword.groovy:27)
	at com.kms.katalon.core.webui.keyword.internal.WebUIAbstractKeyword.findWebElement(WebUIAbstractKeyword.groovy:26)
	at com.kms.katalon.core.webui.keyword.builtin.ScrollToElementKeyword$_scrollToElement_closure1.doCall(ScrollToElementKeyword.groovy:79)
	at com.kms.katalon.core.webui.keyword.builtin.ScrollToElementKeyword$_scrollToElement_closure1.call(ScrollToElementKeyword.groovy)
	at com.kms.katalon.core.webui.keyword.internal.WebUIKeywordMain.runKeyword(WebUIKeywordMain.groovy:20)
	... 19 more]]></system-err>
      </testcase>
      <testcase name="Test Cases/Sanity_Test/TC_036_Verify user can add Reminder" time="94.961" classname="Test Cases/Sanity_Test/TC_036_Verify user can add Reminder" status="FAILED">
         <failure type="FAILED" message="Test Cases/Sanity_Test/TC_036_Verify user can add Reminder FAILED.
Reason:
com.kms.katalon.core.exception.StepFailedException: Unable to scroll to object 'Object Repository/Deal Status/Calendar/Reminder_Section/get_reminder' (Root cause: com.kms.katalon.core.exception.StepFailedException: Unable to scroll to object 'Object Repository/Deal Status/Calendar/Reminder_Section/get_reminder'
	at com.kms.katalon.core.webui.keyword.internal.WebUIKeywordMain.stepFailed(WebUIKeywordMain.groovy:64)
	at com.kms.katalon.core.webui.keyword.internal.WebUIKeywordMain.runKeyword(WebUIKeywordMain.groovy:26)
	at com.kms.katalon.core.webui.keyword.builtin.ScrollToElementKeyword.scrollToElement(ScrollToElementKeyword.groovy:88)
	at com.kms.katalon.core.webui.keyword.builtin.ScrollToElementKeyword.execute(ScrollToElementKeyword.groovy:68)
	at com.kms.katalon.core.keyword.internal.KeywordExecutor.executeKeywordForPlatform(KeywordExecutor.groovy:60)
	at com.kms.katalon.core.webui.keyword.WebUiBuiltInKeywords.scrollToElement(WebUiBuiltInKeywords.groovy:2975)
	at com.kms.katalon.core.webui.keyword.WebUiBuiltInKeywords$scrollToElement$7.call(Unknown Source)
	at TC_036_Verify user can add Reminder.run(TC_036_Verify user can add Reminder:52)
	at com.kms.katalon.core.main.ScriptEngine.run(ScriptEngine.java:194)
	at com.kms.katalon.core.main.ScriptEngine.runScriptAsRawText(ScriptEngine.java:119)
	at com.kms.katalon.core.main.TestCaseExecutor.runScript(TestCaseExecutor.java:337)
	at com.kms.katalon.core.main.TestCaseExecutor.doExecute(TestCaseExecutor.java:328)
	at com.kms.katalon.core.main.TestCaseExecutor.processExecutionPhase(TestCaseExecutor.java:307)
	at com.kms.katalon.core.main.TestCaseExecutor.accessMainPhase(TestCaseExecutor.java:299)
	at com.kms.katalon.core.main.TestCaseExecutor.execute(TestCaseExecutor.java:233)
	at com.kms.katalon.core.main.TestSuiteExecutor.accessTestCaseMainPhase(TestSuiteExecutor.java:169)
	at com.kms.katalon.core.main.TestSuiteExecutor.accessTestSuiteMainPhase(TestSuiteExecutor.java:142)
	at com.kms.katalon.core.main.TestSuiteExecutor.execute(TestSuiteExecutor.java:91)
	at com.kms.katalon.core.main.TestCaseMain.startTestSuite(TestCaseMain.java:157)
	at com.kms.katalon.core.main.TestCaseMain$startTestSuite$0.call(Unknown Source)
	at TempTestSuite1616730151766.run(TempTestSuite1616730151766.groovy:36)
Caused by: com.kms.katalon.core.webui.exception.WebElementNotFoundException: Web element with id: 'Object Repository/Deal Status/Calendar/Reminder_Section/get_reminder' located by 'By.xpath: //*[@class='statuses ng-star-inserted']//div[@class='reminder-status ng-star-inserted']' not found
	at com.kms.katalon.core.webui.common.WebUiCommonHelper.findWebElement(WebUiCommonHelper.java:1113)
	at com.kms.katalon.core.webui.keyword.internal.WebUIAbstractKeyword.findWebElement(WebUIAbstractKeyword.groovy:27)
	at com.kms.katalon.core.webui.keyword.internal.WebUIAbstractKeyword.findWebElement(WebUIAbstractKeyword.groovy:26)
	at com.kms.katalon.core.webui.keyword.builtin.ScrollToElementKeyword$_scrollToElement_closure1.doCall(ScrollToElementKeyword.groovy:79)
	at com.kms.katalon.core.webui.keyword.builtin.ScrollToElementKeyword$_scrollToElement_closure1.call(ScrollToElementKeyword.groovy)
	at com.kms.katalon.core.webui.keyword.internal.WebUIKeywordMain.runKeyword(WebUIKeywordMain.groovy:20)
	at com.kms.katalon.core.webui.keyword.builtin.ScrollToElementKeyword.scrollToElement(ScrollToElementKeyword.groovy:88)
	at com.kms.katalon.core.webui.keyword.builtin.ScrollToElementKeyword.execute(ScrollToElementKeyword.groovy:68)
	at com.kms.katalon.core.keyword.internal.KeywordExecutor.executeKeywordForPlatform(KeywordExecutor.groovy:60)
	at com.kms.katalon.core.webui.keyword.WebUiBuiltInKeywords.scrollToElement(WebUiBuiltInKeywords.groovy:2975)
	at com.kms.katalon.core.webui.keyword.WebUiBuiltInKeywords$scrollToElement$7.call(Unknown Source)
	at Script1616158062594.run(Script1616158062594.groovy:52)
	... 13 more
)
	at com.kms.katalon.core.keyword.internal.KeywordMain.stepFailed(KeywordMain.groovy:39)
	at com.kms.katalon.core.webui.keyword.internal.WebUIKeywordMain.stepFailed(WebUIKeywordMain.groovy:64)
	at com.kms.katalon.core.webui.keyword.internal.WebUIKeywordMain.runKeyword(WebUIKeywordMain.groovy:26)
	at com.kms.katalon.core.webui.keyword.builtin.ScrollToElementKeyword.scrollToElement(ScrollToElementKeyword.groovy:88)
	at com.kms.katalon.core.webui.keyword.builtin.ScrollToElementKeyword.execute(ScrollToElementKeyword.groovy:68)
	at com.kms.katalon.core.keyword.internal.KeywordExecutor.executeKeywordForPlatform(KeywordExecutor.groovy:60)
	at com.kms.katalon.core.webui.keyword.WebUiBuiltInKeywords.scrollToElement(WebUiBuiltInKeywords.groovy:2975)
	at com.kms.katalon.core.webui.keyword.WebUiBuiltInKeywords$scrollToElement$7.call(Unknown Source)
	at TC_036_Verify user can add Reminder.run(TC_036_Verify user can add Reminder:52)
	at com.kms.katalon.core.main.ScriptEngine.run(ScriptEngine.java:194)
	at com.kms.katalon.core.main.ScriptEngine.runScriptAsRawText(ScriptEngine.java:119)
	at com.kms.katalon.core.main.TestCaseExecutor.runScript(TestCaseExecutor.java:337)
	at com.kms.katalon.core.main.TestCaseExecutor.doExecute(TestCaseExecutor.java:328)
	at com.kms.katalon.core.main.TestCaseExecutor.processExecutionPhase(TestCaseExecutor.java:307)
	at com.kms.katalon.core.main.TestCaseExecutor.accessMainPhase(TestCaseExecutor.java:299)
	at com.kms.katalon.core.main.TestCaseExecutor.execute(TestCaseExecutor.java:233)
	at com.kms.katalon.core.main.TestSuiteExecutor.accessTestCaseMainPhase(TestSuiteExecutor.java:169)
	at com.kms.katalon.core.main.TestSuiteExecutor.accessTestSuiteMainPhase(TestSuiteExecutor.java:142)
	at com.kms.katalon.core.main.TestSuiteExecutor.execute(TestSuiteExecutor.java:91)
	at com.kms.katalon.core.main.TestCaseMain.startTestSuite(TestCaseMain.java:157)
	at com.kms.katalon.core.main.TestCaseMain$startTestSuite$0.call(Unknown Source)
	at TempTestSuite1616730151766.run(TempTestSuite1616730151766.groovy:36)
Caused by: com.kms.katalon.core.exception.StepFailedException: Unable to scroll to object 'Object Repository/Deal Status/Calendar/Reminder_Section/get_reminder'
	... 21 more
Caused by: com.kms.katalon.core.webui.exception.WebElementNotFoundException: Web element with id: 'Object Repository/Deal Status/Calendar/Reminder_Section/get_reminder' located by 'By.xpath: //*[@class='statuses ng-star-inserted']//div[@class='reminder-status ng-star-inserted']' not found
	at com.kms.katalon.core.webui.common.WebUiCommonHelper.findWebElement(WebUiCommonHelper.java:1113)
	at com.kms.katalon.core.webui.keyword.internal.WebUIAbstractKeyword.findWebElement(WebUIAbstractKeyword.groovy:27)
	at com.kms.katalon.core.webui.keyword.internal.WebUIAbstractKeyword.findWebElement(WebUIAbstractKeyword.groovy:26)
	at com.kms.katalon.core.webui.keyword.builtin.ScrollToElementKeyword$_scrollToElement_closure1.doCall(ScrollToElementKeyword.groovy:79)
	at com.kms.katalon.core.webui.keyword.builtin.ScrollToElementKeyword$_scrollToElement_closure1.call(ScrollToElementKeyword.groovy)
	at com.kms.katalon.core.webui.keyword.internal.WebUIKeywordMain.runKeyword(WebUIKeywordMain.groovy:20)
	... 19 more
"/>
         <system-out><![CDATA[2021-03-26 09:31:49 - [TEST_CASE][FAILED] - Test Cases/Sanity_Test/TC_036_Verify user can add Reminder: Test Cases/Sanity_Test/TC_036_Verify user can add Reminder FAILED.
Reason:
com.kms.katalon.core.exception.StepFailedException: Unable to scroll to object 'Object Repository/Deal Status/Calendar/Reminder_Section/get_reminder' (Root cause: com.kms.katalon.core.exception.StepFailedException: Unable to scroll to object 'Object Repository/Deal Status/Calendar/Reminder_Section/get_reminder'
	at com.kms.katalon.core.webui.keyword.internal.WebUIKeywordMain.stepFailed(WebUIKeywordMain.groovy:64)
	at com.kms.katalon.core.webui.keyword.internal.WebUIKeywordMain.runKeyword(WebUIKeywordMain.groovy:26)
	at com.kms.katalon.core.webui.keyword.builtin.ScrollToElementKeyword.scrollToElement(ScrollToElementKeyword.groovy:88)
	at com.kms.katalon.core.webui.keyword.builtin.ScrollToElementKeyword.execute(ScrollToElementKeyword.groovy:68)
	at com.kms.katalon.core.keyword.internal.KeywordExecutor.executeKeywordForPlatform(KeywordExecutor.groovy:60)
	at com.kms.katalon.core.webui.keyword.WebUiBuiltInKeywords.scrollToElement(WebUiBuiltInKeywords.groovy:2975)
	at com.kms.katalon.core.webui.keyword.WebUiBuiltInKeywords$scrollToElement$7.call(Unknown Source)
	at TC_036_Verify user can add Reminder.run(TC_036_Verify user can add Reminder:52)
	at com.kms.katalon.core.main.ScriptEngine.run(ScriptEngine.java:194)
	at com.kms.katalon.core.main.ScriptEngine.runScriptAsRawText(ScriptEngine.java:119)
	at com.kms.katalon.core.main.TestCaseExecutor.runScript(TestCaseExecutor.java:337)
	at com.kms.katalon.core.main.TestCaseExecutor.doExecute(TestCaseExecutor.java:328)
	at com.kms.katalon.core.main.TestCaseExecutor.processExecutionPhase(TestCaseExecutor.java:307)
	at com.kms.katalon.core.main.TestCaseExecutor.accessMainPhase(TestCaseExecutor.java:299)
	at com.kms.katalon.core.main.TestCaseExecutor.execute(TestCaseExecutor.java:233)
	at com.kms.katalon.core.main.TestSuiteExecutor.accessTestCaseMainPhase(TestSuiteExecutor.java:169)
	at com.kms.katalon.core.main.TestSuiteExecutor.accessTestSuiteMainPhase(TestSuiteExecutor.java:142)
	at com.kms.katalon.core.main.TestSuiteExecutor.execute(TestSuiteExecutor.java:91)
	at com.kms.katalon.core.main.TestCaseMain.startTestSuite(TestCaseMain.java:157)
	at com.kms.katalon.core.main.TestCaseMain$startTestSuite$0.call(Unknown Source)
	at TempTestSuite1616730151766.run(TempTestSuite1616730151766.groovy:36)
Caused by: com.kms.katalon.core.webui.exception.WebElementNotFoundException: Web element with id: 'Object Repository/Deal Status/Calendar/Reminder_Section/get_reminder' located by 'By.xpath: //*[@class='statuses ng-star-inserted']//div[@class='reminder-status ng-star-inserted']' not found
	at com.kms.katalon.core.webui.common.WebUiCommonHelper.findWebElement(WebUiCommonHelper.java:1113)
	at com.kms.katalon.core.webui.keyword.internal.WebUIAbstractKeyword.findWebElement(WebUIAbstractKeyword.groovy:27)
	at com.kms.katalon.core.webui.keyword.internal.WebUIAbstractKeyword.findWebElement(WebUIAbstractKeyword.groovy:26)
	at com.kms.katalon.core.webui.keyword.builtin.ScrollToElementKeyword$_scrollToElement_closure1.doCall(ScrollToElementKeyword.groovy:79)
	at com.kms.katalon.core.webui.keyword.builtin.ScrollToElementKeyword$_scrollToElement_closure1.call(ScrollToElementKeyword.groovy)
	at com.kms.katalon.core.webui.keyword.internal.WebUIKeywordMain.runKeyword(WebUIKeywordMain.groovy:20)
	at com.kms.katalon.core.webui.keyword.builtin.ScrollToElementKeyword.scrollToElement(ScrollToElementKeyword.groovy:88)
	at com.kms.katalon.core.webui.keyword.builtin.ScrollToElementKeyword.execute(ScrollToElementKeyword.groovy:68)
	at com.kms.katalon.core.keyword.internal.KeywordExecutor.executeKeywordForPlatform(KeywordExecutor.groovy:60)
	at com.kms.katalon.core.webui.keyword.WebUiBuiltInKeywords.scrollToElement(WebUiBuiltInKeywords.groovy:2975)
	at com.kms.katalon.core.webui.keyword.WebUiBuiltInKeywords$scrollToElement$7.call(Unknown Source)
	at Script1616158062594.run(Script1616158062594.groovy:52)
	... 13 more
)
	at com.kms.katalon.core.keyword.internal.KeywordMain.stepFailed(KeywordMain.groovy:39)
	at com.kms.katalon.core.webui.keyword.internal.WebUIKeywordMain.stepFailed(WebUIKeywordMain.groovy:64)
	at com.kms.katalon.core.webui.keyword.internal.WebUIKeywordMain.runKeyword(WebUIKeywordMain.groovy:26)
	at com.kms.katalon.core.webui.keyword.builtin.ScrollToElementKeyword.scrollToElement(ScrollToElementKeyword.groovy:88)
	at com.kms.katalon.core.webui.keyword.builtin.ScrollToElementKeyword.execute(ScrollToElementKeyword.groovy:68)
	at com.kms.katalon.core.keyword.internal.KeywordExecutor.executeKeywordForPlatform(KeywordExecutor.groovy:60)
	at com.kms.katalon.core.webui.keyword.WebUiBuiltInKeywords.scrollToElement(WebUiBuiltInKeywords.groovy:2975)
	at com.kms.katalon.core.webui.keyword.WebUiBuiltInKeywords$scrollToElement$7.call(Unknown Source)
	at TC_036_Verify user can add Reminder.run(TC_036_Verify user can add Reminder:52)
	at com.kms.katalon.core.main.ScriptEngine.run(ScriptEngine.java:194)
	at com.kms.katalon.core.main.ScriptEngine.runScriptAsRawText(ScriptEngine.java:119)
	at com.kms.katalon.core.main.TestCaseExecutor.runScript(TestCaseExecutor.java:337)
	at com.kms.katalon.core.main.TestCaseExecutor.doExecute(TestCaseExecutor.java:328)
	at com.kms.katalon.core.main.TestCaseExecutor.processExecutionPhase(TestCaseExecutor.java:307)
	at com.kms.katalon.core.main.TestCaseExecutor.accessMainPhase(TestCaseExecutor.java:299)
	at com.kms.katalon.core.main.TestCaseExecutor.execute(TestCaseExecutor.java:233)
	at com.kms.katalon.core.main.TestSuiteExecutor.accessTestCaseMainPhase(TestSuiteExecutor.java:169)
	at com.kms.katalon.core.main.TestSuiteExecutor.accessTestSuiteMainPhase(TestSuiteExecutor.java:142)
	at com.kms.katalon.core.main.TestSuiteExecutor.execute(TestSuiteExecutor.java:91)
	at com.kms.katalon.core.main.TestCaseMain.startTestSuite(TestCaseMain.java:157)
	at com.kms.katalon.core.main.TestCaseMain$startTestSuite$0.call(Unknown Source)
	at TempTestSuite1616730151766.run(TempTestSuite1616730151766.groovy:36)
Caused by: com.kms.katalon.core.exception.StepFailedException: Unable to scroll to object 'Object Repository/Deal Status/Calendar/Reminder_Section/get_reminder'
	... 21 more
Caused by: com.kms.katalon.core.webui.exception.WebElementNotFoundException: Web element with id: 'Object Repository/Deal Status/Calendar/Reminder_Section/get_reminder' located by 'By.xpath: //*[@class='statuses ng-star-inserted']//div[@class='reminder-status ng-star-inserted']' not found
	at com.kms.katalon.core.webui.common.WebUiCommonHelper.findWebElement(WebUiCommonHelper.java:1113)
	at com.kms.katalon.core.webui.keyword.internal.WebUIAbstractKeyword.findWebElement(WebUIAbstractKeyword.groovy:27)
	at com.kms.katalon.core.webui.keyword.internal.WebUIAbstractKeyword.findWebElement(WebUIAbstractKeyword.groovy:26)
	at com.kms.katalon.core.webui.keyword.builtin.ScrollToElementKeyword$_scrollToElement_closure1.doCall(ScrollToElementKeyword.groovy:79)
	at com.kms.katalon.core.webui.keyword.builtin.ScrollToElementKeyword$_scrollToElement_closure1.call(ScrollToElementKeyword.groovy)
	at com.kms.katalon.core.webui.keyword.internal.WebUIKeywordMain.runKeyword(WebUIKeywordMain.groovy:20)
	... 19 more


2021-03-26 09:31:49 - [TEST_STEP][PASSED] - Start listener action : sampleBeforeTestCase: null

2021-03-26 09:31:49 - [TEST_STEP][PASSED] - println(testCaseContext.getTestCaseId()): null

2021-03-26 09:31:49 - [TEST_STEP][PASSED] - println(testCaseContext.getTestCaseVariables()): null

2021-03-26 09:31:49 - [TEST_STEP][PASSED] - xpath = "//*[@id="" + currentDate() + ""]": null

2021-03-26 09:31:49 - [TEST_STEP][PASSED] - dateFormat = DateTimeFormatter.ofPattern("d-MMMM-yyyy"): null

2021-03-26 09:31:49 - [TEST_STEP][PASSED] - now = LocalDateTime.now(): null

2021-03-26 09:31:49 - [TEST_STEP][PASSED] - out.println(dateFormat.format(now)): null

2021-03-26 09:31:49 - [TEST_STEP][PASSED] - return dateFormat.format(now): null

2021-03-26 09:31:49 - [TEST_STEP][PASSED] - out.println(xpath): null

2021-03-26 09:31:49 - [TEST_STEP][PASSED] - to = new com.kms.katalon.core.testobject.TestObject(objectName): null

2021-03-26 09:31:49 - [TEST_STEP][PASSED] - to.addProperty("xpath", EQUALS, xpath): null

2021-03-26 09:31:49 - [TEST_STEP][PASSED] - com.wecomplete.keywords.TestBase.clickUsingJS(to, shortTime): Element has been clicked

2021-03-26 09:31:49 - [MESSAGE][INFO] - Clicking element

2021-03-26 09:31:49 - [MESSAGE][PASSED] - Element has been clicked

2021-03-26 09:31:49 - [TEST_STEP][PASSED] - if (verifyElementPresent(findTestObject("Object Repository/Deal Status/Calendar/Reminder_Section/tab_Reminder"), shortTime, CONTINUE_ON_FAILURE) == true): null

2021-03-26 09:31:49 - [MESSAGE][PASSED] - Object 'Object Repository/Deal Status/Calendar/Reminder_Section/tab_Reminder' is present

2021-03-26 09:31:49 - [TEST_STEP][PASSED] - com.wecomplete.keywords.TestBase.clickUsingJS(findTestObject("Object Repository/Deal Status/Calendar/Reminder_Section/tab_Reminder"), shortTime): Element has been clicked

2021-03-26 09:31:50 - [MESSAGE][INFO] - Clicking element

2021-03-26 09:31:50 - [MESSAGE][PASSED] - Element has been clicked

2021-03-26 09:31:50 - [TEST_STEP][PASSED] - com.wecomplete.keywords.TestBase.sendkeyElement(findTestObject("Object Repository/Deal Status/Calendar/Event_Section/input_Event title"), remindertTitle): Sendkey value has been send

2021-03-26 09:31:53 - [MESSAGE][PASSED] - Element has been cleared

2021-03-26 09:31:56 - [MESSAGE][PASSED] - Sendkey value has been send

2021-03-26 09:31:56 - [TEST_STEP][PASSED] - com.wecomplete.keywords.TestBase.clickUsingJS(findTestObject("Object Repository/Deal Status/Calendar/Event_Section/btn_Save"), shortTime): Element has been clicked

2021-03-26 09:31:57 - [MESSAGE][INFO] - Clicking element

2021-03-26 09:31:57 - [MESSAGE][PASSED] - Element has been clicked

2021-03-26 09:31:57 - [TEST_STEP][FAILED] - scrollToElement(findTestObject("Deal Status/Calendar/Reminder_Section/get_reminder"), shortTime): Unable to scroll to object 'Object Repository/Deal Status/Calendar/Reminder_Section/get_reminder' (Root cause: com.kms.katalon.core.exception.StepFailedException: Unable to scroll to object 'Object Repository/Deal Status/Calendar/Reminder_Section/get_reminder'
	at com.kms.katalon.core.webui.keyword.internal.WebUIKeywordMain.stepFailed(WebUIKeywordMain.groovy:64)
	at com.kms.katalon.core.webui.keyword.internal.WebUIKeywordMain.runKeyword(WebUIKeywordMain.groovy:26)
	at com.kms.katalon.core.webui.keyword.builtin.ScrollToElementKeyword.scrollToElement(ScrollToElementKeyword.groovy:88)
	at com.kms.katalon.core.webui.keyword.builtin.ScrollToElementKeyword.execute(ScrollToElementKeyword.groovy:68)
	at com.kms.katalon.core.keyword.internal.KeywordExecutor.executeKeywordForPlatform(KeywordExecutor.groovy:60)
	at com.kms.katalon.core.webui.keyword.WebUiBuiltInKeywords.scrollToElement(WebUiBuiltInKeywords.groovy:2975)
	at com.kms.katalon.core.webui.keyword.WebUiBuiltInKeywords$scrollToElement$7.call(Unknown Source)
	at TC_036_Verify user can add Reminder.run(TC_036_Verify user can add Reminder:52)
	at com.kms.katalon.core.main.ScriptEngine.run(ScriptEngine.java:194)
	at com.kms.katalon.core.main.ScriptEngine.runScriptAsRawText(ScriptEngine.java:119)
	at com.kms.katalon.core.main.TestCaseExecutor.runScript(TestCaseExecutor.java:337)
	at com.kms.katalon.core.main.TestCaseExecutor.doExecute(TestCaseExecutor.java:328)
	at com.kms.katalon.core.main.TestCaseExecutor.processExecutionPhase(TestCaseExecutor.java:307)
	at com.kms.katalon.core.main.TestCaseExecutor.accessMainPhase(TestCaseExecutor.java:299)
	at com.kms.katalon.core.main.TestCaseExecutor.execute(TestCaseExecutor.java:233)
	at com.kms.katalon.core.main.TestSuiteExecutor.accessTestCaseMainPhase(TestSuiteExecutor.java:169)
	at com.kms.katalon.core.main.TestSuiteExecutor.accessTestSuiteMainPhase(TestSuiteExecutor.java:142)
	at com.kms.katalon.core.main.TestSuiteExecutor.execute(TestSuiteExecutor.java:91)
	at com.kms.katalon.core.main.TestCaseMain.startTestSuite(TestCaseMain.java:157)
	at com.kms.katalon.core.main.TestCaseMain$startTestSuite$0.call(Unknown Source)
	at TempTestSuite1616730151766.run(TempTestSuite1616730151766.groovy:36)
Caused by: com.kms.katalon.core.webui.exception.WebElementNotFoundException: Web element with id: 'Object Repository/Deal Status/Calendar/Reminder_Section/get_reminder' located by 'By.xpath: //*[@class='statuses ng-star-inserted']//div[@class='reminder-status ng-star-inserted']' not found
	at com.kms.katalon.core.webui.common.WebUiCommonHelper.findWebElement(WebUiCommonHelper.java:1113)
	at com.kms.katalon.core.webui.keyword.internal.WebUIAbstractKeyword.findWebElement(WebUIAbstractKeyword.groovy:27)
	at com.kms.katalon.core.webui.keyword.internal.WebUIAbstractKeyword.findWebElement(WebUIAbstractKeyword.groovy:26)
	at com.kms.katalon.core.webui.keyword.builtin.ScrollToElementKeyword$_scrollToElement_closure1.doCall(ScrollToElementKeyword.groovy:79)
	at com.kms.katalon.core.webui.keyword.builtin.ScrollToElementKeyword$_scrollToElement_closure1.call(ScrollToElementKeyword.groovy)
	at com.kms.katalon.core.webui.keyword.internal.WebUIKeywordMain.runKeyword(WebUIKeywordMain.groovy:20)
	at com.kms.katalon.core.webui.keyword.builtin.ScrollToElementKeyword.scrollToElement(ScrollToElementKeyword.groovy:88)
	at com.kms.katalon.core.webui.keyword.builtin.ScrollToElementKeyword.execute(ScrollToElementKeyword.groovy:68)
	at com.kms.katalon.core.keyword.internal.KeywordExecutor.executeKeywordForPlatform(KeywordExecutor.groovy:60)
	at com.kms.katalon.core.webui.keyword.WebUiBuiltInKeywords.scrollToElement(WebUiBuiltInKeywords.groovy:2975)
	at com.kms.katalon.core.webui.keyword.WebUiBuiltInKeywords$scrollToElement$7.call(Unknown Source)
	at Script1616158062594.run(Script1616158062594.groovy:52)
	... 13 more
)

2021-03-26 09:32:38 - [MESSAGE][INFO] - Unable to find the element located by 'By.xpath: //*[@class='statuses ng-star-inserted']//div[@class='reminder-status ng-star-inserted']'. Please recheck the objects properties to make sure the desired element is located. 

2021-03-26 09:32:38 - [MESSAGE][FAILED] - Unable to scroll to object 'Object Repository/Deal Status/Calendar/Reminder_Section/get_reminder' (Root cause: com.kms.katalon.core.exception.StepFailedException: Unable to scroll to object 'Object Repository/Deal Status/Calendar/Reminder_Section/get_reminder'
	at com.kms.katalon.core.webui.keyword.internal.WebUIKeywordMain.stepFailed(WebUIKeywordMain.groovy:64)
	at com.kms.katalon.core.webui.keyword.internal.WebUIKeywordMain.runKeyword(WebUIKeywordMain.groovy:26)
	at com.kms.katalon.core.webui.keyword.builtin.ScrollToElementKeyword.scrollToElement(ScrollToElementKeyword.groovy:88)
	at com.kms.katalon.core.webui.keyword.builtin.ScrollToElementKeyword.execute(ScrollToElementKeyword.groovy:68)
	at com.kms.katalon.core.keyword.internal.KeywordExecutor.executeKeywordForPlatform(KeywordExecutor.groovy:60)
	at com.kms.katalon.core.webui.keyword.WebUiBuiltInKeywords.scrollToElement(WebUiBuiltInKeywords.groovy:2975)
	at com.kms.katalon.core.webui.keyword.WebUiBuiltInKeywords$scrollToElement$7.call(Unknown Source)
	at TC_036_Verify user can add Reminder.run(TC_036_Verify user can add Reminder:52)
	at com.kms.katalon.core.main.ScriptEngine.run(ScriptEngine.java:194)
	at com.kms.katalon.core.main.ScriptEngine.runScriptAsRawText(ScriptEngine.java:119)
	at com.kms.katalon.core.main.TestCaseExecutor.runScript(TestCaseExecutor.java:337)
	at com.kms.katalon.core.main.TestCaseExecutor.doExecute(TestCaseExecutor.java:328)
	at com.kms.katalon.core.main.TestCaseExecutor.processExecutionPhase(TestCaseExecutor.java:307)
	at com.kms.katalon.core.main.TestCaseExecutor.accessMainPhase(TestCaseExecutor.java:299)
	at com.kms.katalon.core.main.TestCaseExecutor.execute(TestCaseExecutor.java:233)
	at com.kms.katalon.core.main.TestSuiteExecutor.accessTestCaseMainPhase(TestSuiteExecutor.java:169)
	at com.kms.katalon.core.main.TestSuiteExecutor.accessTestSuiteMainPhase(TestSuiteExecutor.java:142)
	at com.kms.katalon.core.main.TestSuiteExecutor.execute(TestSuiteExecutor.java:91)
	at com.kms.katalon.core.main.TestCaseMain.startTestSuite(TestCaseMain.java:157)
	at com.kms.katalon.core.main.TestCaseMain$startTestSuite$0.call(Unknown Source)
	at TempTestSuite1616730151766.run(TempTestSuite1616730151766.groovy:36)
Caused by: com.kms.katalon.core.webui.exception.WebElementNotFoundException: Web element with id: 'Object Repository/Deal Status/Calendar/Reminder_Section/get_reminder' located by 'By.xpath: //*[@class='statuses ng-star-inserted']//div[@class='reminder-status ng-star-inserted']' not found
	at com.kms.katalon.core.webui.common.WebUiCommonHelper.findWebElement(WebUiCommonHelper.java:1113)
	at com.kms.katalon.core.webui.keyword.internal.WebUIAbstractKeyword.findWebElement(WebUIAbstractKeyword.groovy:27)
	at com.kms.katalon.core.webui.keyword.internal.WebUIAbstractKeyword.findWebElement(WebUIAbstractKeyword.groovy:26)
	at com.kms.katalon.core.webui.keyword.builtin.ScrollToElementKeyword$_scrollToElement_closure1.doCall(ScrollToElementKeyword.groovy:79)
	at com.kms.katalon.core.webui.keyword.builtin.ScrollToElementKeyword$_scrollToElement_closure1.call(ScrollToElementKeyword.groovy)
	at com.kms.katalon.core.webui.keyword.internal.WebUIKeywordMain.runKeyword(WebUIKeywordMain.groovy:20)
	at com.kms.katalon.core.webui.keyword.builtin.ScrollToElementKeyword.scrollToElement(ScrollToElementKeyword.groovy:88)
	at com.kms.katalon.core.webui.keyword.builtin.ScrollToElementKeyword.execute(ScrollToElementKeyword.groovy:68)
	at com.kms.katalon.core.keyword.internal.KeywordExecutor.executeKeywordForPlatform(KeywordExecutor.groovy:60)
	at com.kms.katalon.core.webui.keyword.WebUiBuiltInKeywords.scrollToElement(WebUiBuiltInKeywords.groovy:2975)
	at com.kms.katalon.core.webui.keyword.WebUiBuiltInKeywords$scrollToElement$7.call(Unknown Source)
	at Script1616158062594.run(Script1616158062594.groovy:52)
	... 13 more
)
[[ATTACHMENT|C:\\Users\\pritig\\Downloads\\WeComplete\\Reports\\20210326_091231\\Sanity Test\\20210326_091231\\1616731358820.png]]

2021-03-26 09:32:38 - [TEST_STEP][FAILED] - com.wecomplete.keywords.TestBase.getText(findTestObject("Object Repository/Deal Status/Calendar/Reminder_Section/get_reminder"), remindertTitle): java.lang.AssertionError: Web element with id: 'Object Repository/Deal Status/Calendar/Reminder_Section/get_reminder' located by 'By.xpath: //*[@class='statuses ng-star-inserted']//div[@class='reminder-status ng-star-inserted']' not found

2021-03-26 09:33:21 - [MESSAGE][INFO] - Unable to find the element located by 'By.xpath: //*[@class='statuses ng-star-inserted']//div[@class='reminder-status ng-star-inserted']'. Please recheck the objects properties to make sure the desired element is located. 

2021-03-26 09:33:21 - [MESSAGE][FAILED] - java.lang.AssertionError: Web element with id: 'Object Repository/Deal Status/Calendar/Reminder_Section/get_reminder' located by 'By.xpath: //*[@class='statuses ng-star-inserted']//div[@class='reminder-status ng-star-inserted']' not found

2021-03-26 09:33:21 - [TEST_STEP][PASSED] - Start listener action : sampleAfterTestCase: null

2021-03-26 09:33:21 - [TEST_STEP][PASSED] - println(testCaseContext.getTestCaseId()): null

2021-03-26 09:33:21 - [TEST_STEP][PASSED] - println(testCaseContext.getTestCaseStatus()): null

2021-03-26 09:33:24 - [TEST_STEP][PASSED] - Video: Video recording for test case 'Test Cases/Sanity_Test/TC_036_Verify user can add Reminder' .

2021-03-26 09:33:24 - [MESSAGE][INFO] - Video recording for test case 'Test Cases/Sanity_Test/TC_036_Verify user can add Reminder' .
[[ATTACHMENT|C:\\Users\\pritig\\Downloads\\WeComplete\\Reports\\20210326_091231\\Sanity Test\\20210326_091231/videos\\test_36.avi]]]]></system-out>
         <system-err><![CDATA[2021-03-26 09:31:49 - [TEST_CASE][FAILED] - Test Cases/Sanity_Test/TC_036_Verify user can add Reminder: Test Cases/Sanity_Test/TC_036_Verify user can add Reminder FAILED.
Reason:
com.kms.katalon.core.exception.StepFailedException: Unable to scroll to object 'Object Repository/Deal Status/Calendar/Reminder_Section/get_reminder' (Root cause: com.kms.katalon.core.exception.StepFailedException: Unable to scroll to object 'Object Repository/Deal Status/Calendar/Reminder_Section/get_reminder'
	at com.kms.katalon.core.webui.keyword.internal.WebUIKeywordMain.stepFailed(WebUIKeywordMain.groovy:64)
	at com.kms.katalon.core.webui.keyword.internal.WebUIKeywordMain.runKeyword(WebUIKeywordMain.groovy:26)
	at com.kms.katalon.core.webui.keyword.builtin.ScrollToElementKeyword.scrollToElement(ScrollToElementKeyword.groovy:88)
	at com.kms.katalon.core.webui.keyword.builtin.ScrollToElementKeyword.execute(ScrollToElementKeyword.groovy:68)
	at com.kms.katalon.core.keyword.internal.KeywordExecutor.executeKeywordForPlatform(KeywordExecutor.groovy:60)
	at com.kms.katalon.core.webui.keyword.WebUiBuiltInKeywords.scrollToElement(WebUiBuiltInKeywords.groovy:2975)
	at com.kms.katalon.core.webui.keyword.WebUiBuiltInKeywords$scrollToElement$7.call(Unknown Source)
	at TC_036_Verify user can add Reminder.run(TC_036_Verify user can add Reminder:52)
	at com.kms.katalon.core.main.ScriptEngine.run(ScriptEngine.java:194)
	at com.kms.katalon.core.main.ScriptEngine.runScriptAsRawText(ScriptEngine.java:119)
	at com.kms.katalon.core.main.TestCaseExecutor.runScript(TestCaseExecutor.java:337)
	at com.kms.katalon.core.main.TestCaseExecutor.doExecute(TestCaseExecutor.java:328)
	at com.kms.katalon.core.main.TestCaseExecutor.processExecutionPhase(TestCaseExecutor.java:307)
	at com.kms.katalon.core.main.TestCaseExecutor.accessMainPhase(TestCaseExecutor.java:299)
	at com.kms.katalon.core.main.TestCaseExecutor.execute(TestCaseExecutor.java:233)
	at com.kms.katalon.core.main.TestSuiteExecutor.accessTestCaseMainPhase(TestSuiteExecutor.java:169)
	at com.kms.katalon.core.main.TestSuiteExecutor.accessTestSuiteMainPhase(TestSuiteExecutor.java:142)
	at com.kms.katalon.core.main.TestSuiteExecutor.execute(TestSuiteExecutor.java:91)
	at com.kms.katalon.core.main.TestCaseMain.startTestSuite(TestCaseMain.java:157)
	at com.kms.katalon.core.main.TestCaseMain$startTestSuite$0.call(Unknown Source)
	at TempTestSuite1616730151766.run(TempTestSuite1616730151766.groovy:36)
Caused by: com.kms.katalon.core.webui.exception.WebElementNotFoundException: Web element with id: 'Object Repository/Deal Status/Calendar/Reminder_Section/get_reminder' located by 'By.xpath: //*[@class='statuses ng-star-inserted']//div[@class='reminder-status ng-star-inserted']' not found
	at com.kms.katalon.core.webui.common.WebUiCommonHelper.findWebElement(WebUiCommonHelper.java:1113)
	at com.kms.katalon.core.webui.keyword.internal.WebUIAbstractKeyword.findWebElement(WebUIAbstractKeyword.groovy:27)
	at com.kms.katalon.core.webui.keyword.internal.WebUIAbstractKeyword.findWebElement(WebUIAbstractKeyword.groovy:26)
	at com.kms.katalon.core.webui.keyword.builtin.ScrollToElementKeyword$_scrollToElement_closure1.doCall(ScrollToElementKeyword.groovy:79)
	at com.kms.katalon.core.webui.keyword.builtin.ScrollToElementKeyword$_scrollToElement_closure1.call(ScrollToElementKeyword.groovy)
	at com.kms.katalon.core.webui.keyword.internal.WebUIKeywordMain.runKeyword(WebUIKeywordMain.groovy:20)
	at com.kms.katalon.core.webui.keyword.builtin.ScrollToElementKeyword.scrollToElement(ScrollToElementKeyword.groovy:88)
	at com.kms.katalon.core.webui.keyword.builtin.ScrollToElementKeyword.execute(ScrollToElementKeyword.groovy:68)
	at com.kms.katalon.core.keyword.internal.KeywordExecutor.executeKeywordForPlatform(KeywordExecutor.groovy:60)
	at com.kms.katalon.core.webui.keyword.WebUiBuiltInKeywords.scrollToElement(WebUiBuiltInKeywords.groovy:2975)
	at com.kms.katalon.core.webui.keyword.WebUiBuiltInKeywords$scrollToElement$7.call(Unknown Source)
	at Script1616158062594.run(Script1616158062594.groovy:52)
	... 13 more
)
	at com.kms.katalon.core.keyword.internal.KeywordMain.stepFailed(KeywordMain.groovy:39)
	at com.kms.katalon.core.webui.keyword.internal.WebUIKeywordMain.stepFailed(WebUIKeywordMain.groovy:64)
	at com.kms.katalon.core.webui.keyword.internal.WebUIKeywordMain.runKeyword(WebUIKeywordMain.groovy:26)
	at com.kms.katalon.core.webui.keyword.builtin.ScrollToElementKeyword.scrollToElement(ScrollToElementKeyword.groovy:88)
	at com.kms.katalon.core.webui.keyword.builtin.ScrollToElementKeyword.execute(ScrollToElementKeyword.groovy:68)
	at com.kms.katalon.core.keyword.internal.KeywordExecutor.executeKeywordForPlatform(KeywordExecutor.groovy:60)
	at com.kms.katalon.core.webui.keyword.WebUiBuiltInKeywords.scrollToElement(WebUiBuiltInKeywords.groovy:2975)
	at com.kms.katalon.core.webui.keyword.WebUiBuiltInKeywords$scrollToElement$7.call(Unknown Source)
	at TC_036_Verify user can add Reminder.run(TC_036_Verify user can add Reminder:52)
	at com.kms.katalon.core.main.ScriptEngine.run(ScriptEngine.java:194)
	at com.kms.katalon.core.main.ScriptEngine.runScriptAsRawText(ScriptEngine.java:119)
	at com.kms.katalon.core.main.TestCaseExecutor.runScript(TestCaseExecutor.java:337)
	at com.kms.katalon.core.main.TestCaseExecutor.doExecute(TestCaseExecutor.java:328)
	at com.kms.katalon.core.main.TestCaseExecutor.processExecutionPhase(TestCaseExecutor.java:307)
	at com.kms.katalon.core.main.TestCaseExecutor.accessMainPhase(TestCaseExecutor.java:299)
	at com.kms.katalon.core.main.TestCaseExecutor.execute(TestCaseExecutor.java:233)
	at com.kms.katalon.core.main.TestSuiteExecutor.accessTestCaseMainPhase(TestSuiteExecutor.java:169)
	at com.kms.katalon.core.main.TestSuiteExecutor.accessTestSuiteMainPhase(TestSuiteExecutor.java:142)
	at com.kms.katalon.core.main.TestSuiteExecutor.execute(TestSuiteExecutor.java:91)
	at com.kms.katalon.core.main.TestCaseMain.startTestSuite(TestCaseMain.java:157)
	at com.kms.katalon.core.main.TestCaseMain$startTestSuite$0.call(Unknown Source)
	at TempTestSuite1616730151766.run(TempTestSuite1616730151766.groovy:36)
Caused by: com.kms.katalon.core.exception.StepFailedException: Unable to scroll to object 'Object Repository/Deal Status/Calendar/Reminder_Section/get_reminder'
	... 21 more
Caused by: com.kms.katalon.core.webui.exception.WebElementNotFoundException: Web element with id: 'Object Repository/Deal Status/Calendar/Reminder_Section/get_reminder' located by 'By.xpath: //*[@class='statuses ng-star-inserted']//div[@class='reminder-status ng-star-inserted']' not found
	at com.kms.katalon.core.webui.common.WebUiCommonHelper.findWebElement(WebUiCommonHelper.java:1113)
	at com.kms.katalon.core.webui.keyword.internal.WebUIAbstractKeyword.findWebElement(WebUIAbstractKeyword.groovy:27)
	at com.kms.katalon.core.webui.keyword.internal.WebUIAbstractKeyword.findWebElement(WebUIAbstractKeyword.groovy:26)
	at com.kms.katalon.core.webui.keyword.builtin.ScrollToElementKeyword$_scrollToElement_closure1.doCall(ScrollToElementKeyword.groovy:79)
	at com.kms.katalon.core.webui.keyword.builtin.ScrollToElementKeyword$_scrollToElement_closure1.call(ScrollToElementKeyword.groovy)
	at com.kms.katalon.core.webui.keyword.internal.WebUIKeywordMain.runKeyword(WebUIKeywordMain.groovy:20)
	... 19 more]]></system-err>
      </testcase>
      <system-out><![CDATA[2021-03-26 09:12:35 - [TEST_SUITE][ERROR] - Sanity Test: Test Cases/Sanity_Test/TC_014_Verify that email quote functionality FAILED.
Reason:
org.codehaus.groovy.runtime.InvokerInvocationException: java.lang.AssertionError: Web element with id: 'Object Repository/Quote/Email_Quote_Page/get_Email_sent_successfully' located by 'By.xpath: //*[@class='instruct-status-container']//span[contains(text(),'Email sent successfully')]' not found
	at com.wecomplete.keywords.TestBase.invokeMethod(TestBase.groovy)
	at com.kms.katalon.core.main.CustomKeywordDelegatingMetaClass.invokeStaticMethod(CustomKeywordDelegatingMetaClass.java:50)
	at TC_014_Verify that email quote functionality.run(TC_014_Verify that email quote functionality:31)
	at com.kms.katalon.core.main.ScriptEngine.run(ScriptEngine.java:194)
	at com.kms.katalon.core.main.ScriptEngine.runScriptAsRawText(ScriptEngine.java:119)
	at com.kms.katalon.core.main.TestCaseExecutor.runScript(TestCaseExecutor.java:337)
	at com.kms.katalon.core.main.TestCaseExecutor.doExecute(TestCaseExecutor.java:328)
	at com.kms.katalon.core.main.TestCaseExecutor.processExecutionPhase(TestCaseExecutor.java:307)
	at com.kms.katalon.core.main.TestCaseExecutor.accessMainPhase(TestCaseExecutor.java:299)
	at com.kms.katalon.core.main.TestCaseExecutor.execute(TestCaseExecutor.java:233)
	at com.kms.katalon.core.main.TestSuiteExecutor.accessTestCaseMainPhase(TestSuiteExecutor.java:169)
	at com.kms.katalon.core.main.TestSuiteExecutor.accessTestSuiteMainPhase(TestSuiteExecutor.java:142)
	at com.kms.katalon.core.main.TestSuiteExecutor.execute(TestSuiteExecutor.java:91)
	at com.kms.katalon.core.main.TestCaseMain.startTestSuite(TestCaseMain.java:157)
	at com.kms.katalon.core.main.TestCaseMain$startTestSuite$0.call(Unknown Source)
	at TempTestSuite1616730151766.run(TempTestSuite1616730151766.groovy:36)
Caused by: java.lang.AssertionError: Web element with id: 'Object Repository/Quote/Email_Quote_Page/get_Email_sent_successfully' located by 'By.xpath: //*[@class='instruct-status-container']//span[contains(text(),'Email sent successfully')]' not found
	at org.testng.Assert.fail(Assert.java:93)
	at org.testng.Assert$fail$0.call(Unknown Source)
	at com.wecomplete.keywords.TestBase.getText(TestBase.groovy:168)
	... 16 more]]></system-out>
      <system-err><![CDATA[2021-03-26 09:12:35 - [TEST_SUITE][ERROR] - Sanity Test: Test Cases/Sanity_Test/TC_014_Verify that email quote functionality FAILED.
Reason:
org.codehaus.groovy.runtime.InvokerInvocationException: java.lang.AssertionError: Web element with id: 'Object Repository/Quote/Email_Quote_Page/get_Email_sent_successfully' located by 'By.xpath: //*[@class='instruct-status-container']//span[contains(text(),'Email sent successfully')]' not found
	at com.wecomplete.keywords.TestBase.invokeMethod(TestBase.groovy)
	at com.kms.katalon.core.main.CustomKeywordDelegatingMetaClass.invokeStaticMethod(CustomKeywordDelegatingMetaClass.java:50)
	at TC_014_Verify that email quote functionality.run(TC_014_Verify that email quote functionality:31)
	at com.kms.katalon.core.main.ScriptEngine.run(ScriptEngine.java:194)
	at com.kms.katalon.core.main.ScriptEngine.runScriptAsRawText(ScriptEngine.java:119)
	at com.kms.katalon.core.main.TestCaseExecutor.runScript(TestCaseExecutor.java:337)
	at com.kms.katalon.core.main.TestCaseExecutor.doExecute(TestCaseExecutor.java:328)
	at com.kms.katalon.core.main.TestCaseExecutor.processExecutionPhase(TestCaseExecutor.java:307)
	at com.kms.katalon.core.main.TestCaseExecutor.accessMainPhase(TestCaseExecutor.java:299)
	at com.kms.katalon.core.main.TestCaseExecutor.execute(TestCaseExecutor.java:233)
	at com.kms.katalon.core.main.TestSuiteExecutor.accessTestCaseMainPhase(TestSuiteExecutor.java:169)
	at com.kms.katalon.core.main.TestSuiteExecutor.accessTestSuiteMainPhase(TestSuiteExecutor.java:142)
	at com.kms.katalon.core.main.TestSuiteExecutor.execute(TestSuiteExecutor.java:91)
	at com.kms.katalon.core.main.TestCaseMain.startTestSuite(TestCaseMain.java:157)
	at com.kms.katalon.core.main.TestCaseMain$startTestSuite$0.call(Unknown Source)
	at TempTestSuite1616730151766.run(TempTestSuite1616730151766.groovy:36)
Caused by: java.lang.AssertionError: Web element with id: 'Object Repository/Quote/Email_Quote_Page/get_Email_sent_successfully' located by 'By.xpath: //*[@class='instruct-status-container']//span[contains(text(),'Email sent successfully')]' not found
	at org.testng.Assert.fail(Assert.java:93)
	at org.testng.Assert$fail$0.call(Unknown Source)
	at com.wecomplete.keywords.TestBase.getText(TestBase.groovy:168)
	... 16 more]]></system-err>
   </testsuite>
</testsuites>
